timed;gen;idx;min;sec
chrom;1;0;00;6.102
chrom;1;1;00;12.557
chrom;1;2;00;11.948
chrom;1;3;00;10.874
chrom;1;4;00;12.700
chrom;1;5;00;2.859
chrom;1;6;00;2.296
chrom;1;7;00;7.618
chrom;1;8;00;1.908
chrom;1;9;00;9.234
chrom;1;10;00;7.432
chrom;1;11;00;12.185
chrom;1;12;00;13.974
chrom;1;13;00;7.304
chrom;1;14;00;5.730
chrom;1;15;00;5.673
chrom;1;16;00;11.453
chrom;1;17;00;7.626
chrom;1;18;00;7.221
chrom;1;19;00;6.254
chrom;1;20;00;5.826
chrom;1;21;00;6.876
chrom;1;22;00;3.546
chrom;1;23;00;4.982
chrom;1;24;00;12.997
chrom;1;25;00;10.888
chrom;1;26;00;1.602
chrom;1;27;00;9.238
chrom;1;28;00;8.134
chrom;1;29;00;14.754
chrom;1;30;00;8.160
chrom;1;31;00;4.093
chrom;1;32;00;12.393
chrom;1;33;00;11.220
chrom;1;34;00;1.562
chrom;1;35;00;6.932
chrom;1;36;00;3.484
chrom;1;37;00;4.468
chrom;1;38;00;12.517
chrom;1;39;00;2.779
chrom;1;40;00;3.655
chrom;1;41;00;1.312
chrom;1;42;00;4.827
chrom;1;43;00;1.781
chrom;1;44;00;2.290
chrom;1;45;00;4.780
chrom;1;46;00;7.438
chrom;1;47;00;2.359
chrom;1;48;00;15.262
chrom;1;49;00;2.557
gen;1;;05;55.850
chrom;2;0;00;12.647
chrom;2;1;00;12.141
chrom;2;2;00;6.189
chrom;2;3;00;2.111
chrom;2;4;00;11.618
chrom;2;5;00;11.087
chrom;2;6;00;12.016
chrom;2;7;00;6.762
chrom;2;8;00;6.138
chrom;2;9;00;2.640
chrom;2;10;00;2.609
chrom;2;11;00;9.755
chrom;2;12;00;7.512
chrom;2;13;00;2.304
chrom;2;14;00;6.172
chrom;2;15;00;8.012
chrom;2;16;00;9.451
chrom;2;17;00;7.675
chrom;2;18;00;6.094
chrom;2;19;00;7.236
chrom;2;20;00;2.453
chrom;2;21;00;13.810
chrom;2;22;00;6.144
chrom;2;23;00;9.701
chrom;2;24;00;7.873
chrom;2;25;00;2.660
chrom;2;26;00;11.791
chrom;2;27;00;2.406
chrom;2;28;00;13.497
chrom;2;29;00;6.811
chrom;2;30;00;14.169
chrom;2;31;00;13.159
chrom;2;32;00;11.529
chrom;2;33;00;3.031
chrom;2;34;00;11.822
chrom;2;35;00;7.701
chrom;2;36;00;14.266
chrom;2;37;00;5.249
chrom;2;38;00;13.181
chrom;2;39;00;8.900
chrom;2;40;00;14.754
chrom;2;41;00;3.641
chrom;2;42;00;3.296
chrom;2;43;00;8.529
chrom;2;44;00;2.343
chrom;2;45;00;8.500
chrom;2;46;00;9.052
chrom;2;47;00;16.141
chrom;2;48;00;14.609
chrom;2;49;00;10.515
gen;2;;07;1.887
chrom;3;0;00;8.529
chrom;3;1;00;7.550
chrom;3;2;00;3.343
chrom;3;3;00;3.741
chrom;3;4;00;9.132
chrom;3;5;00;3.327
chrom;3;6;00;11.336
chrom;3;7;00;11.815
chrom;3;8;00;8.929
chrom;3;9;00;8.927
chrom;3;10;00;3.173
chrom;3;11;00;7.760
chrom;3;12;00;3.296
chrom;3;13;00;9.999
chrom;3;14;00;12.098
chrom;3;15;00;9.580
chrom;3;16;00;8.029
chrom;3;17;00;11.881
chrom;3;18;00;8.295
chrom;3;19;00;16.793
chrom;3;20;00;23.338
chrom;3;21;00;13.856
chrom;3;22;00;5.624
chrom;3;23;00;8.623
chrom;3;24;00;16.121
chrom;3;25;00;6.889
chrom;3;26;00;15.356
chrom;3;27;00;18.011
chrom;3;28;00;7.139
chrom;3;29;00;6.702
chrom;3;30;00;13.497
chrom;3;31;00;6.764
chrom;3;32;00;17.496
chrom;3;33;00;16.793
chrom;3;34;00;24.963
chrom;3;35;00;16.496
chrom;3;36;00;5.217
chrom;3;37;00;10.435
chrom;3;38;00;17.527
chrom;3;39;00;15.012
chrom;3;40;00;17.808
chrom;3;41;00;19.870
chrom;3;42;00;12.403
chrom;3;43;00;6.889
chrom;3;44;00;17.543
chrom;3;45;00;16.918
chrom;3;46;00;20.105
chrom;3;47;00;12.966
chrom;3;48;00;7.654
chrom;3;49;00;21.323
gen;3;;09;47.247
chrom;4;0;00;17.558
chrom;4;1;00;12.872
chrom;4;2;00;6.764
chrom;4;3;00;13.981
chrom;4;4;00;6.623
chrom;4;5;00;7.092
chrom;4;6;00;17.340
chrom;4;7;00;21.386
chrom;4;8;00;16.465
chrom;4;9;00;15.465
chrom;4;10;00;18.043
chrom;4;11;00;18.074
chrom;4;12;00;16.574
chrom;4;13;00;17.418
chrom;4;14;00;16.824
chrom;4;15;00;19.980
chrom;4;16;00;20.136
chrom;4;17;00;7.654
chrom;4;18;00;15.840
chrom;4;19;00;16.668
chrom;4;20;00;26.525
chrom;4;21;00;28.259
chrom;4;22;00;16.434
chrom;4;23;00;8.623
chrom;4;24;00;7.873
chrom;4;25;00;4.280
chrom;4;26;00;16.449
chrom;4;27;00;8.545
chrom;4;28;00;8.623
chrom;4;29;00;15.621
chrom;4;30;00;25.836
chrom;4;31;00;8.826
chrom;4;32;00;6.092
chrom;4;33;00;18.011
chrom;4;34;00;17.605
chrom;4;35;00;6.498
chrom;4;36;00;25.322
chrom;4;37;00;21.104
chrom;4;38;00;5.155
chrom;4;39;00;17.137
chrom;4;40;00;15.512
chrom;4;41;00;15.840
chrom;4;42;00;16.605
chrom;4;43;00;5.327
chrom;4;44;00;16.527
chrom;4;45;00;32.445
chrom;4;46;00;9.092
chrom;4;47;00;13.653
chrom;4;48;00;7.795
chrom;4;49;00;14.465
gen;4;;12;23.307
chrom;5;0;00;18.011
chrom;5;1;00;17.746
chrom;5;2;00;16.668
chrom;5;3;00;17.262
chrom;5;4;00;17.621
chrom;5;5;00;21.479
chrom;5;6;00;20.526
chrom;5;7;00;16.840
chrom;5;8;00;17.590
chrom;5;9;00;6.483
chrom;5;10;00;16.246
chrom;5;11;00;16.980
chrom;5;12;00;17.371
chrom;5;13;00;8.139
chrom;5;14;00;17.121
chrom;5;15;00;9.107
chrom;5;16;00;16.699
chrom;5;17;00;7.811
chrom;5;18;00;8.545
chrom;5;19;00;8.685
chrom;5;20;00;8.529
chrom;5;21;00;14.170
chrom;5;22;00;12.497
chrom;5;23;00;14.075
chrom;5;24;00;18.168
chrom;5;25;09;17.372
chrom;5;26;00;8.163
chrom;5;27;00;6.811
chrom;5;28;00;10.616
chrom;5;29;00;3.484
chrom;5;30;00;7.432
chrom;5;31;00;2.733
chrom;5;32;00;13.639
chrom;5;33;00;7.122
chrom;5;34;00;7.491
chrom;5;35;00;7.747
chrom;5;36;00;7.733
chrom;5;37;00;7.983
chrom;5;38;00;3.421
chrom;5;39;00;2.296
chrom;5;40;00;7.311
chrom;5;41;00;7.408
chrom;5;42;00;6.530
chrom;5;43;00;3.390
chrom;5;44;00;7.858
chrom;5;45;00;3.124
chrom;5;46;00;2.328
chrom;5;47;00;6.939
chrom;5;48;00;7.623
chrom;5;49;00;7.405
gen;5;;17;58.543
chrom;6;0;00;7.471
chrom;6;1;00;7.472
chrom;6;2;00;10.185
chrom;6;3;00;9.826
chrom;6;4;00;7.309
chrom;6;5;00;7.521
chrom;6;6;00;7.761
chrom;6;7;00;7.592
chrom;6;8;00;6.561
chrom;6;9;00;7.404
chrom;6;10;00;7.341
chrom;6;11;00;3.107
chrom;6;12;00;6.952
chrom;6;13;00;3.046
chrom;6;14;00;7.248
chrom;6;15;00;3.171
chrom;6;16;00;3.335
chrom;6;17;00;3.234
chrom;6;18;00;3.343
chrom;6;19;00;3.343
chrom;6;20;00;9.435
chrom;6;21;00;9.841
chrom;6;22;00;2.702
chrom;6;23;00;7.498
chrom;6;24;00;3.780
chrom;6;25;00;8.232
chrom;6;26;00;2.374
chrom;6;27;00;8.061
chrom;6;28;00;3.421
chrom;6;29;00;8.212
chrom;6;30;00;2.546
chrom;6;31;00;2.078
chrom;6;32;00;7.282
chrom;6;33;00;2.296
chrom;6;34;00;7.451
chrom;6;35;00;5.358
chrom;6;36;00;9.920
chrom;6;37;00;9.966
chrom;6;38;00;7.717
chrom;6;39;00;7.574
chrom;6;40;00;6.170
chrom;6;41;00;8.077
chrom;6;42;00;3.640
chrom;6;43;00;2.578
chrom;6;44;00;2.874
chrom;6;45;00;3.359
chrom;6;46;00;2.437
chrom;6;47;00;7.545
chrom;6;48;00;10.029
chrom;6;49;00;7.670
gen;6;;05;3.488
chrom;7;0;00;7.826
chrom;7;1;00;8.092
chrom;7;2;00;9.918
chrom;7;3;00;7.955
chrom;7;4;00;8.530
chrom;7;5;00;8.844
chrom;7;6;00;9.966
chrom;7;7;00;7.404
chrom;7;8;00;8.670
chrom;7;9;00;3.765
chrom;7;10;00;7.995
chrom;7;11;00;3.749
chrom;7;12;00;8.502
chrom;7;13;00;3.905
chrom;7;14;00;3.921
chrom;7;15;00;3.968
chrom;7;16;00;4.073
chrom;7;17;00;4.062
chrom;7;18;00;3.921
chrom;7;19;00;8.357
chrom;7;20;00;7.451
chrom;7;21;00;3.187
chrom;7;22;00;8.315
chrom;7;23;00;7.534
chrom;7;24;00;8.384
chrom;7;25;00;10.029
chrom;7;26;00;8.436
chrom;7;27;00;7.701
chrom;7;28;00;1.546
chrom;7;29;00;16.028
chrom;7;30;00;2.796
chrom;7;31;00;4.249
chrom;7;32;00;3.780
chrom;7;33;00;3.749
chrom;7;34;00;10.229
chrom;7;35;00;10.720
chrom;7;36;00;3.530
chrom;7;37;00;14.512
chrom;7;38;00;8.560
chrom;7;39;00;3.187
chrom;7;40;00;3.421
chrom;7;41;00;8.201
chrom;7;42;00;4.577
chrom;7;43;00;2.765
chrom;7;44;00;15.718
chrom;7;45;00;3.671
chrom;7;46;00;3.383
chrom;7;47;00;8.404
chrom;7;48;00;10.732
chrom;7;49;00;3.109
gen;7;;05;41.673
chrom;8;0;00;8.207
chrom;8;1;00;7.498
chrom;8;2;00;10.482
chrom;8;3;00;10.215
chrom;8;4;00;8.451
chrom;8;5;00;3.874
chrom;8;6;00;7.904
chrom;8;7;00;3.733
chrom;8;8;00;7.552
chrom;8;9;00;3.905
chrom;8;10;00;3.843
chrom;8;11;00;8.061
chrom;8;12;00;4.015
chrom;8;13;00;4.077
chrom;8;14;00;4.336
chrom;8;15;00;4.187
chrom;8;16;00;4.077
chrom;8;17;00;3.985
chrom;8;18;00;8.692
chrom;8;19;00;4.452
chrom;8;20;00;7.498
chrom;8;21;00;8.685
chrom;8;22;00;3.702
chrom;8;23;00;10.622
chrom;8;24;00;8.144
chrom;8;25;00;12.874
chrom;8;26;00;7.170
chrom;8;27;00;4.499
chrom;8;28;05;16.950
chrom;8;29;00;8.817
chrom;8;30;00;7.437
chrom;8;31;00;3.374
chrom;8;32;00;3.417
chrom;8;33;00;9.278
chrom;8;34;00;3.457
chrom;8;35;00;7.904
chrom;8;36;00;7.138
chrom;8;37;00;12.047
chrom;8;38;00;9.533
chrom;8;39;00;2.265
chrom;8;40;00;2.281
chrom;8;41;00;8.967
chrom;8;42;00;7.489
chrom;8;43;00;7.264
chrom;8;44;00;7.826
chrom;8;45;00;3.327
chrom;8;46;00;2.718
chrom;8;47;00;7.436
chrom;8;48;00;12.813
chrom;8;49;00;3.687
gen;8;;10;40.412
chrom;9;0;00;7.472
chrom;9;1;00;3.031
chrom;9;2;00;7.139
chrom;9;3;00;3.077
chrom;9;4;00;6.561
chrom;9;5;00;2.984
chrom;9;6;00;3.046
chrom;9;7;00;6.639
chrom;9;8;00;3.140
chrom;9;9;00;7.405
chrom;9;10;00;3.374
chrom;9;11;00;3.232
chrom;9;12;00;3.468
chrom;9;13;00;3.249
chrom;9;14;00;3.249
chrom;9;15;00;3.312
chrom;9;16;00;8.380
chrom;9;17;00;3.405
chrom;9;18;00;3.234
chrom;9;19;00;3.327
chrom;9;20;00;3.062
chrom;9;21;00;2.265
chrom;9;22;00;3.062
chrom;9;23;00;7.779
chrom;9;24;00;3.983
chrom;9;25;00;6.030
chrom;9;26;00;6.170
chrom;9;27;00;2.843
chrom;9;28;00;2.874
chrom;9;29;00;6.280
chrom;9;30;00;7.873
chrom;9;31;00;7.623
chrom;9;32;00;7.498
chrom;9;33;00;7.764
chrom;9;34;00;3.265
chrom;9;35;00;6.780
chrom;9;36;00;2.640
chrom;9;37;00;4.405
chrom;9;38;00;9.701
chrom;9;39;00;7.233
chrom;9;40;00;6.077
chrom;9;41;00;3.640
chrom;9;42;00;10.169
chrom;9;43;00;3.952
chrom;9;44;00;3.705
chrom;9;45;00;4.186
chrom;9;46;00;13.762
chrom;9;47;00;7.998
chrom;9;48;00;1.500
chrom;9;49;00;7.670
gen;9;;04;20.733
chrom;10;0;00;7.170
chrom;10;1;00;3.780
chrom;10;2;00;3.812
chrom;10;3;00;7.405
chrom;10;4;00;3.702
chrom;10;5;00;3.718
chrom;10;6;00;3.796
chrom;10;7;00;8.092
chrom;10;8;00;3.968
chrom;10;9;00;3.945
chrom;10;10;00;4.205
chrom;10;11;00;4.186
chrom;10;12;00;4.108
chrom;10;13;00;4.171
chrom;10;14;00;8.154
chrom;10;15;00;4.077
chrom;10;16;00;3.983
chrom;10;17;00;4.171
chrom;10;18;00;8.654
chrom;10;19;00;4.108
chrom;10;20;00;4.405
chrom;10;21;00;7.639
chrom;10;22;00;10.170
chrom;10;23;00;8.170
chrom;10;24;00;2.984
chrom;10;25;00;12.044
chrom;10;26;00;12.669
chrom;10;27;00;3.390
chrom;10;28;00;8.170
chrom;10;29;00;4.249
chrom;10;30;00;8.560
chrom;10;31;00;8.123
chrom;10;32;00;3.187
chrom;10;33;00;7.545
chrom;10;34;00;3.858
chrom;10;35;00;13.700
chrom;10;36;00;7.592
chrom;10;37;00;2.937
chrom;10;38;00;2.796
chrom;10;39;00;9.143
chrom;10;40;00;4.593
chrom;10;41;00;8.779
chrom;10;42;00;10.685
chrom;10;43;00;2.515
chrom;10;44;00;3.202
chrom;10;45;00;8.779
chrom;10;46;00;3.687
chrom;10;47;00;3.807
chrom;10;48;00;3.359
chrom;10;49;00;3.734
gen;10;;04;53.959
chrom;11;0;00;3.640
chrom;11;1;00;7.264
chrom;11;2;00;3.780
chrom;11;3;00;3.780
chrom;11;4;00;3.702
chrom;11;5;00;8.436
chrom;11;6;00;4.155
chrom;11;7;00;4.077
chrom;11;8;00;4.046
chrom;11;9;00;4.155
chrom;11;10;00;3.874
chrom;11;11;00;4.280
chrom;11;12;00;8.326
chrom;11;13;00;3.843
chrom;11;14;00;3.827
chrom;11;15;00;4.030
chrom;11;16;00;8.046
chrom;11;17;00;3.968
chrom;11;18;00;4.280
chrom;11;19;00;4.124
chrom;11;20;00;3.765
chrom;11;21;00;8.186
chrom;11;22;00;4.624
chrom;11;23;00;8.435
chrom;11;24;00;4.068
chrom;11;25;00;7.498
chrom;11;26;00;3.124
chrom;11;27;00;6.951
chrom;11;28;00;4.015
chrom;11;29;00;2.874
chrom;11;30;00;3.124
chrom;11;31;00;4.515
chrom;11;32;00;10.419
chrom;11;33;00;7.998
chrom;11;34;00;10.311
chrom;11;35;00;3.437
chrom;11;36;00;3.202
chrom;11;37;00;8.918
chrom;11;38;00;3.062
chrom;11;39;00;2.703
chrom;11;40;00;4.343
chrom;11;41;00;2.937
chrom;11;42;00;3.952
chrom;11;43;00;8.810
chrom;11;44;00;7.311
chrom;11;45;00;10.357
chrom;11;46;00;7.186
chrom;11;47;00;3.687
chrom;11;48;00;8.545
chrom;11;49;00;3.372
gen;11;;04;27.660
chrom;12;0;00;3.655
chrom;12;1;00;3.858
chrom;12;2;00;3.890
chrom;12;3;00;8.764
chrom;12;4;23;49.804
chrom;12;5;00;3.808
chrom;12;6;00;3.546
chrom;12;7;00;3.865
chrom;12;8;00;3.695
chrom;12;9;00;3.359
chrom;12;10;00;7.186
chrom;12;11;00;3.737
chrom;12;12;00;3.542
chrom;12;13;00;3.355
chrom;12;14;00;7.071
chrom;12;15;00;3.326
chrom;12;16;00;3.265
chrom;12;17;00;3.390
chrom;12;18;00;3.374
chrom;12;19;00;3.218
chrom;12;20;00;3.765
chrom;12;21;00;3.655
chrom;12;22;00;3.124
chrom;12;23;00;2.984
chrom;12;24;00;2.109
chrom;12;25;00;2.640
chrom;12;26;00;3.765
chrom;12;27;00;10.759
chrom;12;28;00;3.185
chrom;12;29;00;11.625
chrom;12;30;00;8.625
chrom;12;31;00;4.334
chrom;12;32;00;8.358
chrom;12;33;00;4.597
chrom;12;34;00;2.350
chrom;12;35;00;9.270
chrom;12;36;00;9.886
chrom;12;37;00;8.520
chrom;12;38;00;10.663
chrom;12;39;00;3.224
chrom;12;40;00;3.159
chrom;12;41;00;5.636
chrom;12;42;00;3.811
chrom;12;43;00;3.737
chrom;12;44;00;2.941
chrom;12;45;00;9.038
chrom;12;46;00;11.187
chrom;12;47;00;8.182
chrom;12;48;00;7.094
chrom;12;49;00;9.289
gen;12;;28;11.485
chrom;13;0;00;4.313
chrom;13;1;00;3.967
chrom;13;2;00;3.985
chrom;13;3;00;4.191
chrom;13;4;00;4.133
chrom;13;5;00;4.098
chrom;13;6;00;9.339
chrom;13;7;00;4.083
chrom;13;8;00;3.975
chrom;13;9;00;4.184
chrom;13;10;00;8.998
chrom;13;11;00;3.468
chrom;13;12;00;3.784
chrom;13;13;00;3.633
chrom;13;14;00;3.843
chrom;13;15;00;3.587
chrom;13;16;00;7.498
chrom;13;17;00;3.702
chrom;13;18;00;7.584
chrom;13;19;00;3.702
chrom;13;20;00;3.216
chrom;13;21;00;3.702
chrom;13;22;00;3.499
chrom;13;23;00;3.702
chrom;13;24;00;2.765
chrom;13;25;00;7.373
chrom;13;26;00;7.826
chrom;13;27;00;8.404
chrom;13;28;00;7.904
chrom;13;29;00;2.593
chrom;13;30;00;4.249
chrom;13;31;00;8.326
chrom;13;32;00;9.404
chrom;13;33;00;7.187
chrom;13;34;00;7.889
chrom;13;35;00;8.482
chrom;13;36;00;3.484
chrom;13;37;00;3.234
chrom;13;38;00;8.781
chrom;13;39;00;8.264
chrom;13;40;00;3.562
chrom;13;41;00;4.331
chrom;13;42;00;3.937
chrom;13;43;00;6.936
chrom;13;44;00;3.874
chrom;13;45;00;3.234
chrom;13;46;00;8.891
chrom;13;47;00;3.171
chrom;13;48;00;4.546
chrom;13;49;00;8.029
gen;13;;04;27.111
chrom;14;0;00;4.093
chrom;14;1;00;3.927
chrom;14;2;00;4.093
chrom;14;3;00;4.030
chrom;14;4;00;8.732
chrom;14;5;00;4.296
chrom;14;6;00;4.140
chrom;14;7;00;3.983
chrom;14;8;00;8.076
chrom;14;9;00;4.077
chrom;14;10;00;3.942
chrom;14;11;00;4.187
chrom;14;12;00;4.172
chrom;14;13;00;4.327
chrom;14;14;00;8.092
chrom;14;15;00;4.140
chrom;14;16;00;8.217
chrom;14;17;00;3.890
chrom;14;18;00;4.474
chrom;14;19;00;3.988
chrom;14;20;00;8.464
chrom;14;21;00;4.171
chrom;14;22;00;7.736
chrom;14;23;00;3.905
chrom;14;24;00;3.389
chrom;14;25;00;2.624
chrom;14;26;00;11.169
chrom;14;27;00;3.530
chrom;14;28;00;8.717
chrom;14;29;00;8.357
chrom;14;30;00;8.670
chrom;14;31;00;7.989
chrom;14;32;00;10.841
chrom;14;33;00;4.518
chrom;14;34;00;7.451
chrom;14;35;00;7.858
chrom;14;36;00;9.076
chrom;14;37;00;12.948
chrom;14;38;00;7.904
chrom;14;39;00;7.530
chrom;14;40;00;10.466
chrom;14;41;00;8.248
chrom;14;42;00;3.874
chrom;14;43;00;8.500
chrom;14;44;00;8.107
chrom;14;45;00;3.905
chrom;14;46;00;3.968
chrom;14;47;00;3.577
chrom;14;48;00;8.330
chrom;14;49;00;8.795
gen;14;;05;13.746
chrom;15;0;00;4.030
chrom;15;1;00;4.026
chrom;15;2;00;8.092
chrom;15;3;00;4.108
chrom;15;4;00;4.030
chrom;15;5;00;3.983
chrom;15;6;00;4.187
chrom;15;7;00;4.046
chrom;15;8;00;8.459
chrom;15;9;00;3.937
chrom;15;10;00;8.279
chrom;15;11;00;4.202
chrom;15;12;00;4.062
chrom;15;13;00;4.048
chrom;15;14;00;4.062
chrom;15;15;00;8.436
chrom;15;16;00;3.867
chrom;15;17;00;4.815
chrom;15;18;00;4.686
chrom;15;19;00;8.646
chrom;15;20;00;3.643
chrom;15;21;00;8.044
chrom;15;22;00;8.530
chrom;15;23;00;3.859
chrom;15;24;00;8.170
chrom;15;25;00;3.122
chrom;15;26;00;2.718
chrom;15;27;00;8.076
chrom;15;28;00;3.859
chrom;15;29;00;10.782
chrom;15;30;00;8.795
chrom;15;31;00;4.515
chrom;15;32;00;4.624
chrom;15;33;00;3.359
chrom;15;34;00;4.187
chrom;15;35;00;7.873
chrom;15;36;00;7.701
chrom;15;37;00;8.439
chrom;15;38;00;3.374
chrom;15;39;00;3.187
chrom;15;40;00;8.169
chrom;15;41;00;4.233
chrom;15;42;00;7.217
chrom;15;43;00;3.786
chrom;15;44;00;8.050
chrom;15;45;00;14.075
chrom;15;46;38;17.480
chrom;15;47;00;7.263
chrom;15;48;00;6.919
chrom;15;49;00;2.468
gen;15;;43;0.798
chrom;16;0;00;4.209
chrom;16;1;00;3.335
chrom;16;2;00;3.737
chrom;16;3;00;3.378
chrom;16;4;00;7.041
chrom;16;5;00;3.342
chrom;16;6;00;6.957
chrom;16;7;00;3.280
chrom;16;8;00;3.421
chrom;16;9;00;3.437
chrom;16;10;00;3.280
chrom;16;11;00;7.615
chrom;16;12;00;3.726
chrom;16;13;00;4.047
chrom;16;14;00;3.655
chrom;16;15;00;7.013
chrom;16;16;00;7.186
chrom;16;17;00;3.202
chrom;16;18;00;3.702
chrom;16;19;00;3.952
chrom;16;20;00;3.265
chrom;16;21;00;7.467
chrom;16;22;00;3.171
chrom;16;23;00;3.702
chrom;16;24;00;3.327
chrom;16;25;00;3.093
chrom;16;26;00;6.920
chrom;16;27;00;7.248
chrom;16;28;00;2.203
chrom;16;29;00;2.218
chrom;16;30;00;6.409
chrom;16;31;00;9.850
chrom;16;32;00;8.217
chrom;16;33;00;10.519
chrom;16;34;00;8.111
chrom;16;35;00;3.580
chrom;16;36;00;2.312
chrom;16;37;00;2.804
chrom;16;38;00;7.858
chrom;16;39;00;2.781
chrom;16;40;00;9.514
chrom;16;41;00;2.827
chrom;16;42;00;2.390
chrom;16;43;00;3.383
chrom;16;44;00;7.201
chrom;16;45;00;6.092
chrom;16;46;00;3.419
chrom;16;47;00;7.654
chrom;16;48;00;3.921
chrom;16;49;00;3.296
gen;16;;04;4.541
chrom;17;0;00;7.553
chrom;17;1;00;3.405
chrom;17;2;00;7.951
chrom;17;3;00;3.280
chrom;17;4;00;3.312
chrom;17;5;00;3.280
chrom;17;6;00;3.273
chrom;17;7;00;7.320
chrom;17;8;00;3.330
chrom;17;9;00;3.374
chrom;17;10;00;3.509
chrom;17;11;00;8.972
chrom;17;12;00;7.634
chrom;17;13;00;3.518
chrom;17;14;00;3.384
chrom;17;15;00;3.313
chrom;17;16;00;3.657
chrom;17;17;00;8.114
chrom;17;18;00;3.253
chrom;17;19;00;3.539
chrom;17;20;00;8.833
chrom;17;21;00;3.261
chrom;17;22;00;2.387
chrom;17;23;00;7.159
chrom;17;24;00;3.938
chrom;17;25;00;3.032
chrom;17;26;00;2.340
chrom;17;27;00;2.768
chrom;17;28;00;3.144
chrom;17;29;00;8.063
chrom;17;30;00;2.835
chrom;17;31;00;7.850
chrom;17;32;00;3.423
chrom;17;33;00;2.721
chrom;17;34;00;3.149
chrom;17;35;00;7.624
chrom;17;36;00;7.129
chrom;17;37;00;2.874
chrom;17;38;00;8.404
chrom;17;39;00;3.490
chrom;17;40;00;9.373
chrom;17;41;00;2.859
chrom;17;42;00;3.360
chrom;17;43;00;4.130
chrom;17;44;00;7.690
chrom;17;45;00;7.403
chrom;17;46;00;8.223
chrom;17;47;00;10.248
chrom;17;48;00;3.218
chrom;17;49;00;5.741
gen;17;;04;11.905
chrom;18;0;00;7.770
chrom;18;1;00;3.305
chrom;18;2;00;3.252
chrom;18;3;00;3.249
chrom;18;4;00;3.405
chrom;18;5;00;7.423
chrom;18;6;00;3.421
chrom;18;7;00;3.327
chrom;18;8;00;3.405
chrom;18;9;00;7.620
chrom;18;10;00;7.584
chrom;18;11;00;3.296
chrom;18;12;00;3.468
chrom;18;13;00;3.437
chrom;18;14;00;3.312
chrom;18;15;00;7.449
chrom;18;16;00;3.421
chrom;18;17;00;3.408
chrom;18;18;00;3.607
chrom;18;19;00;3.632
chrom;18;20;00;8.398
chrom;18;21;00;9.493
chrom;18;22;00;4.511
chrom;18;23;00;3.407
chrom;18;24;00;12.816
chrom;18;25;00;9.749
chrom;18;26;00;3.032
chrom;18;27;00;8.082
chrom;18;28;00;2.275
chrom;18;29;00;2.987
chrom;18;30;00;3.974
chrom;18;31;00;7.762
chrom;18;32;00;7.748
chrom;18;33;00;10.206
chrom;18;34;00;3.422
chrom;18;35;00;2.362
chrom;18;36;00;8.091
chrom;18;37;00;7.644
chrom;18;38;00;2.199
chrom;18;39;00;2.788
chrom;18;40;00;7.118
chrom;18;41;00;7.522
chrom;18;42;00;7.430
chrom;18;43;00;7.360
chrom;18;44;00;8.129
chrom;18;45;00;2.837
chrom;18;46;00;8.482
chrom;18;47;00;3.302
chrom;18;48;00;2.216
chrom;18;49;00;2.987
gen;18;;04;27.298
chrom;19;0;00;3.328
chrom;19;1;00;7.717
chrom;19;2;00;3.317
chrom;19;3;00;3.354
chrom;19;4;00;3.299
chrom;19;5;00;8.143
chrom;19;6;00;7.849
chrom;19;7;00;3.453
chrom;19;8;00;3.208
chrom;19;9;00;3.438
chrom;19;10;00;3.429
chrom;19;11;00;7.625
chrom;19;12;00;3.347
chrom;19;13;00;3.801
chrom;19;14;00;3.642
chrom;19;15;00;3.726
chrom;19;16;00;8.128
chrom;19;17;00;3.502
chrom;19;18;00;8.741
chrom;19;19;00;3.809
chrom;19;20;00;7.200
chrom;19;21;00;3.329
chrom;19;22;00;5.024
chrom;19;23;00;2.514
chrom;19;24;00;3.292
chrom;19;25;00;8.168
chrom;19;26;00;8.462
chrom;19;27;00;3.973
chrom;19;28;00;10.169
chrom;19;29;00;10.250
chrom;19;30;00;3.131
chrom;19;31;00;10.287
chrom;19;32;00;8.353
chrom;19;33;00;7.195
chrom;19;34;00;2.908
chrom;19;35;00;7.263
chrom;19;36;00;3.415
chrom;19;37;00;2.578
chrom;19;38;00;3.316
chrom;19;39;00;3.618
chrom;19;40;00;3.369
chrom;19;41;00;3.624
chrom;19;42;00;3.420
chrom;19;43;00;7.578
chrom;19;44;00;3.435
chrom;19;45;00;10.096
chrom;19;46;00;8.306
chrom;19;47;00;8.326
chrom;19;48;00;3.494
chrom;19;49;00;3.116
gen;19;;04;26.329
chrom;20;0;00;7.815
chrom;20;1;00;8.576
chrom;20;2;00;4.349
chrom;20;3;00;4.162
chrom;20;4;00;3.633
chrom;20;5;00;3.661
chrom;20;6;00;8.837
chrom;20;7;00;3.929
chrom;20;8;00;3.791
chrom;20;9;00;3.785
chrom;20;10;00;4.036
chrom;20;11;00;8.514
chrom;20;12;00;4.062
chrom;20;13;00;8.128
chrom;20;14;00;4.488
chrom;20;15;00;3.756
chrom;20;16;00;3.437
chrom;20;17;00;3.594
chrom;20;18;00;3.710
chrom;20;19;00;3.608
chrom;20;20;00;2.372
chrom;20;21;00;7.731
chrom;20;22;00;3.692
chrom;20;23;00;8.312
chrom;20;24;00;4.184
chrom;20;25;00;3.297
chrom;20;26;00;8.666
chrom;20;27;00;3.098
chrom;20;28;00;8.195
chrom;20;29;00;7.794
chrom;20;30;00;2.723
chrom;20;31;00;10.817
chrom;20;32;00;7.078
chrom;20;33;00;3.072
chrom;20;34;00;3.412
chrom;20;35;00;3.159
chrom;20;36;00;4.019
chrom;20;37;00;8.633
chrom;20;38;00;3.764
chrom;20;39;00;3.645
chrom;20;40;00;7.507
chrom;20;41;00;6.920
chrom;20;42;00;3.523
chrom;20;43;00;7.710
chrom;20;44;00;10.542
chrom;20;45;00;2.504
chrom;20;46;00;3.114
chrom;20;47;00;7.748
chrom;20;48;00;3.571
chrom;20;49;00;7.828
gen;20;;04;28.710
chrom;21;0;00;3.851
chrom;21;1;00;4.552
chrom;21;2;00;3.786
chrom;21;3;00;4.750
chrom;21;4;00;8.856
chrom;21;5;00;3.734
chrom;21;6;00;7.921
chrom;21;7;00;3.779
chrom;21;8;00;3.841
chrom;21;9;00;3.693
chrom;21;10;00;3.640
chrom;21;11;00;3.593
chrom;21;12;00;3.624
chrom;21;13;00;8.611
chrom;21;14;00;4.231
chrom;21;15;00;3.645
chrom;21;16;00;3.891
chrom;21;17;00;3.852
chrom;21;18;00;9.269
chrom;21;19;00;8.165
chrom;21;20;00;3.734
chrom;21;21;00;3.273
chrom;21;22;00;8.174
chrom;21;23;00;2.310
chrom;21;24;00;4.075
chrom;21;25;00;3.097
chrom;21;26;00;8.060
chrom;21;27;00;3.611
chrom;21;28;00;7.802
chrom;21;29;00;3.757
chrom;21;30;00;4.432
chrom;21;31;00;9.496
chrom;21;32;00;9.114
chrom;21;33;00;4.608
chrom;21;34;00;12.200
chrom;21;35;00;10.280
chrom;21;36;00;10.519
chrom;21;37;00;7.857
chrom;21;38;00;11.195
chrom;21;39;00;8.229
chrom;21;40;00;8.025
chrom;21;41;00;2.747
chrom;21;42;00;3.682
chrom;21;43;00;8.099
chrom;21;44;00;3.344
chrom;21;45;00;8.999
chrom;21;46;00;11.377
chrom;21;47;00;8.672
chrom;21;48;00;9.127
chrom;21;49;00;6.950
gen;21;;05;8.347
chrom;22;0;00;7.848
chrom;22;1;00;3.624
chrom;22;2;00;3.520
chrom;22;3;00;3.496
chrom;22;4;00;3.772
chrom;22;5;00;4.425
chrom;22;6;00;3.579
chrom;22;7;00;7.762
chrom;22;8;00;3.610
chrom;22;9;00;3.360
chrom;22;10;00;3.639
chrom;22;11;00;3.601
chrom;22;12;00;7.903
chrom;22;13;00;7.763
chrom;22;14;00;8.157
chrom;22;15;00;3.299
chrom;22;16;00;3.500
chrom;22;17;00;8.066
chrom;22;18;00;7.988
chrom;22;19;00;8.228
chrom;22;20;00;10.548
chrom;22;21;00;2.366
chrom;22;22;00;2.832
chrom;22;23;00;3.322
chrom;22;24;00;3.578
chrom;22;25;00;2.769
chrom;22;26;00;7.893
chrom;22;27;00;10.453
chrom;22;28;00;4.348
chrom;22;29;00;7.344
chrom;22;30;00;6.937
chrom;22;31;00;7.109
chrom;22;32;00;9.839
chrom;22;33;00;3.318
chrom;22;34;00;9.497
chrom;22;35;00;8.050
chrom;22;36;00;3.531
chrom;22;37;00;8.672
chrom;22;38;00;2.993
chrom;22;39;00;7.857
chrom;22;40;00;7.779
chrom;22;41;00;9.231
chrom;22;42;00;10.065
chrom;22;43;00;9.084
chrom;22;44;00;10.647
chrom;22;45;00;4.627
chrom;22;46;00;9.436
chrom;22;47;00;4.018
chrom;22;48;00;3.666
chrom;22;49;00;8.070
gen;22;;05;7.246
chrom;23;0;00;4.194
chrom;23;1;00;8.767
chrom;23;2;00;3.722
chrom;23;3;00;3.485
chrom;23;4;00;3.936
chrom;23;5;00;4.923
chrom;23;6;00;8.416
chrom;23;7;00;8.462
chrom;23;8;00;8.516
chrom;23;9;00;3.609
chrom;23;10;00;3.609
chrom;23;11;00;7.831
chrom;23;12;00;7.972
chrom;23;13;00;8.797
chrom;23;14;00;3.554
chrom;23;15;00;9.105
chrom;23;16;00;3.363
chrom;23;17;00;8.122
chrom;23;18;00;7.462
chrom;23;19;00;3.622
chrom;23;20;00;7.559
chrom;23;21;00;7.715
chrom;23;22;00;3.704
chrom;23;23;00;12.841
chrom;23;24;00;7.123
chrom;23;25;00;3.765
chrom;23;26;00;3.594
chrom;23;27;00;4.279
chrom;23;28;00;8.705
chrom;23;29;00;8.889
chrom;23;30;00;8.166
chrom;23;31;00;10.484
chrom;23;32;00;8.953
chrom;23;33;00;2.643
chrom;23;34;00;3.454
chrom;23;35;00;10.431
chrom;23;36;00;2.451
chrom;23;37;00;8.353
chrom;23;38;00;6.478
chrom;23;39;00;8.525
chrom;23;40;00;3.134
chrom;23;41;00;3.329
chrom;23;42;00;3.002
chrom;23;43;00;7.700
chrom;23;44;00;3.218
chrom;23;45;00;2.805
chrom;23;46;00;2.887
chrom;23;47;00;3.508
chrom;23;48;00;3.862
chrom;23;49;00;5.208
gen;23;;04;58.444
chrom;24;0;00;4.354
chrom;24;1;00;3.974
chrom;24;2;00;4.091
chrom;24;3;00;3.894
chrom;24;4;00;8.821
chrom;24;5;00;7.729
chrom;24;6;00;7.763
chrom;24;7;00;3.606
chrom;24;8;00;3.572
chrom;24;9;00;8.113
chrom;24;10;00;8.150
chrom;24;11;00;8.416
chrom;24;12;00;3.718
chrom;24;13;00;8.498
chrom;24;14;00;3.891
chrom;24;15;00;7.886
chrom;24;16;00;8.176
chrom;24;17;00;4.070
chrom;24;18;00;4.375
chrom;24;19;00;8.719
chrom;24;20;00;4.224
chrom;24;21;00;3.938
chrom;24;22;00;8.766
chrom;24;23;00;3.096
chrom;24;24;00;10.888
chrom;24;25;00;7.553
chrom;24;26;00;4.028
chrom;24;27;00;10.250
chrom;24;28;00;4.115
chrom;24;29;00;8.510
chrom;24;30;00;8.470
chrom;24;31;00;8.121
chrom;24;32;00;2.536
chrom;24;33;00;6.159
chrom;24;34;00;7.219
chrom;24;35;00;3.389
chrom;24;36;00;10.168
chrom;24;37;00;7.422
chrom;24;38;00;7.349
chrom;24;39;00;2.343
chrom;24;40;00;2.527
chrom;24;41;00;12.406
chrom;24;42;00;6.416
chrom;24;43;00;3.243
chrom;24;44;00;7.575
chrom;24;45;00;2.984
chrom;24;46;00;8.342
chrom;24;47;00;3.180
chrom;24;48;00;3.276
chrom;24;49;00;6.953
gen;24;;05;7.501
chrom;25;0;00;3.383
chrom;25;1;00;3.540
chrom;25;2;00;7.653
chrom;25;3;00;7.926
chrom;25;4;00;8.205
chrom;25;5;00;3.323
chrom;25;6;00;3.392
chrom;25;7;00;7.814
chrom;25;8;00;7.683
chrom;25;9;00;7.986
chrom;25;10;00;3.399
chrom;25;11;00;7.981
chrom;25;12;00;3.223
chrom;25;13;00;7.726
chrom;25;14;00;7.409
chrom;25;15;00;3.367
chrom;25;16;00;3.449
chrom;25;17;00;7.602
chrom;25;18;00;3.467
chrom;25;19;00;3.338
chrom;25;20;00;8.156
chrom;25;21;00;3.517
chrom;25;22;00;3.321
chrom;25;23;00;3.181
chrom;25;24;00;6.713
chrom;25;25;00;2.613
chrom;25;26;00;7.236
chrom;25;27;00;7.782
chrom;25;28;00;4.419
chrom;25;29;00;10.575
chrom;25;30;00;10.488
chrom;25;31;00;10.529
chrom;25;32;00;3.096
chrom;25;33;00;3.398
chrom;25;34;00;2.940
chrom;25;35;00;4.007
chrom;25;36;00;10.009
chrom;25;37;00;3.089
chrom;25;38;00;2.345
chrom;25;39;00;8.129
chrom;25;40;00;5.636
chrom;25;41;00;8.457
chrom;25;42;00;8.468
chrom;25;43;00;7.611
chrom;25;44;00;8.003
chrom;25;45;00;2.352
chrom;25;46;00;2.882
chrom;25;47;00;12.756
chrom;25;48;00;7.894
chrom;25;49;00;3.401
gen;25;;04;55.019
chrom;26;0;00;7.450
chrom;26;1;00;7.493
chrom;26;2;00;3.528
chrom;26;3;00;3.632
chrom;26;4;00;7.761
chrom;26;5;00;7.770
chrom;26;6;00;8.085
chrom;26;7;00;3.840
chrom;26;8;00;8.230
chrom;26;9;00;3.670
chrom;26;10;00;7.858
chrom;26;11;00;7.666
chrom;26;12;00;3.535
chrom;26;13;00;3.459
chrom;26;14;00;7.871
chrom;26;15;00;3.432
chrom;26;16;00;3.721
chrom;26;17;00;3.899
chrom;26;18;00;7.841
chrom;26;19;00;3.438
chrom;26;20;00;3.342
chrom;26;21;00;7.142
chrom;26;22;00;7.969
chrom;26;23;00;6.261
chrom;26;24;00;8.088
chrom;26;25;00;11.965
chrom;26;26;00;8.657
chrom;26;27;00;8.098
chrom;26;28;00;4.206
chrom;26;29;00;4.257
chrom;26;30;00;11.662
chrom;26;31;00;2.364
chrom;26;32;00;3.165
chrom;26;33;00;10.399
chrom;26;34;00;2.975
chrom;26;35;00;8.292
chrom;26;36;00;8.064
chrom;26;37;00;3.041
chrom;26;38;00;7.950
chrom;26;39;00;2.550
chrom;26;40;00;3.002
chrom;26;41;00;10.682
chrom;26;42;00;9.821
chrom;26;43;00;8.918
chrom;26;44;00;4.248
chrom;26;45;00;4.756
chrom;26;46;00;3.954
chrom;26;47;00;3.848
chrom;26;48;00;12.370
chrom;26;49;00;8.634
gen;26;;05;15.086
chrom;27;0;00;9.224
chrom;27;1;00;8.588
chrom;27;2;00;4.263
chrom;27;3;00;8.841
chrom;27;4;00;4.006
chrom;27;5;00;8.406
chrom;27;6;00;9.354
chrom;27;7;00;4.569
chrom;27;8;00;4.429
chrom;27;9;00;10.821
chrom;27;10;00;4.447
chrom;27;11;00;4.507
chrom;27;12;00;4.374
chrom;27;13;00;9.006
chrom;27;14;00;3.663
chrom;27;15;00;3.691
chrom;27;16;00;9.578
chrom;27;17;00;4.103
chrom;27;18;00;3.759
chrom;27;19;00;9.389
chrom;27;20;00;3.025
chrom;27;21;00;3.435
chrom;27;22;00;8.274
chrom;27;23;00;4.141
chrom;27;24;00;3.412
chrom;27;25;00;7.162
chrom;27;26;00;7.668
chrom;27;27;00;8.133
chrom;27;28;00;2.432
chrom;27;29;00;10.363
chrom;27;30;00;7.544
chrom;27;31;00;3.553
chrom;27;32;00;6.714
chrom;27;33;00;7.333
chrom;27;34;00;3.023
chrom;27;35;00;8.569
chrom;27;36;00;8.385
chrom;27;37;00;7.908
chrom;27;38;00;9.957
chrom;27;39;00;10.834
chrom;27;40;00;7.810
chrom;27;41;00;7.512
chrom;27;42;00;2.210
chrom;27;43;00;4.122
chrom;27;44;00;3.103
chrom;27;45;00;12.694
chrom;27;46;00;2.435
chrom;27;47;00;3.071
chrom;27;48;00;3.609
chrom;27;49;00;8.245
gen;27;;05;15.954
chrom;28;0;00;3.703
chrom;28;1;00;7.543
chrom;28;2;00;3.453
chrom;28;3;00;7.669
chrom;28;4;00;7.443
chrom;28;5;00;3.751
chrom;28;6;00;3.625
chrom;28;7;00;7.894
chrom;28;8;00;3.547
chrom;28;9;00;3.703
chrom;28;10;00;3.662
chrom;28;11;00;7.638
chrom;28;12;00;3.291
chrom;28;13;00;3.515
chrom;28;14;00;7.833
chrom;28;15;00;3.441
chrom;28;16;00;3.422
chrom;28;17;00;7.763
chrom;28;18;00;3.484
chrom;28;19;00;7.683
chrom;28;20;00;10.089
chrom;28;21;00;3.897
chrom;28;22;00;3.245
chrom;28;23;00;7.845
chrom;28;24;00;3.716
chrom;28;25;00;3.009
chrom;28;26;00;2.294
chrom;28;27;00;3.050
chrom;28;28;00;7.450
chrom;28;29;00;8.003
chrom;28;30;00;10.354
chrom;28;31;00;8.337
chrom;28;32;00;2.372
chrom;28;33;00;8.416
chrom;28;34;00;2.318
chrom;28;35;00;8.150
chrom;28;36;00;7.110
chrom;28;37;00;8.458
chrom;28;38;00;8.181
chrom;28;39;00;3.338
chrom;28;40;00;8.038
chrom;28;41;00;10.365
chrom;28;42;00;7.441
chrom;28;43;00;2.964
chrom;28;44;00;9.680
chrom;28;45;00;8.128
chrom;28;46;00;3.887
chrom;28;47;00;9.638
chrom;28;48;00;3.468
chrom;28;49;00;3.375
gen;28;;04;50.849
chrom;29;0;00;8.159
chrom;29;1;00;3.741
chrom;29;2;00;3.418
chrom;29;3;00;7.266
chrom;29;4;00;3.422
chrom;29;5;00;3.531
chrom;29;6;00;3.631
chrom;29;7;00;7.793
chrom;29;8;00;3.531
chrom;29;9;00;3.641
chrom;29;10;00;7.769
chrom;29;11;00;3.486
chrom;29;12;00;3.546
chrom;29;13;00;7.841
chrom;29;14;00;3.312
chrom;29;15;00;7.757
chrom;29;16;00;8.562
chrom;29;17;00;4.063
chrom;29;18;00;3.640
chrom;29;19;00;3.693
chrom;29;20;00;9.266
chrom;29;21;00;3.952
chrom;29;22;00;11.302
chrom;29;23;00;3.072
chrom;29;24;00;3.321
chrom;29;25;00;11.979
chrom;29;26;00;7.350
chrom;29;27;00;10.395
chrom;29;28;00;7.381
chrom;29;29;00;4.075
chrom;29;30;00;3.039
chrom;29;31;00;2.989
chrom;29;32;00;3.437
chrom;29;33;00;4.091
chrom;29;34;00;8.222
chrom;29;35;00;6.330
chrom;29;36;00;11.488
chrom;29;37;00;7.528
chrom;29;38;00;7.553
chrom;29;39;00;2.659
chrom;29;40;00;2.435
chrom;29;41;00;7.924
chrom;29;42;00;2.511
chrom;29;43;00;8.400
chrom;29;44;00;13.712
chrom;29;45;00;7.685
chrom;29;46;00;6.347
chrom;29;47;00;7.909
chrom;29;48;00;7.063
chrom;29;49;00;10.071
gen;29;;05;5.534
chrom;30;0;00;3.548
chrom;30;1;00;3.484
chrom;30;2;00;8.141
chrom;30;3;00;3.954
chrom;30;4;00;3.739
chrom;30;5;00;3.609
chrom;30;6;00;8.444
chrom;30;7;00;3.790
chrom;30;8;00;3.608
chrom;30;9;00;8.113
chrom;30;10;00;3.515
chrom;30;11;00;3.772
chrom;30;12;00;7.877
chrom;30;13;00;3.532
chrom;30;14;00;7.795
chrom;30;15;00;7.793
chrom;30;16;00;3.727
chrom;30;17;00;3.509
chrom;30;18;00;3.834
chrom;30;19;00;3.716
chrom;30;20;00;8.197
chrom;30;21;00;3.991
chrom;30;22;00;7.925
chrom;30;23;00;3.384
chrom;30;24;00;2.431
chrom;30;25;00;2.678
chrom;30;26;00;9.288
chrom;30;27;00;4.544
chrom;30;28;00;9.232
chrom;30;29;00;10.808
chrom;30;30;00;3.420
chrom;30;31;00;3.868
chrom;30;32;00;3.467
chrom;30;33;00;7.684
chrom;30;34;00;3.059
chrom;30;35;00;8.244
chrom;30;36;00;7.256
chrom;30;37;00;7.685
chrom;30;38;00;4.041
chrom;30;39;00;7.665
chrom;30;40;00;2.660
chrom;30;41;00;7.015
chrom;30;42;00;3.338
chrom;30;43;00;3.104
chrom;30;44;00;10.500
chrom;30;45;00;2.309
chrom;30;46;00;2.815
chrom;30;47;00;6.722
chrom;30;48;00;11.365
chrom;30;49;00;8.238
gen;30;;04;36.641
chrom;31;0;00;3.484
chrom;31;1;00;3.637
chrom;31;2;00;8.306
chrom;31;3;00;3.328
chrom;31;4;00;3.761
chrom;31;5;00;7.911
chrom;31;6;00;3.518
chrom;31;7;00;3.660
chrom;31;8;00;7.935
chrom;31;9;00;3.710
chrom;31;10;00;7.712
chrom;31;11;00;8.433
chrom;31;12;00;3.516
