timed;gen;idx;min;sec
chrom;1;0;00;0.562
chrom;1;1;00;0.503
chrom;1;2;00;0.531
chrom;1;3;00;0.627
chrom;1;4;00;0.516
chrom;1;5;00;0.687
chrom;1;6;00;0.551
chrom;1;7;00;0.836
chrom;1;8;00;0.765
chrom;1;9;00;0.594
chrom;1;10;00;0.508
chrom;1;11;00;0.525
chrom;1;12;00;0.594
chrom;1;13;00;0.562
chrom;1;14;00;0.520
chrom;1;15;00;0.500
chrom;1;16;00;0.578
chrom;1;17;00;0.656
chrom;1;18;00;0.662
chrom;1;19;00;0.578
chrom;1;20;00;0.547
chrom;1;21;00;0.567
chrom;1;22;00;0.594
chrom;1;23;00;0.673
chrom;1;24;00;0.540
chrom;1;25;00;0.444
chrom;1;26;00;0.656
chrom;1;27;00;0.484
gen;1;;00;16.484
chrom;2;0;00;0.750
chrom;2;1;00;0.643
chrom;2;2;00;0.710
chrom;2;3;00;0.614
chrom;2;4;00;0.750
chrom;2;5;00;0.645
chrom;2;6;00;0.644
chrom;2;7;00;0.647
chrom;2;8;00;0.663
chrom;2;9;00;0.609
chrom;2;10;00;0.622
chrom;2;11;00;0.677
chrom;2;12;00;0.589
chrom;2;13;00;0.670
chrom;2;14;00;0.645
chrom;2;15;00;0.605
chrom;2;16;00;0.647
chrom;2;17;00;0.688
chrom;2;18;00;0.622
chrom;2;19;00;0.613
chrom;2;20;00;0.578
chrom;2;21;00;0.453
chrom;2;22;00;0.625
chrom;2;23;00;0.531
chrom;2;24;00;0.535
chrom;2;25;00;0.594
chrom;2;26;00;0.500
chrom;2;27;00;0.453
gen;2;;00;17.427
chrom;3;0;00;0.549
chrom;3;1;00;0.510
chrom;3;2;00;0.578
chrom;3;3;00;0.579
chrom;3;4;00;0.500
chrom;3;5;00;0.578
chrom;3;6;00;0.594
chrom;3;7;00;0.566
chrom;3;8;00;0.578
chrom;3;9;00;0.484
chrom;3;10;00;0.515
chrom;3;11;00;0.562
chrom;3;12;00;0.487
chrom;3;13;00;0.453
chrom;3;14;00;0.587
chrom;3;15;00;0.547
chrom;3;16;00;0.549
chrom;3;17;00;0.422
chrom;3;18;00;0.485
chrom;3;19;00;0.562
chrom;3;20;00;0.460
chrom;3;21;00;0.531
chrom;3;22;00;0.566
chrom;3;23;00;0.531
chrom;3;24;00;0.547
chrom;3;25;00;0.547
chrom;3;26;00;0.474
chrom;3;27;00;0.557
gen;3;;00;14.961
chrom;4;0;00;0.598
chrom;4;1;00;0.626
chrom;4;2;00;0.625
chrom;4;3;00;0.656
chrom;4;4;00;0.629
chrom;4;5;00;0.594
chrom;4;6;00;0.640
chrom;4;7;00;0.640
chrom;4;8;00;0.661
chrom;4;9;00;0.562
chrom;4;10;00;0.500
chrom;4;11;00;0.601
chrom;4;12;00;0.562
chrom;4;13;00;0.485
chrom;4;14;00;0.594
chrom;4;15;00;0.578
chrom;4;16;00;0.457
chrom;4;17;00;0.484
chrom;4;18;00;0.406
chrom;4;19;00;0.531
chrom;4;20;00;0.567
chrom;4;21;00;0.484
chrom;4;22;00;0.469
chrom;4;23;00;0.594
chrom;4;24;00;0.555
chrom;4;25;00;0.578
chrom;4;26;00;0.532
chrom;4;27;00;0.547
gen;4;;00;15.866
chrom;5;0;00;0.551
chrom;5;1;00;0.562
chrom;5;2;00;0.609
chrom;5;3;00;0.656
chrom;5;4;00;0.518
chrom;5;5;00;0.550
chrom;5;6;00;0.516
chrom;5;7;00;0.547
chrom;5;8;00;0.547
chrom;5;9;00;0.475
chrom;5;10;00;0.484
chrom;5;11;00;0.580
chrom;5;12;00;0.562
chrom;5;13;00;0.515
chrom;5;14;00;0.472
chrom;5;15;00;0.500
chrom;5;16;00;0.516
chrom;5;17;00;0.594
chrom;5;18;00;0.551
chrom;5;19;00;0.516
chrom;5;20;00;0.469
chrom;5;21;00;0.453
chrom;5;22;00;0.539
chrom;5;23;00;0.469
chrom;5;24;00;0.500
chrom;5;25;00;0.594
chrom;5;26;00;0.442
chrom;5;27;00;0.562
gen;5;;00;14.957
chrom;6;0;00;0.562
chrom;6;1;00;0.547
chrom;6;2;00;0.531
chrom;6;3;00;0.562
chrom;6;4;00;0.562
chrom;6;5;00;0.500
chrom;6;6;00;0.500
chrom;6;7;00;0.542
chrom;6;8;00;0.578
chrom;6;9;00;0.441
chrom;6;10;00;0.500
chrom;6;11;00;0.547
chrom;6;12;00;0.453
chrom;6;13;00;0.613
chrom;6;14;00;0.516
chrom;6;15;00;0.422
chrom;6;16;00;0.422
chrom;6;17;00;0.424
chrom;6;18;00;0.547
chrom;6;19;00;0.566
chrom;6;20;00;0.562
chrom;6;21;00;0.472
chrom;6;22;00;0.547
chrom;6;23;00;0.518
chrom;6;24;00;0.469
chrom;6;25;00;0.547
chrom;6;26;00;0.531
chrom;6;27;00;0.516
gen;6;;00;14.730
chrom;7;0;00;0.559
chrom;7;1;00;0.562
chrom;7;2;00;0.535
chrom;7;3;00;0.562
chrom;7;4;00;0.500
chrom;7;5;00;0.531
chrom;7;6;00;0.554
chrom;7;7;00;0.562
chrom;7;8;00;0.462
chrom;7;9;00;0.453
chrom;7;10;00;0.484
chrom;7;11;00;0.578
chrom;7;12;00;0.581
chrom;7;13;00;0.562
chrom;7;14;00;0.531
chrom;7;15;00;0.472
chrom;7;16;00;0.594
chrom;7;17;00;0.594
chrom;7;18;00;0.531
chrom;7;19;00;0.556
chrom;7;20;00;0.547
chrom;7;21;00;0.502
chrom;7;22;00;0.578
chrom;7;23;00;0.562
chrom;7;24;00;0.410
chrom;7;25;00;0.547
chrom;7;26;00;0.422
chrom;7;27;00;0.469
gen;7;;00;14.956
chrom;8;0;00;0.565
chrom;8;1;00;0.562
chrom;8;2;00;0.500
chrom;8;3;00;0.578
chrom;8;4;00;0.541
chrom;8;5;00;0.562
chrom;8;6;00;0.549
chrom;8;7;00;0.453
chrom;8;8;00;0.500
chrom;8;9;00;0.469
chrom;8;10;00;0.460
chrom;8;11;00;0.562
chrom;8;12;00;0.456
chrom;8;13;00;0.453
chrom;8;14;00;0.578
chrom;8;15;00;0.531
chrom;8;16;00;0.581
chrom;8;17;00;0.516
chrom;8;18;00;0.439
chrom;8;19;00;0.578
chrom;8;20;00;0.565
chrom;8;21;00;0.578
chrom;8;22;00;0.547
chrom;8;23;00;0.534
chrom;8;24;00;0.547
chrom;8;25;00;0.531
chrom;8;26;00;0.484
chrom;8;27;00;0.582
gen;8;;00;14.942
chrom;9;0;00;0.547
chrom;9;1;00;0.516
chrom;9;2;00;0.500
chrom;9;3;00;0.571
chrom;9;4;00;0.520
chrom;9;5;00;0.594
chrom;9;6;00;0.456
chrom;9;7;00;0.500
chrom;9;8;00;0.516
chrom;9;9;00;0.437
chrom;9;10;00;0.520
chrom;9;11;00;0.469
chrom;9;12;00;0.562
chrom;9;13;00;0.484
chrom;9;14;00;0.581
chrom;9;15;00;0.484
chrom;9;16;00;0.486
chrom;9;17;00;0.516
chrom;9;18;00;0.501
chrom;9;19;00;0.422
chrom;9;20;00;0.578
chrom;9;21;00;0.515
chrom;9;22;00;0.484
chrom;9;23;00;0.500
chrom;9;24;00;0.547
chrom;9;25;00;0.562
chrom;9;26;00;0.565
chrom;9;27;00;0.594
gen;9;;00;14.651
chrom;10;0;00;0.531
chrom;10;1;00;0.546
chrom;10;2;00;0.562
chrom;10;3;00;0.437
chrom;10;4;00;0.516
chrom;10;5;00;0.458
chrom;10;6;00;0.484
chrom;10;7;00;0.531
chrom;10;8;00;0.469
chrom;10;9;00;0.487
chrom;10;10;00;0.469
chrom;10;11;00;0.503
chrom;10;12;00;0.500
chrom;10;13;00;0.483
chrom;10;14;00;0.469
chrom;10;15;00;0.571
chrom;10;16;00;0.516
chrom;10;17;00;0.438
chrom;10;18;00;0.524
chrom;10;19;00;0.531
chrom;10;20;00;0.437
chrom;10;21;00;0.503
chrom;10;22;00;0.562
chrom;10;23;00;0.578
chrom;10;24;00;0.547
chrom;10;25;00;0.535
chrom;10;26;00;0.469
chrom;10;27;00;0.516
gen;10;;00;14.279
chrom;11;0;00;0.547
chrom;11;1;00;0.500
chrom;11;2;00;0.484
chrom;11;3;00;0.487
chrom;11;4;00;0.469
chrom;11;5;00;0.500
chrom;11;6;00;0.469
chrom;11;7;00;0.487
chrom;11;8;00;0.469
chrom;11;9;00;0.484
chrom;11;10;00;0.484
chrom;11;11;00;0.487
chrom;11;12;00;0.516
chrom;11;13;00;0.457
chrom;11;14;00;0.516
chrom;11;15;00;0.506
chrom;11;16;00;0.547
chrom;11;17;00;0.503
chrom;11;18;00;0.484
chrom;11;19;00;0.406
chrom;11;20;00;0.437
chrom;11;21;00;0.503
chrom;11;22;00;0.469
chrom;11;23;00;0.406
chrom;11;24;00;0.516
chrom;11;25;00;0.378
chrom;11;26;00;0.531
chrom;11;27;00;0.487
gen;11;;00;13.714
chrom;12;0;00;0.609
chrom;12;1;00;0.475
chrom;12;2;00;0.500
chrom;12;3;00;0.486
chrom;12;4;00;0.508
chrom;12;5;00;0.500
chrom;12;6;00;0.515
chrom;12;7;00;0.473
chrom;12;8;00;0.500
chrom;12;9;00;0.484
chrom;12;10;00;0.469
chrom;12;11;00;0.456
chrom;12;12;00;0.484
chrom;12;13;00;0.531
chrom;12;14;00;0.547
chrom;12;15;00;0.485
chrom;12;16;00;0.515
chrom;12;17;00;0.501
chrom;12;18;00;0.562
chrom;12;19;00;0.468
chrom;12;20;00;0.547
chrom;12;21;00;0.516
chrom;12;22;00;0.547
chrom;12;23;00;0.469
chrom;12;24;00;0.469
chrom;12;25;00;0.518
chrom;12;26;00;0.451
chrom;12;27;00;0.504
gen;12;;00;14.165
chrom;13;0;00;0.497
chrom;13;1;00;0.468
chrom;13;2;00;0.485
chrom;13;3;00;0.470
chrom;13;4;00;0.516
chrom;13;5;00;0.500
chrom;13;6;00;0.484
chrom;13;7;00;0.460
chrom;13;8;00;0.521
chrom;13;9;00;0.496
chrom;13;10;00;0.496
chrom;13;11;00;0.415
chrom;13;12;00;0.547
chrom;13;13;00;0.487
chrom;13;14;00;0.531
chrom;13;15;00;0.482
chrom;13;16;00;0.476
chrom;13;17;00;0.484
chrom;13;18;00;0.500
chrom;13;19;00;0.484
chrom;13;20;00;0.531
chrom;13;21;00;0.515
chrom;13;22;00;0.516
chrom;13;23;00;0.531
chrom;13;24;00;0.469
chrom;13;25;00;0.520
chrom;13;26;00;0.516
chrom;13;27;00;0.516
gen;13;;00;14.094
chrom;14;0;00;0.469
chrom;14;1;00;0.511
chrom;14;2;00;0.484
chrom;14;3;00;0.518
chrom;14;4;00;0.453
chrom;14;5;00;0.547
chrom;14;6;00;0.707
chrom;14;7;00;0.718
chrom;14;8;00;0.711
chrom;14;9;00;0.629
chrom;14;10;00;0.600
chrom;14;11;00;0.569
chrom;14;12;00;0.516
chrom;14;13;00;0.589
chrom;14;14;00;0.488
chrom;14;15;00;0.565
chrom;14;16;00;0.531
chrom;14;17;00;0.456
chrom;14;18;00;0.532
chrom;14;19;00;0.504
chrom;14;20;00;0.479
chrom;14;21;00;0.594
chrom;14;22;00;0.559
chrom;14;23;00;0.504
chrom;14;24;00;0.500
chrom;14;25;00;0.578
chrom;14;26;00;0.406
chrom;14;27;00;0.547
gen;14;;00;15.433
chrom;15;0;00;0.517
chrom;15;1;00;0.500
chrom;15;2;00;0.510
chrom;15;3;00;0.500
chrom;15;4;00;0.484
chrom;15;5;00;0.531
chrom;15;6;00;0.486
chrom;15;7;00;0.484
chrom;15;8;00;0.504
chrom;15;9;00;0.515
chrom;15;10;00;0.516
chrom;15;11;00;0.547
chrom;15;12;00;0.454
chrom;15;13;00;0.515
chrom;15;14;00;0.486
chrom;15;15;00;0.437
chrom;15;16;00;0.422
chrom;15;17;00;0.437
chrom;15;18;00;0.516
chrom;15;19;00;0.453
chrom;15;20;00;0.500
chrom;15;21;00;0.469
chrom;15;22;00;0.517
chrom;15;23;00;0.562
chrom;15;24;00;0.453
chrom;15;25;00;0.531
chrom;15;26;00;0.513
chrom;15;27;00;0.484
gen;15;;00;14.046
chrom;16;0;00;0.519
chrom;16;1;00;0.484
chrom;16;2;00;0.504
chrom;16;3;00;0.471
chrom;16;4;00;0.437
chrom;16;5;00;0.531
chrom;16;6;00;0.444
chrom;16;7;00;0.500
chrom;16;8;00;0.484
chrom;16;9;00;0.507
chrom;16;10;00;0.443
chrom;16;11;00;0.537
chrom;16;12;00;0.536
chrom;16;13;00;0.562
chrom;16;14;00;0.463
chrom;16;15;00;0.453
chrom;16;16;00;0.528
chrom;16;17;00;0.453
chrom;16;18;00;0.500
chrom;16;19;00;0.472
chrom;16;20;00;0.453
chrom;16;21;00;0.406
chrom;16;22;00;0.500
chrom;16;23;00;0.406
chrom;16;24;00;0.500
chrom;16;25;00;0.516
chrom;16;26;00;0.487
chrom;16;27;00;0.484
gen;16;;00;13.785
chrom;17;0;00;0.499
chrom;17;1;00;0.437
chrom;17;2;00;0.488
chrom;17;3;00;0.500
chrom;17;4;00;0.500
chrom;17;5;00;0.484
chrom;17;6;00;0.504
chrom;17;7;00;0.484
chrom;17;8;00;0.515
chrom;17;9;00;0.469
chrom;17;10;00;0.503
chrom;17;11;00;0.422
chrom;17;12;00;0.484
chrom;17;13;00;0.523
chrom;17;14;00;0.530
chrom;17;15;00;0.534
chrom;17;16;00;0.484
chrom;17;17;00;0.453
chrom;17;18;00;0.469
chrom;17;19;00;0.519
chrom;17;20;00;0.520
chrom;17;21;00;0.469
chrom;17;22;00;0.516
chrom;17;23;00;0.422
chrom;17;24;00;0.484
chrom;17;25;00;0.484
chrom;17;26;00;0.484
chrom;17;27;00;0.474
gen;17;;00;13.810
chrom;18;0;00;0.515
chrom;18;1;00;0.455
chrom;18;2;00;0.484
chrom;18;3;00;0.500
chrom;18;4;00;0.502
chrom;18;5;00;0.562
chrom;18;6;00;0.484
chrom;18;7;00;0.505
chrom;18;8;00;0.531
chrom;18;9;00;0.472
chrom;18;10;00;0.532
chrom;18;11;00;0.629
chrom;18;12;00;0.729
chrom;18;13;00;0.599
chrom;18;14;00;0.567
chrom;18;15;00;0.619
chrom;18;16;00;0.512
chrom;18;17;00;0.797
chrom;18;18;00;0.627
chrom;18;19;00;0.467
chrom;18;20;00;0.623
chrom;18;21;00;0.548
chrom;18;22;00;0.447
chrom;18;23;00;0.522
chrom;18;24;00;0.646
chrom;18;25;00;0.500
chrom;18;26;00;0.543
chrom;18;27;00;0.444
gen;18;;00;15.537
chrom;19;0;00;0.559
chrom;19;1;00;0.515
chrom;19;2;00;0.476
chrom;19;3;00;0.527
chrom;19;4;00;0.597
chrom;19;5;00;0.568
chrom;19;6;00;0.542
chrom;19;7;00;0.484
chrom;19;8;00;0.500
chrom;19;9;00;0.473
chrom;19;10;00;0.469
chrom;19;11;00;0.484
chrom;19;12;00;0.516
chrom;19;13;00;0.422
chrom;19;14;00;0.547
chrom;19;15;00;0.453
chrom;19;16;00;0.469
chrom;19;17;00;0.453
chrom;19;18;00;0.516
chrom;19;19;00;0.487
chrom;19;20;00;0.516
chrom;19;21;00;0.500
chrom;19;22;00;0.422
chrom;19;23;00;0.513
chrom;19;24;00;0.500
chrom;19;25;00;0.470
chrom;19;26;00;0.500
chrom;19;27;00;0.503
gen;19;;00;14.129
chrom;20;0;00;0.504
chrom;20;1;00;0.471
chrom;20;2;00;0.500
chrom;20;3;00;0.469
chrom;20;4;00;0.515
chrom;20;5;00;0.505
chrom;20;6;00;0.500
chrom;20;7;00;0.500
chrom;20;8;00;0.500
chrom;20;9;00;0.472
chrom;20;10;00;0.472
chrom;20;11;00;0.484
chrom;20;12;00;0.482
chrom;20;13;00;0.484
chrom;20;14;00;0.488
chrom;20;15;00;0.406
chrom;20;16;00;0.515
chrom;20;17;00;0.406
chrom;20;18;00;0.471
chrom;20;19;00;0.484
chrom;20;20;00;0.456
chrom;20;21;00;0.469
chrom;20;22;00;0.500
chrom;20;23;00;0.469
chrom;20;24;00;0.521
chrom;20;25;00;0.500
chrom;20;26;00;0.483
chrom;20;27;00;0.453
gen;20;;00;13.651
chrom;21;0;00;0.520
chrom;21;1;00;0.490
chrom;21;2;00;0.503
chrom;21;3;00;0.498
chrom;21;4;00;0.484
chrom;21;5;00;0.516
chrom;21;6;00;0.484
chrom;21;7;00;0.507
chrom;21;8;00;0.516
chrom;21;9;00;0.484
chrom;21;10;00;0.547
chrom;21;11;00;0.500
chrom;21;12;00;0.501
chrom;21;13;00;0.531
chrom;21;14;00;0.516
chrom;21;15;00;0.531
chrom;21;16;00;0.581
chrom;21;17;00;0.629
chrom;21;18;00;0.535
chrom;21;19;00;0.617
chrom;21;20;00;0.484
chrom;21;21;00;0.531
chrom;21;22;00;0.469
chrom;21;23;00;0.545
chrom;21;24;00;0.523
chrom;21;25;00;0.495
chrom;21;26;00;0.516
chrom;21;27;00;0.540
gen;21;;00;14.768
chrom;22;0;00;0.535
chrom;22;1;00;0.510
chrom;22;2;00;0.546
chrom;22;3;00;0.543
chrom;22;4;00;0.549
chrom;22;5;00;0.508
chrom;22;6;00;0.531
chrom;22;7;00;0.484
chrom;22;8;00;0.517
chrom;22;9;00;0.531
chrom;22;10;00;0.541
chrom;22;11;00;0.499
chrom;22;12;00;0.557
chrom;22;13;00;0.469
chrom;22;14;00;0.453
chrom;22;15;00;0.500
chrom;22;16;00;0.535
chrom;22;17;00;0.418
chrom;22;18;00;0.503
chrom;22;19;00;0.484
chrom;22;20;00;0.531
chrom;22;21;00;0.406
chrom;22;22;00;0.506
chrom;22;23;00;0.547
chrom;22;24;00;0.482
chrom;22;25;00;0.453
chrom;22;26;00;0.410
chrom;22;27;00;0.500
gen;22;;00;14.218
chrom;23;0;00;0.521
chrom;23;1;00;0.503
chrom;23;2;00;0.500
chrom;23;3;00;0.484
chrom;23;4;00;0.526
chrom;23;5;00;0.553
chrom;23;6;00;0.513
chrom;23;7;00;0.562
chrom;23;8;00;0.500
chrom;23;9;00;0.490
chrom;23;10;00;0.558
chrom;23;11;00;0.484
chrom;23;12;00;0.406
chrom;23;13;00;0.562
chrom;23;14;00;0.536
chrom;23;15;00;0.484
chrom;23;16;00;0.406
chrom;23;17;00;0.516
chrom;23;18;00;0.529
chrom;23;19;00;0.453
chrom;23;20;00;0.532
chrom;23;21;00;0.543
chrom;23;22;00;0.561
chrom;23;23;00;0.547
chrom;23;24;00;0.516
chrom;23;25;00;0.583
chrom;23;26;00;0.515
chrom;23;27;00;0.494
gen;23;;00;14.570
chrom;24;0;00;0.500
chrom;24;1;00;0.518
chrom;24;2;00;0.515
chrom;24;3;00;0.552
chrom;24;4;00;0.553
chrom;24;5;00;0.516
chrom;24;6;00;0.516
chrom;24;7;00;0.538
chrom;24;8;00;0.472
chrom;24;9;00;0.470
chrom;24;10;00;0.532
chrom;24;11;00;0.507
chrom;24;12;00;0.507
chrom;24;13;00;0.515
chrom;24;14;00;0.503
chrom;24;15;00;0.503
chrom;24;16;00;0.520
chrom;24;17;00;0.537
chrom;24;18;00;0.547
chrom;24;19;00;0.409
chrom;24;20;00;0.508
chrom;24;21;00;0.476
chrom;24;22;00;0.483
chrom;24;23;00;0.516
chrom;24;24;00;0.520
chrom;24;25;00;0.484
chrom;24;26;00;0.453
chrom;24;27;00;0.547
gen;24;;00;14.415
chrom;25;0;00;0.548
chrom;25;1;00;0.484
chrom;25;2;00;0.469
chrom;25;3;00;0.515
chrom;25;4;00;0.484
chrom;25;5;00;0.619
chrom;25;6;00;0.466
chrom;25;7;00;0.469
chrom;25;8;00;0.564
chrom;25;9;00;0.516
chrom;25;10;00;0.553
chrom;25;11;00;0.572
chrom;25;12;00;0.531
chrom;25;13;00;0.500
chrom;25;14;00;0.484
chrom;25;15;00;0.595
chrom;25;16;00;0.547
chrom;25;17;00;0.568
chrom;25;18;00;0.406
chrom;25;19;00;0.483
chrom;25;20;00;0.586
chrom;25;21;00;0.517
chrom;25;22;00;0.516
chrom;25;23;00;0.530
chrom;25;24;00;0.538
chrom;25;25;00;0.565
chrom;25;26;00;0.500
chrom;25;27;00;0.511
gen;25;;00;14.813
chrom;26;0;00;0.531
chrom;26;1;00;0.531
chrom;26;2;00;0.469
chrom;26;3;00;0.484
chrom;26;4;00;0.480
chrom;26;5;00;0.531
chrom;26;6;00;0.501
chrom;26;7;00;0.500
chrom;26;8;00;0.545
chrom;26;9;00;0.549
chrom;26;10;00;0.582
chrom;26;11;00;0.500
chrom;26;12;00;0.531
chrom;26;13;00;0.547
chrom;26;14;00;0.557
chrom;26;15;00;0.496
chrom;26;16;00;0.539
chrom;26;17;00;0.591
chrom;26;18;00;0.484
chrom;26;19;00;0.486
chrom;26;20;00;0.459
chrom;26;21;00;0.533
chrom;26;22;00;0.547
chrom;26;23;00;0.531
chrom;26;24;00;0.475
chrom;26;25;00;0.419
chrom;26;26;00;0.521
chrom;26;27;00;0.465
gen;26;;00;14.558
chrom;27;0;00;0.517
chrom;27;1;00;0.500
chrom;27;2;00;0.469
chrom;27;3;00;0.498
chrom;27;4;00;0.500
chrom;27;5;00;0.471
chrom;27;6;00;0.490
chrom;27;7;00;0.503
chrom;27;8;00;0.484
chrom;27;9;00;0.484
chrom;27;10;00;0.484
chrom;27;11;00;0.503
chrom;27;12;00;0.571
chrom;27;13;00;0.492
chrom;27;14;00;0.538
chrom;27;15;00;0.516
chrom;27;16;00;0.469
chrom;27;17;00;0.529
chrom;27;18;00;0.500
chrom;27;19;00;0.534
chrom;27;20;00;0.609
chrom;27;21;00;0.511
chrom;27;22;00;0.562
chrom;27;23;00;0.453
chrom;27;24;00;0.531
chrom;27;25;00;0.415
chrom;27;26;00;0.469
chrom;27;27;00;0.500
gen;27;;00;14.268
chrom;28;0;00;0.531
chrom;28;1;00;0.500
chrom;28;2;00;0.526
chrom;28;3;00;0.500
chrom;28;4;00;0.484
chrom;28;5;00;0.502
chrom;28;6;00;0.484
chrom;28;7;00;0.484
chrom;28;8;00;0.516
chrom;28;9;00;0.472
chrom;28;10;00;0.500
chrom;28;11;00;0.531
chrom;28;12;00;0.469
chrom;28;13;00;0.472
chrom;28;14;00;0.437
chrom;28;15;00;0.516
chrom;28;16;00;0.531
chrom;28;17;00;0.477
chrom;28;18;00;0.515
chrom;28;19;00;0.456
chrom;28;20;00;0.531
chrom;28;21;00;0.484
chrom;28;22;00;0.516
chrom;28;23;00;0.410
chrom;28;24;00;0.437
chrom;28;25;00;0.437
chrom;28;26;00;0.500
chrom;28;27;00;0.594
gen;28;;00;13.954
chrom;29;0;00;0.500
chrom;29;1;00;0.500
chrom;29;2;00;0.508
chrom;29;3;00;0.471
chrom;29;4;00;0.537
chrom;29;5;00;0.512
chrom;29;6;00;0.500
chrom;29;7;00;0.453
chrom;29;8;00;0.531
chrom;29;9;00;0.516
chrom;29;10;00;0.498
chrom;29;11;00;0.473
chrom;29;12;00;0.500
chrom;29;13;00;0.520
chrom;29;14;00;0.480
chrom;29;15;00;0.518
chrom;29;16;00;0.547
chrom;29;17;00;0.528
chrom;29;18;00;0.475
chrom;29;19;00;0.446
chrom;29;20;00;0.437
chrom;29;21;00;0.469
chrom;29;22;00;0.500
chrom;29;23;00;0.515
chrom;29;24;00;0.510
chrom;29;25;00;0.425
chrom;29;26;00;0.515
chrom;29;27;00;0.494
gen;29;;00;14.080
chrom;30;0;00;0.500
chrom;30;1;00;0.520
chrom;30;2;00;0.484
chrom;30;3;00;0.506
chrom;30;4;00;0.500
chrom;30;5;00;0.564
chrom;30;6;00;0.516
chrom;30;7;00;0.484
chrom;30;8;00;0.515
chrom;30;9;00;0.487
chrom;30;10;00;0.531
chrom;30;11;00;0.429
chrom;30;12;00;0.500
chrom;30;13;00;0.531
chrom;30;14;00;0.406
chrom;30;15;00;0.500
chrom;30;16;00;0.531
chrom;30;17;00;0.536
chrom;30;18;00;0.526
chrom;30;19;00;0.501
chrom;30;20;00;0.484
chrom;30;21;00;0.437
chrom;30;22;00;0.484
chrom;30;23;00;0.542
chrom;30;24;00;0.484
chrom;30;25;00;0.517
chrom;30;26;00;0.422
chrom;30;27;00;0.515
gen;30;;00;14.116
chrom;31;0;00;0.547
chrom;31;1;00;0.484
chrom;31;2;00;0.565
chrom;31;3;00;0.503
chrom;31;4;00;0.515
chrom;31;5;00;0.611
chrom;31;6;00;0.453
chrom;31;7;00;0.484
chrom;31;8;00;0.500
chrom;31;9;00;0.531
chrom;31;10;00;0.537
chrom;31;11;00;0.469
chrom;31;12;00;0.453
chrom;31;13;00;0.487
chrom;31;14;00;0.531
chrom;31;15;00;0.515
chrom;31;16;00;0.506
chrom;31;17;00;0.469
chrom;31;18;00;0.390
chrom;31;19;00;0.516
chrom;31;20;00;0.488
chrom;31;21;00;0.531
chrom;31;22;00;0.500
chrom;31;23;00;0.469
chrom;31;24;00;0.500
chrom;31;25;00;0.437
chrom;31;26;00;0.469
chrom;31;27;00;0.422
gen;31;;00;14.007
chrom;32;0;00;0.547
chrom;32;1;00;0.500
chrom;32;2;00;0.465
chrom;32;3;00;0.526
chrom;32;4;00;0.522
chrom;32;5;00;0.502
chrom;32;6;00;0.524
chrom;32;7;00;0.500
chrom;32;8;00;0.531
chrom;32;9;00;0.469
chrom;32;10;00;0.500
chrom;32;11;00;0.557
chrom;32;12;00;0.531
chrom;32;13;00;0.476
chrom;32;14;00;0.516
chrom;32;15;00;0.484
chrom;32;16;00;0.538
chrom;32;17;00;0.501
chrom;32;18;00;0.432
chrom;32;19;00;0.471
chrom;32;20;00;0.516
chrom;32;21;00;0.406
chrom;32;22;00;0.475
chrom;32;23;00;0.500
chrom;32;24;00;0.518
chrom;32;25;00;0.538
chrom;32;26;00;0.607
chrom;32;27;00;0.578
gen;32;;00;14.494
chrom;33;0;00;0.519
chrom;33;1;00;0.551
chrom;33;2;00;0.549
chrom;33;3;00;0.499
chrom;33;4;00;0.509
chrom;33;5;00;0.500
chrom;33;6;00;0.500
chrom;33;7;00;0.484
chrom;33;8;00;0.497
chrom;33;9;00;0.484
chrom;33;10;00;0.532
chrom;33;11;00;0.553
chrom;33;12;00;0.516
chrom;33;13;00;0.467
chrom;33;14;00;0.519
chrom;33;15;00;0.517
chrom;33;16;00;0.513
chrom;33;17;00;0.484
chrom;33;18;00;0.490
chrom;33;19;00;0.547
chrom;33;20;00;0.516
chrom;33;21;00;0.516
chrom;33;22;00;0.541
chrom;33;23;00;0.529
chrom;33;24;00;0.475
chrom;33;25;00;0.453
chrom;33;26;00;0.599
chrom;33;27;00;0.516
gen;33;;00;14.616
chrom;34;0;00;0.478
chrom;34;1;00;0.500
chrom;34;2;00;0.534
chrom;34;3;00;0.516
chrom;34;4;00;0.469
chrom;34;5;00;0.531
chrom;34;6;00;0.484
chrom;34;7;00;0.484
chrom;34;8;00;0.469
chrom;34;9;00;0.500
chrom;34;10;00;0.476
chrom;34;11;00;0.500
chrom;34;12;00;0.473
chrom;34;13;00;0.531
chrom;34;14;00;0.459
chrom;34;15;00;0.500
chrom;34;16;00;0.517
chrom;34;17;00;0.562
chrom;34;18;00;0.501
chrom;34;19;00;0.531
chrom;34;20;00;0.438
chrom;34;21;00;0.547
chrom;34;22;00;0.445
chrom;34;23;00;0.569
chrom;34;24;00;0.516
chrom;34;25;00;0.434
chrom;34;26;00;0.509
chrom;34;27;00;0.442
gen;34;;00;14.115
chrom;35;0;00;0.496
chrom;35;1;00;0.531
chrom;35;2;00;0.510
chrom;35;3;00;0.484
chrom;35;4;00;0.516
chrom;35;5;00;0.524
chrom;35;6;00;0.515
chrom;35;7;00;0.500
chrom;35;8;00;0.500
chrom;35;9;00;0.516
chrom;35;10;00;0.535
chrom;35;11;00;0.453
chrom;35;12;00;0.499
chrom;35;13;00;0.422
chrom;35;14;00;0.458
chrom;35;15;00;0.562
chrom;35;16;00;0.470
chrom;35;17;00;0.500
chrom;35;18;00;0.471
chrom;35;19;00;0.550
chrom;35;20;00;0.567
chrom;35;21;00;0.546
chrom;35;22;00;0.579
chrom;35;23;00;0.484
chrom;35;24;00;0.516
chrom;35;25;00;0.572
chrom;35;26;00;0.521
chrom;35;27;00;0.493
gen;35;;00;14.431
chrom;36;0;00;0.495
chrom;36;1;00;0.487
chrom;36;2;00;0.500
chrom;36;3;00;0.533
chrom;36;4;00;0.500
chrom;36;5;00;0.530
chrom;36;6;00;0.516
chrom;36;7;00;0.484
chrom;36;8;00;0.516
chrom;36;9;00;0.508
chrom;36;10;00;0.521
chrom;36;11;00;0.504
chrom;36;12;00;0.509
chrom;36;13;00;0.533
chrom;36;14;00;0.484
chrom;36;15;00;0.440
chrom;36;16;00;0.484
chrom;36;17;00;0.531
chrom;36;18;00;0.484
chrom;36;19;00;0.519
chrom;36;20;00;0.536
chrom;36;21;00;0.500
chrom;36;22;00;0.421
chrom;36;23;00;0.506
chrom;36;24;00;0.500
chrom;36;25;00;0.531
chrom;36;26;00;0.534
chrom;36;27;00;0.483
gen;36;;00;14.355
chrom;37;0;00;0.513
chrom;37;1;00;0.484
chrom;37;2;00;0.535
chrom;37;3;00;0.490
chrom;37;4;00;0.547
chrom;37;5;00;0.560
chrom;37;6;00;0.686
chrom;37;7;00;0.640
chrom;37;8;00;0.562
chrom;37;9;00;0.585
chrom;37;10;00;0.498
chrom;37;11;00;0.553
chrom;37;12;00;0.532
chrom;37;13;00;0.513
chrom;37;14;00;0.510
chrom;37;15;00;0.561
chrom;37;16;00;0.594
chrom;37;17;00;0.502
chrom;37;18;00;0.560
chrom;37;19;00;0.531
chrom;37;20;00;0.516
chrom;37;21;00;0.531
chrom;37;22;00;0.520
chrom;37;23;00;0.437
chrom;37;24;00;0.572
chrom;37;25;00;0.422
chrom;37;26;00;0.542
chrom;37;27;00;0.406
gen;37;;00;15.096
chrom;38;0;00;0.618
chrom;38;1;00;0.694
chrom;38;2;00;0.605
chrom;38;3;00;0.563
chrom;38;4;00;0.578
chrom;38;5;00;0.594
chrom;38;6;00;0.515
chrom;38;7;00;0.551
chrom;38;8;00;0.585
chrom;38;9;00;0.518
chrom;38;10;00;0.516
chrom;38;11;00;0.579
chrom;38;12;00;0.538
chrom;38;13;00;0.486
chrom;38;14;00;0.567
chrom;38;15;00;0.484
chrom;38;16;00;0.609
chrom;38;17;00;0.635
chrom;38;18;00;0.422
chrom;38;19;00;0.500
chrom;38;20;00;0.570
chrom;38;21;00;0.551
chrom;38;22;00;0.555
chrom;38;23;00;0.406
chrom;38;24;00;0.515
chrom;38;25;00;0.531
chrom;38;26;00;0.422
chrom;38;27;00;0.578
gen;38;;00;15.453
chrom;39;0;00;0.500
chrom;39;1;00;0.516
chrom;39;2;00;0.469
chrom;39;3;00;0.717
chrom;39;4;00;0.547
chrom;39;5;00;0.534
chrom;39;6;00;0.548
chrom;39;7;00;0.495
chrom;39;8;00;0.531
chrom;39;9;00;0.522
chrom;39;10;00;0.516
chrom;39;11;00;0.504
chrom;39;12;00;0.531
chrom;39;13;00;0.469
chrom;39;14;00;0.422
chrom;39;15;00;0.520
chrom;39;16;00;0.562
chrom;39;17;00;0.516
chrom;39;18;00;0.531
chrom;39;19;00;0.528
chrom;39;20;00;0.494
chrom;39;21;00;0.437
chrom;39;22;00;0.545
chrom;39;23;00;0.484
chrom;39;24;00;0.472
chrom;39;25;00;0.516
chrom;39;26;00;0.484
chrom;39;27;00;0.484
gen;39;;00;14.488
chrom;40;0;00;0.500
chrom;40;1;00;0.469
chrom;40;2;00;0.487
chrom;40;3;00;0.500
chrom;40;4;00;0.519
chrom;40;5;00;0.484
chrom;40;6;00;0.520
chrom;40;7;00;0.531
chrom;40;8;00;0.517
chrom;40;9;00;0.484
chrom;40;10;00;0.548
chrom;40;11;00;0.531
chrom;40;12;00;0.469
chrom;40;13;00;0.547
chrom;40;14;00;0.478
chrom;40;15;00;0.453
chrom;40;16;00;0.406
chrom;40;17;00;0.484
chrom;40;18;00;0.550
chrom;40;19;00;0.500
chrom;40;20;00;0.502
chrom;40;21;00;0.469
chrom;40;22;00;0.548
chrom;40;23;00;0.484
chrom;40;24;00;0.437
chrom;40;25;00;0.469
chrom;40;26;00;0.504
chrom;40;27;00;0.469
gen;40;;00;13.968
chrom;41;0;00;0.484
chrom;41;1;00;0.500
chrom;41;2;00;0.484
chrom;41;3;00;0.488
chrom;41;4;00;0.536
chrom;41;5;00;0.515
chrom;41;6;00;0.503
chrom;41;7;00;0.484
chrom;41;8;00;0.492
chrom;41;9;00;0.490
chrom;41;10;00;0.500
chrom;41;11;00;0.484
chrom;41;12;00;0.406
chrom;41;13;00;0.487
chrom;41;14;00;0.500
chrom;41;15;00;0.406
chrom;41;16;00;0.469
chrom;41;17;00;0.472
chrom;41;18;00;0.484
chrom;41;19;00;0.500
chrom;41;20;00;0.484
chrom;41;21;00;0.448
chrom;41;22;00;0.516
chrom;41;23;00;0.391
chrom;41;24;00;0.516
chrom;41;25;00;0.484
chrom;41;26;00;0.422
chrom;41;27;00;0.484
gen;41;;00;13.559
chrom;42;0;00;0.453
chrom;42;1;00;0.471
chrom;42;2;00;0.500
chrom;42;3;00;0.469
chrom;42;4;00;0.517
chrom;42;5;00;0.497
chrom;42;6;00;0.464
chrom;42;7;00;0.484
chrom;42;8;00;0.498
chrom;42;9;00;0.484
chrom;42;10;00;0.516
chrom;42;11;00;0.406
chrom;42;12;00;0.472
chrom;42;13;00;0.484
chrom;42;14;00;0.469
chrom;42;15;00;0.500
chrom;42;16;00;0.457
chrom;42;17;00;0.531
chrom;42;18;00;0.503
chrom;42;19;00;0.516
chrom;42;20;00;0.453
chrom;42;21;00;0.500
chrom;42;22;00;0.505
chrom;42;23;00;0.453
chrom;42;24;00;0.485
chrom;42;25;00;0.504
chrom;42;26;00;0.422
chrom;42;27;00;0.500
gen;42;;00;13.661
chrom;43;0;00;0.480
chrom;43;1;00;0.484
chrom;43;2;00;0.515
chrom;43;3;00;0.500
chrom;43;4;00;0.526
chrom;43;5;00;0.484
chrom;43;6;00;0.516
chrom;43;7;00;0.469
chrom;43;8;00;0.489
chrom;43;9;00;0.469
chrom;43;10;00;0.542
chrom;43;11;00;0.453
chrom;43;12;00;0.516
chrom;43;13;00;0.484
chrom;43;14;00;0.536
chrom;43;15;00;0.406
chrom;43;16;00;0.500
chrom;43;17;00;0.422
chrom;43;18;00;0.500
chrom;43;19;00;0.469
chrom;43;20;00;0.519
chrom;43;21;00;0.500
chrom;43;22;00;0.483
chrom;43;23;00;0.531
chrom;43;24;00;0.485
chrom;43;25;00;0.406
chrom;43;26;00;0.473
chrom;43;27;00;0.515
gen;43;;00;13.844
chrom;44;0;00;0.484
chrom;44;1;00;0.500
chrom;44;2;00;0.488
chrom;44;3;00;0.500
chrom;44;4;00;0.500
chrom;44;5;00;0.561
chrom;44;6;00;0.536
chrom;44;7;00;0.484
chrom;44;8;00;0.551
chrom;44;9;00;0.516
chrom;44;10;00;0.540
chrom;44;11;00;0.531
chrom;44;12;00;0.547
chrom;44;13;00;0.453
chrom;44;14;00;0.581
chrom;44;15;00;0.531
chrom;44;16;00;0.531
chrom;44;17;00;0.515
chrom;44;18;00;0.535
chrom;44;19;00;0.531
chrom;44;20;00;0.469
chrom;44;21;00;0.487
chrom;44;22;00;0.594
chrom;44;23;00;0.502
chrom;44;24;00;0.531
chrom;44;25;00;0.515
chrom;44;26;00;0.469
chrom;44;27;00;0.457
gen;44;;00;14.579
chrom;45;0;00;0.580
chrom;45;1;00;0.537
chrom;45;2;00;0.484
chrom;45;3;00;0.500
chrom;45;4;00;0.515
chrom;45;5;00;0.547
chrom;45;6;00;0.484
chrom;45;7;00;0.534
chrom;45;8;00;0.516
chrom;45;9;00;0.516
chrom;45;10;00;0.500
chrom;45;11;00;0.598
chrom;45;12;00;0.500
chrom;45;13;00;0.495
chrom;45;14;00;0.437
chrom;45;15;00;0.422
chrom;45;16;00;0.469
chrom;45;17;00;0.503
chrom;45;18;00;0.406
chrom;45;19;00;0.469
chrom;45;20;00;0.514
chrom;45;21;00;0.492
chrom;45;22;00;0.406
chrom;45;23;00;0.540
chrom;45;24;00;0.500
chrom;45;25;00;0.422
chrom;45;26;00;0.531
chrom;45;27;00;0.500
gen;45;;00;14.151
chrom;46;0;00;0.515
chrom;46;1;00;0.516
chrom;46;2;00;0.453
chrom;46;3;00;0.535
chrom;46;4;00;0.504
chrom;46;5;00;0.500
chrom;46;6;00;0.531
chrom;46;7;00;0.491
chrom;46;8;00;0.562
chrom;46;9;00;0.517
chrom;46;10;00;0.484
chrom;46;11;00;0.516
chrom;46;12;00;0.520
chrom;46;13;00;0.453
chrom;46;14;00;0.453
chrom;46;15;00;0.484
chrom;46;16;00;0.406
chrom;46;17;00;0.518
chrom;46;18;00;0.516
chrom;46;19;00;0.472
chrom;46;20;00;0.469
chrom;46;21;00;0.567
chrom;46;22;00;0.484
chrom;46;23;00;0.565
chrom;46;24;00;0.495
chrom;46;25;00;0.562
chrom;46;26;00;0.521
chrom;46;27;00;0.422
gen;46;;00;14.188
chrom;47;0;00;0.468
chrom;47;1;00;0.513
chrom;47;2;00;0.469
chrom;47;3;00;0.516
chrom;47;4;00;0.531
chrom;47;5;00;0.500
chrom;47;6;00;0.505
chrom;47;7;00;0.484
chrom;47;8;00;0.499
chrom;47;9;00;0.531
chrom;47;10;00;0.500
chrom;47;11;00;0.484
chrom;47;12;00;0.500
chrom;47;13;00;0.570
chrom;47;14;00;0.487
chrom;47;15;00;0.406
chrom;47;16;00;0.554
chrom;47;17;00;0.500
chrom;47;18;00;0.537
chrom;47;19;00;0.422
chrom;47;20;00;0.455
chrom;47;21;00;0.547
chrom;47;22;00;0.523
chrom;47;23;00;0.516
chrom;47;24;00;0.422
chrom;47;25;00;0.562
chrom;47;26;00;0.515
chrom;47;27;00;0.469
gen;47;;00;14.140
chrom;48;0;00;0.505
chrom;48;1;00;0.531
chrom;48;2;00;0.547
chrom;48;3;00;0.500
chrom;48;4;00;0.516
chrom;48;5;00;0.515
chrom;48;6;00;0.495
chrom;48;7;00;0.484
chrom;48;8;00;0.502
chrom;48;9;00;0.484
chrom;48;10;00;0.500
chrom;48;11;00;0.547
chrom;48;12;00;0.500
chrom;48;13;00;0.500
chrom;48;14;00;0.500
chrom;48;15;00;0.493
chrom;48;16;00;0.406
chrom;48;17;00;0.422
chrom;48;18;00;0.527
chrom;48;19;00;0.516
chrom;48;20;00;0.495
chrom;48;21;00;0.469
chrom;48;22;00;0.533
chrom;48;23;00;0.515
chrom;48;24;00;0.484
chrom;48;25;00;0.531
chrom;48;26;00;0.482
chrom;48;27;00;0.500
gen;48;;00;14.185
chrom;49;0;00;0.500
chrom;49;1;00;0.484
chrom;49;2;00;0.500
chrom;49;3;00;0.547
chrom;49;4;00;0.517
chrom;49;5;00;0.531
chrom;49;6;00;0.501
chrom;49;7;00;0.516
chrom;49;8;00;0.506
chrom;49;9;00;0.516
chrom;49;10;00;0.547
chrom;49;11;00;0.520
chrom;49;12;00;0.531
chrom;49;13;00;0.547
chrom;49;14;00;0.547
chrom;49;15;00;0.422
chrom;49;16;00;0.515
chrom;49;17;00;0.547
chrom;49;18;00;0.515
chrom;49;19;00;0.500
chrom;49;20;00;0.531
chrom;49;21;00;0.502
chrom;49;22;00;0.531
chrom;49;23;00;0.484
chrom;49;24;00;0.531
chrom;49;25;00;0.487
chrom;49;26;00;0.547
chrom;49;27;00;0.547
gen;49;;00;14.693
chrom;50;0;00;0.535
chrom;50;1;00;0.500
chrom;50;2;00;0.487
chrom;50;3;00;0.500
chrom;50;4;00;0.553
chrom;50;5;00;0.547
chrom;50;6;00;0.471
chrom;50;7;00;0.516
chrom;50;8;00;0.484
chrom;50;9;00;0.484
chrom;50;10;00;0.500
chrom;50;11;00;0.453
chrom;50;12;00;0.531
chrom;50;13;00;0.531
chrom;50;14;00;0.547
chrom;50;15;00;0.531
chrom;50;16;00;0.520
chrom;50;17;00;0.484
chrom;50;18;00;0.481
chrom;50;19;00;0.516
chrom;50;20;00;0.467
chrom;50;21;00;0.547
chrom;50;22;00;0.504
chrom;50;23;00;0.578
chrom;50;24;00;0.531
chrom;50;25;00;0.469
chrom;50;26;00;0.532
chrom;50;27;00;0.490
gen;50;;00;14.445
chrom;51;0;00;0.531
chrom;51;1;00;0.469
chrom;51;2;00;0.505
chrom;51;3;00;0.499
chrom;51;4;00;0.562
chrom;51;5;00;0.503
chrom;51;6;00;0.500
chrom;51;7;00;0.531
chrom;51;8;00;0.547
chrom;51;9;00;0.516
chrom;51;10;00;0.547
chrom;51;11;00;0.489
chrom;51;12;00;0.531
chrom;51;13;00;0.535
chrom;51;14;00;0.406
chrom;51;15;00;0.422
chrom;51;16;00;0.469
chrom;51;17;00;0.474
chrom;51;18;00;0.469
chrom;51;19;00;0.502
chrom;51;20;00;0.515
chrom;51;21;00;0.551
chrom;51;22;00;0.515
chrom;51;23;00;0.484
chrom;51;24;00;0.548
chrom;51;25;00;0.520
chrom;51;26;00;0.484
chrom;51;27;00;0.500
gen;51;;00;14.249
chrom;52;0;00;0.500
chrom;52;1;00;0.500
chrom;52;2;00;0.484
chrom;52;3;00;0.506
chrom;52;4;00;0.515
chrom;52;5;00;0.533
chrom;52;6;00;0.516
chrom;52;7;00;0.515
chrom;52;8;00;0.516
chrom;52;9;00;0.519
chrom;52;10;00;0.531
chrom;52;11;00;0.562
chrom;52;12;00;0.519
chrom;52;13;00;0.469
chrom;52;14;00;0.550
chrom;52;15;00;0.531
chrom;52;16;00;0.519
chrom;52;17;00;0.531
chrom;52;18;00;0.503
chrom;52;19;00;0.469
chrom;52;20;00;0.484
chrom;52;21;00;0.422
chrom;52;22;00;0.489
chrom;52;23;00;0.437
chrom;52;24;00;0.515
chrom;52;25;00;0.453
chrom;52;26;00;0.484
chrom;52;27;00;0.411
gen;52;;00;14.125
chrom;53;0;00;0.531
chrom;53;1;00;0.500
chrom;53;2;00;0.484
chrom;53;3;00;0.491
chrom;53;4;00;0.515
chrom;53;5;00;0.516
chrom;53;6;00;0.500
chrom;53;7;00;0.469
chrom;53;8;00;0.534
chrom;53;9;00;0.531
chrom;53;10;00;0.515
chrom;53;11;00;0.562
chrom;53;12;00;0.441
chrom;53;13;00;0.484
chrom;53;14;00;0.504
chrom;53;15;00;0.453
chrom;53;16;00;0.535
chrom;53;17;00;0.547
chrom;53;18;00;0.456
chrom;53;19;00;0.500
chrom;53;20;00;0.578
chrom;53;21;00;0.437
chrom;53;22;00;0.516
chrom;53;23;00;0.422
chrom;53;24;00;0.531
chrom;53;25;00;0.641
chrom;53;26;00;0.627
chrom;53;27;00;0.562
gen;53;;00;14.527
chrom;54;0;00;0.502
chrom;54;1;00;0.568
chrom;54;2;00;0.525
chrom;54;3;00;0.494
chrom;54;4;00;0.509
chrom;54;5;00;0.484
chrom;54;6;00;0.516
chrom;54;7;00;0.469
chrom;54;8;00;0.516
chrom;54;9;00;0.503
chrom;54;10;00;0.531
chrom;54;11;00;0.422
chrom;54;12;00;0.515
chrom;54;13;00;0.484
chrom;54;14;00;0.515
chrom;54;15;00;0.469
chrom;54;16;00;0.477
chrom;54;17;00;0.469
chrom;54;18;00;0.517
chrom;54;19;00;0.484
chrom;54;20;00;0.409
chrom;54;21;00;0.484
chrom;54;22;00;0.500
chrom;54;23;00;0.527
chrom;54;24;00;0.488
chrom;54;25;00;0.500
chrom;54;26;00;0.456
chrom;54;27;00;0.484
gen;54;;00;13.938
chrom;55;0;00;0.488
chrom;55;1;00;0.500
chrom;55;2;00;0.523
chrom;55;3;00;0.518
chrom;55;4;00;0.529
chrom;55;5;00;0.494
chrom;55;6;00;0.500
chrom;55;7;00;0.500
chrom;55;8;00;0.504
chrom;55;9;00;0.484
chrom;55;10;00;0.562
chrom;55;11;00;0.547
chrom;55;12;00;0.500
chrom;55;13;00;0.562
chrom;55;14;00;0.531
chrom;55;15;00;0.504
chrom;55;16;00;0.516
chrom;55;17;00;0.514
chrom;55;18;00;0.484
chrom;55;19;00;0.537
chrom;55;20;00;0.437
chrom;55;21;00;0.551
chrom;55;22;00;0.531
chrom;55;23;00;0.547
chrom;55;24;00;0.516
chrom;55;25;00;0.530
chrom;55;26;00;0.406
chrom;55;27;00;0.478
gen;55;;00;14.450
chrom;56;0;00;0.531
chrom;56;1;00;0.545
chrom;56;2;00;0.484
chrom;56;3;00;0.500
chrom;56;4;00;0.515
chrom;56;5;00;0.551
chrom;56;6;00;0.516
chrom;56;7;00;0.500
chrom;56;8;00;0.516
chrom;56;9;00;0.531
chrom;56;10;00;0.484
chrom;56;11;00;0.500
chrom;56;12;00;0.551
chrom;56;13;00;0.547
chrom;56;14;00;0.505
chrom;56;15;00;0.516
chrom;56;16;00;0.407
chrom;56;17;00;0.547
chrom;56;18;00;0.531
chrom;56;19;00;0.516
chrom;56;20;00;0.565
chrom;56;21;00;0.500
chrom;56;22;00;0.484
chrom;56;23;00;0.500
chrom;56;24;00;0.568
chrom;56;25;00;0.437
chrom;56;26;00;0.503
chrom;56;27;00;0.453
gen;56;;00;14.398
chrom;57;0;00;0.505
chrom;57;1;00;0.500
chrom;57;2;00;0.531
chrom;57;3;00;0.516
chrom;57;4;00;0.484
chrom;57;5;00;0.516
chrom;57;6;00;0.515
chrom;57;7;00;0.531
chrom;57;8;00;0.504
chrom;57;9;00;0.469
chrom;57;10;00;0.484
chrom;57;11;00;0.578
chrom;57;12;00;0.426
chrom;57;13;00;0.469
chrom;57;14;00;0.449
chrom;57;15;00;0.531
chrom;57;16;00;0.529
chrom;57;17;00;0.516
chrom;57;18;00;0.488
chrom;57;19;00;0.547
chrom;57;20;00;0.422
chrom;57;21;00;0.437
chrom;57;22;00;0.504
chrom;57;23;00;0.515
chrom;57;24;00;0.562
chrom;57;25;00;0.469
chrom;57;26;00;0.469
chrom;57;27;00;0.516
gen;57;;00;14.248
chrom;58;0;00;0.523
chrom;58;1;00;0.469
chrom;58;2;00;0.526
chrom;58;3;00;0.484
chrom;58;4;00;0.500
chrom;58;5;00;0.469
chrom;58;6;00;0.453
chrom;58;7;00;0.516
chrom;58;8;00;0.518
chrom;58;9;00;0.515
chrom;58;10;00;0.531
chrom;58;11;00;0.584
chrom;58;12;00;0.531
chrom;58;13;00;0.561
chrom;58;14;00;0.547
chrom;58;15;00;0.546
chrom;58;16;00;0.500
chrom;58;17;00;0.500
chrom;58;18;00;0.500
chrom;58;19;00;0.479
chrom;58;20;00;0.547
chrom;58;21;00;0.500
chrom;58;22;00;0.469
chrom;58;23;00;0.487
chrom;58;24;00;0.453
chrom;58;25;00;0.484
chrom;58;26;00;0.437
chrom;58;27;00;0.519
gen;58;;00;14.335
chrom;59;0;00;0.562
chrom;59;1;00;0.485
chrom;59;2;00;0.453
chrom;59;3;00;0.503
chrom;59;4;00;0.547
chrom;59;5;00;0.484
chrom;59;6;00;0.516
chrom;59;7;00;0.551
chrom;59;8;00;0.469
chrom;59;9;00;0.514
chrom;59;10;00;0.524
chrom;59;11;00;0.500
chrom;59;12;00;0.469
chrom;59;13;00;0.581
chrom;59;14;00;0.535
chrom;59;15;00;0.484
chrom;59;16;00;0.562
chrom;59;17;00;0.516
chrom;59;18;00;0.531
chrom;59;19;00;0.547
chrom;59;20;00;0.469
chrom;59;21;00;0.406
chrom;59;22;00;0.531
chrom;59;23;00;0.469
chrom;59;24;00;0.489
chrom;59;25;00;0.422
chrom;59;26;00;0.422
chrom;59;27;00;0.491
gen;59;;00;14.186
chrom;60;0;00;0.500
chrom;60;1;00;0.472
chrom;60;2;00;0.500
chrom;60;3;00;0.515
chrom;60;4;00;0.535
chrom;60;5;00;0.534
chrom;60;6;00;0.469
chrom;60;7;00;0.500
chrom;60;8;00;0.516
chrom;60;9;00;0.530
chrom;60;10;00;0.499
chrom;60;11;00;0.535
chrom;60;12;00;0.485
chrom;60;13;00;0.484
chrom;60;14;00;0.486
chrom;60;15;00;0.546
chrom;60;16;00;0.562
chrom;60;17;00;0.550
chrom;60;18;00;0.437
chrom;60;19;00;0.463
chrom;60;20;00;0.515
chrom;60;21;00;0.751
chrom;60;22;00;0.650
chrom;60;23;00;0.494
chrom;60;24;00;0.520
chrom;60;25;00;0.430
chrom;60;26;00;0.432
chrom;60;27;00;0.682
gen;60;;00;14.727
chrom;61;0;00;0.742
chrom;61;1;00;0.515
chrom;61;2;00;0.530
chrom;61;3;00;0.455
chrom;61;4;00;0.511
chrom;61;5;00;0.462
chrom;61;6;00;0.607
chrom;61;7;00;0.707
chrom;61;8;00;0.651
chrom;61;9;00;0.686
chrom;61;10;00;0.502
chrom;61;11;00;0.403
chrom;61;12;00;0.465
chrom;61;13;00;0.427
chrom;61;14;00;0.515
chrom;61;15;00;0.409
chrom;61;16;00;0.517
chrom;61;17;00;0.502
chrom;61;18;00;0.509
chrom;61;19;00;0.485
chrom;61;20;00;0.562
chrom;61;21;00;0.531
chrom;61;22;00;0.530
chrom;61;23;00;0.547
chrom;61;24;00;0.443
chrom;61;25;00;0.519
chrom;61;26;00;0.570
chrom;61;27;00;0.519
gen;61;;00;14.997
chrom;62;0;00;0.495
chrom;62;1;00;0.509
chrom;62;2;00;0.481
chrom;62;3;00;0.448
chrom;62;4;00;0.521
chrom;62;5;00;0.524
chrom;62;6;00;0.472
chrom;62;7;00;0.482
chrom;62;8;00;0.528
chrom;62;9;00;0.452
chrom;62;10;00;0.556
chrom;62;11;00;0.588
chrom;62;12;00;0.490
chrom;62;13;00;0.452
chrom;62;14;00;0.499
chrom;62;15;00;0.600
chrom;62;16;00;0.463
chrom;62;17;00;0.400
chrom;62;18;00;0.562
chrom;62;19;00;0.448
chrom;62;20;00;0.405
chrom;62;21;00;0.484
chrom;62;22;00;0.525
chrom;62;23;00;0.539
chrom;62;24;00;0.467
chrom;62;25;00;0.466
chrom;62;26;00;0.546
chrom;62;27;00;0.544
gen;62;;00;14.205
chrom;63;0;00;0.755
chrom;63;1;00;0.579
chrom;63;2;00;0.556
chrom;63;3;00;0.521
chrom;63;4;00;0.514
chrom;63;5;00;0.556
chrom;63;6;00;0.553
chrom;63;7;00;0.567
chrom;63;8;00;0.574
chrom;63;9;00;0.514
chrom;63;10;00;0.529
chrom;63;11;00;0.516
chrom;63;12;00;0.517
chrom;63;13;00;0.501
chrom;63;14;00;0.472
chrom;63;15;00;0.510
chrom;63;16;00;0.502
chrom;63;17;00;0.529
chrom;63;18;00;0.464
chrom;63;19;00;0.559
chrom;63;20;00;0.476
chrom;63;21;00;0.527
chrom;63;22;00;0.536
chrom;63;23;00;0.505
chrom;63;24;00;0.552
chrom;63;25;00;0.614
chrom;63;26;00;0.712
chrom;63;27;00;0.612
gen;63;;00;15.520
chrom;64;0;00;0.524
chrom;64;1;00;0.455
chrom;64;2;00;0.484
chrom;64;3;00;0.516
chrom;64;4;00;0.534
chrom;64;5;00;0.519
chrom;64;6;00;0.469
chrom;64;7;00;0.512
chrom;64;8;00;0.487
chrom;64;9;00;0.484
chrom;64;10;00;0.501
chrom;64;11;00;0.406
chrom;64;12;00;0.492
chrom;64;13;00;0.704
chrom;64;14;00;0.599
chrom;64;15;00;0.471
chrom;64;16;00;0.516
chrom;64;17;00;0.458
chrom;64;18;00;0.482
chrom;64;19;00;0.533
chrom;64;20;00;0.502
chrom;64;21;00;0.511
chrom;64;22;00;0.519
chrom;64;23;00;0.537
chrom;64;24;00;0.546
chrom;64;25;00;0.473
chrom;64;26;00;0.524
chrom;64;27;00;0.481
gen;64;;00;14.448
chrom;65;0;00;0.532
chrom;65;1;00;0.484
chrom;65;2;00;0.466
chrom;65;3;00;0.514
chrom;65;4;00;0.484
chrom;65;5;00;0.506
chrom;65;6;00;0.524
chrom;65;7;00;0.578
chrom;65;8;00;0.552
chrom;65;9;00;0.541
chrom;65;10;00;0.454
chrom;65;11;00;0.422
chrom;65;12;00;0.554
chrom;65;13;00;0.456
chrom;65;14;00;0.400
chrom;65;15;00;0.500
chrom;65;16;00;0.515
chrom;65;17;00;0.575
chrom;65;18;00;0.464
chrom;65;19;00;0.492
chrom;65;20;00;0.500
chrom;65;21;00;0.526
chrom;65;22;00;0.504
chrom;65;23;00;0.470
chrom;65;24;00;0.491
chrom;65;25;00;0.501
chrom;65;26;00;0.597
chrom;65;27;00;0.480
gen;65;;00;14.272
chrom;66;0;00;0.508
chrom;66;1;00;0.688
chrom;66;2;00;0.728
chrom;66;3;00;0.626
chrom;66;4;00;0.612
chrom;66;5;00;0.553
chrom;66;6;00;0.529
chrom;66;7;00;0.527
chrom;66;8;00;0.509
chrom;66;9;00;0.465
chrom;66;10;00;0.588
chrom;66;11;00;0.484
chrom;66;12;00;0.515
chrom;66;13;00;0.517
chrom;66;14;00;0.397
chrom;66;15;00;0.423
chrom;66;16;00;0.422
chrom;66;17;00;0.591
chrom;66;18;00;0.531
chrom;66;19;00;0.570
chrom;66;20;00;0.571
chrom;66;21;00;0.670
chrom;66;22;00;0.755
chrom;66;23;00;0.554
chrom;66;24;00;0.412
chrom;66;25;00;0.527
chrom;66;26;00;0.510
chrom;66;27;00;0.513
gen;66;;00;15.510
chrom;67;0;00;0.508
chrom;67;1;00;0.554
chrom;67;2;00;0.616
chrom;67;3;00;0.708
chrom;67;4;00;0.620
chrom;67;5;00;0.482
chrom;67;6;00;0.533
chrom;67;7;00;0.585
chrom;67;8;00;0.601
chrom;67;9;00;0.523
chrom;67;10;00;0.484
chrom;67;11;00;0.532
chrom;67;12;00;0.553
chrom;67;13;00;0.502
chrom;67;14;00;0.496
chrom;67;15;00;0.519
chrom;67;16;00;0.538
chrom;67;17;00;0.533
chrom;67;18;00;0.721
chrom;67;19;00;0.595
chrom;67;20;00;0.549
chrom;67;21;00;0.476
chrom;67;22;00;0.502
chrom;67;23;00;0.416
chrom;67;24;00;0.566
chrom;67;25;00;0.529
chrom;67;26;00;0.512
chrom;67;27;00;0.517
gen;67;;00;15.479
chrom;68;0;00;0.470
chrom;68;1;00;0.507
chrom;68;2;00;0.541
chrom;68;3;00;0.503
chrom;68;4;00;0.635
chrom;68;5;00;0.615
chrom;68;6;00;0.562
chrom;68;7;00;0.598
chrom;68;8;00;0.550
chrom;68;9;00;0.484
chrom;68;10;00;0.564
chrom;68;11;00;0.540
chrom;68;12;00;0.579
chrom;68;13;00;0.409
chrom;68;14;00;0.547
chrom;68;15;00;0.500
chrom;68;16;00;0.422
chrom;68;17;00;0.551
chrom;68;18;00;0.531
chrom;68;19;00;0.536
chrom;68;20;00;0.547
chrom;68;21;00;0.578
chrom;68;22;00;0.519
chrom;68;23;00;0.547
chrom;68;24;00;0.489
chrom;68;25;00;0.516
chrom;68;26;00;0.563
chrom;68;27;00;0.499
gen;68;;00;15.125
chrom;69;0;00;0.545
chrom;69;1;00;0.562
chrom;69;2;00;0.579
chrom;69;3;00;0.669
chrom;69;4;00;0.602
chrom;69;5;00;0.584
chrom;69;6;00;0.504
chrom;69;7;00;0.562
chrom;69;8;00;0.533
chrom;69;9;00;0.589
chrom;69;10;00;0.584
chrom;69;11;00;0.564
chrom;69;12;00;0.538
chrom;69;13;00;0.542
chrom;69;14;00;0.469
chrom;69;15;00;0.593
chrom;69;16;00;0.502
chrom;69;17;00;0.613
chrom;69;18;00;0.586
chrom;69;19;00;0.516
chrom;69;20;00;0.738
chrom;69;21;00;0.516
chrom;69;22;00;0.503
chrom;69;23;00;0.567
chrom;69;24;00;0.562
chrom;69;25;00;0.619
chrom;69;26;00;0.521
chrom;69;27;00;0.547
gen;69;;00;16.057
chrom;70;0;00;0.562
chrom;70;1;00;0.469
chrom;70;2;00;0.516
chrom;70;3;00;0.560
chrom;70;4;00;0.519
chrom;70;5;00;0.489
chrom;70;6;00;0.484
chrom;70;7;00;0.484
chrom;70;8;00;0.565
chrom;70;9;00;0.531
chrom;70;10;00;0.548
chrom;70;11;00;0.691
chrom;70;12;00;0.642
chrom;70;13;00;0.697
chrom;70;14;00;0.531
chrom;70;15;00;0.527
chrom;70;16;00;0.531
chrom;70;17;00;0.469
chrom;70;18;00;0.504
chrom;70;19;00;0.484
chrom;70;20;00;0.628
chrom;70;21;00;0.584
chrom;70;22;00;0.500
chrom;70;23;00;0.484
chrom;70;24;00;0.531
chrom;70;25;00;0.519
chrom;70;26;00;0.469
chrom;70;27;00;0.547
gen;70;;00;15.254
chrom;71;0;00;0.656
chrom;71;1;00;0.575
chrom;71;2;00;0.500
chrom;71;3;00;0.475
chrom;71;4;00;0.531
chrom;71;5;00;0.511
chrom;71;6;00;0.469
chrom;71;7;00;0.484
chrom;71;8;00;0.547
chrom;71;9;00;0.525
chrom;71;10;00;0.500
chrom;71;11;00;0.520
chrom;71;12;00;0.547
chrom;71;13;00;0.437
chrom;71;14;00;0.560
chrom;71;15;00;0.517
chrom;71;16;00;0.435
chrom;71;17;00;0.477
chrom;71;18;00;0.500
chrom;71;19;00;0.469
chrom;71;20;00;0.586
chrom;71;21;00;0.442
chrom;71;22;00;0.524
chrom;71;23;00;0.416
chrom;71;24;00;0.497
chrom;71;25;00;0.489
chrom;71;26;00;0.469
chrom;71;27;00;0.500
gen;71;;00;14.269
chrom;72;0;00;0.531
chrom;72;1;00;0.457
chrom;72;2;00;0.484
chrom;72;3;00;0.495
chrom;72;4;00;0.512
chrom;72;5;00;0.520
chrom;72;6;00;0.515
chrom;72;7;00;0.484
chrom;72;8;00;0.585
chrom;72;9;00;0.574
chrom;72;10;00;0.547
chrom;72;11;00;0.560
chrom;72;12;00;0.469
chrom;72;13;00;0.437
chrom;72;14;00;0.516
chrom;72;15;00;0.484
chrom;72;16;00;0.427
chrom;72;17;00;0.497
chrom;72;18;00;0.513
chrom;72;19;00;0.531
chrom;72;20;00;0.605
chrom;72;21;00;0.611
chrom;72;22;00;0.557
chrom;72;23;00;0.516
chrom;72;24;00;0.549
chrom;72;25;00;0.434
chrom;72;26;00;0.484
chrom;72;27;00;0.536
gen;72;;00;14.655
chrom;73;0;00;0.564
chrom;73;1;00;0.465
chrom;73;2;00;0.484
chrom;73;3;00;0.486
chrom;73;4;00;0.453
chrom;73;5;00;0.484
chrom;73;6;00;0.469
chrom;73;7;00;0.503
chrom;73;8;00;0.547
chrom;73;9;00;0.500
chrom;73;10;00;0.500
chrom;73;11;00;0.534
chrom;73;12;00;0.469
chrom;73;13;00;0.468
chrom;73;14;00;0.406
chrom;73;15;00;0.526
chrom;73;16;00;0.469
chrom;73;17;00;0.469
chrom;73;18;00;0.457
chrom;73;19;00;0.437
chrom;73;20;00;0.453
chrom;73;21;00;0.406
chrom;73;22;00;0.504
chrom;73;23;00;0.484
chrom;73;24;00;0.488
chrom;73;25;00;0.531
chrom;73;26;00;0.500
chrom;73;27;00;0.547
gen;73;;00;13.805
chrom;74;0;00;0.518
chrom;74;1;00;0.531
chrom;74;2;00;0.472
chrom;74;3;00;0.531
chrom;74;4;00;0.517
chrom;74;5;00;0.484
chrom;74;6;00;0.484
chrom;74;7;00;0.558
chrom;74;8;00;0.500
chrom;74;9;00;0.527
chrom;74;10;00;0.574
chrom;74;11;00;0.472
chrom;74;12;00;0.484
chrom;74;13;00;0.586
chrom;74;14;00;0.567
chrom;74;15;00;0.485
chrom;74;16;00;0.515
chrom;74;17;00;0.455
chrom;74;18;00;0.531
chrom;74;19;00;0.395
chrom;74;20;00;0.500
chrom;74;21;00;0.422
chrom;74;22;00;0.516
chrom;74;23;00;0.488
chrom;74;24;00;0.484
chrom;74;25;00;0.425
chrom;74;26;00;0.531
chrom;74;27;00;0.453
gen;74;;00;14.189
chrom;75;0;00;0.500
chrom;75;1;00;0.442
chrom;75;2;00;0.469
chrom;75;3;00;0.450
chrom;75;4;00;0.536
chrom;75;5;00;0.531
chrom;75;6;00;0.531
chrom;75;7;00;0.514
chrom;75;8;00;0.531
chrom;75;9;00;0.549
chrom;75;10;00;0.515
chrom;75;11;00;0.453
chrom;75;12;00;0.484
chrom;75;13;00;0.474
chrom;75;14;00;0.531
chrom;75;15;00;0.513
chrom;75;16;00;0.552
chrom;75;17;00;0.413
chrom;75;18;00;0.453
chrom;75;19;00;0.500
chrom;75;20;00;0.417
chrom;75;21;00;0.544
chrom;75;22;00;0.591
chrom;75;23;00;0.504
chrom;75;24;00;0.595
chrom;75;25;00;0.570
chrom;75;26;00;0.547
chrom;75;27;00;0.474
gen;75;;00;14.396
chrom;76;0;00;0.453
chrom;76;1;00;0.529
chrom;76;2;00;0.513
chrom;76;3;00;0.533
chrom;76;4;00;0.470
chrom;76;5;00;0.484
chrom;76;6;00;0.500
chrom;76;7;00;0.547
chrom;76;8;00;0.547
chrom;76;9;00;0.577
chrom;76;10;00;0.538
chrom;76;11;00;0.551
chrom;76;12;00;0.538
chrom;76;13;00;0.525
chrom;76;14;00;0.547
chrom;76;15;00;0.519
chrom;76;16;00;0.488
chrom;76;17;00;0.517
chrom;76;18;00;0.596
chrom;76;19;00;0.469
chrom;76;20;00;0.468
chrom;76;21;00;0.454
chrom;76;22;00;0.609
chrom;76;23;00;0.578
chrom;76;24;00;0.512
chrom;76;25;00;0.547
chrom;76;26;00;0.469
chrom;76;27;00;0.527
gen;76;;00;14.767
chrom;77;0;00;0.663
chrom;77;1;00;0.601
chrom;77;2;00;0.578
chrom;77;3;00;0.527
chrom;77;4;00;0.469
chrom;77;5;00;0.484
chrom;77;6;00;0.517
chrom;77;7;00;0.516
chrom;77;8;00;0.531
chrom;77;9;00;0.531
chrom;77;10;00;0.547
chrom;77;11;00;0.406
chrom;77;12;00;0.490
chrom;77;13;00;0.562
chrom;77;14;00;0.484
chrom;77;15;00;0.432
chrom;77;16;00;0.531
chrom;77;17;00;0.618
chrom;77;18;00;0.640
chrom;77;19;00;0.500
chrom;77;20;00;0.578
chrom;77;21;00;0.488
chrom;77;22;00;0.562
chrom;77;23;00;0.562
chrom;77;24;00;0.578
chrom;77;25;00;0.539
chrom;77;26;00;0.515
chrom;77;27;00;0.517
gen;77;;00;15.187
chrom;78;0;00;0.484
chrom;78;1;00;0.484
chrom;78;2;00;0.500
chrom;78;3;00;0.456
chrom;78;4;00;0.516
chrom;78;5;00;0.500
chrom;78;6;00;0.484
chrom;78;7;00;0.472
chrom;78;8;00;0.516
chrom;78;9;00;0.474
chrom;78;10;00;0.562
chrom;78;11;00;0.578
chrom;78;12;00;0.504
chrom;78;13;00;0.406
chrom;78;14;00;0.484
chrom;78;15;00;0.421
chrom;78;16;00;0.531
chrom;78;17;00;0.531
chrom;78;18;00;0.500
chrom;78;19;00;0.500
chrom;78;20;00;0.422
chrom;78;21;00;0.473
chrom;78;22;00;0.516
chrom;78;23;00;0.628
chrom;78;24;00;0.494
chrom;78;25;00;0.513
chrom;78;26;00;0.598
chrom;78;27;00;0.579
gen;78;;00;14.385
chrom;79;0;00;0.584
chrom;79;1;00;0.581
chrom;79;2;00;0.545
chrom;79;3;00;0.496
chrom;79;4;00;0.541
chrom;79;5;00;0.541
chrom;79;6;00;0.674
chrom;79;7;00;0.570
chrom;79;8;00;0.486
chrom;79;9;00;0.514
chrom;79;10;00;0.494
chrom;79;11;00;0.548
chrom;79;12;00;0.515
chrom;79;13;00;0.444
chrom;79;14;00;0.484
chrom;79;15;00;0.586
chrom;79;16;00;0.525
chrom;79;17;00;0.410
chrom;79;18;00;0.465
chrom;79;19;00;0.531
chrom;79;20;00;0.451
chrom;79;21;00;0.537
chrom;79;22;00;0.503
chrom;79;23;00;0.461
chrom;79;24;00;0.484
chrom;79;25;00;0.483
chrom;79;26;00;0.531
chrom;79;27;00;0.538
gen;79;;00;14.694
chrom;80;0;00;0.488
chrom;80;1;00;0.484
chrom;80;2;00;0.500
chrom;80;3;00;0.500
chrom;80;4;00;0.519
chrom;80;5;00;0.484
chrom;80;6;00;0.469
chrom;80;7;00;0.469
chrom;80;8;00;0.503
chrom;80;9;00;0.469
chrom;80;10;00;0.502
chrom;80;11;00;0.476
chrom;80;12;00;0.406
chrom;80;13;00;0.422
chrom;80;14;00;0.515
chrom;80;15;00;0.500
chrom;80;16;00;0.437
chrom;80;17;00;0.500
chrom;80;18;00;0.484
chrom;80;19;00;0.518
chrom;80;20;00;0.484
chrom;80;21;00;0.469
chrom;80;22;00;0.453
chrom;80;23;00;0.528
chrom;80;24;00;0.453
chrom;80;25;00;0.440
chrom;80;26;00;0.515
chrom;80;27;00;0.408
gen;80;;00;13.605
chrom;81;0;00;0.484
chrom;81;1;00;0.469
chrom;81;2;00;0.484
chrom;81;3;00;0.504
chrom;81;4;00;0.469
chrom;81;5;00;0.472
chrom;81;6;00;0.497
chrom;81;7;00;0.506
chrom;81;8;00;0.518
chrom;81;9;00;0.500
chrom;81;10;00;0.473
chrom;81;11;00;0.421
chrom;81;12;00;0.516
chrom;81;13;00;0.534
chrom;81;14;00;0.496
chrom;81;15;00;0.486
chrom;81;16;00;0.493
chrom;81;17;00;0.548
chrom;81;18;00;0.515
chrom;81;19;00;0.489
chrom;81;20;00;0.501
chrom;81;21;00;0.433
chrom;81;22;00;0.469
chrom;81;23;00;0.406
chrom;81;24;00;0.520
chrom;81;25;00;0.437
chrom;81;26;00;0.500
chrom;81;27;00;0.469
gen;81;;00;13.779
chrom;82;0;00;0.503
chrom;82;1;00;0.453
chrom;82;2;00;0.484
chrom;82;3;00;0.516
chrom;82;4;00;0.472
chrom;82;5;00;0.519
chrom;82;6;00;0.531
chrom;82;7;00;0.469
chrom;82;8;00;0.567
chrom;82;9;00;0.519
chrom;82;10;00;0.567
chrom;82;11;00;0.479
chrom;82;12;00;0.500
chrom;82;13;00;0.609
chrom;82;14;00;0.562
chrom;82;15;00;0.594
chrom;82;16;00;0.469
chrom;82;17;00;0.500
chrom;82;18;00;0.469
chrom;82;19;00;0.471
chrom;82;20;00;0.511
chrom;82;21;00;0.398
chrom;82;22;00;0.484
chrom;82;23;00;0.526
chrom;82;24;00;0.406
chrom;82;25;00;0.470
chrom;82;26;00;0.516
chrom;82;27;00;0.469
gen;82;;00;14.250
chrom;83;0;00;0.509
chrom;83;1;00;0.515
chrom;83;2;00;0.502
chrom;83;3;00;0.500
chrom;83;4;00;0.484
chrom;83;5;00;0.500
chrom;83;6;00;0.500
chrom;83;7;00;0.469
chrom;83;8;00;0.484
chrom;83;9;00;0.505
chrom;83;10;00;0.505
chrom;83;11;00;0.511
chrom;83;12;00;0.406
chrom;83;13;00;0.484
chrom;83;14;00;0.500
chrom;83;15;00;0.516
chrom;83;16;00;0.500
chrom;83;17;00;0.500
chrom;83;18;00;0.500
chrom;83;19;00;0.458
chrom;83;20;00;0.437
chrom;83;21;00;0.437
chrom;83;22;00;0.516
chrom;83;23;00;0.479
chrom;83;24;00;0.484
chrom;83;25;00;0.406
chrom;83;26;00;0.503
chrom;83;27;00;0.437
gen;83;;00;13.719
chrom;84;0;00;0.521
chrom;84;1;00;0.484
chrom;84;2;00;0.528
chrom;84;3;00;0.484
chrom;84;4;00;0.516
chrom;84;5;00;0.500
chrom;84;6;00;0.484
chrom;84;7;00;0.469
chrom;84;8;00;0.515
chrom;84;9;00;0.453
chrom;84;10;00;0.513
chrom;84;11;00;0.406
chrom;84;12;00;0.456
chrom;84;13;00;0.531
chrom;84;14;00;0.516
chrom;84;15;00;0.406
chrom;84;16;00;0.487
chrom;84;17;00;0.516
chrom;84;18;00;0.422
chrom;84;19;00;0.531
chrom;84;20;00;0.441
chrom;84;21;00;0.500
chrom;84;22;00;0.520
chrom;84;23;00;0.515
chrom;84;24;00;0.488
chrom;84;25;00;0.500
chrom;84;26;00;0.471
chrom;84;27;00;0.484
gen;84;;00;13.844
chrom;85;0;00;0.500
chrom;85;1;00;0.516
chrom;85;2;00;0.531
chrom;85;3;00;0.469
chrom;85;4;00;0.516
chrom;85;5;00;0.484
chrom;85;6;00;0.504
chrom;85;7;00;0.453
chrom;85;8;00;0.484
chrom;85;9;00;0.500
chrom;85;10;00;0.497
chrom;85;11;00;0.406
chrom;85;12;00;0.406
chrom;85;13;00;0.521
chrom;85;14;00;0.521
chrom;85;15;00;0.437
chrom;85;16;00;0.515
chrom;85;17;00;0.533
chrom;85;18;00;0.394
chrom;85;19;00;0.437
chrom;85;20;00;0.484
chrom;85;21;00;0.500
chrom;85;22;00;0.500
chrom;85;23;00;0.469
chrom;85;24;00;0.424
chrom;85;25;00;0.484
chrom;85;26;00;0.469
chrom;85;27;00;0.500
gen;85;;00;13.718
chrom;86;0;00;0.515
chrom;86;1;00;0.500
chrom;86;2;00;0.453
chrom;86;3;00;0.519
chrom;86;4;00;0.484
chrom;86;5;00;0.482
chrom;86;6;00;0.469
chrom;86;7;00;0.484
chrom;86;8;00;0.500
chrom;86;9;00;0.488
chrom;86;10;00;0.500
chrom;86;11;00;0.510
chrom;86;12;00;0.469
chrom;86;13;00;0.437
chrom;86;14;00;0.500
chrom;86;15;00;0.469
chrom;86;16;00;0.437
chrom;86;17;00;0.410
chrom;86;18;00;0.484
chrom;86;19;00;0.484
chrom;86;20;00;0.484
chrom;86;21;00;0.489
chrom;86;22;00;0.500
chrom;86;23;00;0.503
chrom;86;24;00;0.531
chrom;86;25;00;0.504
chrom;86;26;00;0.469
chrom;86;27;00;0.425
gen;86;;00;13.674
chrom;87;0;00;0.516
chrom;87;1;00;0.484
chrom;87;2;00;0.459
chrom;87;3;00;0.471
chrom;87;4;00;0.500
chrom;87;5;00;0.500
chrom;87;6;00;0.469
chrom;87;7;00;0.472
chrom;87;8;00;0.506
chrom;87;9;00;0.500
chrom;87;10;00;0.516
chrom;87;11;00;0.450
chrom;87;12;00;0.453
chrom;87;13;00;0.500
chrom;87;14;00;0.500
chrom;87;15;00;0.534
chrom;87;16;00;0.453
chrom;87;17;00;0.516
chrom;87;18;00;0.453
chrom;87;19;00;0.469
chrom;87;20;00;0.503
chrom;87;21;00;0.520
chrom;87;22;00;0.469
chrom;87;23;00;0.547
chrom;87;24;00;0.500
chrom;87;25;00;0.437
chrom;87;26;00;0.476
chrom;87;27;00;0.500
gen;87;;00;13.781
chrom;88;0;00;0.483
chrom;88;1;00;0.531
chrom;88;2;00;0.488
chrom;88;3;00;0.500
chrom;88;4;00;0.516
chrom;88;5;00;0.515
chrom;88;6;00;0.469
chrom;88;7;00;0.469
chrom;88;8;00;0.504
chrom;88;9;00;0.500
chrom;88;10;00;0.484
chrom;88;11;00;0.515
chrom;88;12;00;0.476
chrom;88;13;00;0.437
chrom;88;14;00;0.408
chrom;88;15;00;0.437
chrom;88;16;00;0.500
chrom;88;17;00;0.500
chrom;88;18;00;0.437
chrom;88;19;00;0.500
chrom;88;20;00;0.503
chrom;88;21;00;0.469
chrom;88;22;00;0.406
chrom;88;23;00;0.547
chrom;88;24;00;0.455
chrom;88;25;00;0.406
chrom;88;26;00;0.437
chrom;88;27;00;0.493
gen;88;;00;13.528
chrom;89;0;00;0.469
chrom;89;1;00;0.486
chrom;89;2;00;0.469
chrom;89;3;00;0.484
chrom;89;4;00;0.484
chrom;89;5;00;0.505
chrom;89;6;00;0.453
chrom;89;7;00;0.500
chrom;89;8;00;0.484
chrom;89;9;00;0.484
chrom;89;10;00;0.484
chrom;89;11;00;0.503
chrom;89;12;00;0.500
chrom;89;13;00;0.494
chrom;89;14;00;0.469
chrom;89;15;00;0.501
chrom;89;16;00;0.484
chrom;89;17;00;0.533
chrom;89;18;00;0.453
chrom;89;19;00;0.516
chrom;89;20;00;0.531
chrom;89;21;00;0.457
chrom;89;22;00;0.484
chrom;89;23;00;0.392
chrom;89;24;00;0.484
chrom;89;25;00;0.469
chrom;89;26;00;0.516
chrom;89;27;00;0.428
gen;89;;00;13.735
chrom;90;0;00;0.562
chrom;90;1;00;0.549
chrom;90;2;00;0.500
chrom;90;3;00;0.516
chrom;90;4;00;0.531
chrom;90;5;00;0.534
chrom;90;6;00;0.547
chrom;90;7;00;0.484
chrom;90;8;00;0.503
chrom;90;9;00;0.484
chrom;90;10;00;0.504
chrom;90;11;00;0.484
chrom;90;12;00;0.505
chrom;90;13;00;0.531
chrom;90;14;00;0.517
chrom;90;15;00;0.500
chrom;90;16;00;0.484
chrom;90;17;00;0.453
chrom;90;18;00;0.406
chrom;90;19;00;0.411
chrom;90;20;00;0.500
chrom;90;21;00;0.484
chrom;90;22;00;0.500
chrom;90;23;00;0.426
chrom;90;24;00;0.484
chrom;90;25;00;0.456
chrom;90;26;00;0.469
chrom;90;27;00;0.411
gen;90;;00;13.938
chrom;91;0;00;0.516
chrom;91;1;00;0.454
chrom;91;2;00;0.453
chrom;91;3;00;0.516
chrom;91;4;00;0.531
chrom;91;5;00;0.500
chrom;91;6;00;0.484
chrom;91;7;00;0.500
chrom;91;8;00;0.500
chrom;91;9;00;0.484
chrom;91;10;00;0.531
chrom;91;11;00;0.471
chrom;91;12;00;0.625
chrom;91;13;00;0.622
chrom;91;14;00;0.500
chrom;91;15;00;0.440
chrom;91;16;00;0.548
chrom;91;17;00;0.484
chrom;91;18;00;0.469
chrom;91;19;00;0.472
chrom;91;20;00;0.469
chrom;91;21;00;0.484
chrom;91;22;00;0.484
chrom;91;23;00;0.488
chrom;91;24;00;0.547
chrom;91;25;00;0.503
chrom;91;26;00;0.391
chrom;91;27;00;0.490
gen;91;;00;14.109
chrom;92;0;00;0.516
chrom;92;1;00;0.486
chrom;92;2;00;0.516
chrom;92;3;00;0.625
chrom;92;4;00;0.495
chrom;92;5;00;0.548
chrom;92;6;00;0.484
chrom;92;7;00;0.484
chrom;92;8;00;0.547
chrom;92;9;00;0.462
chrom;92;10;00;0.484
chrom;92;11;00;0.469
chrom;92;12;00;0.526
chrom;92;13;00;0.453
chrom;92;14;00;0.422
chrom;92;15;00;0.423
chrom;92;16;00;0.500
chrom;92;17;00;0.472
chrom;92;18;00;0.391
chrom;92;19;00;0.531
chrom;92;20;00;0.516
chrom;92;21;00;0.500
chrom;92;22;00;0.516
chrom;92;23;00;0.469
chrom;92;24;00;0.515
chrom;92;25;00;0.455
chrom;92;26;00;0.453
chrom;92;27;00;0.415
gen;92;;00;13.874
chrom;93;0;00;0.542
chrom;93;1;00;0.491
chrom;93;2;00;0.484
chrom;93;3;00;0.484
chrom;93;4;00;0.500
chrom;93;5;00;0.500
chrom;93;6;00;0.469
chrom;93;7;00;0.456
chrom;93;8;00;0.515
chrom;93;9;00;0.477
chrom;93;10;00;0.516
chrom;93;11;00;0.484
chrom;93;12;00;0.531
chrom;93;13;00;0.521
chrom;93;14;00;0.516
chrom;93;15;00;0.485
chrom;93;16;00;0.516
chrom;93;17;00;0.552
chrom;93;18;00;0.469
chrom;93;19;00;0.511
chrom;93;20;00;0.531
chrom;93;21;00;0.516
chrom;93;22;00;0.422
chrom;93;23;00;0.496
chrom;93;24;00;0.481
chrom;93;25;00;0.505
chrom;93;26;00;0.469
chrom;93;27;00;0.508
gen;93;;00;14.109
chrom;94;0;00;0.547
chrom;94;1;00;0.518
chrom;94;2;00;0.484
chrom;94;3;00;0.531
chrom;94;4;00;0.484
chrom;94;5;00;0.504
chrom;94;6;00;0.531
chrom;94;7;00;0.679
chrom;94;8;00;0.676
chrom;94;9;00;0.712
chrom;94;10;00;0.664
chrom;94;11;00;0.572
chrom;94;12;00;0.558
chrom;94;13;00;0.550
chrom;94;14;00;0.520
chrom;94;15;00;0.567
chrom;94;16;00;0.453
chrom;94;17;00;0.516
chrom;94;18;00;0.517
chrom;94;19;00;0.520
chrom;94;20;00;0.515
chrom;94;21;00;0.406
chrom;94;22;00;0.516
chrom;94;23;00;0.516
chrom;94;24;00;0.393
chrom;94;25;00;0.524
chrom;94;26;00;0.492
chrom;94;27;00;0.529
gen;94;;00;15.469
chrom;95;0;00;0.499
chrom;95;1;00;0.484
chrom;95;2;00;0.507
chrom;95;3;00;0.515
chrom;95;4;00;0.484
chrom;95;5;00;0.532
chrom;95;6;00;0.504
chrom;95;7;00;0.531
chrom;95;8;00;0.620
chrom;95;9;00;0.481
chrom;95;10;00;0.529
chrom;95;11;00;0.490
chrom;95;12;00;0.406
chrom;95;13;00;0.422
chrom;95;14;00;0.672
chrom;95;15;00;0.500
chrom;95;16;00;0.500
chrom;95;17;00;0.501
chrom;95;18;00;0.534
chrom;95;19;00;0.518
chrom;95;20;00;0.423
chrom;95;21;00;0.560
chrom;95;22;00;0.594
chrom;95;23;00;0.454
chrom;95;24;00;0.554
chrom;95;25;00;0.517
chrom;95;26;00;0.578
chrom;95;27;00;0.526
gen;95;;00;14.840
chrom;96;0;00;0.572
chrom;96;1;00;0.568
chrom;96;2;00;0.539
chrom;96;3;00;0.564
chrom;96;4;00;0.570
chrom;96;5;00;0.628
chrom;96;6;00;0.562
chrom;96;7;00;0.469
chrom;96;8;00;0.663
chrom;96;9;00;0.488
chrom;96;10;00;0.607
chrom;96;11;00;0.666
chrom;96;12;00;0.863
chrom;96;13;00;0.681
chrom;96;14;00;0.471
chrom;96;15;00;0.516
chrom;96;16;00;0.391
chrom;96;17;00;0.518
chrom;96;18;00;0.531
chrom;96;19;00;0.433
chrom;96;20;00;0.531
chrom;96;21;00;0.505
chrom;96;22;00;0.422
chrom;96;23;00;0.484
chrom;96;24;00;0.423
chrom;96;25;00;0.487
chrom;96;26;00;0.465
chrom;96;27;00;0.536
gen;96;;00;15.460
chrom;97;0;00;0.644
chrom;97;1;00;0.568
chrom;97;2;00;0.510
chrom;97;3;00;0.720
chrom;97;4;00;0.547
chrom;97;5;00;0.523
chrom;97;6;00;0.518
chrom;97;7;00;0.492
chrom;97;8;00;0.500
chrom;97;9;00;0.489
chrom;97;10;00;0.664
chrom;97;11;00;0.613
chrom;97;12;00;0.492
chrom;97;13;00;0.535
chrom;97;14;00;0.500
chrom;97;15;00;0.540
chrom;97;16;00;0.511
chrom;97;17;00;0.543
chrom;97;18;00;0.703
chrom;97;19;00;0.680
chrom;97;20;00;0.645
chrom;97;21;00;0.599
chrom;97;22;00;0.513
chrom;97;23;00;0.487
chrom;97;24;00;0.498
chrom;97;25;00;0.554
chrom;97;26;00;0.453
chrom;97;27;00;0.549
gen;97;;00;15.857
chrom;98;0;00;0.556
chrom;98;1;00;0.537
chrom;98;2;00;0.540
chrom;98;3;00;0.544
chrom;98;4;00;0.529
chrom;98;5;00;0.519
chrom;98;6;00;0.500
chrom;98;7;00;0.503
chrom;98;8;00;0.471
chrom;98;9;00;0.528
chrom;98;10;00;0.511
chrom;98;11;00;0.553
chrom;98;12;00;0.585
chrom;98;13;00;0.545
chrom;98;14;00;0.437
chrom;98;15;00;0.540
chrom;98;16;00;0.507
chrom;98;17;00;0.537
chrom;98;18;00;0.581
chrom;98;19;00;0.557
chrom;98;20;00;0.518
chrom;98;21;00;0.500
chrom;98;22;00;0.522
chrom;98;23;00;0.560
chrom;98;24;00;0.484
chrom;98;25;00;0.406
chrom;98;26;00;0.469
chrom;98;27;00;0.437
gen;98;;00;14.706
chrom;99;0;00;0.497
chrom;99;1;00;0.484
chrom;99;2;00;0.502
chrom;99;3;00;0.505
chrom;99;4;00;0.526
chrom;99;5;00;0.519
chrom;99;6;00;0.527
chrom;99;7;00;0.492
chrom;99;8;00;0.529
chrom;99;9;00;0.514
chrom;99;10;00;0.476
chrom;99;11;00;0.518
chrom;99;12;00;0.500
chrom;99;13;00;0.518
chrom;99;14;00;0.517
chrom;99;15;00;0.524
chrom;99;16;00;0.540
chrom;99;17;00;0.509
chrom;99;18;00;0.446
chrom;99;19;00;0.510
chrom;99;20;00;0.510
chrom;99;21;00;0.445
chrom;99;22;00;0.453
chrom;99;23;00;0.509
chrom;99;24;00;0.578
chrom;99;25;00;0.591
chrom;99;26;00;0.514
chrom;99;27;00;0.567
gen;99;;00;14.604
chrom;100;0;00;0.602
chrom;100;1;00;0.559
chrom;100;2;00;0.580
chrom;100;3;00;0.507
chrom;100;4;00;0.530
chrom;100;5;00;0.546
chrom;100;6;00;0.556
chrom;100;7;00;0.539
chrom;100;8;00;0.529
chrom;100;9;00;0.516
chrom;100;10;00;0.610
chrom;100;11;00;0.618
chrom;100;12;00;0.573
chrom;100;13;00;0.596
chrom;100;14;00;0.516
chrom;100;15;00;0.518
chrom;100;16;00;0.539
chrom;100;17;00;0.554
chrom;100;18;00;0.533
chrom;100;19;00;0.532
chrom;100;20;00;0.519
chrom;100;21;00;0.512
chrom;100;22;00;0.471
chrom;100;23;00;0.531
chrom;100;24;00;0.477
chrom;100;25;00;0.538
chrom;100;26;00;0.506
chrom;100;27;00;0.490
gen;100;;00;15.327
chrom;101;0;00;0.510
chrom;101;1;00;0.495
chrom;101;2;00;0.560
chrom;101;3;00;0.519
chrom;101;4;00;0.463
chrom;101;5;00;0.502
chrom;101;6;00;0.537
chrom;101;7;00;0.494
chrom;101;8;00;0.530
chrom;101;9;00;0.439
chrom;101;10;00;0.509
chrom;101;11;00;0.562
chrom;101;12;00;0.460
chrom;101;13;00;0.453
chrom;101;14;00;0.469
chrom;101;15;00;0.484
chrom;101;16;00;0.453
chrom;101;17;00;0.406
chrom;101;18;00;0.549
chrom;101;19;00;0.528
chrom;101;20;00;0.493
chrom;101;21;00;0.500
chrom;101;22;00;0.399
chrom;101;23;00;0.453
chrom;101;24;00;0.453
chrom;101;25;00;0.497
chrom;101;26;00;0.469
chrom;101;27;00;0.519
gen;101;;00;13.885
chrom;102;0;00;0.511
chrom;102;1;00;0.513
chrom;102;2;00;0.498
chrom;102;3;00;0.543
chrom;102;4;00;0.499
chrom;102;5;00;0.550
chrom;102;6;00;0.484
chrom;102;7;00;0.515
chrom;102;8;00;0.500
chrom;102;9;00;0.516
chrom;102;10;00;0.535
chrom;102;11;00;0.512
chrom;102;12;00;0.394
chrom;102;13;00;0.422
chrom;102;14;00;0.484
chrom;102;15;00;0.531
chrom;102;16;00;0.484
chrom;102;17;00;0.500
chrom;102;18;00;0.500
chrom;102;19;00;0.547
chrom;102;20;00;0.504
chrom;102;21;00;0.477
chrom;102;22;00;0.473
chrom;102;23;00;0.529
chrom;102;24;00;0.467
chrom;102;25;00;0.517
chrom;102;26;00;0.511
chrom;102;27;00;0.548
gen;102;;00;14.203
chrom;103;0;00;0.501
chrom;103;1;00;0.529
chrom;103;2;00;0.499
chrom;103;3;00;0.522
chrom;103;4;00;0.560
chrom;103;5;00;0.525
chrom;103;6;00;0.527
chrom;103;7;00;0.483
chrom;103;8;00;0.517
chrom;103;9;00;0.468
chrom;103;10;00;0.572
chrom;103;11;00;0.488
chrom;103;12;00;0.470
chrom;103;13;00;0.505
chrom;103;14;00;0.586
chrom;103;15;00;0.512
chrom;103;16;00;0.471
chrom;103;17;00;0.487
chrom;103;18;00;0.577
chrom;103;19;00;0.451
chrom;103;20;00;0.407
chrom;103;21;00;0.497
chrom;103;22;00;0.555
chrom;103;23;00;0.489
chrom;103;24;00;0.539
chrom;103;25;00;0.527
chrom;103;26;00;0.465
chrom;103;27;00;0.531
gen;103;;00;14.410
chrom;104;0;00;0.470
chrom;104;1;00;0.489
chrom;104;2;00;0.484
chrom;104;3;00;0.519
chrom;104;4;00;0.532
chrom;104;5;00;0.532
chrom;104;6;00;0.534
chrom;104;7;00;0.553
chrom;104;8;00;0.481
chrom;104;9;00;0.533
chrom;104;10;00;0.509
chrom;104;11;00;0.432
chrom;104;12;00;0.476
chrom;104;13;00;0.532
chrom;104;14;00;0.511
chrom;104;15;00;0.518
chrom;104;16;00;0.520
chrom;104;17;00;0.505
chrom;104;18;00;0.490
chrom;104;19;00;0.550
chrom;104;20;00;0.430
chrom;104;21;00;0.573
chrom;104;22;00;0.474
chrom;104;23;00;0.500
chrom;104;24;00;0.480
chrom;104;25;00;0.462
chrom;104;26;00;0.503
chrom;104;27;00;0.454
gen;104;;00;14.222
chrom;105;0;00;0.550
chrom;105;1;00;0.511
chrom;105;2;00;0.483
chrom;105;3;00;0.505
chrom;105;4;00;0.540
chrom;105;5;00;0.615
chrom;105;6;00;0.524
chrom;105;7;00;0.527
chrom;105;8;00;0.504
chrom;105;9;00;0.495
chrom;105;10;00;0.489
chrom;105;11;00;0.451
chrom;105;12;00;0.545
chrom;105;13;00;0.471
chrom;105;14;00;0.516
chrom;105;15;00;0.669
chrom;105;16;00;0.608
chrom;105;17;00;0.432
chrom;105;18;00;0.440
chrom;105;19;00;0.532
chrom;105;20;00;0.473
chrom;105;21;00;0.514
chrom;105;22;00;0.424
chrom;105;23;00;0.524
chrom;105;24;00;0.454
chrom;105;25;00;0.524
chrom;105;26;00;0.543
chrom;105;27;00;0.498
gen;105;;00;14.503
chrom;106;0;00;0.515
chrom;106;1;00;0.492
chrom;106;2;00;0.509
chrom;106;3;00;0.517
chrom;106;4;00;0.517
chrom;106;5;00;0.474
chrom;106;6;00;0.464
chrom;106;7;00;0.501
chrom;106;8;00;0.516
chrom;106;9;00;0.480
chrom;106;10;00;0.544
chrom;106;11;00;0.492
chrom;106;12;00;0.548
chrom;106;13;00;0.502
chrom;106;14;00;0.404
chrom;106;15;00;0.414
chrom;106;16;00;0.485
chrom;106;17;00;0.514
chrom;106;18;00;0.497
chrom;106;19;00;0.513
chrom;106;20;00;0.431
chrom;106;21;00;0.521
chrom;106;22;00;0.511
chrom;106;23;00;0.518
chrom;106;24;00;0.464
chrom;106;25;00;0.462
chrom;106;26;00;0.433
chrom;106;27;00;0.515
gen;106;;00;13.926
chrom;107;0;00;0.498
chrom;107;1;00;0.461
chrom;107;2;00;0.485
chrom;107;3;00;0.502
chrom;107;4;00;0.467
chrom;107;5;00;0.502
chrom;107;6;00;0.499
chrom;107;7;00;0.482
chrom;107;8;00;0.469
chrom;107;9;00;0.477
chrom;107;10;00;0.487
chrom;107;11;00;0.478
chrom;107;12;00;0.537
chrom;107;13;00;0.505
chrom;107;14;00;0.475
chrom;107;15;00;0.461
chrom;107;16;00;0.538
chrom;107;17;00;0.497
chrom;107;18;00;0.543
chrom;107;19;00;0.455
chrom;107;20;00;0.502
chrom;107;21;00;0.410
chrom;107;22;00;0.496
chrom;107;23;00;0.466
chrom;107;24;00;0.401
chrom;107;25;00;0.482
chrom;107;26;00;0.488
chrom;107;27;00;0.449
gen;107;;00;13.713
chrom;108;0;00;0.465
chrom;108;1;00;0.457
chrom;108;2;00;0.470
chrom;108;3;00;0.454
chrom;108;4;00;0.461
chrom;108;5;00;0.495
chrom;108;6;00;0.495
chrom;108;7;00;0.527
chrom;108;8;00;0.507
chrom;108;9;00;0.503
chrom;108;10;00;0.554
chrom;108;11;00;0.484
chrom;108;12;00;0.532
chrom;108;13;00;0.593
chrom;108;14;00;0.606
chrom;108;15;00;0.626
chrom;108;16;00;0.621
chrom;108;17;00;0.521
chrom;108;18;00;0.515
chrom;108;19;00;0.479
chrom;108;20;00;0.542
chrom;108;21;00;0.505
chrom;108;22;00;0.491
chrom;108;23;00;0.410
chrom;108;24;00;0.521
chrom;108;25;00;0.408
chrom;108;26;00;0.528
chrom;108;27;00;0.505
gen;108;;00;14.478
chrom;109;0;00;0.554
chrom;109;1;00;0.508
chrom;109;2;00;0.444
chrom;109;3;00;0.502
chrom;109;4;00;0.571
chrom;109;5;00;0.502
chrom;109;6;00;0.508
chrom;109;7;00;0.527
chrom;109;8;00;0.502
chrom;109;9;00;0.511
chrom;109;10;00;0.524
chrom;109;11;00;0.529
chrom;109;12;00;0.522
chrom;109;13;00;0.493
chrom;109;14;00;0.540
chrom;109;15;00;0.594
chrom;109;16;00;0.551
chrom;109;17;00;0.535
chrom;109;18;00;0.512
chrom;109;19;00;0.511
chrom;109;20;00;0.487
chrom;109;21;00;0.492
chrom;109;22;00;0.418
chrom;109;23;00;0.542
chrom;109;24;00;0.520
chrom;109;25;00;0.526
chrom;109;26;00;0.501
chrom;109;27;00;0.542
gen;109;;00;14.660
chrom;110;0;00;0.508
chrom;110;1;00;0.507
chrom;110;2;00;0.483
chrom;110;3;00;0.508
chrom;110;4;00;0.517
chrom;110;5;00;0.528
chrom;110;6;00;0.493
chrom;110;7;00;0.492
chrom;110;8;00;0.539
chrom;110;9;00;0.498
chrom;110;10;00;0.497
chrom;110;11;00;0.544
chrom;110;12;00;0.422
chrom;110;13;00;0.507
chrom;110;14;00;0.473
chrom;110;15;00;0.514
chrom;110;16;00;0.496
chrom;110;17;00;0.522
chrom;110;18;00;0.496
chrom;110;19;00;0.546
chrom;110;20;00;0.441
chrom;110;21;00;0.530
chrom;110;22;00;0.526
chrom;110;23;00;0.491
chrom;110;24;00;0.454
chrom;110;25;00;0.493
chrom;110;26;00;0.530
chrom;110;27;00;0.518
gen;110;;00;14.267
chrom;111;0;00;0.509
chrom;111;1;00;0.535
chrom;111;2;00;0.525
chrom;111;3;00;0.568
chrom;111;4;00;0.544
chrom;111;5;00;0.516
chrom;111;6;00;0.494
chrom;111;7;00;0.530
chrom;111;8;00;0.510
chrom;111;9;00;0.508
chrom;111;10;00;0.535
chrom;111;11;00;0.474
chrom;111;12;00;0.511
chrom;111;13;00;0.514
chrom;111;14;00;0.591
chrom;111;15;00;0.528
chrom;111;16;00;0.500
chrom;111;17;00;0.488
chrom;111;18;00;0.486
chrom;111;19;00;0.425
chrom;111;20;00;0.438
chrom;111;21;00;0.513
chrom;111;22;00;0.567
chrom;111;23;00;0.427
chrom;111;24;00;0.529
chrom;111;25;00;0.492
chrom;111;26;00;0.506
chrom;111;27;00;0.558
gen;111;;00;14.502
chrom;112;0;00;0.513
chrom;112;1;00;0.511
chrom;112;2;00;0.517
chrom;112;3;00;0.500
chrom;112;4;00;0.500
chrom;112;5;00;0.561
chrom;112;6;00;0.493
chrom;112;7;00;0.471
chrom;112;8;00;0.515
chrom;112;9;00;0.469
chrom;112;10;00;0.503
chrom;112;11;00;0.533
chrom;112;12;00;0.527
chrom;112;13;00;0.476
chrom;112;14;00;0.542
chrom;112;15;00;0.501
chrom;112;16;00;0.618
chrom;112;17;00;0.598
chrom;112;18;00;0.408
chrom;112;19;00;0.539
chrom;112;20;00;0.485
chrom;112;21;00;0.525
chrom;112;22;00;0.426
chrom;112;23;00;0.539
chrom;112;24;00;0.725
chrom;112;25;00;0.626
chrom;112;26;00;0.617
chrom;112;27;00;0.442
gen;112;;00;14.840
chrom;113;0;00;0.535
chrom;113;1;00;0.484
chrom;113;2;00;0.500
chrom;113;3;00;0.500
chrom;113;4;00;0.519
chrom;113;5;00;0.468
chrom;113;6;00;0.487
chrom;113;7;00;0.475
chrom;113;8;00;0.516
chrom;113;9;00;0.521
chrom;113;10;00;0.485
chrom;113;11;00;0.497
chrom;113;12;00;0.470
chrom;113;13;00;0.530
chrom;113;14;00;0.522
chrom;113;15;00;0.448
chrom;113;16;00;0.544
chrom;113;17;00;0.518
chrom;113;18;00;0.461
chrom;113;19;00;0.555
chrom;113;20;00;0.531
chrom;113;21;00;0.562
chrom;113;22;00;0.437
chrom;113;23;00;0.503
chrom;113;24;00;0.520
chrom;113;25;00;0.502
chrom;113;26;00;0.422
chrom;113;27;00;0.516
gen;113;;00;14.234
chrom;114;0;00;0.515
chrom;114;1;00;0.531
chrom;114;2;00;0.506
chrom;114;3;00;0.512
chrom;114;4;00;0.502
chrom;114;5;00;0.489
chrom;114;6;00;0.506
chrom;114;7;00;0.491
chrom;114;8;00;0.561
chrom;114;9;00;0.479
chrom;114;10;00;0.536
chrom;114;11;00;0.492
chrom;114;12;00;0.626
chrom;114;13;00;0.649
chrom;114;14;00;0.684
chrom;114;15;00;0.577
chrom;114;16;00;0.422
chrom;114;17;00;0.499
chrom;114;18;00;0.519
chrom;114;19;00;0.551
chrom;114;20;00;0.534
chrom;114;21;00;0.409
chrom;114;22;00;0.567
chrom;114;23;00;0.478
chrom;114;24;00;0.493
chrom;114;25;00;0.461
chrom;114;26;00;0.522
chrom;114;27;00;0.577
gen;114;;00;14.875
chrom;115;0;00;0.508
chrom;115;1;00;0.524
chrom;115;2;00;0.461
chrom;115;3;00;0.550
chrom;115;4;00;0.502
chrom;115;5;00;0.495
chrom;115;6;00;0.518
chrom;115;7;00;0.491
chrom;115;8;00;0.533
chrom;115;9;00;0.518
chrom;115;10;00;0.495
chrom;115;11;00;0.545
chrom;115;12;00;0.517
chrom;115;13;00;0.496
chrom;115;14;00;0.458
chrom;115;15;00;0.549
chrom;115;16;00;0.522
chrom;115;17;00;0.688
chrom;115;18;00;0.645
chrom;115;19;00;0.609
chrom;115;20;00;0.526
chrom;115;21;00;0.587
chrom;115;22;00;0.446
chrom;115;23;00;0.517
chrom;115;24;00;0.518
chrom;115;25;00;0.417
chrom;115;26;00;0.553
chrom;115;27;00;0.760
gen;115;;00;15.205
chrom;116;0;00;0.707
chrom;116;1;00;0.661
chrom;116;2;00;0.566
chrom;116;3;00;0.468
chrom;116;4;00;0.502
chrom;116;5;00;0.485
chrom;116;6;00;0.516
chrom;116;7;00;0.558
chrom;116;8;00;0.598
chrom;116;9;00;0.500
chrom;116;10;00;0.541
chrom;116;11;00;0.493
chrom;116;12;00;0.636
chrom;116;13;00;0.520
chrom;116;14;00;0.568
chrom;116;15;00;0.496
chrom;116;16;00;0.611
chrom;116;17;00;0.427
chrom;116;18;00;0.514
chrom;116;19;00;0.493
chrom;116;20;00;0.510
chrom;116;21;00;0.558
chrom;116;22;00;0.634
chrom;116;23;00;0.645
chrom;116;24;00;0.640
chrom;116;25;00;0.582
chrom;116;26;00;0.528
chrom;116;27;00;0.432
gen;116;;00;15.608
chrom;117;0;00;0.535
chrom;117;1;00;0.530
chrom;117;2;00;0.487
chrom;117;3;00;0.477
chrom;117;4;00;0.514
chrom;117;5;00;0.500
chrom;117;6;00;0.437
chrom;117;7;00;0.484
chrom;117;8;00;0.484
chrom;117;9;00;0.515
chrom;117;10;00;0.489
chrom;117;11;00;0.408
chrom;117;12;00;0.518
chrom;117;13;00;0.484
chrom;117;14;00;0.496
chrom;117;15;00;0.504
chrom;117;16;00;0.453
chrom;117;17;00;0.465
chrom;117;18;00;0.564
chrom;117;19;00;0.466
chrom;117;20;00;0.573
chrom;117;21;00;0.469
chrom;117;22;00;0.531
chrom;117;23;00;0.470
chrom;117;24;00;0.516
chrom;117;25;00;0.407
chrom;117;26;00;0.531
chrom;117;27;00;0.515
gen;117;;00;14.031
chrom;118;0;00;0.485
chrom;118;1;00;0.500
chrom;118;2;00;0.484
chrom;118;3;00;0.489
chrom;118;4;00;0.500
chrom;118;5;00;0.525
chrom;118;6;00;0.469
chrom;118;7;00;0.573
chrom;118;8;00;0.532
chrom;118;9;00;0.545
chrom;118;10;00;0.519
chrom;118;11;00;0.458
chrom;118;12;00;0.600
chrom;118;13;00;0.496
chrom;118;14;00;0.548
chrom;118;15;00;0.548
chrom;118;16;00;0.458
chrom;118;17;00;0.557
chrom;118;18;00;0.498
chrom;118;19;00;0.542
chrom;118;20;00;0.570
chrom;118;21;00;0.520
chrom;118;22;00;0.528
chrom;118;23;00;0.528
chrom;118;24;00;0.458
chrom;118;25;00;0.491
chrom;118;26;00;0.515
chrom;118;27;00;0.500
gen;118;;00;14.632
chrom;119;0;00;0.447
chrom;119;1;00;0.484
chrom;119;2;00;0.484
chrom;119;3;00;0.479
chrom;119;4;00;0.469
chrom;119;5;00;0.484
chrom;119;6;00;0.468
chrom;119;7;00;0.484
chrom;119;8;00;0.473
chrom;119;9;00;0.500
chrom;119;10;00;0.471
chrom;119;11;00;0.562
chrom;119;12;00;0.422
chrom;119;13;00;0.437
chrom;119;14;00;0.487
chrom;119;15;00;0.469
chrom;119;16;00;0.469
chrom;119;17;00;0.406
chrom;119;18;00;0.516
chrom;119;19;00;0.512
chrom;119;20;00;0.484
chrom;119;21;00;0.500
chrom;119;22;00;0.509
chrom;119;23;00;0.469
chrom;119;24;00;0.500
chrom;119;25;00;0.500
chrom;119;26;00;0.453
chrom;119;27;00;0.536
gen;119;;00;13.685
chrom;120;0;00;0.453
chrom;120;1;00;0.500
chrom;120;2;00;0.488
chrom;120;3;00;0.484
chrom;120;4;00;0.500
chrom;120;5;00;0.476
chrom;120;6;00;0.515
chrom;120;7;00;0.484
chrom;120;8;00;0.497
chrom;120;9;00;0.500
chrom;120;10;00;0.526
chrom;120;11;00;0.471
chrom;120;12;00;0.547
chrom;120;13;00;0.466
chrom;120;14;00;0.500
chrom;120;15;00;0.528
chrom;120;16;00;0.471
chrom;120;17;00;0.500
chrom;120;18;00;0.469
chrom;120;19;00;0.514
chrom;120;20;00;0.453
chrom;120;21;00;0.489
chrom;120;22;00;0.500
chrom;120;23;00;0.548
chrom;120;24;00;0.501
chrom;120;25;00;0.510
chrom;120;26;00;0.422
chrom;120;27;00;0.515
gen;120;;00;13.980
chrom;121;0;00;0.503
chrom;121;1;00;0.500
chrom;121;2;00;0.500
chrom;121;3;00;0.484
chrom;121;4;00;0.519
chrom;121;5;00;0.500
chrom;121;6;00;0.484
chrom;121;7;00;0.500
chrom;121;8;00;0.525
chrom;121;9;00;0.484
chrom;121;10;00;0.486
chrom;121;11;00;0.424
chrom;121;12;00;0.515
chrom;121;13;00;0.516
chrom;121;14;00;0.489
chrom;121;15;00;0.526
chrom;121;16;00;0.453
chrom;121;17;00;0.484
chrom;121;18;00;0.422
chrom;121;19;00;0.531
chrom;121;20;00;0.469
chrom;121;21;00;0.504
chrom;121;22;00;0.500
chrom;121;23;00;0.480
chrom;121;24;00;0.484
chrom;121;25;00;0.509
chrom;121;26;00;0.516
chrom;121;27;00;0.500
gen;121;;00;13.992
chrom;122;0;00;0.520
chrom;122;1;00;0.469
chrom;122;2;00;0.469
chrom;122;3;00;0.515
chrom;122;4;00;0.500
chrom;122;5;00;0.500
chrom;122;6;00;0.505
chrom;122;7;00;0.500
chrom;122;8;00;0.483
chrom;122;9;00;0.500
chrom;122;10;00;0.484
chrom;122;11;00;0.478
chrom;122;12;00;0.391
chrom;122;13;00;0.516
chrom;122;14;00;0.462
chrom;122;15;00;0.500
chrom;122;16;00;0.516
chrom;122;17;00;0.489
chrom;122;18;00;0.465
chrom;122;19;00;0.502
chrom;122;20;00;0.469
chrom;122;21;00;0.484
chrom;122;22;00;0.517
chrom;122;23;00;0.492
chrom;122;24;00;0.406
chrom;122;25;00;0.481
chrom;122;26;00;0.489
chrom;122;27;00;0.484
gen;122;;00;13.746
chrom;123;0;00;0.484
chrom;123;1;00;0.484
chrom;123;2;00;0.456
chrom;123;3;00;0.500
chrom;123;4;00;0.469
chrom;123;5;00;0.507
chrom;123;6;00;0.480
chrom;123;7;00;0.500
chrom;123;8;00;0.499
chrom;123;9;00;0.444
chrom;123;10;00;0.512
chrom;123;11;00;0.521
chrom;123;12;00;0.453
chrom;123;13;00;0.484
chrom;123;14;00;0.537
chrom;123;15;00;0.456
chrom;123;16;00;0.547
chrom;123;17;00;0.484
chrom;123;18;00;0.500
chrom;123;19;00;0.473
chrom;123;20;00;0.498
chrom;123;21;00;0.516
chrom;123;22;00;0.484
chrom;123;23;00;0.520
chrom;123;24;00;0.406
chrom;123;25;00;0.424
chrom;123;26;00;0.437
chrom;123;27;00;0.501
gen;123;;00;13.763
chrom;124;0;00;0.468
chrom;124;1;00;0.484
chrom;124;2;00;0.484
chrom;124;3;00;0.484
chrom;124;4;00;0.515
chrom;124;5;00;0.516
chrom;124;6;00;0.500
chrom;124;7;00;0.469
chrom;124;8;00;0.521
chrom;124;9;00;0.484
chrom;124;10;00;0.451
chrom;124;11;00;0.500
chrom;124;12;00;0.500
chrom;124;13;00;0.510
chrom;124;14;00;0.437
chrom;124;15;00;0.531
chrom;124;16;00;0.519
chrom;124;17;00;0.484
chrom;124;18;00;0.516
chrom;124;19;00;0.469
chrom;124;20;00;0.469
chrom;124;21;00;0.469
chrom;124;22;00;0.437
chrom;124;23;00;0.406
chrom;124;24;00;0.406
chrom;124;25;00;0.453
chrom;124;26;00;0.548
chrom;124;27;00;0.500
gen;124;;00;13.623
chrom;125;0;00;0.543
chrom;125;1;00;0.547
chrom;125;2;00;0.516
chrom;125;3;00;0.522
chrom;125;4;00;0.516
chrom;125;5;00;0.547
chrom;125;6;00;0.562
chrom;125;7;00;0.516
chrom;125;8;00;0.557
chrom;125;9;00;0.532
chrom;125;10;00;0.531
chrom;125;11;00;0.534
chrom;125;12;00;0.469
chrom;125;13;00;0.531
chrom;125;14;00;0.578
chrom;125;15;00;0.551
chrom;125;16;00;0.591
chrom;125;17;00;0.566
chrom;125;18;00;0.486
chrom;125;19;00;0.480
chrom;125;20;00;0.577
chrom;125;21;00;0.531
chrom;125;22;00;0.605
chrom;125;23;00;0.484
chrom;125;24;00;0.902
chrom;125;25;00;0.719
chrom;125;26;00;0.844
chrom;125;27;00;0.831
gen;125;;00;16.369
chrom;126;0;00;0.578
chrom;126;1;00;0.594
chrom;126;2;00;0.547
chrom;126;3;00;0.625
chrom;126;4;00;0.663
chrom;126;5;00;0.672
chrom;126;6;00;0.666
chrom;126;7;00;0.806
chrom;126;8;00;0.835
chrom;126;9;00;0.697
chrom;126;10;00;0.684
chrom;126;11;00;0.734
chrom;126;12;00;0.717
chrom;126;13;00;0.785
chrom;126;14;00;0.695
chrom;126;15;00;0.608
chrom;126;16;00;0.738
chrom;126;17;00;0.877
chrom;126;18;00;0.786
chrom;126;19;00;0.666
chrom;126;20;00;0.765
chrom;126;21;00;0.744
chrom;126;22;00;0.708
chrom;126;23;00;0.787
chrom;126;24;00;0.779
chrom;126;25;00;0.653
chrom;126;26;00;0.748
chrom;126;27;00;1.188
gen;126;;00;20.581
chrom;127;0;00;0.700
chrom;127;1;00;0.574
chrom;127;2;00;0.528
chrom;127;3;00;0.517
chrom;127;4;00;0.499
chrom;127;5;00;0.518
chrom;127;6;00;0.510
chrom;127;7;00;0.484
chrom;127;8;00;0.514
chrom;127;9;00;0.528
chrom;127;10;00;0.509
chrom;127;11;00;0.523
chrom;127;12;00;0.479
chrom;127;13;00;0.469
