timed;gen;idx;min;sec
chrom;1;0;00;0.406
chrom;1;1;00;0.558
chrom;1;2;00;0.594
chrom;1;3;00;0.484
chrom;1;4;00;0.516
chrom;1;5;00;0.500
chrom;1;6;00;0.592
chrom;1;7;00;0.625
chrom;1;8;00;0.504
chrom;1;9;00;0.422
chrom;1;10;00;0.472
chrom;1;11;00;0.614
gen;1;;00;6.350
chrom;2;0;00;0.561
chrom;2;1;00;0.531
chrom;2;2;00;0.531
chrom;2;3;00;0.562
chrom;2;4;00;0.547
chrom;2;5;00;0.469
chrom;2;6;00;0.578
chrom;2;7;00;0.578
chrom;2;8;00;0.578
chrom;2;9;00;0.481
chrom;2;10;00;0.497
chrom;2;11;00;0.426
gen;2;;00;6.354
chrom;3;0;00;0.554
chrom;3;1;00;0.562
chrom;3;2;00;0.531
chrom;3;3;00;0.577
chrom;3;4;00;0.457
chrom;3;5;00;0.527
chrom;3;6;00;0.484
chrom;3;7;00;0.469
chrom;3;8;00;0.594
chrom;3;9;00;0.551
chrom;3;10;00;0.491
chrom;3;11;00;0.591
gen;3;;00;6.419
chrom;4;0;00;0.608
chrom;4;1;00;0.581
chrom;4;2;00;0.681
chrom;4;3;00;0.831
chrom;4;4;00;0.641
chrom;4;5;00;0.640
chrom;4;6;00;0.594
chrom;4;7;00;0.513
chrom;4;8;00;0.562
chrom;4;9;00;0.571
chrom;4;10;00;0.524
chrom;4;11;00;0.408
gen;4;;00;7.238
chrom;5;0;00;0.547
chrom;5;1;00;0.575
chrom;5;2;00;0.578
chrom;5;3;00;0.547
chrom;5;4;00;0.578
chrom;5;5;00;0.547
chrom;5;6;00;0.548
chrom;5;7;00;0.587
chrom;5;8;00;0.521
chrom;5;9;00;0.547
chrom;5;10;00;0.564
chrom;5;11;00;0.516
gen;5;;00;6.764
chrom;6;0;00;0.579
chrom;6;1;00;0.500
chrom;6;2;00;0.552
chrom;6;3;00;0.531
chrom;6;4;00;0.453
chrom;6;5;00;0.565
chrom;6;6;00;0.562
chrom;6;7;00;0.535
chrom;6;8;00;0.547
chrom;6;9;00;0.562
chrom;6;10;00;0.531
chrom;6;11;00;0.411
gen;6;;00;6.390
chrom;7;0;00;0.547
chrom;7;1;00;0.564
chrom;7;2;00;0.547
chrom;7;3;00;0.551
chrom;7;4;00;0.565
chrom;7;5;00;0.500
chrom;7;6;00;0.578
chrom;7;7;00;0.515
chrom;7;8;00;0.584
chrom;7;9;00;0.547
chrom;7;10;00;0.563
chrom;7;11;00;0.531
gen;7;;00;6.701
chrom;8;0;00;0.581
chrom;8;1;00;0.484
chrom;8;2;00;0.547
chrom;8;3;00;0.547
chrom;8;4;00;0.562
chrom;8;5;00;0.555
chrom;8;6;00;0.562
chrom;8;7;00;0.547
chrom;8;8;00;0.500
chrom;8;9;00;0.547
chrom;8;10;00;0.562
chrom;8;11;00;0.453
gen;8;;00;6.464
chrom;9;0;00;0.549
chrom;9;1;00;0.523
chrom;9;2;00;0.578
chrom;9;3;00;0.500
chrom;9;4;00;0.531
chrom;9;5;00;0.580
chrom;9;6;00;0.594
chrom;9;7;00;0.469
chrom;9;8;00;0.578
chrom;9;9;00;0.542
chrom;9;10;00;0.516
chrom;9;11;00;0.580
gen;9;;00;6.590
chrom;10;0;00;0.532
chrom;10;1;00;0.484
chrom;10;2;00;0.552
chrom;10;3;00;0.488
chrom;10;4;00;0.562
chrom;10;5;00;0.479
chrom;10;6;00;0.547
chrom;10;7;00;0.535
chrom;10;8;00;0.531
chrom;10;9;00;0.545
chrom;10;10;00;0.469
chrom;10;11;00;0.550
gen;10;;00;6.340
chrom;11;0;00;0.531
chrom;11;1;00;0.516
chrom;11;2;00;0.562
chrom;11;3;00;0.545
chrom;11;4;00;0.533
chrom;11;5;00;0.547
chrom;11;6;00;0.515
chrom;11;7;00;0.562
chrom;11;8;00;0.437
chrom;11;9;00;0.547
chrom;11;10;00;0.515
chrom;11;11;00;0.562
gen;11;;00;6.452
chrom;12;0;00;0.562
chrom;12;1;00;0.531
chrom;12;2;00;0.552
chrom;12;3;00;0.547
chrom;12;4;00;0.563
chrom;12;5;00;0.496
chrom;12;6;00;0.504
chrom;12;7;00;0.531
chrom;12;8;00;0.500
chrom;12;9;00;0.536
chrom;12;10;00;0.500
chrom;12;11;00;0.547
gen;12;;00;6.462
chrom;13;0;00;0.557
chrom;13;1;00;0.500
chrom;13;2;00;0.531
chrom;13;3;00;0.515
chrom;13;4;00;0.391
chrom;13;5;00;0.497
chrom;13;6;00;0.516
chrom;13;7;00;0.514
chrom;13;8;00;0.484
chrom;13;9;00;0.426
chrom;13;10;00;0.531
chrom;13;11;00;0.438
gen;13;;00;6.010
chrom;14;0;00;0.554
chrom;14;1;00;0.531
chrom;14;2;00;0.562
chrom;14;3;00;0.573
chrom;14;4;00;0.505
chrom;14;5;00;0.609
chrom;14;6;00;0.535
chrom;14;7;00;0.437
chrom;14;8;00;0.541
chrom;14;9;00;0.640
chrom;14;10;00;0.553
chrom;14;11;00;1.183
gen;14;;00;7.383
chrom;15;0;00;0.640
chrom;15;1;00;0.545
chrom;15;2;00;0.578
chrom;15;3;00;0.500
chrom;15;4;00;0.465
chrom;15;5;00;0.560
chrom;15;6;00;0.570
chrom;15;7;00;0.548
chrom;15;8;00;0.484
chrom;15;9;00;0.500
chrom;15;10;00;0.547
chrom;15;11;00;0.472
gen;15;;00;6.477
chrom;16;0;00;0.562
chrom;16;1;00;0.500
chrom;16;2;00;0.562
chrom;16;3;00;0.469
chrom;16;4;00;0.547
chrom;16;5;00;0.562
chrom;16;6;00;0.500
chrom;16;7;00;0.559
chrom;16;8;00;0.516
chrom;16;9;00;0.532
chrom;16;10;00;0.500
chrom;16;11;00;0.465
gen;16;;00;6.353
chrom;17;0;00;0.547
chrom;17;1;00;0.516
chrom;17;2;00;0.500
chrom;17;3;00;0.488
chrom;17;4;00;0.500
chrom;17;5;00;0.469
chrom;17;6;00;0.562
chrom;17;7;00;0.531
chrom;17;8;00;0.437
chrom;17;9;00;0.562
chrom;17;10;00;0.518
chrom;17;11;00;0.578
gen;17;;00;6.238
chrom;18;0;00;0.586
chrom;18;1;00;0.531
chrom;18;2;00;0.536
chrom;18;3;00;0.516
chrom;18;4;00;0.578
chrom;18;5;00;0.484
chrom;18;6;00;0.508
chrom;18;7;00;0.531
chrom;18;8;00;0.589
chrom;18;9;00;0.563
chrom;18;10;00;0.547
chrom;18;11;00;0.547
gen;18;;00;6.547
chrom;19;0;00;0.547
chrom;19;1;00;0.562
chrom;19;2;00;0.562
chrom;19;3;00;0.469
chrom;19;4;00;0.562
chrom;19;5;00;0.414
chrom;19;6;00;0.484
chrom;19;7;00;0.594
chrom;19;8;00;0.516
chrom;19;9;00;0.515
chrom;19;10;00;0.524
chrom;19;11;00;0.562
gen;19;;00;6.405
chrom;20;0;00;0.473
chrom;20;1;00;0.521
chrom;20;2;00;0.553
chrom;20;3;00;0.460
chrom;20;4;00;0.562
chrom;20;5;00;0.578
chrom;20;6;00;0.531
chrom;20;7;00;0.511
chrom;20;8;00;0.547
chrom;20;9;00;0.500
chrom;20;10;00;0.441
chrom;20;11;00;0.526
gen;20;;00;6.213
chrom;21;0;00;0.521
chrom;21;1;00;0.531
chrom;21;2;00;0.518
chrom;21;3;00;0.477
chrom;21;4;00;0.500
chrom;21;5;00;0.515
chrom;21;6;00;0.519
chrom;21;7;00;0.453
chrom;21;8;00;0.507
chrom;21;9;00;0.531
chrom;21;10;00;0.578
chrom;21;11;00;0.487
gen;21;;00;6.185
chrom;22;0;00;0.500
chrom;22;1;00;0.556
chrom;22;2;00;0.513
chrom;22;3;00;0.483
chrom;22;4;00;0.542
chrom;22;5;00;0.487
chrom;22;6;00;0.545
chrom;22;7;00;0.434
chrom;22;8;00;0.531
chrom;22;9;00;0.562
chrom;22;10;00;0.422
chrom;22;11;00;0.516
gen;22;;00;6.127
chrom;23;0;00;0.516
chrom;23;1;00;0.562
chrom;23;2;00;0.502
chrom;23;3;00;0.456
chrom;23;4;00;0.549
chrom;23;5;00;0.533
chrom;23;6;00;0.547
chrom;23;7;00;0.516
chrom;23;8;00;0.567
chrom;23;9;00;0.484
chrom;23;10;00;0.434
chrom;23;11;00;0.609
gen;23;;00;6.326
chrom;24;0;00;0.578
chrom;24;1;00;0.544
chrom;24;2;00;0.500
chrom;24;3;00;0.476
chrom;24;4;00;0.563
chrom;24;5;00;0.469
chrom;24;6;00;0.610
chrom;24;7;00;0.516
chrom;24;8;00;0.578
chrom;24;9;00;0.516
chrom;24;10;00;0.567
chrom;24;11;00;0.562
gen;24;;00;6.514
chrom;25;0;00;0.548
chrom;25;1;00;0.501
chrom;25;2;00;0.547
chrom;25;3;00;0.484
chrom;25;4;00;0.500
chrom;25;5;00;0.586
chrom;25;6;00;0.531
chrom;25;7;00;0.580
chrom;25;8;00;0.484
chrom;25;9;00;0.500
chrom;25;10;00;0.531
chrom;25;11;00;0.535
gen;25;;00;6.421
chrom;26;0;00;0.531
chrom;26;1;00;0.562
chrom;26;2;00;0.547
chrom;26;3;00;0.500
chrom;26;4;00;0.573
chrom;26;5;00;0.500
chrom;26;6;00;0.501
chrom;26;7;00;0.479
chrom;26;8;00;0.522
chrom;26;9;00;0.437
chrom;26;10;00;0.469
chrom;26;11;00;0.500
gen;26;;00;6.199
chrom;27;0;00;0.531
chrom;27;1;00;0.453
chrom;27;2;00;0.531
chrom;27;3;00;0.484
chrom;27;4;00;0.567
chrom;27;5;00;0.500
chrom;27;6;00;0.562
chrom;27;7;00;0.531
chrom;27;8;00;0.479
chrom;27;9;00;0.531
chrom;27;10;00;0.455
chrom;27;11;00;0.500
gen;27;;00;6.188
chrom;28;0;00;0.566
chrom;28;1;00;0.516
chrom;28;2;00;0.506
chrom;28;3;00;0.469
chrom;28;4;00;0.516
chrom;28;5;00;0.531
chrom;28;6;00;0.478
chrom;28;7;00;0.516
chrom;28;8;00;0.516
chrom;28;9;00;0.531
chrom;28;10;00;0.510
chrom;28;11;00;0.517
gen;28;;00;6.250
chrom;29;0;00;0.536
chrom;29;1;00;0.562
chrom;29;2;00;0.500
chrom;29;3;00;0.515
chrom;29;4;00;0.437
chrom;29;5;00;0.531
chrom;29;6;00;0.515
chrom;29;7;00;0.522
chrom;29;8;00;0.516
chrom;29;9;00;0.515
chrom;29;10;00;0.531
chrom;29;11;00;0.458
gen;29;;00;6.187
chrom;30;0;00;0.516
chrom;30;1;00;0.469
chrom;30;2;00;0.453
chrom;30;3;00;0.516
chrom;30;4;00;0.484
chrom;30;5;00;0.491
chrom;30;6;00;0.484
chrom;30;7;00;0.391
chrom;30;8;00;0.531
chrom;30;9;00;0.501
chrom;30;10;00;0.455
chrom;30;11;00;0.469
gen;30;;00;5.837
chrom;31;0;00;0.500
chrom;31;1;00;0.552
chrom;31;2;00;0.469
chrom;31;3;00;0.506
chrom;31;4;00;0.469
chrom;31;5;00;0.500
chrom;31;6;00;0.481
chrom;31;7;00;0.484
chrom;31;8;00;0.484
chrom;31;9;00;0.547
chrom;31;10;00;0.484
chrom;31;11;00;0.437
gen;31;;00;5.990
chrom;32;0;00;0.515
chrom;32;1;00;0.503
chrom;32;2;00;0.469
chrom;32;3;00;0.465
chrom;32;4;00;0.469
chrom;32;5;00;0.469
chrom;32;6;00;0.484
chrom;32;7;00;0.406
chrom;32;8;00;0.500
chrom;32;9;00;0.500
chrom;32;10;00;0.535
chrom;32;11;00;0.469
gen;32;;00;5.909
chrom;33;0;00;0.479
chrom;33;1;00;0.471
chrom;33;2;00;0.484
chrom;33;3;00;0.453
chrom;33;4;00;0.484
chrom;33;5;00;0.547
chrom;33;6;00;0.487
chrom;33;7;00;0.500
chrom;33;8;00;0.391
chrom;33;9;00;0.500
chrom;33;10;00;0.453
chrom;33;11;00;0.531
gen;33;;00;5.796
chrom;34;0;00;0.542
chrom;34;1;00;0.469
chrom;34;2;00;0.516
chrom;34;3;00;0.469
chrom;34;4;00;0.442
chrom;34;5;00;0.547
chrom;34;6;00;0.437
chrom;34;7;00;0.484
chrom;34;8;00;0.505
chrom;34;9;00;0.469
chrom;34;10;00;0.512
chrom;34;11;00;0.422
gen;34;;00;5.859
chrom;35;0;00;0.484
chrom;35;1;00;0.516
chrom;35;2;00;0.500
chrom;35;3;00;0.537
chrom;35;4;00;0.469
chrom;35;5;00;0.464
chrom;35;6;00;0.505
chrom;35;7;00;0.391
chrom;35;8;00;0.484
chrom;35;9;00;0.484
chrom;35;10;00;0.496
chrom;35;11;00;0.490
gen;35;;00;5.897
chrom;36;0;00;0.511
chrom;36;1;00;0.469
chrom;36;2;00;0.500
chrom;36;3;00;0.492
chrom;36;4;00;0.551
chrom;36;5;00;0.498
chrom;36;6;00;0.484
chrom;36;7;00;0.512
chrom;36;8;00;0.437
chrom;36;9;00;0.484
chrom;36;10;00;0.437
chrom;36;11;00;0.482
gen;36;;00;5.951
chrom;37;0;00;0.496
chrom;37;1;00;0.484
chrom;37;2;00;0.468
chrom;37;3;00;0.450
chrom;37;4;00;0.422
chrom;37;5;00;0.516
chrom;37;6;00;0.469
chrom;37;7;00;0.484
chrom;37;8;00;0.437
chrom;37;9;00;0.500
chrom;37;10;00;0.437
chrom;37;11;00;0.474
gen;37;;00;5.704
chrom;38;0;00;0.487
chrom;38;1;00;0.434
chrom;38;2;00;0.469
chrom;38;3;00;0.511
chrom;38;4;00;0.484
chrom;38;5;00;0.501
chrom;38;6;00;0.406
chrom;38;7;00;0.422
chrom;38;8;00;0.484
chrom;38;9;00;0.469
chrom;38;10;00;0.453
chrom;38;11;00;0.516
gen;38;;00;5.666
chrom;39;0;00;0.484
chrom;39;1;00;0.448
chrom;39;2;00;0.493
chrom;39;3;00;0.453
chrom;39;4;00;0.516
chrom;39;5;00;0.453
chrom;39;6;00;0.481
chrom;39;7;00;0.416
chrom;39;8;00;0.477
chrom;39;9;00;0.499
chrom;39;10;00;0.406
chrom;39;11;00;0.512
gen;39;;00;5.700
chrom;40;0;00;0.484
chrom;40;1;00;0.489
chrom;40;2;00;0.486
chrom;40;3;00;0.500
chrom;40;4;00;0.516
chrom;40;5;00;0.520
chrom;40;6;00;0.445
chrom;40;7;00;0.484
chrom;40;8;00;0.406
chrom;40;9;00;0.429
chrom;40;10;00;0.453
chrom;40;11;00;0.469
gen;40;;00;5.754
chrom;41;0;00;0.516
chrom;41;1;00;0.484
chrom;41;2;00;0.471
chrom;41;3;00;0.469
chrom;41;4;00;0.500
chrom;41;5;00;0.484
chrom;41;6;00;0.484
chrom;41;7;00;0.440
chrom;41;8;00;0.484
chrom;41;9;00;0.557
chrom;41;10;00;0.437
chrom;41;11;00;0.486
gen;41;;00;5.859
chrom;42;0;00;0.500
chrom;42;1;00;0.486
chrom;42;2;00;0.422
chrom;42;3;00;0.516
chrom;42;4;00;0.476
chrom;42;5;00;0.500
chrom;42;6;00;0.484
chrom;42;7;00;0.484
chrom;42;8;00;0.500
chrom;42;9;00;0.453
chrom;42;10;00;0.531
chrom;42;11;00;0.469
gen;42;;00;5.930
chrom;43;0;00;0.469
chrom;43;1;00;0.475
chrom;43;2;00;0.484
chrom;43;3;00;0.508
chrom;43;4;00;0.498
chrom;43;5;00;0.453
chrom;43;6;00;0.515
chrom;43;7;00;0.489
chrom;43;8;00;0.492
chrom;43;9;00;0.467
chrom;43;10;00;0.484
chrom;43;11;00;0.469
gen;43;;00;5.872
chrom;44;0;00;0.516
chrom;44;1;00;0.520
chrom;44;2;00;0.484
chrom;44;3;00;0.461
chrom;44;4;00;0.503
chrom;44;5;00;0.469
chrom;44;6;00;0.445
chrom;44;7;00;0.516
chrom;44;8;00;0.515
chrom;44;9;00;0.437
chrom;44;10;00;0.516
chrom;44;11;00;0.453
gen;44;;00;5.870
chrom;45;0;00;0.488
chrom;45;1;00;0.481
chrom;45;2;00;0.484
chrom;45;3;00;0.500
chrom;45;4;00;0.469
chrom;45;5;00;0.531
chrom;45;6;00;0.404
chrom;45;7;00;0.540
chrom;45;8;00;0.468
chrom;45;9;00;0.449
chrom;45;10;00;0.606
chrom;45;11;00;0.521
gen;45;;00;6.002
chrom;46;0;00;0.549
chrom;46;1;00;0.491
chrom;46;2;00;0.559
chrom;46;3;00;0.452
chrom;46;4;00;0.470
chrom;46;5;00;0.468
chrom;46;6;00;0.482
chrom;46;7;00;0.402
chrom;46;8;00;0.492
chrom;46;9;00;0.526
chrom;46;10;00;0.524
chrom;46;11;00;0.501
gen;46;;00;5.989
chrom;47;0;00;0.507
chrom;47;1;00;0.546
chrom;47;2;00;0.514
chrom;47;3;00;0.529
chrom;47;4;00;0.520
chrom;47;5;00;0.497
chrom;47;6;00;0.551
chrom;47;7;00;0.500
chrom;47;8;00;0.521
chrom;47;9;00;0.420
chrom;47;10;00;0.486
chrom;47;11;00;0.501
gen;47;;00;6.166
chrom;48;0;00;0.504
chrom;48;1;00;0.482
chrom;48;2;00;0.504
chrom;48;3;00;0.474
chrom;48;4;00;0.476
chrom;48;5;00;0.576
chrom;48;6;00;0.530
chrom;48;7;00;0.543
chrom;48;8;00;0.518
chrom;48;9;00;0.535
chrom;48;10;00;0.517
chrom;48;11;00;0.433
gen;48;;00;6.168
chrom;49;0;00;0.528
chrom;49;1;00;0.491
chrom;49;2;00;0.506
chrom;49;3;00;0.523
chrom;49;4;00;0.520
chrom;49;5;00;0.487
chrom;49;6;00;0.490
chrom;49;7;00;0.494
chrom;49;8;00;0.481
chrom;49;9;00;0.496
chrom;49;10;00;0.489
chrom;49;11;00;0.436
gen;49;;00;6.016
chrom;50;0;00;0.523
chrom;50;1;00;0.491
chrom;50;2;00;0.505
chrom;50;3;00;0.481
chrom;50;4;00;0.490
chrom;50;5;00;0.484
chrom;50;6;00;0.434
chrom;50;7;00;0.478
chrom;50;8;00;0.491
chrom;50;9;00;0.533
chrom;50;10;00;0.506
chrom;50;11;00;0.492
gen;50;;00;5.977
chrom;51;0;00;0.520
chrom;51;1;00;0.506
chrom;51;2;00;0.488
chrom;51;3;00;0.481
chrom;51;4;00;0.533
chrom;51;5;00;0.460
chrom;51;6;00;0.505
chrom;51;7;00;0.520
chrom;51;8;00;0.481
chrom;51;9;00;0.480
chrom;51;10;00;0.485
chrom;51;11;00;0.496
gen;51;;00;6.026
chrom;52;0;00;0.500
chrom;52;1;00;0.502
chrom;52;2;00;0.503
chrom;52;3;00;0.501
chrom;52;4;00;0.421
chrom;52;5;00;0.438
chrom;52;6;00;0.514
chrom;52;7;00;0.513
chrom;52;8;00;0.532
chrom;52;9;00;0.493
chrom;52;10;00;0.529
chrom;52;11;00;0.515
gen;52;;00;6.036
chrom;53;0;00;0.522
chrom;53;1;00;0.476
chrom;53;2;00;0.517
chrom;53;3;00;0.486
chrom;53;4;00;0.478
chrom;53;5;00;0.498
chrom;53;6;00;0.429
chrom;53;7;00;0.485
chrom;53;8;00;0.530
chrom;53;9;00;0.491
chrom;53;10;00;0.507
chrom;53;11;00;0.504
gen;53;;00;5.994
chrom;54;0;00;0.495
chrom;54;1;00;0.473
chrom;54;2;00;0.498
chrom;54;3;00;0.493
chrom;54;4;00;0.488
chrom;54;5;00;0.446
chrom;54;6;00;0.477
chrom;54;7;00;0.509
chrom;54;8;00;0.528
chrom;54;9;00;0.490
chrom;54;10;00;0.510
chrom;54;11;00;0.501
gen;54;;00;5.981
chrom;55;0;00;0.521
chrom;55;1;00;0.496
chrom;55;2;00;0.512
chrom;55;3;00;0.523
chrom;55;4;00;0.502
chrom;55;5;00;0.526
chrom;55;6;00;0.507
chrom;55;7;00;0.480
chrom;55;8;00;0.490
chrom;55;9;00;0.467
chrom;55;10;00;0.546
chrom;55;11;00;0.483
gen;55;;00;6.127
chrom;56;0;00;0.503
chrom;56;1;00;0.496
chrom;56;2;00;0.501
chrom;56;3;00;0.504
chrom;56;4;00;0.484
chrom;56;5;00;0.524
chrom;56;6;00;0.500
chrom;56;7;00;0.469
chrom;56;8;00;0.429
chrom;56;9;00;0.540
chrom;56;10;00;0.518
chrom;56;11;00;0.464
gen;56;;00;6.021
chrom;57;0;00;0.530
chrom;57;1;00;0.490
chrom;57;2;00;0.466
chrom;57;3;00;0.483
chrom;57;4;00;0.514
chrom;57;5;00;0.516
chrom;57;6;00;0.529
chrom;57;7;00;0.456
chrom;57;8;00;0.526
chrom;57;9;00;0.406
chrom;57;10;00;0.526
chrom;57;11;00;0.493
gen;57;;00;6.008
chrom;58;0;00;0.525
chrom;58;1;00;0.452
chrom;58;2;00;0.453
chrom;58;3;00;0.532
chrom;58;4;00;0.520
chrom;58;5;00;0.514
chrom;58;6;00;0.475
chrom;58;7;00;0.472
chrom;58;8;00;0.480
chrom;58;9;00;0.477
chrom;58;10;00;0.513
chrom;58;11;00;0.472
gen;58;;00;5.962
chrom;59;0;00;0.544
chrom;59;1;00;0.577
chrom;59;2;00;0.510
chrom;59;3;00;0.477
chrom;59;4;00;0.526
chrom;59;5;00;0.532
chrom;59;6;00;0.520
chrom;59;7;00;0.562
chrom;59;8;00;0.586
chrom;59;9;00;0.599
chrom;59;10;00;0.545
chrom;59;11;00;0.564
gen;59;;00;6.614
chrom;60;0;00;0.518
chrom;60;1;00;0.535
chrom;60;2;00;0.534
chrom;60;3;00;0.567
chrom;60;4;00;0.536
chrom;60;5;00;0.547
chrom;60;6;00;0.662
chrom;60;7;00;0.674
chrom;60;8;00;0.654
chrom;60;9;00;0.611
chrom;60;10;00;0.510
chrom;60;11;00;0.506
gen;60;;00;6.942
chrom;61;0;00;0.542
chrom;61;1;00;0.516
chrom;61;2;00;0.556
chrom;61;3;00;0.531
chrom;61;4;00;0.499
chrom;61;5;00;0.542
chrom;61;6;00;0.441
chrom;61;7;00;0.519
chrom;61;8;00;0.485
chrom;61;9;00;0.486
chrom;61;10;00;0.435
chrom;61;11;00;0.446
gen;61;;00;6.086
chrom;62;0;00;0.566
chrom;62;1;00;0.641
chrom;62;2;00;0.583
chrom;62;3;00;0.507
chrom;62;4;00;0.511
chrom;62;5;00;0.529
chrom;62;6;00;0.535
chrom;62;7;00;0.523
chrom;62;8;00;0.579
chrom;62;9;00;0.538
chrom;62;10;00;0.504
chrom;62;11;00;0.474
gen;62;;00;6.599
chrom;63;0;00;0.539
chrom;63;1;00;0.537
chrom;63;2;00;0.526
chrom;63;3;00;0.512
chrom;63;4;00;0.653
chrom;63;5;00;0.539
chrom;63;6;00;0.420
chrom;63;7;00;0.427
chrom;63;8;00;0.475
chrom;63;9;00;0.501
chrom;63;10;00;0.508
chrom;63;11;00;0.555
gen;63;;00;6.282
chrom;64;0;00;0.520
chrom;64;1;00;0.491
chrom;64;2;00;0.498
chrom;64;3;00;0.547
chrom;64;4;00;0.420
chrom;64;5;00;0.508
chrom;64;6;00;0.556
chrom;64;7;00;0.493
chrom;64;8;00;0.528
chrom;64;9;00;0.474
chrom;64;10;00;0.428
chrom;64;11;00;0.485
gen;64;;00;6.022
chrom;65;0;00;0.513
chrom;65;1;00;0.491
chrom;65;2;00;0.475
chrom;65;3;00;0.469
chrom;65;4;00;0.474
chrom;65;5;00;0.489
chrom;65;6;00;0.425
chrom;65;7;00;0.450
chrom;65;8;00;0.482
chrom;65;9;00;0.395
chrom;65;10;00;0.513
chrom;65;11;00;0.501
gen;65;;00;5.770
chrom;66;0;00;0.477
chrom;66;1;00;0.496
chrom;66;2;00;0.492
chrom;66;3;00;0.465
chrom;66;4;00;0.472
chrom;66;5;00;0.562
chrom;66;6;00;0.504
chrom;66;7;00;0.469
chrom;66;8;00;0.491
chrom;66;9;00;0.402
chrom;66;10;00;0.506
chrom;66;11;00;0.557
gen;66;;00;5.978
chrom;67;0;00;0.472
chrom;67;1;00;0.504
chrom;67;2;00;0.517
chrom;67;3;00;0.515
chrom;67;4;00;0.493
chrom;67;5;00;0.512
chrom;67;6;00;0.492
chrom;67;7;00;0.508
chrom;67;8;00;0.717
chrom;67;9;00;0.703
chrom;67;10;00;0.594
chrom;67;11;00;0.569
gen;67;;00;6.704
chrom;68;0;00;0.580
chrom;68;1;00;0.593
chrom;68;2;00;0.503
chrom;68;3;00;0.547
chrom;68;4;00;0.491
chrom;68;5;00;0.484
chrom;68;6;00;0.502
chrom;68;7;00;0.540
chrom;68;8;00;0.401
chrom;68;9;00;0.545
chrom;68;10;00;0.499
chrom;68;11;00;0.544
gen;68;;00;6.310
chrom;69;0;00;0.503
chrom;69;1;00;0.449
chrom;69;2;00;0.533
chrom;69;3;00;0.649
chrom;69;4;00;0.579
chrom;69;5;00;0.545
chrom;69;6;00;0.565
chrom;69;7;00;0.553
chrom;69;8;00;0.570
chrom;69;9;00;0.571
chrom;69;10;00;0.576
chrom;69;11;00;0.535
gen;69;;00;6.723
chrom;70;0;00;0.558
chrom;70;1;00;0.490
chrom;70;2;00;0.529
chrom;70;3;00;0.506
chrom;70;4;00;0.523
chrom;70;5;00;0.515
chrom;70;6;00;0.577
chrom;70;7;00;0.577
chrom;70;8;00;0.544
chrom;70;9;00;0.513
chrom;70;10;00;0.563
chrom;70;11;00;0.515
gen;70;;00;6.480
chrom;71;0;00;0.539
chrom;71;1;00;0.529
chrom;71;2;00;0.642
chrom;71;3;00;0.539
chrom;71;4;00;0.746
chrom;71;5;00;0.603
chrom;71;6;00;0.448
chrom;71;7;00;0.517
chrom;71;8;00;0.490
chrom;71;9;00;0.513
chrom;71;10;00;0.647
chrom;71;11;00;0.555
gen;71;;00;6.872
chrom;72;0;00;0.728
chrom;72;1;00;0.547
chrom;72;2;00;0.518
chrom;72;3;00;0.528
chrom;72;4;00;0.564
chrom;72;5;00;0.736
chrom;72;6;00;0.567
chrom;72;7;00;0.549
chrom;72;8;00;0.538
chrom;72;9;00;0.610
chrom;72;10;00;0.504
chrom;72;11;00;0.548
gen;72;;00;7.009
chrom;73;0;00;0.555
chrom;73;1;00;0.472
chrom;73;2;00;0.544
chrom;73;3;00;0.546
chrom;73;4;00;0.513
chrom;73;5;00;0.535
chrom;73;6;00;0.513
chrom;73;7;00;0.569
chrom;73;8;00;0.528
chrom;73;9;00;0.527
chrom;73;10;00;0.448
chrom;73;11;00;0.553
gen;73;;00;6.362
chrom;74;0;00;0.545
chrom;74;1;00;0.478
chrom;74;2;00;0.470
chrom;74;3;00;0.493
chrom;74;4;00;0.522
chrom;74;5;00;0.522
chrom;74;6;00;0.403
chrom;74;7;00;0.522
chrom;74;8;00;0.491
chrom;74;9;00;0.571
chrom;74;10;00;0.497
chrom;74;11;00;0.479
gen;74;;00;6.073
chrom;75;0;00;0.521
chrom;75;1;00;0.543
chrom;75;2;00;0.490
chrom;75;3;00;0.484
chrom;75;4;00;0.500
chrom;75;5;00;0.531
chrom;75;6;00;0.427
chrom;75;7;00;0.516
chrom;75;8;00;0.522
chrom;75;9;00;0.559
chrom;75;10;00;0.536
chrom;75;11;00;0.478
gen;75;;00;6.174
chrom;76;0;00;0.504
chrom;76;1;00;0.569
chrom;76;2;00;0.476
chrom;76;3;00;0.521
chrom;76;4;00;0.540
chrom;76;5;00;0.528
chrom;76;6;00;0.507
chrom;76;7;00;0.555
chrom;76;8;00;0.543
chrom;76;9;00;0.577
chrom;76;10;00;0.515
chrom;76;11;00;0.540
gen;76;;00;6.432
chrom;77;0;00;0.548
chrom;77;1;00;0.493
chrom;77;2;00;0.534
chrom;77;3;00;0.525
chrom;77;4;00;0.561
chrom;77;5;00;0.510
chrom;77;6;00;0.482
chrom;77;7;00;0.542
chrom;77;8;00;0.505
chrom;77;9;00;0.409
chrom;77;10;00;0.502
chrom;77;11;00;0.523
gen;77;;00;6.199
chrom;78;0;00;0.511
chrom;78;1;00;0.471
chrom;78;2;00;0.500
chrom;78;3;00;0.524
chrom;78;4;00;0.525
chrom;78;5;00;0.522
chrom;78;6;00;0.475
chrom;78;7;00;0.434
chrom;78;8;00;0.522
chrom;78;9;00;0.497
chrom;78;10;00;0.475
chrom;78;11;00;0.439
gen;78;;00;5.943
chrom;79;0;00;0.486
chrom;79;1;00;0.473
chrom;79;2;00;0.499
chrom;79;3;00;0.472
chrom;79;4;00;0.477
chrom;79;5;00;0.482
chrom;79;6;00;0.522
chrom;79;7;00;0.528
chrom;79;8;00;0.426
chrom;79;9;00;0.440
chrom;79;10;00;0.531
chrom;79;11;00;0.414
gen;79;;00;5.845
chrom;80;0;00;0.460
chrom;80;1;00;0.465
chrom;80;2;00;0.506
chrom;80;3;00;0.513
chrom;80;4;00;0.506
chrom;80;5;00;0.513
chrom;80;6;00;0.459
chrom;80;7;00;0.490
chrom;80;8;00;0.425
chrom;80;9;00;0.442
chrom;80;10;00;0.504
chrom;80;11;00;0.488
gen;80;;00;5.851
chrom;81;0;00;0.461
chrom;81;1;00;0.441
chrom;81;2;00;0.481
chrom;81;3;00;0.554
chrom;81;4;00;0.450
chrom;81;5;00;0.505
chrom;81;6;00;0.472
chrom;81;7;00;0.513
chrom;81;8;00;0.441
chrom;81;9;00;0.482
chrom;81;10;00;0.456
chrom;81;11;00;0.540
gen;81;;00;5.872
chrom;82;0;00;0.492
chrom;82;1;00;0.472
chrom;82;2;00;0.481
chrom;82;3;00;0.522
chrom;82;4;00;0.463
chrom;82;5;00;0.522
chrom;82;6;00;0.544
chrom;82;7;00;0.474
chrom;82;8;00;0.525
chrom;82;9;00;0.475
chrom;82;10;00;0.535
chrom;82;11;00;0.499
gen;82;;00;6.089
chrom;83;0;00;0.494
chrom;83;1;00;0.463
chrom;83;2;00;0.500
chrom;83;3;00;0.468
chrom;83;4;00;0.452
chrom;83;5;00;0.480
chrom;83;6;00;0.451
chrom;83;7;00;0.587
chrom;83;8;00;0.557
chrom;83;9;00;0.522
chrom;83;10;00;0.528
chrom;83;11;00;0.537
gen;83;;00;6.122
chrom;84;0;00;0.528
chrom;84;1;00;0.545
chrom;84;2;00;0.622
chrom;84;3;00;0.656
chrom;84;4;00;0.542
chrom;84;5;00;0.593
chrom;84;6;00;0.455
chrom;84;7;00;0.531
chrom;84;8;00;0.449
chrom;84;9;00;0.521
chrom;84;10;00;0.544
chrom;84;11;00;0.507
gen;84;;00;6.572
chrom;85;0;00;0.552
chrom;85;1;00;0.462
chrom;85;2;00;0.525
chrom;85;3;00;0.495
chrom;85;4;00;0.480
chrom;85;5;00;0.484
chrom;85;6;00;0.478
chrom;85;7;00;0.510
chrom;85;8;00;0.459
chrom;85;9;00;0.525
chrom;85;10;00;0.459
chrom;85;11;00;0.442
gen;85;;00;5.966
chrom;86;0;00;0.512
chrom;86;1;00;0.538
chrom;86;2;00;0.482
chrom;86;3;00;0.505
chrom;86;4;00;0.508
chrom;86;5;00;0.509
chrom;86;6;00;0.446
chrom;86;7;00;0.526
chrom;86;8;00;0.491
chrom;86;9;00;0.498
chrom;86;10;00;0.395
chrom;86;11;00;0.491
gen;86;;00;5.966
chrom;87;0;00;0.529
chrom;87;1;00;0.509
chrom;87;2;00;0.594
chrom;87;3;00;0.512
chrom;87;4;00;0.573
chrom;87;5;00;0.481
chrom;87;6;00;0.462
chrom;87;7;00;0.468
chrom;87;8;00;0.620
chrom;87;9;00;0.585
chrom;87;10;00;0.496
chrom;87;11;00;0.454
gen;87;;00;6.347
chrom;88;0;00;0.481
chrom;88;1;00;0.545
chrom;88;2;00;0.484
chrom;88;3;00;0.522
chrom;88;4;00;0.513
chrom;88;5;00;0.475
chrom;88;6;00;0.513
chrom;88;7;00;0.506
chrom;88;8;00;0.467
chrom;88;9;00;0.505
chrom;88;10;00;0.490
chrom;88;11;00;0.497
gen;88;;00;6.097
chrom;89;0;00;0.490
chrom;89;1;00;0.466
chrom;89;2;00;0.491
chrom;89;3;00;0.513
chrom;89;4;00;0.537
chrom;89;5;00;0.445
chrom;89;6;00;0.528
chrom;89;7;00;0.477
chrom;89;8;00;0.543
chrom;89;9;00;0.489
chrom;89;10;00;0.481
chrom;89;11;00;0.459
gen;89;;00;5.934
chrom;90;0;00;0.506
chrom;90;1;00;0.451
chrom;90;2;00;0.537
chrom;90;3;00;0.481
chrom;90;4;00;0.520
chrom;90;5;00;0.461
chrom;90;6;00;0.420
chrom;90;7;00;0.505
chrom;90;8;00;0.477
chrom;90;9;00;0.463
chrom;90;10;00;0.410
chrom;90;11;00;0.495
gen;90;;00;5.759
chrom;91;0;00;0.525
chrom;91;1;00;0.476
chrom;91;2;00;0.465
chrom;91;3;00;0.459
chrom;91;4;00;0.498
chrom;91;5;00;0.490
chrom;91;6;00;0.467
chrom;91;7;00;0.458
chrom;91;8;00;0.520
chrom;91;9;00;0.467
chrom;91;10;00;0.510
chrom;91;11;00;0.394
gen;91;;00;5.917
chrom;92;0;00;0.515
chrom;92;1;00;0.467
chrom;92;2;00;0.476
chrom;92;3;00;0.458
chrom;92;4;00;0.507
chrom;92;5;00;0.490
chrom;92;6;00;0.522
chrom;92;7;00;0.497
chrom;92;8;00;0.490
chrom;92;9;00;0.509
chrom;92;10;00;0.478
chrom;92;11;00;0.530
gen;92;;00;6.018
chrom;93;0;00;0.495
chrom;93;1;00;0.471
chrom;93;2;00;0.513
chrom;93;3;00;0.480
chrom;93;4;00;0.428
chrom;93;5;00;0.482
chrom;93;6;00;0.491
chrom;93;7;00;0.498
chrom;93;8;00;0.521
chrom;93;9;00;0.451
chrom;93;10;00;0.523
chrom;93;11;00;0.525
gen;93;;00;5.965
chrom;94;0;00;0.512
chrom;94;1;00;0.480
chrom;94;2;00;0.499
chrom;94;3;00;0.481
chrom;94;4;00;0.482
chrom;94;5;00;0.505
chrom;94;6;00;0.381
chrom;94;7;00;0.498
chrom;94;8;00;0.475
chrom;94;9;00;0.494
chrom;94;10;00;0.474
chrom;94;11;00;0.412
gen;94;;00;5.772
chrom;95;0;00;0.529
chrom;95;1;00;0.443
chrom;95;2;00;0.474
chrom;95;3;00;0.513
chrom;95;4;00;0.506
chrom;95;5;00;0.527
chrom;95;6;00;0.398
chrom;95;7;00;0.520
chrom;95;8;00;0.469
chrom;95;9;00;0.473
chrom;95;10;00;0.414
chrom;95;11;00;0.466
gen;95;;00;5.794
chrom;96;0;00;0.474
chrom;96;1;00;0.459
chrom;96;2;00;0.482
chrom;96;3;00;0.499
chrom;96;4;00;0.520
chrom;96;5;00;0.397
chrom;96;6;00;0.486
chrom;96;7;00;0.518
chrom;96;8;00;0.458
chrom;96;9;00;0.460
chrom;96;10;00;0.449
chrom;96;11;00;0.444
gen;96;;00;5.740
chrom;97;0;00;0.530
chrom;97;1;00;0.473
chrom;97;2;00;0.537
chrom;97;3;00;0.452
chrom;97;4;00;0.506
chrom;97;5;00;0.481
chrom;97;6;00;0.506
chrom;97;7;00;0.412
chrom;97;8;00;0.528
chrom;97;9;00;0.522
chrom;97;10;00;0.435
chrom;97;11;00;0.422
gen;97;;00;5.840
chrom;98;0;00;0.488
chrom;98;1;00;0.447
chrom;98;2;00;0.503
chrom;98;3;00;0.463
chrom;98;4;00;0.482
chrom;98;5;00;0.491
chrom;98;6;00;0.475
chrom;98;7;00;0.513
chrom;98;8;00;0.452
chrom;98;9;00;0.519
chrom;98;10;00;0.473
chrom;98;11;00;0.509
gen;98;;00;5.872
chrom;99;0;00;0.464
chrom;99;1;00;0.471
chrom;99;2;00;0.513
chrom;99;3;00;0.512
chrom;99;4;00;0.493
chrom;99;5;00;0.510
chrom;99;6;00;0.493
chrom;99;7;00;0.444
chrom;99;8;00;0.506
chrom;99;9;00;0.513
chrom;99;10;00;0.503
chrom;99;11;00;0.409
gen;99;;00;5.882
chrom;100;0;00;0.481
chrom;100;1;00;0.462
chrom;100;2;00;0.527
chrom;100;3;00;0.492
chrom;100;4;00;0.480
chrom;100;5;00;0.458
chrom;100;6;00;0.487
chrom;100;7;00;0.501
chrom;100;8;00;0.506
chrom;100;9;00;0.428
chrom;100;10;00;0.529
chrom;100;11;00;0.574
gen;100;;00;6.034
chrom;101;0;00;0.475
chrom;101;1;00;0.508
chrom;101;2;00;0.475
chrom;101;3;00;0.507
chrom;101;4;00;0.467
chrom;101;5;00;0.521
chrom;101;6;00;0.497
chrom;101;7;00;0.506
chrom;101;8;00;0.475
chrom;101;9;00;0.497
chrom;101;10;00;0.506
chrom;101;11;00;0.403
gen;101;;00;5.918
chrom;102;0;00;0.445
chrom;102;1;00;0.475
chrom;102;2;00;0.512
chrom;102;3;00;0.475
chrom;102;4;00;0.496
chrom;102;5;00;0.538
chrom;102;6;00;0.513
chrom;102;7;00;0.428
chrom;102;8;00;0.474
chrom;102;9;00;0.411
chrom;102;10;00;0.467
chrom;102;11;00;0.505
gen;102;;00;5.801
chrom;103;0;00;0.483
chrom;103;1;00;0.463
chrom;103;2;00;0.485
chrom;103;3;00;0.481
chrom;103;4;00;0.475
chrom;103;5;00;0.513
chrom;103;6;00;0.428
chrom;103;7;00;0.455
chrom;103;8;00;0.470
chrom;103;9;00;0.526
chrom;103;10;00;0.424
chrom;103;11;00;0.515
gen;103;;00;5.810
chrom;104;0;00;0.477
chrom;104;1;00;0.479
chrom;104;2;00;0.493
chrom;104;3;00;0.480
chrom;104;4;00;0.470
chrom;104;5;00;0.444
chrom;104;6;00;0.497
chrom;104;7;00;0.610
chrom;104;8;00;0.503
chrom;104;9;00;0.487
chrom;104;10;00;0.469
chrom;104;11;00;0.526
gen;104;;00;6.049
chrom;105;0;00;0.480
chrom;105;1;00;0.455
chrom;105;2;00;0.509
chrom;105;3;00;0.508
chrom;105;4;00;0.522
chrom;105;5;00;0.435
chrom;105;6;00;0.506
chrom;105;7;00;0.497
chrom;105;8;00;0.459
chrom;105;9;00;0.499
chrom;105;10;00;0.427
chrom;105;11;00;0.459
gen;105;;00;5.853
chrom;106;0;00;0.540
chrom;106;1;00;0.525
chrom;106;2;00;0.526
chrom;106;3;00;0.487
chrom;106;4;00;0.478
chrom;106;5;00;0.453
chrom;106;6;00;0.514
chrom;106;7;00;0.477
chrom;106;8;00;0.510
chrom;106;9;00;0.428
chrom;106;10;00;0.475
chrom;106;11;00;0.476
gen;106;;00;5.934
chrom;107;0;00;0.507
chrom;107;1;00;0.496
chrom;107;2;00;0.476
chrom;107;3;00;0.497
chrom;107;4;00;0.537
chrom;107;5;00;0.529
chrom;107;6;00;0.490
chrom;107;7;00;0.459
chrom;107;8;00;0.450
chrom;107;9;00;0.428
chrom;107;10;00;0.506
chrom;107;11;00;0.481
gen;107;;00;5.919
chrom;108;0;00;0.457
chrom;108;1;00;0.499
chrom;108;2;00;0.491
chrom;108;3;00;0.513
chrom;108;4;00;0.506
chrom;108;5;00;0.475
chrom;108;6;00;0.419
chrom;108;7;00;0.490
chrom;108;8;00;0.488
chrom;108;9;00;0.423
chrom;108;10;00;0.519
chrom;108;11;00;0.498
gen;108;;00;5.871
chrom;109;0;00;0.507
chrom;109;1;00;0.459
chrom;109;2;00;0.512
chrom;109;3;00;0.490
chrom;109;4;00;0.419
chrom;109;5;00;0.429
chrom;109;6;00;0.485
chrom;109;7;00;0.517
chrom;109;8;00;0.448
chrom;109;9;00;0.471
chrom;109;10;00;0.541
chrom;109;11;00;0.477
gen;109;;00;5.850
chrom;110;0;00;0.463
chrom;110;1;00;0.494
chrom;110;2;00;0.497
chrom;110;3;00;0.472
chrom;110;4;00;0.472
chrom;110;5;00;0.512
chrom;110;6;00;0.398
chrom;110;7;00;0.511
chrom;110;8;00;0.482
chrom;110;9;00;0.609
chrom;110;10;00;0.518
chrom;110;11;00;0.407
gen;110;;00;5.922
chrom;111;0;00;0.544
chrom;111;1;00;0.545
chrom;111;2;00;0.475
chrom;111;3;00;0.512
chrom;111;4;00;0.513
chrom;111;5;00;0.537
chrom;111;6;00;0.496
chrom;111;7;00;0.792
chrom;111;8;00;0.558
chrom;111;9;00;0.484
chrom;111;10;00;0.478
chrom;111;11;00;0.470
gen;111;;00;6.461
chrom;112;0;00;0.487
chrom;112;1;00;0.504
chrom;112;2;00;0.466
chrom;112;3;00;0.484
chrom;112;4;00;0.500
chrom;112;5;00;0.521
chrom;112;6;00;0.448
chrom;112;7;00;0.519
chrom;112;8;00;0.540
chrom;112;9;00;0.507
chrom;112;10;00;0.488
chrom;112;11;00;0.517
gen;112;;00;6.048
chrom;113;0;00;0.486
chrom;113;1;00;0.526
chrom;113;2;00;0.519
chrom;113;3;00;0.545
chrom;113;4;00;0.633
chrom;113;5;00;0.711
chrom;113;6;00;0.513
chrom;113;7;00;0.515
chrom;113;8;00;0.496
chrom;113;9;00;0.495
chrom;113;10;00;0.519
chrom;113;11;00;0.607
gen;113;;00;6.635
chrom;114;0;00;0.582
chrom;114;1;00;0.461
chrom;114;2;00;0.540
chrom;114;3;00;0.492
chrom;114;4;00;0.425
chrom;114;5;00;0.536
chrom;114;6;00;0.563
chrom;114;7;00;0.462
chrom;114;8;00;0.507
chrom;114;9;00;0.539
chrom;114;10;00;0.461
chrom;114;11;00;0.509
gen;114;;00;6.171
chrom;115;0;00;0.568
chrom;115;1;00;0.501
chrom;115;2;00;0.458
chrom;115;3;00;0.462
chrom;115;4;00;0.525
chrom;115;5;00;0.494
chrom;115;6;00;0.512
chrom;115;7;00;0.532
chrom;115;8;00;0.394
chrom;115;9;00;0.474
chrom;115;10;00;0.514
chrom;115;11;00;0.508
gen;115;;00;5.990
chrom;116;0;00;0.778
chrom;116;1;00;0.539
chrom;116;2;00;0.548
chrom;116;3;00;0.768
chrom;116;4;00;0.635
chrom;116;5;00;0.514
chrom;116;6;00;0.498
chrom;116;7;00;0.497
chrom;116;8;00;0.563
chrom;116;9;00;0.494
chrom;116;10;00;0.506
chrom;116;11;00;0.512
gen;116;;00;6.955
chrom;117;0;00;0.492
chrom;117;1;00;0.465
chrom;117;2;00;0.542
chrom;117;3;00;0.599
chrom;117;4;00;0.522
chrom;117;5;00;0.515
chrom;117;6;00;0.506
chrom;117;7;00;0.491
chrom;117;8;00;0.399
chrom;117;9;00;0.521
chrom;117;10;00;0.525
chrom;117;11;00;0.485
gen;117;;00;6.207
chrom;118;0;00;0.561
chrom;118;1;00;0.503
chrom;118;2;00;0.538
chrom;118;3;00;0.489
chrom;118;4;00;0.493
chrom;118;5;00;0.486
chrom;118;6;00;0.471
chrom;118;7;00;0.525
chrom;118;8;00;0.526
chrom;118;9;00;0.488
chrom;118;10;00;0.530
chrom;118;11;00;0.478
gen;118;;00;6.155
chrom;119;0;00;0.493
chrom;119;1;00;0.523
chrom;119;2;00;0.459
chrom;119;3;00;0.481
chrom;119;4;00;0.477
chrom;119;5;00;0.418
chrom;119;6;00;0.489
chrom;119;7;00;0.481
chrom;119;8;00;0.495
chrom;119;9;00;0.483
chrom;119;10;00;0.461
chrom;119;11;00;0.397
gen;119;;00;5.722
chrom;120;0;00;0.497
chrom;120;1;00;0.491
chrom;120;2;00;0.481
chrom;120;3;00;0.491
chrom;120;4;00;0.484
chrom;120;5;00;0.483
chrom;120;6;00;0.475
chrom;120;7;00;0.481
chrom;120;8;00;0.398
chrom;120;9;00;0.506
chrom;120;10;00;0.498
chrom;120;11;00;0.474
gen;120;;00;5.825
chrom;121;0;00;0.497
chrom;121;1;00;0.475
chrom;121;2;00;0.519
chrom;121;3;00;0.578
chrom;121;4;00;0.537
chrom;121;5;00;0.459
chrom;121;6;00;0.506
chrom;121;7;00;0.513
chrom;121;8;00;0.522
chrom;121;9;00;0.513
chrom;121;10;00;0.419
chrom;121;11;00;0.547
gen;121;;00;6.144
chrom;122;0;00;0.683
chrom;122;1;00;0.578
chrom;122;2;00;0.520
chrom;122;3;00;0.481
chrom;122;4;00;0.538
chrom;122;5;00;0.529
chrom;122;6;00;0.488
chrom;122;7;00;0.432
chrom;122;8;00;0.515
chrom;122;9;00;0.418
chrom;122;10;00;0.486
chrom;122;11;00;0.507
gen;122;;00;6.254
chrom;123;0;00;0.477
chrom;123;1;00;0.484
chrom;123;2;00;0.517
chrom;123;3;00;0.510
chrom;123;4;00;0.493
chrom;123;5;00;0.489
chrom;123;6;00;0.498
chrom;123;7;00;0.490
chrom;123;8;00;0.460
chrom;123;9;00;0.499
chrom;123;10;00;0.550
chrom;123;11;00;0.571
gen;123;;00;6.078
chrom;124;0;00;0.569
chrom;124;1;00;0.563
chrom;124;2;00;0.550
chrom;124;3;00;0.503
chrom;124;4;00;0.544
chrom;124;5;00;0.548
chrom;124;6;00;0.531
chrom;124;7;00;0.475
chrom;124;8;00;0.541
chrom;124;9;00;0.524
chrom;124;10;00;0.484
chrom;124;11;00;0.486
gen;124;;00;6.393
chrom;125;0;00;0.505
chrom;125;1;00;0.486
chrom;125;2;00;0.490
chrom;125;3;00;0.490
chrom;125;4;00;0.503
chrom;125;5;00;0.475
chrom;125;6;00;0.604
chrom;125;7;00;0.546
chrom;125;8;00;0.573
chrom;125;9;00;0.581
chrom;125;10;00;0.727
chrom;125;11;00;0.555
gen;125;;00;6.598
chrom;126;0;00;0.479
chrom;126;1;00;0.475
chrom;126;2;00;0.482
chrom;126;3;00;0.566
chrom;126;4;00;0.497
chrom;126;5;00;0.519
chrom;126;6;00;0.609
chrom;126;7;00;0.550
chrom;126;8;00;0.507
chrom;126;9;00;0.601
chrom;126;10;00;0.543
chrom;126;11;00;0.513
gen;126;;00;6.420
chrom;127;0;00;0.470
chrom;127;1;00;0.514
chrom;127;2;00;0.474
chrom;127;3;00;0.493
chrom;127;4;00;0.480
chrom;127;5;00;0.396
chrom;127;6;00;0.493
chrom;127;7;00;0.502
chrom;127;8;00;0.514
chrom;127;9;00;0.493
chrom;127;10;00;0.537
chrom;127;11;00;0.489
gen;127;;00;5.953
chrom;128;0;00;0.489
chrom;128;1;00;0.461
chrom;128;2;00;0.528
chrom;128;3;00;0.491
chrom;128;4;00;0.497
chrom;128;5;00;0.428
chrom;128;6;00;0.531
chrom;128;7;00;0.520
chrom;128;8;00;0.524
chrom;128;9;00;0.498
chrom;128;10;00;0.506
chrom;128;11;00;0.516
gen;128;;00;6.060
chrom;129;0;00;0.472
chrom;129;1;00;0.484
chrom;129;2;00;0.510
chrom;129;3;00;0.526
chrom;129;4;00;0.459
chrom;129;5;00;0.396
chrom;129;6;00;0.467
chrom;129;7;00;0.505
chrom;129;8;00;0.515
chrom;129;9;00;0.422
chrom;129;10;00;0.513
chrom;129;11;00;0.514
gen;129;;00;5.840
chrom;130;0;00;0.467
chrom;130;1;00;0.464
chrom;130;2;00;0.537
chrom;130;3;00;0.493
chrom;130;4;00;0.509
chrom;130;5;00;0.401
chrom;130;6;00;0.523
chrom;130;7;00;0.512
chrom;130;8;00;0.491
chrom;130;9;00;0.482
chrom;130;10;00;0.531
chrom;130;11;00;0.441
gen;130;;00;5.952
chrom;131;0;00;0.458
chrom;131;1;00;0.490
chrom;131;2;00;0.545
chrom;131;3;00;0.535
chrom;131;4;00;0.479
chrom;131;5;00;0.414
chrom;131;6;00;0.541
chrom;131;7;00;0.492
chrom;131;8;00;0.459
chrom;131;9;00;0.483
chrom;131;10;00;0.474
chrom;131;11;00;0.513
gen;131;;00;5.980
chrom;132;0;00;0.501
chrom;132;1;00;0.500
chrom;132;2;00;0.475
chrom;132;3;00;0.507
chrom;132;4;00;0.467
chrom;132;5;00;0.536
chrom;132;6;00;0.512
chrom;132;7;00;0.538
chrom;132;8;00;0.471
chrom;132;9;00;0.511
chrom;132;10;00;0.497
chrom;132;11;00;0.428
gen;132;;00;5.997
chrom;133;0;00;0.475
chrom;133;1;00;0.483
chrom;133;2;00;0.520
chrom;133;3;00;0.529
chrom;133;4;00;0.411
chrom;133;5;00;0.507
chrom;133;6;00;0.528
chrom;133;7;00;0.538
chrom;133;8;00;0.436
chrom;133;9;00;0.698
chrom;133;10;00;0.721
chrom;133;11;00;0.510
gen;133;;00;6.409
chrom;134;0;00;0.475
chrom;134;1;00;0.477
chrom;134;2;00;0.514
chrom;134;3;00;0.475
chrom;134;4;00;0.678
chrom;134;5;00;0.771
chrom;134;6;00;0.493
chrom;134;7;00;0.482
chrom;134;8;00;0.546
chrom;134;9;00;0.507
chrom;134;10;00;0.493
chrom;134;11;00;0.525
gen;134;;00;6.557
chrom;135;0;00;0.490
chrom;135;1;00;0.452
chrom;135;2;00;0.559
chrom;135;3;00;0.509
chrom;135;4;00;0.492
chrom;135;5;00;0.489
chrom;135;6;00;0.521
chrom;135;7;00;0.485
chrom;135;8;00;0.531
chrom;135;9;00;0.471
chrom;135;10;00;0.510
chrom;135;11;00;0.477
gen;135;;00;6.106
chrom;136;0;00;0.488
chrom;136;1;00;0.484
chrom;136;2;00;0.481
chrom;136;3;00;0.475
chrom;136;4;00;0.428
chrom;136;5;00;0.497
chrom;136;6;00;0.534
chrom;136;7;00;0.540
chrom;136;8;00;0.533
chrom;136;9;00;0.439
chrom;136;10;00;0.520
chrom;136;11;00;0.492
gen;136;;00;6.019
chrom;137;0;00;0.489
chrom;137;1;00;0.462
chrom;137;2;00;0.462
chrom;137;3;00;0.509
chrom;137;4;00;0.543
chrom;137;5;00;0.506
chrom;137;6;00;0.498
chrom;137;7;00;0.474
chrom;137;8;00;0.454
chrom;137;9;00;0.485
chrom;137;10;00;0.438
chrom;137;11;00;0.500
gen;137;;00;5.966
chrom;138;0;00;0.510
chrom;138;1;00;0.495
chrom;138;2;00;0.613
chrom;138;3;00;0.562
chrom;138;4;00;0.540
chrom;138;5;00;0.515
chrom;138;6;00;0.520
chrom;138;7;00;0.472
chrom;138;8;00;0.495
chrom;138;9;00;0.521
chrom;138;10;00;0.437
chrom;138;11;00;0.425
gen;138;;00;6.180
chrom;139;0;00;0.548
chrom;139;1;00;0.476
chrom;139;2;00;0.560
chrom;139;3;00;0.688
chrom;139;4;00;0.492
chrom;139;5;00;0.484
chrom;139;6;00;0.500
chrom;139;7;00;0.475
chrom;139;8;00;0.522
chrom;139;9;00;0.506
chrom;139;10;00;0.476
chrom;139;11;00;0.515
gen;139;;00;6.329
chrom;140;0;00;0.504
chrom;140;1;00;0.483
chrom;140;2;00;0.489
chrom;140;3;00;0.462
chrom;140;4;00;0.505
chrom;140;5;00;0.502
chrom;140;6;00;0.491
chrom;140;7;00;0.544
chrom;140;8;00;0.519
chrom;140;9;00;0.549
chrom;140;10;00;0.540
chrom;140;11;00;0.522
gen;140;;00;6.198
chrom;141;0;00;0.497
chrom;141;1;00;0.522
chrom;141;2;00;0.482
chrom;141;3;00;0.544
chrom;141;4;00;0.495
chrom;141;5;00;0.455
chrom;141;6;00;0.539
chrom;141;7;00;0.498
chrom;141;8;00;0.489
chrom;141;9;00;0.426
chrom;141;10;00;0.483
chrom;141;11;00;0.607
gen;141;;00;6.098
chrom;142;0;00;0.539
chrom;142;1;00;0.495
chrom;142;2;00;0.475
chrom;142;3;00;0.539
chrom;142;4;00;0.463
chrom;142;5;00;0.415
chrom;142;6;00;0.472
chrom;142;7;00;0.497
chrom;142;8;00;0.444
chrom;142;9;00;0.514
chrom;142;10;00;0.520
chrom;142;11;00;0.488
gen;142;;00;5.933
chrom;143;0;00;0.491
chrom;143;1;00;0.475
chrom;143;2;00;0.545
chrom;143;3;00;0.490
chrom;143;4;00;0.467
chrom;143;5;00;0.537
chrom;143;6;00;0.498
chrom;143;7;00;0.505
chrom;143;8;00;0.491
chrom;143;9;00;0.451
chrom;143;10;00;0.506
chrom;143;11;00;0.498
gen;143;;00;6.014
chrom;144;0;00;0.473
chrom;144;1;00;0.499
chrom;144;2;00;0.442
chrom;144;3;00;0.476
chrom;144;4;00;0.496
chrom;144;5;00;0.522
chrom;144;6;00;0.528
chrom;144;7;00;0.538
chrom;144;8;00;0.428
chrom;144;9;00;0.548
chrom;144;10;00;0.531
chrom;144;11;00;0.507
gen;144;;00;6.058
chrom;145;0;00;0.490
chrom;145;1;00;0.480
chrom;145;2;00;0.489
chrom;145;3;00;0.481
chrom;145;4;00;0.398
chrom;145;5;00;0.505
chrom;145;6;00;0.513
chrom;145;7;00;0.537
chrom;145;8;00;0.521
chrom;145;9;00;0.434
chrom;145;10;00;0.500
chrom;145;11;00;0.397
gen;145;;00;5.826
chrom;146;0;00;0.582
chrom;146;1;00;0.521
chrom;146;2;00;0.506
chrom;146;3;00;0.479
chrom;146;4;00;0.504
chrom;146;5;00;0.576
chrom;146;6;00;0.493
chrom;146;7;00;0.548
chrom;146;8;00;0.539
chrom;146;9;00;0.542
chrom;146;10;00;0.508
chrom;146;11;00;0.488
gen;146;;00;6.371
chrom;147;0;00;0.503
chrom;147;1;00;0.470
chrom;147;2;00;0.494
chrom;147;3;00;0.493
chrom;147;4;00;0.556
chrom;147;5;00;0.467
chrom;147;6;00;0.541
chrom;147;7;00;0.475
chrom;147;8;00;0.438
chrom;147;9;00;0.460
chrom;147;10;00;0.520
chrom;147;11;00;0.549
gen;147;;00;6.040
chrom;148;0;00;0.518
chrom;148;1;00;0.502
chrom;148;2;00;0.566
chrom;148;3;00;0.543
chrom;148;4;00;0.445
chrom;148;5;00;0.653
chrom;148;6;00;0.617
chrom;148;7;00;0.579
chrom;148;8;00;0.728
chrom;148;9;00;0.648
chrom;148;10;00;0.520
chrom;148;11;00;0.455
gen;148;;00;6.833
chrom;149;0;00;0.500
chrom;149;1;00;0.487
chrom;149;2;00;0.501
chrom;149;3;00;0.501
chrom;149;4;00;0.473
chrom;149;5;00;0.579
chrom;149;6;00;0.523
chrom;149;7;00;0.515
chrom;149;8;00;0.452
chrom;149;9;00;0.578
chrom;149;10;00;0.602
chrom;149;11;00;0.428
gen;149;;00;6.210
chrom;150;0;00;0.478
chrom;150;1;00;0.542
chrom;150;2;00;0.473
chrom;150;3;00;0.504
chrom;150;4;00;0.517
chrom;150;5;00;0.396
chrom;150;6;00;0.509
chrom;150;7;00;0.467
chrom;150;8;00;0.467
chrom;150;9;00;0.484
chrom;150;10;00;0.477
chrom;150;11;00;0.557
gen;150;;00;6.002
chrom;151;0;00;0.809
chrom;151;1;00;0.495
chrom;151;2;00;0.502
chrom;151;3;00;0.483
chrom;151;4;00;0.520
chrom;151;5;00;0.565
chrom;151;6;00;0.613
chrom;151;7;00;0.579
chrom;151;8;00;0.566
chrom;151;9;00;0.559
chrom;151;10;00;0.534
chrom;151;11;00;0.555
gen;151;;00;6.850
chrom;152;0;00;0.544
chrom;152;1;00;0.617
chrom;152;2;00;0.770
chrom;152;3;00;0.592
chrom;152;4;00;0.616
chrom;152;5;00;0.528
chrom;152;6;00;0.575
chrom;152;7;00;0.569
chrom;152;8;00;0.481
chrom;152;9;00;0.569
chrom;152;10;00;0.655
chrom;152;11;00;0.489
gen;152;;00;7.069
chrom;153;0;00;0.569
chrom;153;1;00;0.560
chrom;153;2;00;0.591
chrom;153;3;00;0.490
chrom;153;4;00;0.559
chrom;153;5;00;0.530
chrom;153;6;00;0.549
chrom;153;7;00;0.572
chrom;153;8;00;0.494
chrom;153;9;00;0.472
chrom;153;10;00;0.547
chrom;153;11;00;0.524
gen;153;;00;6.553
chrom;154;0;00;0.562
chrom;154;1;00;0.471
chrom;154;2;00;0.568
chrom;154;3;00;0.505
chrom;154;4;00;0.498
chrom;154;5;00;0.521
chrom;154;6;00;0.543
chrom;154;7;00;0.505
chrom;154;8;00;0.548
chrom;154;9;00;0.538
chrom;154;10;00;0.488
chrom;154;11;00;0.477
gen;154;;00;6.313
chrom;155;0;00;0.528
chrom;155;1;00;0.532
chrom;155;2;00;0.560
chrom;155;3;00;0.506
chrom;155;4;00;0.554
chrom;155;5;00;0.529
chrom;155;6;00;0.584
chrom;155;7;00;0.450
chrom;155;8;00;0.564
chrom;155;9;00;0.486
chrom;155;10;00;0.553
chrom;155;11;00;0.466
gen;155;;00;6.369
chrom;156;0;00;0.510
chrom;156;1;00;0.470
chrom;156;2;00;0.513
chrom;156;3;00;0.475
chrom;156;4;00;0.450
chrom;156;5;00;0.506
chrom;156;6;00;0.513
chrom;156;7;00;0.490
chrom;156;8;00;0.491
chrom;156;9;00;0.513
chrom;156;10;00;0.558
chrom;156;11;00;0.536
gen;156;;00;6.094
chrom;157;0;00;0.471
chrom;157;1;00;0.526
chrom;157;2;00;0.493
chrom;157;3;00;0.481
chrom;157;4;00;0.491
chrom;157;5;00;0.493
chrom;157;6;00;0.411
chrom;157;7;00;0.495
chrom;157;8;00;0.472
chrom;157;9;00;0.562
chrom;157;10;00;0.583
chrom;157;11;00;0.410
gen;157;;00;5.965
chrom;158;0;00;0.564
chrom;158;1;00;0.570
chrom;158;2;00;0.560
chrom;158;3;00;0.502
chrom;158;4;00;0.452
chrom;158;5;00;0.594
chrom;158;6;00;0.550
chrom;158;7;00;0.481
chrom;158;8;00;0.510
chrom;158;9;00;0.523
chrom;158;10;00;0.482
chrom;158;11;00;0.483
gen;158;;00;6.333
chrom;159;0;00;0.468
chrom;159;1;00;0.506
chrom;159;2;00;0.560
chrom;159;3;00;0.509
chrom;159;4;00;0.525
chrom;159;5;00;0.448
chrom;159;6;00;0.486
chrom;159;7;00;0.451
chrom;159;8;00;0.520
chrom;159;9;00;0.528
chrom;159;10;00;0.413
chrom;159;11;00;0.490
gen;159;;00;5.999
chrom;160;0;00;0.512
chrom;160;1;00;0.479
chrom;160;2;00;0.525
chrom;160;3;00;0.490
chrom;160;4;00;0.545
chrom;160;5;00;0.459
chrom;160;6;00;0.408
chrom;160;7;00;0.549
chrom;160;8;00;0.493
chrom;160;9;00;0.479
chrom;160;10;00;0.413
chrom;160;11;00;0.522
gen;160;;00;5.982
chrom;161;0;00;0.528
chrom;161;1;00;0.523
chrom;161;2;00;0.527
chrom;161;3;00;0.576
chrom;161;4;00;0.500
chrom;161;5;00;0.499
chrom;161;6;00;0.404
chrom;161;7;00;0.507
chrom;161;8;00;0.529
chrom;161;9;00;0.492
chrom;161;10;00;0.538
chrom;161;11;00;0.526
gen;161;;00;6.223
chrom;162;0;00;0.477
chrom;162;1;00;0.514
chrom;162;2;00;0.613
chrom;162;3;00;0.549
chrom;162;4;00;0.556
chrom;162;5;00;0.555
chrom;162;6;00;0.487
chrom;162;7;00;0.573
chrom;162;8;00;0.473
chrom;162;9;00;0.507
chrom;162;10;00;0.492
chrom;162;11;00;0.441
gen;162;;00;6.330
chrom;163;0;00;0.544
chrom;163;1;00;0.476
chrom;163;2;00;0.527
chrom;163;3;00;0.476
chrom;163;4;00;0.558
chrom;163;5;00;0.515
chrom;163;6;00;0.472
chrom;163;7;00;0.539
chrom;163;8;00;0.504
chrom;163;9;00;0.556
chrom;163;10;00;0.495
chrom;163;11;00;0.457
gen;163;;00;6.188
chrom;164;0;00;0.509
chrom;164;1;00;0.525
chrom;164;2;00;0.504
chrom;164;3;00;0.499
chrom;164;4;00;0.588
chrom;164;5;00;0.517
chrom;164;6;00;0.522
chrom;164;7;00;0.513
chrom;164;8;00;0.506
chrom;164;9;00;0.543
chrom;164;10;00;0.522
chrom;164;11;00;0.419
gen;164;;00;6.193
chrom;165;0;00;0.538
chrom;165;1;00;0.533
chrom;165;2;00;0.547
chrom;165;3;00;0.482
chrom;165;4;00;0.537
chrom;165;5;00;0.544
chrom;165;6;00;0.459
chrom;165;7;00;0.512
chrom;165;8;00;0.528
chrom;165;9;00;0.501
chrom;165;10;00;0.460
chrom;165;11;00;0.506
gen;165;;00;6.216
chrom;166;0;00;0.532
chrom;166;1;00;0.487
chrom;166;2;00;0.526
chrom;166;3;00;0.446
chrom;166;4;00;0.510
chrom;166;5;00;0.510
chrom;166;6;00;0.528
chrom;166;7;00;0.428
chrom;166;8;00;0.506
chrom;166;9;00;0.512
chrom;166;10;00;0.500
chrom;166;11;00;0.519
gen;166;;00;6.081
chrom;167;0;00;0.487
chrom;167;1;00;0.500
chrom;167;2;00;0.479
chrom;167;3;00;0.471
chrom;167;4;00;0.543
chrom;167;5;00;0.523
chrom;167;6;00;0.489
chrom;167;7;00;0.477
chrom;167;8;00;0.513
chrom;167;9;00;0.537
chrom;167;10;00;0.497
chrom;167;11;00;0.475
gen;167;;00;6.090
chrom;168;0;00;0.450
chrom;168;1;00;0.538
chrom;168;2;00;0.486
chrom;168;3;00;0.518
chrom;168;4;00;0.414
chrom;168;5;00;0.541
chrom;168;6;00;0.504
chrom;168;7;00;0.530
chrom;168;8;00;0.524
chrom;168;9;00;0.490
chrom;168;10;00;0.525
chrom;168;11;00;0.494
gen;168;;00;6.082
chrom;169;0;00;0.522
chrom;169;1;00;0.489
chrom;169;2;00;0.492
chrom;169;3;00;0.522
chrom;169;4;00;0.513
chrom;169;5;00;0.541
chrom;169;6;00;0.522
chrom;169;7;00;0.412
chrom;169;8;00;0.559
chrom;169;9;00;0.538
chrom;169;10;00;0.498
chrom;169;11;00;0.494
gen;169;;00;6.173
chrom;170;0;00;0.571
chrom;170;1;00;0.541
chrom;170;2;00;0.525
chrom;170;3;00;0.467
chrom;170;4;00;0.520
chrom;170;5;00;0.518
chrom;170;6;00;0.424
chrom;170;7;00;0.477
chrom;170;8;00;0.535
chrom;170;9;00;0.558
chrom;170;10;00;0.530
chrom;170;11;00;0.473
gen;170;;00;6.190
chrom;171;0;00;0.519
chrom;171;1;00;0.500
chrom;171;2;00;0.472
chrom;171;3;00;0.544
chrom;171;4;00;0.444
chrom;171;5;00;0.543
chrom;171;6;00;0.460
chrom;171;7;00;0.470
chrom;171;8;00;0.455
chrom;171;9;00;0.540
chrom;171;10;00;0.510
chrom;171;11;00;0.488
gen;171;;00;6.022
chrom;172;0;00;0.484
chrom;172;1;00;0.524
chrom;172;2;00;0.477
chrom;172;3;00;0.509
chrom;172;4;00;0.587
chrom;172;5;00;0.540
chrom;172;6;00;0.542
chrom;172;7;00;0.542
chrom;172;8;00;0.557
chrom;172;9;00;0.516
chrom;172;10;00;0.485
chrom;172;11;00;0.499
gen;172;;00;6.362
chrom;173;0;00;0.510
chrom;173;1;00;0.474
chrom;173;2;00;0.495
chrom;173;3;00;0.496
chrom;173;4;00;0.538
chrom;173;5;00;0.410
chrom;173;6;00;0.504
chrom;173;7;00;0.482
chrom;173;8;00;0.491
chrom;173;9;00;0.488
chrom;173;10;00;0.492
chrom;173;11;00;0.539
gen;173;;00;5.979
chrom;174;0;00;0.514
chrom;174;1;00;0.487
chrom;174;2;00;0.525
chrom;174;3;00;0.477
chrom;174;4;00;0.526
chrom;174;5;00;0.509
chrom;174;6;00;0.527
chrom;174;7;00;0.491
chrom;174;8;00;0.497
chrom;174;9;00;0.475
chrom;174;10;00;0.468
chrom;174;11;00;0.488
gen;174;;00;6.049
chrom;175;0;00;0.472
chrom;175;1;00;0.448
chrom;175;2;00;0.531
chrom;175;3;00;0.503
chrom;175;4;00;0.511
chrom;175;5;00;0.446
chrom;175;6;00;0.486
chrom;175;7;00;0.527
chrom;175;8;00;0.512
chrom;175;9;00;0.414
chrom;175;10;00;0.445
chrom;175;11;00;0.489
gen;175;;00;5.851
chrom;176;0;00;0.476
chrom;176;1;00;0.503
chrom;176;2;00;0.500
chrom;176;3;00;0.491
chrom;176;4;00;0.563
chrom;176;5;00;0.482
chrom;176;6;00;0.543
chrom;176;7;00;0.523
chrom;176;8;00;0.577
chrom;176;9;00;0.477
chrom;176;10;00;0.493
chrom;176;11;00;0.474
gen;176;;00;6.184
chrom;177;0;00;0.514
chrom;177;1;00;0.459
chrom;177;2;00;0.512
chrom;177;3;00;0.507
chrom;177;4;00;0.502
chrom;177;5;00;0.559
chrom;177;6;00;0.529
chrom;177;7;00;0.538
chrom;177;8;00;0.496
chrom;177;9;00;0.444
chrom;177;10;00;0.535
chrom;177;11;00;0.499
gen;177;;00;6.206
chrom;178;0;00;0.491
chrom;178;1;00;0.509
chrom;178;2;00;0.544
chrom;178;3;00;0.458
chrom;178;4;00;0.499
chrom;178;5;00;0.616
chrom;178;6;00;0.562
chrom;178;7;00;0.557
chrom;178;8;00;0.524
chrom;178;9;00;0.520
chrom;178;10;00;0.453
chrom;178;11;00;0.526
gen;178;;00;6.398
chrom;179;0;00;0.493
chrom;179;1;00;0.474
chrom;179;2;00;0.513
chrom;179;3;00;0.506
chrom;179;4;00;0.412
chrom;179;5;00;0.529
chrom;179;6;00;0.534
chrom;179;7;00;0.515
chrom;179;8;00;0.573
chrom;179;9;00;0.568
chrom;179;10;00;0.570
chrom;179;11;00;0.502
gen;179;;00;6.305
chrom;180;0;00;0.530
chrom;180;1;00;0.525
chrom;180;2;00;0.670
chrom;180;3;00;0.484
chrom;180;4;00;0.434
chrom;180;5;00;0.535
chrom;180;6;00;0.606
chrom;180;7;00;0.511
chrom;180;8;00;0.504
chrom;180;9;00;0.500
chrom;180;10;00;0.535
chrom;180;11;00;0.499
gen;180;;00;6.407
chrom;181;0;00;0.521
chrom;181;1;00;0.526
chrom;181;2;00;0.478
chrom;181;3;00;0.459
chrom;181;4;00;0.512
chrom;181;5;00;0.588
chrom;181;6;00;0.444
chrom;181;7;00;0.515
chrom;181;8;00;0.535
chrom;181;9;00;0.519
chrom;181;10;00;0.516
chrom;181;11;00;0.462
gen;181;;00;6.156
chrom;182;0;00;0.587
chrom;182;1;00;0.560
chrom;182;2;00;0.490
chrom;182;3;00;0.474
chrom;182;4;00;0.525
chrom;182;5;00;0.413
chrom;182;6;00;0.575
chrom;182;7;00;0.460
chrom;182;8;00;0.475
chrom;182;9;00;0.465
chrom;182;10;00;0.398
chrom;182;11;00;0.516
gen;182;;00;6.004
chrom;183;0;00;0.503
chrom;183;1;00;0.476
chrom;183;2;00;0.495
chrom;183;3;00;0.589
chrom;183;4;00;0.532
chrom;183;5;00;0.454
chrom;183;6;00;0.562
chrom;183;7;00;0.471
chrom;183;8;00;0.547
chrom;183;9;00;0.491
chrom;183;10;00;0.513
chrom;183;11;00;0.475
gen;183;;00;6.211
chrom;184;0;00;0.545
chrom;184;1;00;0.491
chrom;184;2;00;0.527
chrom;184;3;00;0.507
chrom;184;4;00;0.529
chrom;184;5;00;0.490
chrom;184;6;00;0.507
chrom;184;7;00;0.502
chrom;184;8;00;0.537
chrom;184;9;00;0.526
chrom;184;10;00;0.513
chrom;184;11;00;0.522
gen;184;;00;6.269
chrom;185;0;00;0.497
chrom;185;1;00;0.522
chrom;185;2;00;0.607
chrom;185;3;00;0.472
chrom;185;4;00;0.485
chrom;185;5;00;0.475
chrom;185;6;00;0.597
chrom;185;7;00;0.468
chrom;185;8;00;0.528
chrom;185;9;00;0.459
chrom;185;10;00;0.445
chrom;185;11;00;0.590
gen;185;;00;6.191
chrom;186;0;00;0.506
chrom;186;1;00;0.466
chrom;186;2;00;0.506
chrom;186;3;00;0.467
chrom;186;4;00;0.490
chrom;186;5;00;0.475
chrom;186;6;00;0.574
chrom;186;7;00;0.430
chrom;186;8;00;0.448
chrom;186;9;00;0.491
chrom;186;10;00;0.477
chrom;186;11;00;0.447
gen;186;;00;5.856
chrom;187;0;00;0.491
chrom;187;1;00;0.513
chrom;187;2;00;0.444
chrom;187;3;00;0.491
chrom;187;4;00;0.402
chrom;187;5;00;0.413
chrom;187;6;00;0.548
chrom;187;7;00;0.532
chrom;187;8;00;0.478
chrom;187;9;00;0.447
chrom;187;10;00;0.537
chrom;187;11;00;0.493
gen;187;;00;5.904
chrom;188;0;00;0.492
chrom;188;1;00;0.488
chrom;188;2;00;0.529
chrom;188;3;00;0.490
chrom;188;4;00;0.499
chrom;188;5;00;0.473
chrom;188;6;00;0.615
chrom;188;7;00;0.433
chrom;188;8;00;0.525
chrom;188;9;00;0.491
chrom;188;10;00;0.415
chrom;188;11;00;0.540
gen;188;;00;6.058
chrom;189;0;00;0.536
chrom;189;1;00;0.499
chrom;189;2;00;0.493
chrom;189;3;00;0.573
chrom;189;4;00;0.559
chrom;189;5;00;0.491
chrom;189;6;00;0.538
chrom;189;7;00;0.465
chrom;189;8;00;0.569
chrom;189;9;00;0.482
chrom;189;10;00;0.474
chrom;189;11;00;0.545
gen;189;;00;6.306
chrom;190;0;00;0.535
chrom;190;1;00;0.518
chrom;190;2;00;0.492
chrom;190;3;00;0.525
chrom;190;4;00;0.642
chrom;190;5;00;0.489
chrom;190;6;00;0.383
chrom;190;7;00;0.510
chrom;190;8;00;0.569
chrom;190;9;00;0.544
chrom;190;10;00;0.428
chrom;190;11;00;0.513
gen;190;;00;6.244
chrom;191;0;00;0.537
chrom;191;1;00;0.513
chrom;191;2;00;0.444
chrom;191;3;00;0.528
chrom;191;4;00;0.506
chrom;191;5;00;0.395
chrom;191;6;00;0.469
chrom;191;7;00;0.520
chrom;191;8;00;0.544
chrom;191;9;00;0.412
chrom;191;10;00;0.445
chrom;191;11;00;0.496
gen;191;;00;5.886
chrom;192;0;00;0.523
chrom;192;1;00;0.471
chrom;192;2;00;0.517
chrom;192;3;00;0.507
chrom;192;4;00;0.527
chrom;192;5;00;0.519
chrom;192;6;00;0.469
chrom;192;7;00;0.567
chrom;192;8;00;0.499
chrom;192;9;00;0.476
chrom;192;10;00;0.541
chrom;192;11;00;0.429
gen;192;;00;6.122
chrom;193;0;00;0.496
chrom;193;1;00;0.560
chrom;193;2;00;0.506
chrom;193;3;00;0.474
chrom;193;4;00;0.491
chrom;193;5;00;0.513
chrom;193;6;00;0.506
chrom;193;7;00;0.497
chrom;193;8;00;0.505
chrom;193;9;00;0.497
chrom;193;10;00;0.428
chrom;193;11;00;0.560
gen;193;;00;6.128
chrom;194;0;00;0.506
chrom;194;1;00;0.498
chrom;194;2;00;0.534
chrom;194;3;00;0.512
chrom;194;4;00;0.444
chrom;194;5;00;0.559
chrom;194;6;00;0.589
chrom;194;7;00;0.524
chrom;194;8;00;0.504
chrom;194;9;00;0.500
chrom;194;10;00;0.459
chrom;194;11;00;0.457
gen;194;;00;6.168
chrom;195;0;00;0.466
chrom;195;1;00;0.491
chrom;195;2;00;0.500
chrom;195;3;00;0.497
chrom;195;4;00;0.499
chrom;195;5;00;0.488
chrom;195;6;00;0.472
chrom;195;7;00;0.531
chrom;195;8;00;0.493
chrom;195;9;00;0.510
chrom;195;10;00;0.504
chrom;195;11;00;0.563
gen;195;;00;6.114
chrom;196;0;00;0.487
chrom;196;1;00;0.499
chrom;196;2;00;0.538
chrom;196;3;00;0.512
chrom;196;4;00;0.459
chrom;196;5;00;0.505
chrom;196;6;00;0.528
chrom;196;7;00;0.506
chrom;196;8;00;0.420
chrom;196;9;00;0.473
chrom;196;10;00;0.513
chrom;196;11;00;0.475
gen;196;;00;6.011
chrom;197;0;00;0.488
chrom;197;1;00;0.516
chrom;197;2;00;0.492
chrom;197;3;00;0.480
chrom;197;4;00;0.536
chrom;197;5;00;0.481
chrom;197;6;00;0.538
chrom;197;7;00;0.481
chrom;197;8;00;0.413
chrom;197;9;00;0.459
chrom;197;10;00;0.591
chrom;197;11;00;0.491
gen;197;;00;6.029
chrom;198;0;00;0.514
chrom;198;1;00;0.489
chrom;198;2;00;0.527
chrom;198;3;00;0.475
chrom;198;4;00;0.528
chrom;198;5;00;0.445
chrom;198;6;00;0.490
chrom;198;7;00;0.434
chrom;198;8;00;0.506
chrom;198;9;00;0.528
chrom;198;10;00;0.507
chrom;198;11;00;0.491
gen;198;;00;6.065
chrom;199;0;00;0.506
chrom;199;1;00;0.511
chrom;199;2;00;0.492
chrom;199;3;00;0.490
chrom;199;4;00;0.513
chrom;199;5;00;0.505
chrom;199;6;00;0.513
chrom;199;7;00;0.478
chrom;199;8;00;0.441
chrom;199;9;00;0.481
chrom;199;10;00;0.459
chrom;199;11;00;0.497
gen;199;;00;5.965
chrom;200;0;00;0.522
chrom;200;1;00;0.546
chrom;200;2;00;0.567
chrom;200;3;00;0.465
chrom;200;4;00;0.460
chrom;200;5;00;0.526
chrom;200;6;00;0.553
chrom;200;7;00;0.397
chrom;200;8;00;0.465
chrom;200;9;00;0.553
chrom;200;10;00;0.444
chrom;200;11;00;0.554
gen;200;;00;6.107
chrom;201;0;00;0.561
chrom;201;1;00;0.480
chrom;201;2;00;0.482
chrom;201;3;00;0.444
chrom;201;4;00;0.491
chrom;201;5;00;0.497
chrom;201;6;00;0.443
chrom;201;7;00;0.529
chrom;201;8;00;0.466
chrom;201;9;00;0.508
chrom;201;10;00;0.520
chrom;201;11;00;0.504
gen;201;;00;6.034
chrom;202;0;00;0.517
chrom;202;1;00;0.475
chrom;202;2;00;0.546
chrom;202;3;00;0.490
chrom;202;4;00;0.530
chrom;202;5;00;0.501
chrom;202;6;00;0.517
chrom;202;7;00;0.578
chrom;202;8;00;0.503
chrom;202;9;00;0.559
chrom;202;10;00;0.459
chrom;202;11;00;0.515
gen;202;;00;6.291
chrom;203;0;00;0.472
chrom;203;1;00;0.470
chrom;203;2;00;0.503
chrom;203;3;00;0.530
chrom;203;4;00;0.455
chrom;203;5;00;0.505
chrom;203;6;00;0.527
chrom;203;7;00;0.486
chrom;203;8;00;0.475
chrom;203;9;00;0.427
chrom;203;10;00;0.504
chrom;203;11;00;0.539
gen;203;;00;6.009
chrom;204;0;00;0.459
chrom;204;1;00;0.509
chrom;204;2;00;0.541
chrom;204;3;00;0.494
chrom;204;4;00;0.542
chrom;204;5;00;0.440
chrom;204;6;00;0.560
chrom;204;7;00;0.475
chrom;204;8;00;0.397
chrom;204;9;00;0.497
chrom;204;10;00;0.491
chrom;204;11;00;0.496
gen;204;;00;5.997
chrom;205;0;00;0.475
chrom;205;1;00;0.512
chrom;205;2;00;0.492
chrom;205;3;00;0.462
chrom;205;4;00;0.447
chrom;205;5;00;0.511
chrom;205;6;00;0.516
chrom;205;7;00;0.476
chrom;205;8;00;0.489
chrom;205;9;00;0.528
chrom;205;10;00;0.494
chrom;205;11;00;0.512
gen;205;;00;5.987
chrom;206;0;00;0.563
chrom;206;1;00;0.499
chrom;206;2;00;0.513
chrom;206;3;00;0.460
chrom;206;4;00;0.494
chrom;206;5;00;0.493
chrom;206;6;00;0.485
chrom;206;7;00;0.499
chrom;206;8;00;0.454
chrom;206;9;00;0.506
chrom;206;10;00;0.513
chrom;206;11;00;0.521
gen;206;;00;6.063
chrom;207;0;00;0.575
chrom;207;1;00;0.517
chrom;207;2;00;0.487
chrom;207;3;00;0.458
chrom;207;4;00;0.544
chrom;207;5;00;0.428
chrom;207;6;00;0.490
chrom;207;7;00;0.560
chrom;207;8;00;0.397
chrom;207;9;00;0.528
chrom;207;10;00;0.490
chrom;207;11;00;0.486
gen;207;;00;6.023
chrom;208;0;00;0.502
chrom;208;1;00;0.522
chrom;208;2;00;0.504
chrom;208;3;00;0.481
chrom;208;4;00;0.521
chrom;208;5;00;0.481
chrom;208;6;00;0.412
chrom;208;7;00;0.467
chrom;208;8;00;0.552
chrom;208;9;00;0.466
chrom;208;10;00;0.540
chrom;208;11;00;0.487
gen;208;;00;6.008
chrom;209;0;00;0.459
chrom;209;1;00;0.476
chrom;209;2;00;0.527
chrom;209;3;00;0.507
chrom;209;4;00;0.466
chrom;209;5;00;0.491
chrom;209;6;00;0.480
chrom;209;7;00;0.486
chrom;209;8;00;0.456
chrom;209;9;00;0.516
chrom;209;10;00;0.381
chrom;209;11;00;0.505
gen;209;;00;5.880
chrom;210;0;00;0.500
chrom;210;1;00;0.489
chrom;210;2;00;0.544
chrom;210;3;00;0.444
chrom;210;4;00;0.512
chrom;210;5;00;0.492
chrom;210;6;00;0.505
chrom;210;7;00;0.512
chrom;210;8;00;0.522
chrom;210;9;00;0.496
chrom;210;10;00;0.506
chrom;210;11;00;0.420
gen;210;;00;6.037
chrom;211;0;00;0.490
chrom;211;1;00;0.478
chrom;211;2;00;0.541
chrom;211;3;00;0.506
chrom;211;4;00;0.419
chrom;211;5;00;0.444
chrom;211;6;00;0.530
chrom;211;7;00;0.497
chrom;211;8;00;0.506
chrom;211;9;00;0.528
chrom;211;10;00;0.491
chrom;211;11;00;0.416
gen;211;;00;5.918
chrom;212;0;00;0.521
chrom;212;1;00;0.457
chrom;212;2;00;0.484
chrom;212;3;00;0.458
chrom;212;4;00;0.482
chrom;212;5;00;0.507
chrom;212;6;00;0.458
chrom;212;7;00;0.465
chrom;212;8;00;0.522
chrom;212;9;00;0.513
chrom;212;10;00;0.491
chrom;212;11;00;0.588
gen;212;;00;6.056
chrom;213;0;00;0.702
chrom;213;1;00;0.669
chrom;213;2;00;0.504
chrom;213;3;00;0.514
chrom;213;4;00;0.502
chrom;213;5;00;0.620
chrom;213;6;00;0.412
chrom;213;7;00;0.591
chrom;213;8;00;0.476
chrom;213;9;00;0.419
chrom;213;10;00;0.632
chrom;213;11;00;0.511
gen;213;;00;6.695
chrom;214;0;00;0.505
chrom;214;1;00;0.509
chrom;214;2;00;0.760
chrom;214;3;00;0.559
chrom;214;4;00;0.413
chrom;214;5;00;0.458
chrom;214;6;00;0.530
chrom;214;7;00;0.489
chrom;214;8;00;0.428
chrom;214;9;00;0.623
chrom;214;10;00;0.575
chrom;214;11;00;0.622
gen;214;;00;6.539
chrom;215;0;00;0.533
chrom;215;1;00;0.471
chrom;215;2;00;0.526
chrom;215;3;00;0.508
chrom;215;4;00;0.426
chrom;215;5;00;0.542
chrom;215;6;00;0.458
chrom;215;7;00;0.463
chrom;215;8;00;0.481
chrom;215;9;00;0.569
chrom;215;10;00;0.512
chrom;215;11;00;0.625
gen;215;;00;6.209
chrom;216;0;00;0.530
chrom;216;1;00;0.506
chrom;216;2;00;0.479
chrom;216;3;00;0.491
chrom;216;4;00;0.466
chrom;216;5;00;0.490
chrom;216;6;00;0.569
chrom;216;7;00;0.560
chrom;216;8;00;0.594
chrom;216;9;00;0.445
chrom;216;10;00;0.492
chrom;216;11;00;0.539
gen;216;;00;6.304
chrom;217;0;00;0.475
chrom;217;1;00;0.532
chrom;217;2;00;0.517
chrom;217;3;00;0.502
chrom;217;4;00;0.517
chrom;217;5;00;0.463
chrom;217;6;00;0.461
chrom;217;7;00;0.489
chrom;217;8;00;0.493
chrom;217;9;00;0.446
chrom;217;10;00;0.541
chrom;217;11;00;0.513
gen;217;;00;6.058
chrom;218;0;00;0.590
chrom;218;1;00;0.538
chrom;218;2;00;0.536
chrom;218;3;00;0.501
chrom;218;4;00;0.620
chrom;218;5;00;0.497
chrom;218;6;00;0.473
chrom;218;7;00;0.574
chrom;218;8;00;0.498
chrom;218;9;00;0.484
chrom;218;10;00;0.505
chrom;218;11;00;0.524
gen;218;;00;6.460
chrom;219;0;00;0.500
chrom;219;1;00;0.508
chrom;219;2;00;0.496
chrom;219;3;00;0.532
chrom;219;4;00;0.549
chrom;219;5;00;0.516
chrom;219;6;00;0.548
chrom;219;7;00;0.492
chrom;219;8;00;0.527
chrom;219;9;00;0.428
chrom;219;10;00;0.473
chrom;219;11;00;0.547
gen;219;;00;6.187
chrom;220;0;00;0.544
chrom;220;1;00;0.458
chrom;220;2;00;0.507
chrom;220;3;00;0.481
chrom;220;4;00;0.506
chrom;220;5;00;0.498
chrom;220;6;00;0.461
chrom;220;7;00;0.472
chrom;220;8;00;0.415
chrom;220;9;00;0.427
chrom;220;10;00;0.505
chrom;220;11;00;0.591
gen;220;;00;6.006
chrom;221;0;00;0.451
chrom;221;1;00;0.512
chrom;221;2;00;0.539
chrom;221;3;00;0.508
chrom;221;4;00;0.505
chrom;221;5;00;0.530
chrom;221;6;00;0.489
chrom;221;7;00;0.437
chrom;221;8;00;0.528
chrom;221;9;00;0.495
chrom;221;10;00;0.460
chrom;221;11;00;0.462
gen;221;;00;6.005
chrom;222;0;00;0.528
chrom;222;1;00;0.483
chrom;222;2;00;0.481
chrom;222;3;00;0.498
chrom;222;4;00;0.527
chrom;222;5;00;0.506
chrom;222;6;00;0.433
chrom;222;7;00;0.477
chrom;222;8;00;0.506
chrom;222;9;00;0.482
chrom;222;10;00;0.455
chrom;222;11;00;0.551
gen;222;;00;6.016
chrom;223;0;00;0.522
chrom;223;1;00;0.513
chrom;223;2;00;0.467
chrom;223;3;00;0.492
chrom;223;4;00;0.528
chrom;223;5;00;0.490
chrom;223;6;00;0.547
chrom;223;7;00;0.465
chrom;223;8;00;0.396
chrom;223;9;00;0.391
chrom;223;10;00;0.529
chrom;223;11;00;0.520
gen;223;;00;5.966
chrom;224;0;00;0.504
chrom;224;1;00;0.508
chrom;224;2;00;0.490
chrom;224;3;00;0.502
chrom;224;4;00;0.490
chrom;224;5;00;0.537
chrom;224;6;00;0.482
chrom;224;7;00;0.454
chrom;224;8;00;0.530
chrom;224;9;00;0.432
chrom;224;10;00;0.607
chrom;224;11;00;0.485
gen;224;;00;6.118
chrom;225;0;00;0.641
chrom;225;1;00;0.528
chrom;225;2;00;0.493
chrom;225;3;00;0.480
chrom;225;4;00;0.475
chrom;225;5;00;0.494
chrom;225;6;00;0.541
chrom;225;7;00;0.477
chrom;225;8;00;0.505
chrom;225;9;00;0.510
chrom;225;10;00;0.537
chrom;225;11;00;0.480
gen;225;;00;6.241
chrom;226;0;00;0.476
chrom;226;1;00;0.475
chrom;226;2;00;0.572
chrom;226;3;00;0.478
chrom;226;4;00;0.514
chrom;226;5;00;0.400
chrom;226;6;00;0.451
chrom;226;7;00;0.545
chrom;226;8;00;0.548
chrom;226;9;00;0.491
chrom;226;10;00;0.667
chrom;226;11;00;0.617
gen;226;;00;6.343
chrom;227;0;00;0.475
chrom;227;1;00;0.529
chrom;227;2;00;0.496
chrom;227;3;00;0.504
chrom;227;4;00;0.500
chrom;227;5;00;0.536
chrom;227;6;00;0.532
chrom;227;7;00;0.470
chrom;227;8;00;0.462
chrom;227;9;00;0.437
chrom;227;10;00;0.518
chrom;227;11;00;0.464
gen;227;;00;6.007
chrom;228;0;00;0.466
chrom;228;1;00;0.529
chrom;228;2;00;0.498
chrom;228;3;00;0.488
chrom;228;4;00;0.555
chrom;228;5;00;0.481
chrom;228;6;00;0.477
chrom;228;7;00;0.481
chrom;228;8;00;0.503
chrom;228;9;00;0.429
chrom;228;10;00;0.468
chrom;228;11;00;0.506
gen;228;;00;5.969
chrom;229;0;00;0.506
chrom;229;1;00;0.484
chrom;229;2;00;0.508
chrom;229;3;00;0.499
chrom;229;4;00;0.488
chrom;229;5;00;0.477
chrom;229;6;00;0.522
chrom;229;7;00;0.465
chrom;229;8;00;0.493
chrom;229;9;00;0.464
chrom;229;10;00;0.548
chrom;229;11;00;0.485
gen;229;;00;6.050
chrom;230;0;00;0.509
chrom;230;1;00;0.526
chrom;230;2;00;0.488
chrom;230;3;00;0.472
chrom;230;4;00;0.576
chrom;230;5;00;0.576
chrom;230;6;00;0.507
chrom;230;7;00;0.482
chrom;230;8;00;0.637
chrom;230;9;00;0.585
chrom;230;10;00;0.582
chrom;230;11;00;0.455
gen;230;;00;6.479
chrom;231;0;00;0.546
chrom;231;1;00;0.541
chrom;231;2;00;0.522
chrom;231;3;00;0.492
chrom;231;4;00;0.483
chrom;231;5;00;0.613
chrom;231;6;00;0.506
chrom;231;7;00;0.598
chrom;231;8;00;0.561
chrom;231;9;00;0.488
chrom;231;10;00;0.512
chrom;231;11;00;0.512
gen;231;;00;6.434
chrom;232;0;00;0.494
chrom;232;1;00;0.485
chrom;232;2;00;0.518
chrom;232;3;00;0.504
chrom;232;4;00;0.501
chrom;232;5;00;0.528
chrom;232;6;00;0.552
chrom;232;7;00;0.490
chrom;232;8;00;0.482
chrom;232;9;00;0.550
chrom;232;10;00;0.566
chrom;232;11;00;0.494
gen;232;;00;6.224
chrom;233;0;00;0.481
chrom;233;1;00;0.491
chrom;233;2;00;0.498
chrom;233;3;00;0.505
chrom;233;4;00;0.483
chrom;233;5;00;0.451
chrom;233;6;00;0.501
chrom;233;7;00;0.491
chrom;233;8;00;0.516
chrom;233;9;00;0.513
chrom;233;10;00;0.554
chrom;233;11;00;0.576
gen;233;;00;6.141
chrom;234;0;00;0.457
chrom;234;1;00;0.527
chrom;234;2;00;0.502
chrom;234;3;00;0.503
chrom;234;4;00;0.505
chrom;234;5;00;0.429
chrom;234;6;00;0.512
chrom;234;7;00;0.537
chrom;234;8;00;0.404
chrom;234;9;00;0.504
chrom;234;10;00;0.464
chrom;234;11;00;0.500
gen;234;;00;5.931
chrom;235;0;00;0.486
chrom;235;1;00;0.567
chrom;235;2;00;0.444
chrom;235;3;00;0.526
chrom;235;4;00;0.475
chrom;235;5;00;0.513
chrom;235;6;00;0.506
chrom;235;7;00;0.466
chrom;235;8;00;0.490
chrom;235;9;00;0.507
chrom;235;10;00;0.481
chrom;235;11;00;0.491
gen;235;;00;6.085
chrom;236;0;00;0.481
chrom;236;1;00;0.506
chrom;236;2;00;0.575
chrom;236;3;00;0.475
chrom;236;4;00;0.497
chrom;236;5;00;0.539
chrom;236;6;00;0.505
chrom;236;7;00;0.444
chrom;236;8;00;0.507
chrom;236;9;00;0.515
chrom;236;10;00;0.465
chrom;236;11;00;0.428
gen;236;;00;6.032
chrom;237;0;00;0.493
chrom;237;1;00;0.584
chrom;237;2;00;0.480
chrom;237;3;00;0.483
chrom;237;4;00;0.443
chrom;237;5;00;0.521
chrom;237;6;00;0.593
chrom;237;7;00;0.506
chrom;237;8;00;0.503
chrom;237;9;00;0.488
chrom;237;10;00;0.448
chrom;237;11;00;0.491
gen;237;;00;6.087
chrom;238;0;00;0.488
chrom;238;1;00;0.511
chrom;238;2;00;0.484
chrom;238;3;00;0.493
chrom;238;4;00;0.449
chrom;238;5;00;0.444
chrom;238;6;00;0.544
chrom;238;7;00;0.490
chrom;238;8;00;0.513
chrom;238;9;00;0.475
chrom;238;10;00;0.537
chrom;238;11;00;0.463
gen;238;;00;5.932
chrom;239;0;00;0.505
chrom;239;1;00;0.541
chrom;239;2;00;0.531
chrom;239;3;00;0.513
chrom;239;4;00;0.461
chrom;239;5;00;0.494
chrom;239;6;00;0.556
chrom;239;7;00;0.554
chrom;239;8;00;0.574
chrom;239;9;00;0.504
chrom;239;10;00;0.482
chrom;239;11;00;0.400
gen;239;;00;6.192
chrom;240;0;00;0.545
chrom;240;1;00;0.642
chrom;240;2;00;0.616
chrom;240;3;00;0.537
chrom;240;4;00;0.565
chrom;240;5;00;0.540
chrom;240;6;00;0.504
chrom;240;7;00;0.523
chrom;240;8;00;0.501
chrom;240;9;00;0.438
chrom;240;10;00;0.508
chrom;240;11;00;0.495
gen;240;;00;6.492
chrom;241;0;00;0.498
chrom;241;1;00;0.719
chrom;241;2;00;0.540
chrom;241;3;00;0.493
chrom;241;4;00;0.516
chrom;241;5;00;0.558
chrom;241;6;00;0.569
chrom;241;7;00;0.591
chrom;241;8;00;0.594
chrom;241;9;00;0.586
chrom;241;10;00;0.505
chrom;241;11;00;0.573
gen;241;;00;6.830
chrom;242;0;00;0.526
chrom;242;1;00;0.469
chrom;242;2;00;0.518
chrom;242;3;00;0.547
chrom;242;4;00;0.557
chrom;242;5;00;0.462
chrom;242;6;00;0.504
chrom;242;7;00;0.417
chrom;242;8;00;0.524
chrom;242;9;00;0.472
chrom;242;10;00;0.529
chrom;242;11;00;0.507
gen;242;;00;6.123
chrom;243;0;00;0.466
chrom;243;1;00;0.568
chrom;243;2;00;0.529
chrom;243;3;00;0.537
chrom;243;4;00;0.409
chrom;243;5;00;0.454
chrom;243;6;00;0.526
chrom;243;7;00;0.508
chrom;243;8;00;0.504
chrom;243;9;00;0.484
chrom;243;10;00;0.540
chrom;243;11;00;0.457
gen;243;;00;6.065
chrom;244;0;00;0.537
chrom;244;1;00;0.491
chrom;244;2;00;0.541
chrom;244;3;00;0.529
chrom;244;4;00;0.524
chrom;244;5;00;0.472
chrom;244;6;00;0.513
chrom;244;7;00;0.445
chrom;244;8;00;0.495
chrom;244;9;00;0.525
chrom;244;10;00;0.534
chrom;244;11;00;0.467
gen;244;;00;6.138
chrom;245;0;00;0.462
chrom;245;1;00;0.493
chrom;245;2;00;0.491
chrom;245;3;00;0.513
chrom;245;4;00;0.490
chrom;245;5;00;0.544
chrom;245;6;00;0.536
chrom;245;7;00;0.576
chrom;245;8;00;0.396
chrom;245;9;00;0.475
chrom;245;10;00;0.497
chrom;245;11;00;0.522
gen;245;;00;6.043
chrom;246;0;00;0.498
chrom;246;1;00;0.505
chrom;246;2;00;0.529
chrom;246;3;00;0.492
chrom;246;4;00;0.525
chrom;246;5;00;0.522
chrom;246;6;00;0.481
chrom;246;7;00;0.506
chrom;246;8;00;0.545
chrom;246;9;00;0.548
chrom;246;10;00;0.517
chrom;246;11;00;0.430
gen;246;;00;6.147
chrom;247;0;00;0.516
chrom;247;1;00;0.508
chrom;247;2;00;0.468
chrom;247;3;00;0.564
chrom;247;4;00;0.485
chrom;247;5;00;0.526
chrom;247;6;00;0.599
chrom;247;7;00;0.542
chrom;247;8;00;0.405
chrom;247;9;00;0.523
chrom;247;10;00;0.474
chrom;247;11;00;0.496
gen;247;;00;6.203
chrom;248;0;00;0.459
chrom;248;1;00;0.529
chrom;248;2;00;0.514
chrom;248;3;00;0.497
chrom;248;4;00;0.511
chrom;248;5;00;0.497
chrom;248;6;00;0.496
chrom;248;7;00;0.538
chrom;248;8;00;0.584
chrom;248;9;00;0.522
chrom;248;10;00;0.543
chrom;248;11;00;0.483
gen;248;;00;6.269
chrom;249;0;00;0.561
chrom;249;1;00;0.516
chrom;249;2;00;0.471
chrom;249;3;00;0.516
chrom;249;4;00;0.508
chrom;249;5;00;0.581
chrom;249;6;00;0.491
chrom;249;7;00;0.506
chrom;249;8;00;0.442
chrom;249;9;00;0.498
chrom;249;10;00;0.462
chrom;249;11;00;0.445
gen;249;;00;6.094
chrom;250;0;00;0.525
chrom;250;1;00;0.528
chrom;250;2;00;0.538
chrom;250;3;00;0.549
chrom;250;4;00;0.674
chrom;250;5;00;0.589
chrom;250;6;00;0.560
chrom;250;7;00;0.516
chrom;250;8;00;0.469
chrom;250;9;00;0.604
chrom;250;10;00;0.487
chrom;250;11;00;0.399
gen;250;;00;6.530
chrom;251;0;00;0.490
chrom;251;1;00;0.523
chrom;251;2;00;0.495
chrom;251;3;00;0.503
chrom;251;4;00;0.532
chrom;251;5;00;0.502
chrom;251;6;00;0.420
chrom;251;7;00;0.530
chrom;251;8;00;0.540
chrom;251;9;00;0.525
chrom;251;10;00;0.534
chrom;251;11;00;0.490
gen;251;;00;6.212
chrom;252;0;00;0.487
chrom;252;1;00;0.487
chrom;252;2;00;0.516
chrom;252;3;00;0.511
chrom;252;4;00;0.516
chrom;252;5;00;0.464
chrom;252;6;00;0.514
chrom;252;7;00;0.522
chrom;252;8;00;0.534
chrom;252;9;00;0.490
chrom;252;10;00;0.523
chrom;252;11;00;0.542
gen;252;;00;6.188
chrom;253;0;00;0.510
chrom;253;1;00;0.506
chrom;253;2;00;0.567
chrom;253;3;00;0.484
chrom;253;4;00;0.439
chrom;253;5;00;0.542
chrom;253;6;00;0.527
chrom;253;7;00;0.522
chrom;253;8;00;0.476
chrom;253;9;00;0.459
chrom;253;10;00;0.515
chrom;253;11;00;0.518
gen;253;;00;6.163
chrom;254;0;00;0.448
chrom;254;1;00;0.503
chrom;254;2;00;0.505
chrom;254;3;00;0.460
chrom;254;4;00;0.480
chrom;254;5;00;0.506
chrom;254;6;00;0.543
chrom;254;7;00;0.459
chrom;254;8;00;0.450
chrom;254;9;00;0.492
chrom;254;10;00;0.447
chrom;254;11;00;0.494
gen;254;;00;5.931
chrom;255;0;00;0.503
chrom;255;1;00;0.468
chrom;255;2;00;0.497
chrom;255;3;00;0.469
chrom;255;4;00;0.498
chrom;255;5;00;0.528
chrom;255;6;00;0.460
chrom;255;7;00;0.548
chrom;255;8;00;0.541
chrom;255;9;00;0.514
chrom;255;10;00;0.601
chrom;255;11;00;0.425
gen;255;;00;6.173
chrom;256;0;00;0.549
chrom;256;1;00;0.514
chrom;256;2;00;0.613
chrom;256;3;00;0.497
chrom;256;4;00;0.460
chrom;256;5;00;0.528
chrom;256;6;00;0.506
chrom;256;7;00;0.491
chrom;256;8;00;0.505
chrom;256;9;00;0.483
chrom;256;10;00;0.519
chrom;256;11;00;0.503
gen;256;;00;6.228
chrom;257;0;00;0.484
chrom;257;1;00;0.524
chrom;257;2;00;0.516
chrom;257;3;00;0.495
chrom;257;4;00;0.546
chrom;257;5;00;0.490
chrom;257;6;00;0.766
chrom;257;7;00;0.588
chrom;257;8;00;0.534
chrom;257;9;00;0.516
chrom;257;10;00;0.428
chrom;257;11;00;0.418
gen;257;;00;6.410
chrom;258;0;00;0.511
chrom;258;1;00;0.532
chrom;258;2;00;0.522
chrom;258;3;00;0.497
chrom;258;4;00;0.410
chrom;258;5;00;0.473
chrom;258;6;00;0.573
chrom;258;7;00;0.512
chrom;258;8;00;0.521
chrom;258;9;00;0.531
chrom;258;10;00;0.423
chrom;258;11;00;0.427
gen;258;;00;6.002
chrom;259;0;00;0.514
chrom;259;1;00;0.518
chrom;259;2;00;0.512
chrom;259;3;00;0.477
chrom;259;4;00;0.534
chrom;259;5;00;0.496
chrom;259;6;00;0.502
chrom;259;7;00;0.481
chrom;259;8;00;0.613
chrom;259;9;00;0.552
chrom;259;10;00;0.425
chrom;259;11;00;0.503
gen;259;;00;6.251
chrom;260;0;00;0.506
chrom;260;1;00;0.529
chrom;260;2;00;0.498
chrom;260;3;00;0.508
chrom;260;4;00;0.544
chrom;260;5;00;0.506
chrom;260;6;00;0.712
chrom;260;7;00;0.653
chrom;260;8;00;0.478
chrom;260;9;00;0.498
chrom;260;10;00;0.557
chrom;260;11;00;0.463
gen;260;;00;6.522
chrom;261;0;00;0.510
chrom;261;1;00;0.489
chrom;261;2;00;0.516
chrom;261;3;00;0.546
chrom;261;4;00;0.456
chrom;261;5;00;0.492
chrom;261;6;00;0.441
chrom;261;7;00;0.497
chrom;261;8;00;0.461
chrom;261;9;00;0.557
chrom;261;10;00;0.437
chrom;261;11;00;0.519
gen;261;;00;5.945
chrom;262;0;00;0.499
chrom;262;1;00;0.519
chrom;262;2;00;0.483
chrom;262;3;00;0.494
chrom;262;4;00;0.556
chrom;262;5;00;0.533
chrom;262;6;00;0.463
chrom;262;7;00;0.562
chrom;262;8;00;0.415
chrom;262;9;00;0.537
chrom;262;10;00;0.607
chrom;262;11;00;0.495
gen;262;;00;6.222
chrom;263;0;00;0.511
chrom;263;1;00;0.616
chrom;263;2;00;0.454
chrom;263;3;00;0.533
chrom;263;4;00;0.472
chrom;263;5;00;0.566
chrom;263;6;00;0.669
chrom;263;7;00;0.497
chrom;263;8;00;0.524
chrom;263;9;00;0.576
chrom;263;10;00;0.502
chrom;263;11;00;0.478
gen;263;;00;6.540
chrom;264;0;00;0.525
chrom;264;1;00;0.546
chrom;264;2;00;0.518
chrom;264;3;00;0.611
chrom;264;4;00;0.468
chrom;264;5;00;0.576
chrom;264;6;00;0.541
chrom;264;7;00;0.512
chrom;264;8;00;0.625
chrom;264;9;00;0.636
chrom;264;10;00;0.396
chrom;264;11;00;0.504
gen;264;;00;6.549
chrom;265;0;00;0.515
chrom;265;1;00;0.483
chrom;265;2;00;0.505
chrom;265;3;00;0.560
chrom;265;4;00;0.522
chrom;265;5;00;0.405
chrom;265;6;00;0.483
chrom;265;7;00;0.546
chrom;265;8;00;0.492
chrom;265;9;00;0.515
chrom;265;10;00;0.545
chrom;265;11;00;0.489
gen;265;;00;6.140
chrom;266;0;00;0.489
chrom;266;1;00;0.478
chrom;266;2;00;0.504
chrom;266;3;00;0.499
chrom;266;4;00;0.470
chrom;266;5;00;0.488
chrom;266;6;00;0.581
chrom;266;7;00;0.578
chrom;266;8;00;0.595
chrom;266;9;00;0.629
chrom;266;10;00;0.563
chrom;266;11;00;0.522
gen;266;;00;6.486
chrom;267;0;00;0.513
chrom;267;1;00;0.507
chrom;267;2;00;0.502
chrom;267;3;00;0.511
chrom;267;4;00;0.485
chrom;267;5;00;0.498
chrom;267;6;00;0.528
chrom;267;7;00;0.532
chrom;267;8;00;0.461
chrom;267;9;00;0.435
chrom;267;10;00;0.478
chrom;267;11;00;0.517
gen;267;;00;6.058
chrom;268;0;00;0.507
chrom;268;1;00;0.543
chrom;268;2;00;0.455
chrom;268;3;00;0.519
chrom;268;4;00;0.526
chrom;268;5;00;0.390
chrom;268;6;00;0.484
chrom;268;7;00;0.491
chrom;268;8;00;0.545
chrom;268;9;00;0.474
chrom;268;10;00;0.472
chrom;268;11;00;0.494
gen;268;;00;5.973
chrom;269;0;00;0.494
chrom;269;1;00;0.492
chrom;269;2;00;0.514
chrom;269;3;00;0.597
chrom;269;4;00;0.476
chrom;269;5;00;0.477
chrom;269;6;00;0.488
chrom;269;7;00;0.513
chrom;269;8;00;0.506
chrom;269;9;00;0.399
chrom;269;10;00;0.412
chrom;269;11;00;0.522
gen;269;;00;5.993
chrom;270;0;00;0.466
chrom;270;1;00;0.508
chrom;270;2;00;0.586
chrom;270;3;00;0.549
chrom;270;4;00;0.523
chrom;270;5;00;0.458
chrom;270;6;00;0.514
chrom;270;7;00;0.411
chrom;270;8;00;0.509
chrom;270;9;00;0.464
chrom;270;10;00;0.500
chrom;270;11;00;0.500
gen;270;;00;6.054
chrom;271;0;00;0.541
chrom;271;1;00;0.531
chrom;271;2;00;0.485
chrom;271;3;00;0.516
chrom;271;4;00;0.516
chrom;271;5;00;0.444
chrom;271;6;00;0.541
chrom;271;7;00;0.530
chrom;271;8;00;0.512
chrom;271;9;00;0.511
chrom;271;10;00;0.497
chrom;271;11;00;0.407
gen;271;;00;6.116
chrom;272;0;00;0.508
chrom;272;1;00;0.473
chrom;272;2;00;0.537
chrom;272;3;00;0.495
chrom;272;4;00;0.554
chrom;272;5;00;0.490
chrom;272;6;00;0.503
chrom;272;7;00;0.426
chrom;272;8;00;0.536
chrom;272;9;00;0.485
chrom;272;10;00;0.504
chrom;272;11;00;0.487
gen;272;;00;6.057
chrom;273;0;00;0.527
chrom;273;1;00;0.480
chrom;273;2;00;0.513
chrom;273;3;00;0.491
chrom;273;4;00;0.546
chrom;273;5;00;0.487
chrom;273;6;00;0.470
chrom;273;7;00;0.598
chrom;273;8;00;0.608
chrom;273;9;00;0.583
chrom;273;10;00;0.578
chrom;273;11;00;0.622
gen;273;;00;6.609
chrom;274;0;00;0.649
chrom;274;1;00;0.732
chrom;274;2;00;0.513
chrom;274;3;00;0.492
chrom;274;4;00;0.500
chrom;274;5;00;0.484
chrom;274;6;00;0.703
chrom;274;7;00;0.489
chrom;274;8;00;0.576
chrom;274;9;00;0.487
chrom;274;10;00;0.570
chrom;274;11;00;0.558
gen;274;;00;6.861
chrom;275;0;00;0.551
chrom;275;1;00;0.554
chrom;275;2;00;0.500
chrom;275;3;00;0.481
chrom;275;4;00;0.515
chrom;275;5;00;0.518
chrom;275;6;00;0.525
chrom;275;7;00;0.503
chrom;275;8;00;0.595
chrom;275;9;00;0.519
chrom;275;10;00;0.470
chrom;275;11;00;0.493
gen;275;;00;6.325
chrom;276;0;00;0.454
chrom;276;1;00;0.502
chrom;276;2;00;0.525
chrom;276;3;00;0.449
chrom;276;4;00;0.482
chrom;276;5;00;0.494
chrom;276;6;00;0.502
chrom;276;7;00;0.581
chrom;276;8;00;0.552
chrom;276;9;00;0.621
chrom;276;10;00;0.554
chrom;276;11;00;0.469
gen;276;;00;6.307
chrom;277;0;00;0.490
chrom;277;1;00;0.571
chrom;277;2;00;0.537
chrom;277;3;00;0.507
chrom;277;4;00;0.542
chrom;277;5;00;0.545
chrom;277;6;00;0.508
chrom;277;7;00;0.563
chrom;277;8;00;0.541
chrom;277;9;00;0.510
chrom;277;10;00;0.430
chrom;277;11;00;0.529
gen;277;;00;6.404
chrom;278;0;00;0.523
chrom;278;1;00;0.542
chrom;278;2;00;0.492
chrom;278;3;00;0.512
chrom;278;4;00;0.537
chrom;278;5;00;0.466
chrom;278;6;00;0.490
chrom;278;7;00;0.577
chrom;278;8;00;0.606
chrom;278;9;00;0.478
chrom;278;10;00;0.475
chrom;278;11;00;0.512
gen;278;;00;6.300
chrom;279;0;00;0.576
chrom;279;1;00;0.600
chrom;279;2;00;0.608
chrom;279;3;00;0.490
chrom;279;4;00;0.498
chrom;279;5;00;0.556
chrom;279;6;00;0.571
chrom;279;7;00;0.459
chrom;279;8;00;0.512
chrom;279;9;00;0.762
chrom;279;10;00;0.575
chrom;279;11;00;0.502
gen;279;;00;6.849
chrom;280;0;00;0.532
chrom;280;1;00;0.539
chrom;280;2;00;0.465
chrom;280;3;00;0.507
chrom;280;4;00;0.591
chrom;280;5;00;0.568
chrom;280;6;00;0.606
chrom;280;7;00;0.492
chrom;280;8;00;0.398
chrom;280;9;00;0.506
chrom;280;10;00;0.511
chrom;280;11;00;0.491
gen;280;;00;6.335
chrom;281;0;00;0.513
chrom;281;1;00;0.506
chrom;281;2;00;0.481
chrom;281;3;00;0.491
chrom;281;4;00;0.513
chrom;281;5;00;0.443
chrom;281;6;00;0.509
chrom;281;7;00;0.416
chrom;281;8;00;0.495
chrom;281;9;00;0.471
chrom;281;10;00;0.482
chrom;281;11;00;0.521
gen;281;;00;5.966
chrom;282;0;00;0.514
chrom;282;1;00;0.521
chrom;282;2;00;0.528
chrom;282;3;00;0.522
chrom;282;4;00;0.451
chrom;282;5;00;0.506
chrom;282;6;00;0.513
chrom;282;7;00;0.522
chrom;282;8;00;0.512
chrom;282;9;00;0.490
chrom;282;10;00;0.513
chrom;282;11;00;0.491
gen;282;;00;6.143
chrom;283;0;00;0.492
chrom;283;1;00;0.512
chrom;283;2;00;0.463
chrom;283;3;00;0.493
chrom;283;4;00;0.473
chrom;283;5;00;0.540
chrom;283;6;00;0.434
chrom;283;7;00;0.505
chrom;283;8;00;0.462
chrom;283;9;00;0.476
chrom;283;10;00;0.491
chrom;283;11;00;0.434
gen;283;;00;5.827
chrom;284;0;00;0.540
chrom;284;1;00;0.510
chrom;284;2;00;0.475
chrom;284;3;00;0.491
chrom;284;4;00;0.482
chrom;284;5;00;0.505
chrom;284;6;00;0.532
chrom;284;7;00;0.550
chrom;284;8;00;0.479
chrom;284;9;00;0.490
chrom;284;10;00;0.405
chrom;284;11;00;0.478
gen;284;;00;6.063
chrom;285;0;00;0.487
chrom;285;1;00;0.545
chrom;285;2;00;0.480
chrom;285;3;00;0.507
chrom;285;4;00;0.414
chrom;285;5;00;0.458
chrom;285;6;00;0.529
chrom;285;7;00;0.536
chrom;285;8;00;0.498
chrom;285;9;00;0.491
chrom;285;10;00;0.496
chrom;285;11;00;0.512
gen;285;;00;6.030
chrom;286;0;00;0.506
chrom;286;1;00;0.522
chrom;286;2;00;0.481
chrom;286;3;00;0.460
chrom;286;4;00;0.497
chrom;286;5;00;0.507
chrom;286;6;00;0.587
chrom;286;7;00;0.397
chrom;286;8;00;0.474
chrom;286;9;00;0.529
chrom;286;10;00;0.458
chrom;286;11;00;0.522
gen;286;;00;6.037
chrom;287;0;00;0.450
chrom;287;1;00;0.566
chrom;287;2;00;0.488
chrom;287;3;00;0.503
chrom;287;4;00;0.481
chrom;287;5;00;0.506
chrom;287;6;00;0.483
chrom;287;7;00;0.504
chrom;287;8;00;0.531
chrom;287;9;00;0.450
chrom;287;10;00;0.463
chrom;287;11;00;0.456
gen;287;;00;5.950
chrom;288;0;00;0.497
chrom;288;1;00;0.522
chrom;288;2;00;0.465
chrom;288;3;00;0.522
chrom;288;4;00;0.498
chrom;288;5;00;0.536
chrom;288;6;00;0.502
chrom;288;7;00;0.471
chrom;288;8;00;0.497
chrom;288;9;00;0.537
chrom;288;10;00;0.481
chrom;288;11;00;0.475
gen;288;;00;6.113
chrom;289;0;00;0.494
chrom;289;1;00;0.509
chrom;289;2;00;0.476
chrom;289;3;00;0.465
chrom;289;4;00;0.553
chrom;289;5;00;0.515
chrom;289;6;00;0.395
chrom;289;7;00;0.428
chrom;289;8;00;0.497
chrom;289;9;00;0.445
chrom;289;10;00;0.524
chrom;289;11;00;0.495
gen;289;;00;5.904
chrom;290;0;00;0.536
chrom;290;1;00;0.544
chrom;290;2;00;0.500
chrom;290;3;00;0.504
chrom;290;4;00;0.459
chrom;290;5;00;0.414
chrom;290;6;00;0.480
chrom;290;7;00;0.521
chrom;290;8;00;0.497
chrom;290;9;00;0.553
chrom;290;10;00;0.465
chrom;290;11;00;0.475
gen;290;;00;6.043
chrom;291;0;00;0.497
chrom;291;1;00;0.553
chrom;291;2;00;0.482
chrom;291;3;00;0.490
chrom;291;4;00;0.492
chrom;291;5;00;0.497
chrom;291;6;00;0.460
chrom;291;7;00;0.495
chrom;291;8;00;0.522
chrom;291;9;00;0.491
chrom;291;10;00;0.494
chrom;291;11;00;0.560
gen;291;;00;6.114
chrom;292;0;00;0.506
chrom;292;1;00;0.496
chrom;292;2;00;0.506
chrom;292;3;00;0.490
chrom;292;4;00;0.498
chrom;292;5;00;0.557
chrom;292;6;00;0.512
chrom;292;7;00;0.500
chrom;292;8;00;0.530
chrom;292;9;00;0.546
chrom;292;10;00;0.416
chrom;292;11;00;0.522
gen;292;;00;6.193
chrom;293;0;00;0.524
chrom;293;1;00;0.527
chrom;293;2;00;0.508
chrom;293;3;00;0.503
chrom;293;4;00;0.536
chrom;293;5;00;0.530
chrom;293;6;00;0.520
chrom;293;7;00;0.501
chrom;293;8;00;0.506
chrom;293;9;00;0.553
chrom;293;10;00;0.422
chrom;293;11;00;0.576
gen;293;;00;6.292
chrom;294;0;00;0.505
chrom;294;1;00;0.504
chrom;294;2;00;0.529
chrom;294;3;00;0.492
chrom;294;4;00;0.511
chrom;294;5;00;0.429
chrom;294;6;00;0.541
chrom;294;7;00;0.475
chrom;294;8;00;0.524
chrom;294;9;00;0.551
chrom;294;10;00;0.592
chrom;294;11;00;0.488
gen;294;;00;6.278
chrom;295;0;00;0.511
chrom;295;1;00;0.506
chrom;295;2;00;0.538
chrom;295;3;00;0.474
chrom;295;4;00;0.491
chrom;295;5;00;0.512
chrom;295;6;00;0.494
chrom;295;7;00;0.510
chrom;295;8;00;0.492
chrom;295;9;00;0.512
chrom;295;10;00;0.534
chrom;295;11;00;0.490
gen;295;;00;6.126
chrom;296;0;00;0.606
chrom;296;1;00;0.507
chrom;296;2;00;0.557
chrom;296;3;00;0.538
chrom;296;4;00;0.564
chrom;296;5;00;0.417
chrom;296;6;00;0.507
chrom;296;7;00;0.444
chrom;296;8;00;0.623
chrom;296;9;00;0.577
chrom;296;10;00;0.520
chrom;296;11;00;0.540
gen;296;;00;6.496
chrom;297;0;00;0.499
chrom;297;1;00;0.643
chrom;297;2;00;0.519
chrom;297;3;00;0.512
chrom;297;4;00;0.491
chrom;297;5;00;0.496
chrom;297;6;00;0.423
chrom;297;7;00;0.522
chrom;297;8;00;0.514
chrom;297;9;00;0.483
chrom;297;10;00;0.521
chrom;297;11;00;0.474
gen;297;;00;6.198
chrom;298;0;00;0.553
chrom;298;1;00;0.535
chrom;298;2;00;0.528
chrom;298;3;00;0.474
chrom;298;4;00;0.539
chrom;298;5;00;0.490
chrom;298;6;00;0.504
chrom;298;7;00;0.450
chrom;298;8;00;0.382
chrom;298;9;00;0.476
chrom;298;10;00;0.497
chrom;298;11;00;0.427
gen;298;;00;5.965
chrom;299;0;00;0.529
chrom;299;1;00;0.490
chrom;299;2;00;0.511
chrom;299;3;00;0.460
chrom;299;4;00;0.474
chrom;299;5;00;0.451
chrom;299;6;00;0.537
chrom;299;7;00;0.459
chrom;299;8;00;0.498
chrom;299;9;00;0.536
chrom;299;10;00;0.450
chrom;299;11;00;0.490
gen;299;;00;5.997
chrom;300;0;00;0.481
chrom;300;1;00;0.491
chrom;300;2;00;0.506
chrom;300;3;00;0.466
chrom;300;4;00;0.460
chrom;300;5;00;0.529
chrom;300;6;00;0.564
chrom;300;7;00;0.592
chrom;300;8;00;0.539
chrom;300;9;00;0.585
chrom;300;10;00;0.600
chrom;300;11;00;0.468
gen;300;;00;6.347
chrom;301;0;00;0.512
chrom;301;1;00;0.506
chrom;301;2;00;0.508
chrom;301;3;00;0.442
chrom;301;4;00;0.490
chrom;301;5;00;0.513
chrom;301;6;00;0.521
chrom;301;7;00;0.482
chrom;301;8;00;0.491
chrom;301;9;00;0.480
chrom;301;10;00;0.490
chrom;301;11;00;0.460
gen;301;;00;5.966
chrom;302;0;00;0.481
chrom;302;1;00;0.458
chrom;302;2;00;0.497
chrom;302;3;00;0.444
chrom;302;4;00;0.495
chrom;302;5;00;0.478
chrom;302;6;00;0.490
chrom;302;7;00;0.397
chrom;302;8;00;0.504
chrom;302;9;00;0.468
chrom;302;10;00;0.528
chrom;302;11;00;0.522
gen;302;;00;5.840
chrom;303;0;00;0.482
chrom;303;1;00;0.490
chrom;303;2;00;0.507
chrom;303;3;00;0.480
chrom;303;4;00;0.381
chrom;303;5;00;0.428
chrom;303;6;00;0.482
chrom;303;7;00;0.506
chrom;303;8;00;0.459
chrom;303;9;00;0.497
chrom;303;10;00;0.491
chrom;303;11;00;0.481
gen;303;;00;5.747
chrom;304;0;00;0.461
chrom;304;1;00;0.490
chrom;304;2;00;0.480
chrom;304;3;00;0.491
chrom;304;4;00;0.529
chrom;304;5;00;0.459
chrom;304;6;00;0.506
chrom;304;7;00;0.511
chrom;304;8;00;0.490
chrom;304;9;00;0.514
chrom;304;10;00;0.536
chrom;304;11;00;0.481
gen;304;;00;6.044
chrom;305;0;00;0.459
chrom;305;1;00;0.450
chrom;305;2;00;0.522
chrom;305;3;00;0.474
chrom;305;4;00;0.545
chrom;305;5;00;0.476
chrom;305;6;00;0.496
chrom;305;7;00;0.538
chrom;305;8;00;0.481
chrom;305;9;00;0.491
chrom;305;10;00;0.498
chrom;305;11;00;0.412
gen;305;;00;5.934
chrom;306;0;00;0.475
chrom;306;1;00;0.481
chrom;306;2;00;0.506
chrom;306;3;00;0.475
chrom;306;4;00;0.419
chrom;306;5;00;0.507
chrom;306;6;00;0.542
chrom;306;7;00;0.477
chrom;306;8;00;0.475
chrom;306;9;00;0.400
chrom;306;10;00;0.506
chrom;306;11;00;0.466
gen;306;;00;5.856
chrom;307;0;00;0.508
chrom;307;1;00;0.527
chrom;307;2;00;0.522
chrom;307;3;00;0.475
chrom;307;4;00;0.466
chrom;307;5;00;0.491
chrom;307;6;00;0.466
chrom;307;7;00;0.476
chrom;307;8;00;0.474
chrom;307;9;00;0.528
chrom;307;10;00;0.490
chrom;307;11;00;0.397
gen;307;;00;5.913
chrom;308;0;00;0.464
chrom;308;1;00;0.522
chrom;308;2;00;0.482
chrom;308;3;00;0.509
chrom;308;4;00;0.410
chrom;308;5;00;0.511
chrom;308;6;00;0.522
chrom;308;7;00;0.513
chrom;308;8;00;0.506
chrom;308;9;00;0.420
chrom;308;10;00;0.490
chrom;308;11;00;0.481
gen;308;;00;5.956
chrom;309;0;00;0.490
chrom;309;1;00;0.506
chrom;309;2;00;0.467
chrom;309;3;00;0.505
chrom;309;4;00;0.445
chrom;309;5;00;0.512
chrom;309;6;00;0.521
chrom;309;7;00;0.483
chrom;309;8;00;0.521
chrom;309;9;00;0.514
chrom;309;10;00;0.505
chrom;309;11;00;0.451
gen;309;;00;5.981
chrom;310;0;00;0.522
chrom;310;1;00;0.495
chrom;310;2;00;0.491
chrom;310;3;00;0.491
chrom;310;4;00;0.467
chrom;310;5;00;0.505
chrom;310;6;00;0.467
chrom;310;7;00;0.509
chrom;310;8;00;0.486
chrom;310;9;00;0.497
chrom;310;10;00;0.538
chrom;310;11;00;0.528
gen;310;;00;6.075
chrom;311;0;00;0.476
chrom;311;1;00;0.496
chrom;311;2;00;0.491
chrom;311;3;00;0.448
chrom;311;4;00;0.477
chrom;311;5;00;0.474
chrom;311;6;00;0.498
chrom;311;7;00;0.521
chrom;311;8;00;0.434
chrom;311;9;00;0.539
chrom;311;10;00;0.505
chrom;311;11;00;0.434
gen;311;;00;5.840
chrom;312;0;00;0.507
chrom;312;1;00;0.544
chrom;312;2;00;0.522
chrom;312;3;00;0.445
chrom;312;4;00;0.603
chrom;312;5;00;0.656
chrom;312;6;00;0.626
chrom;312;7;00;0.413
chrom;312;8;00;0.459
chrom;312;9;00;0.481
chrom;312;10;00;0.480
chrom;312;11;00;0.398
gen;312;;00;6.183
chrom;313;0;00;0.515
chrom;313;1;00;0.505
chrom;313;2;00;0.497
chrom;313;3;00;0.476
chrom;313;4;00;0.476
chrom;313;5;00;0.515
chrom;313;6;00;0.553
chrom;313;7;00;0.458
chrom;313;8;00;0.491
chrom;313;9;00;0.497
chrom;313;10;00;0.506
chrom;313;11;00;0.482
gen;313;;00;6.053
chrom;314;0;00;0.505
chrom;314;1;00;0.530
chrom;314;2;00;0.427
chrom;314;3;00;0.459
chrom;314;4;00;0.497
chrom;314;5;00;0.427
chrom;314;6;00;0.506
chrom;314;7;00;0.513
chrom;314;8;00;0.491
chrom;314;9;00;0.512
chrom;314;10;00;0.538
chrom;314;11;00;0.466
gen;314;;00;5.997
chrom;315;0;00;0.490
chrom;315;1;00;0.512
chrom;315;2;00;0.475
chrom;315;3;00;0.448
chrom;315;4;00;0.431
chrom;315;5;00;0.568
chrom;315;6;00;0.481
chrom;315;7;00;0.553
chrom;315;8;00;0.575
chrom;315;9;00;0.446
chrom;315;10;00;0.457
chrom;315;11;00;0.436
gen;315;;00;5.966
chrom;316;0;00;0.490
chrom;316;1;00;0.482
chrom;316;2;00;0.490
chrom;316;3;00;0.506
chrom;316;4;00;0.497
chrom;316;5;00;0.512
chrom;316;6;00;0.475
chrom;316;7;00;0.522
chrom;316;8;00;0.413
chrom;316;9;00;0.500
chrom;316;10;00;0.503
chrom;316;11;00;0.402
gen;316;;00;5.886
chrom;317;0;00;0.506
chrom;317;1;00;0.559
chrom;317;2;00;0.492
chrom;317;3;00;0.543
chrom;317;4;00;0.491
chrom;317;5;00;0.492
chrom;317;6;00;0.492
chrom;317;7;00;0.511
chrom;317;8;00;0.523
chrom;317;9;00;0.497
chrom;317;10;00;0.398
chrom;317;11;00;0.458
gen;317;;00;6.029
chrom;318;0;00;0.491
chrom;318;1;00;0.497
chrom;318;2;00;0.518
chrom;318;3;00;0.485
chrom;318;4;00;0.553
chrom;318;5;00;0.482
chrom;318;6;00;0.491
chrom;318;7;00;0.513
chrom;318;8;00;0.505
chrom;318;9;00;0.417
chrom;318;10;00;0.446
chrom;318;11;00;0.521
gen;318;;00;6.028
chrom;319;0;00;0.497
chrom;319;1;00;0.506
chrom;319;2;00;0.513
chrom;319;3;00;0.444
chrom;319;4;00;0.523
chrom;319;5;00;0.512
chrom;319;6;00;0.412
chrom;319;7;00;0.509
chrom;319;8;00;0.474
chrom;319;9;00;0.475
chrom;319;10;00;0.513
chrom;319;11;00;0.509
gen;319;;00;5.970
chrom;320;0;00;0.477
chrom;320;1;00;0.506
chrom;320;2;00;0.475
chrom;320;3;00;0.497
chrom;320;4;00;0.491
chrom;320;5;00;0.466
chrom;320;6;00;0.491
chrom;320;7;00;0.498
chrom;320;8;00;0.552
chrom;320;9;00;0.528
chrom;320;10;00;0.428
chrom;320;11;00;0.495
gen;320;;00;5.997
chrom;321;0;00;0.540
chrom;321;1;00;0.462
chrom;321;2;00;0.479
chrom;321;3;00;0.490
chrom;321;4;00;0.543
chrom;321;5;00;0.491
chrom;321;6;00;0.512
chrom;321;7;00;0.507
chrom;321;8;00;0.443
chrom;321;9;00;0.481
chrom;321;10;00;0.507
chrom;321;11;00;0.451
gen;321;;00;6.031
chrom;322;0;00;0.521
chrom;322;1;00;0.459
chrom;322;2;00;0.494
chrom;322;3;00;0.494
chrom;322;4;00;0.541
chrom;322;5;00;0.506
chrom;322;6;00;0.482
chrom;322;7;00;0.490
chrom;322;8;00;0.559
chrom;322;9;00;0.477
chrom;322;10;00;0.479
chrom;322;11;00;0.475
gen;322;;00;6.074
chrom;323;0;00;0.522
chrom;323;1;00;0.460
chrom;323;2;00;0.522
chrom;323;3;00;0.512
chrom;323;4;00;0.491
chrom;323;5;00;0.481
chrom;323;6;00;0.507
chrom;323;7;00;0.482
chrom;323;8;00;0.522
chrom;323;9;00;0.458
chrom;323;10;00;0.451
chrom;323;11;00;0.490
gen;323;;00;5.982
chrom;324;0;00;0.527
chrom;324;1;00;0.492
chrom;324;2;00;0.474
chrom;324;3;00;0.497
chrom;324;4;00;0.476
chrom;324;5;00;0.415
chrom;324;6;00;0.525
chrom;324;7;00;0.446
chrom;324;8;00;0.510
chrom;324;9;00;0.506
chrom;324;10;00;0.513
chrom;324;11;00;0.505
gen;324;;00;5.949
chrom;325;0;00;0.482
chrom;325;1;00;0.474
chrom;325;2;00;0.506
chrom;325;3;00;0.482
chrom;325;4;00;0.505
chrom;325;5;00;0.528
chrom;325;6;00;0.460
chrom;325;7;00;0.429
chrom;325;8;00;0.527
chrom;325;9;00;0.494
chrom;325;10;00;0.478
chrom;325;11;00;0.459
gen;325;;00;5.935
chrom;326;0;00;0.497
chrom;326;1;00;0.538
chrom;326;2;00;0.490
chrom;326;3;00;0.467
chrom;326;4;00;0.490
chrom;326;5;00;0.513
chrom;326;6;00;0.475
chrom;326;7;00;0.429
chrom;326;8;00;0.529
chrom;326;9;00;0.412
chrom;326;10;00;0.458
chrom;326;11;00;0.512
gen;326;;00;5.856
chrom;327;0;00;0.507
chrom;327;1;00;0.467
chrom;327;2;00;0.490
chrom;327;3;00;0.491
chrom;327;4;00;0.525
chrom;327;5;00;0.475
chrom;327;6;00;0.465
chrom;327;7;00;0.430
chrom;327;8;00;0.555
chrom;327;9;00;0.458
chrom;327;10;00;0.490
chrom;327;11;00;0.481
gen;327;;00;5.888
chrom;328;0;00;0.506
chrom;328;1;00;0.497
chrom;328;2;00;0.507
chrom;328;3;00;0.490
chrom;328;4;00;0.492
chrom;328;5;00;0.458
chrom;328;6;00;0.466
chrom;328;7;00;0.522
chrom;328;8;00;0.544
chrom;328;9;00;0.521
chrom;328;10;00;0.513
chrom;328;11;00;0.459
gen;328;;00;6.075
chrom;329;0;00;0.528
chrom;329;1;00;0.508
chrom;329;2;00;0.489
chrom;329;3;00;0.481
chrom;329;4;00;0.522
chrom;329;5;00;0.466
chrom;329;6;00;0.491
chrom;329;7;00;0.497
chrom;329;8;00;0.523
chrom;329;9;00;0.397
chrom;329;10;00;0.543
chrom;329;11;00;0.459
gen;329;;00;6.012
chrom;330;0;00;0.466
chrom;330;1;00;0.491
chrom;330;2;00;0.528
chrom;330;3;00;0.459
chrom;330;4;00;0.507
chrom;330;5;00;0.497
chrom;330;6;00;0.474
chrom;330;7;00;0.497
chrom;330;8;00;0.491
chrom;330;9;00;0.475
chrom;330;10;00;0.513
chrom;330;11;00;0.412
gen;330;;00;5.888
chrom;331;0;00;0.496
chrom;331;1;00;0.445
chrom;331;2;00;0.526
chrom;331;3;00;0.600
chrom;331;4;00;0.542
chrom;331;5;00;0.463
chrom;331;6;00;0.704
chrom;331;7;00;0.677
chrom;331;8;00;0.520
chrom;331;9;00;0.406
chrom;331;10;00;0.560
chrom;331;11;00;0.475
gen;331;;00;6.510
chrom;332;0;00;0.485
chrom;332;1;00;0.526
chrom;332;2;00;0.498
chrom;332;3;00;0.537
chrom;332;4;00;0.460
chrom;332;5;00;0.476
chrom;332;6;00;0.529
chrom;332;7;00;0.502
chrom;332;8;00;0.424
chrom;332;9;00;0.516
chrom;332;10;00;0.487
chrom;332;11;00;0.497
gen;332;;00;6.013
chrom;333;0;00;0.473
chrom;333;1;00;0.560
chrom;333;2;00;0.473
chrom;333;3;00;0.518
chrom;333;4;00;0.519
chrom;333;5;00;0.435
chrom;333;6;00;0.562
chrom;333;7;00;0.398
chrom;333;8;00;0.466
chrom;333;9;00;0.522
chrom;333;10;00;0.499
chrom;333;11;00;0.476
gen;333;;00;5.984
chrom;334;0;00;0.509
chrom;334;1;00;0.505
chrom;334;2;00;0.510
chrom;334;3;00;0.491
chrom;334;4;00;0.500
chrom;334;5;00;0.470
chrom;334;6;00;0.503
chrom;334;7;00;0.496
chrom;334;8;00;0.505
chrom;334;9;00;0.541
chrom;334;10;00;0.490
chrom;334;11;00;0.475
gen;334;;00;6.109
chrom;335;0;00;0.490
chrom;335;1;00;0.477
chrom;335;2;00;0.676
chrom;335;3;00;0.600
chrom;335;4;00;0.463
chrom;335;5;00;0.519
chrom;335;6;00;0.453
chrom;335;7;00;0.463
chrom;335;8;00;0.522
chrom;335;9;00;0.491
chrom;335;10;00;0.482
chrom;335;11;00;0.521
gen;335;;00;6.262
chrom;336;0;00;0.497
chrom;336;1;00;0.478
chrom;336;2;00;0.510
chrom;336;3;00;0.460
chrom;336;4;00;0.513
chrom;336;5;00;0.542
chrom;336;6;00;0.419
chrom;336;7;00;0.514
chrom;336;8;00;0.452
chrom;336;9;00;0.516
chrom;336;10;00;0.524
chrom;336;11;00;0.529
gen;336;;00;6.032
chrom;337;0;00;0.461
chrom;337;1;00;0.510
chrom;337;2;00;0.473
chrom;337;3;00;0.487
chrom;337;4;00;0.464
chrom;337;5;00;0.562
chrom;337;6;00;0.489
chrom;337;7;00;0.496
chrom;337;8;00;0.494
chrom;337;9;00;0.535
chrom;337;10;00;0.429
chrom;337;11;00;0.466
gen;337;;00;5.970
chrom;338;0;00;0.474
chrom;338;1;00;0.496
chrom;338;2;00;0.476
chrom;338;3;00;0.466
chrom;338;4;00;0.538
chrom;338;5;00;0.511
chrom;338;6;00;0.445
chrom;338;7;00;0.551
chrom;338;8;00;0.395
chrom;338;9;00;0.547
chrom;338;10;00;0.449
chrom;338;11;00;0.519
gen;338;;00;5.969
chrom;339;0;00;0.492
chrom;339;1;00;0.577
chrom;339;2;00;0.448
chrom;339;3;00;0.520
chrom;339;4;00;0.493
chrom;339;5;00;0.402
chrom;339;6;00;0.491
chrom;339;7;00;0.483
chrom;339;8;00;0.441
chrom;339;9;00;0.449
chrom;339;10;00;0.500
chrom;339;11;00;0.538
gen;339;;00;5.923
chrom;340;0;00;0.503
chrom;340;1;00;0.522
chrom;340;2;00;0.455
chrom;340;3;00;0.500
chrom;340;4;00;0.503
chrom;340;5;00;0.547
chrom;340;6;00;0.469
chrom;340;7;00;0.397
chrom;340;8;00;0.405
chrom;340;9;00;0.535
chrom;340;10;00;0.463
chrom;340;11;00;0.478
gen;340;;00;5.896
chrom;341;0;00;0.489
chrom;341;1;00;0.528
chrom;341;2;00;0.493
chrom;341;3;00;0.470
chrom;341;4;00;0.453
chrom;341;5;00;0.566
chrom;341;6;00;0.461
chrom;341;7;00;0.519
chrom;341;8;00;0.510
chrom;341;9;00;0.430
chrom;341;10;00;0.506
chrom;341;11;00;0.435
gen;341;;00;5.957
chrom;342;0;00;0.547
chrom;342;1;00;0.547
chrom;342;2;00;0.508
chrom;342;3;00;0.501
chrom;342;4;00;0.514
chrom;342;5;00;0.522
chrom;342;6;00;0.511
chrom;342;7;00;0.397
chrom;342;8;00;0.439
chrom;342;9;00;0.563
chrom;342;10;00;0.480
chrom;342;11;00;0.524
gen;342;;00;6.094
chrom;343;0;00;0.494
chrom;343;1;00;0.550
chrom;343;2;00;0.471
chrom;343;3;00;0.479
chrom;343;4;00;0.438
chrom;343;5;00;0.543
chrom;343;6;00;0.470
chrom;343;7;00;0.495
chrom;343;8;00;0.490
chrom;343;9;00;0.465
chrom;343;10;00;0.459
chrom;343;11;00;0.501
gen;343;;00;5.894
chrom;344;0;00;0.506
chrom;344;1;00;0.497
chrom;344;2;00;0.441
chrom;344;3;00;0.489
chrom;344;4;00;0.470
chrom;344;5;00;0.444
chrom;344;6;00;0.494
chrom;344;7;00;0.501
chrom;344;8;00;0.515
chrom;344;9;00;0.511
chrom;344;10;00;0.507
chrom;344;11;00;0.510
gen;344;;00;5.987
chrom;345;0;00;0.497
chrom;345;1;00;0.543
chrom;345;2;00;0.517
chrom;345;3;00;0.461
chrom;345;4;00;0.520
chrom;345;5;00;0.515
chrom;345;6;00;0.468
chrom;345;7;00;0.478
chrom;345;8;00;0.432
chrom;345;9;00;0.430
chrom;345;10;00;0.477
chrom;345;11;00;0.539
gen;345;;00;5.937
chrom;346;0;00;0.443
chrom;346;1;00;0.490
chrom;346;2;00;0.459
chrom;346;3;00;0.495
chrom;346;4;00;0.522
chrom;346;5;00;0.494
chrom;346;6;00;0.525
chrom;346;7;00;0.477
chrom;346;8;00;0.516
chrom;346;9;00;0.534
chrom;346;10;00;0.502
chrom;346;11;00;0.478
gen;346;;00;5.977
chrom;347;0;00;0.488
chrom;347;1;00;0.523
chrom;347;2;00;0.493
chrom;347;3;00;0.483
chrom;347;4;00;0.508
chrom;347;5;00;0.492
chrom;347;6;00;0.509
chrom;347;7;00;0.465
chrom;347;8;00;0.512
chrom;347;9;00;0.529
chrom;347;10;00;0.491
chrom;347;11;00;0.574
gen;347;;00;6.140
chrom;348;0;00;0.490
chrom;348;1;00;0.478
chrom;348;2;00;0.491
chrom;348;3;00;0.493
chrom;348;4;00;0.451
chrom;348;5;00;0.541
chrom;348;6;00;0.545
chrom;348;7;00;0.508
chrom;348;8;00;0.532
chrom;348;9;00;0.522
chrom;348;10;00;0.484
chrom;348;11;00;0.483
gen;348;;00;6.130
chrom;349;0;00;0.517
chrom;349;1;00;0.520
chrom;349;2;00;0.515
chrom;349;3;00;0.506
chrom;349;4;00;0.452
chrom;349;5;00;0.510
chrom;349;6;00;0.506
chrom;349;7;00;0.478
chrom;349;8;00;0.509
chrom;349;9;00;0.492
chrom;349;10;00;0.521
chrom;349;11;00;0.495
gen;349;;00;6.146
chrom;350;0;00;0.531
chrom;350;1;00;0.552
chrom;350;2;00;0.491
chrom;350;3;00;0.500
chrom;350;4;00;0.521
chrom;350;5;00;0.496
chrom;350;6;00;0.569
chrom;350;7;00;0.502
chrom;350;8;00;0.498
chrom;350;9;00;0.597
chrom;350;10;00;0.651
chrom;350;11;00;0.508
gen;350;;00;6.500
piece;;;35;52.813
