timed;gen;idx;min;sec
chrom;1;0;00;0.557
chrom;1;1;00;0.436
chrom;1;2;00;0.532
chrom;1;3;00;0.619
chrom;1;4;00;0.522
chrom;1;5;00;0.479
chrom;1;6;00;0.448
chrom;1;7;00;0.513
chrom;1;8;00;0.515
chrom;1;9;00;0.613
chrom;1;10;00;0.517
chrom;1;11;00;0.509
chrom;1;12;00;0.634
chrom;1;13;00;0.578
chrom;1;14;00;0.489
chrom;1;15;00;0.673
chrom;1;16;00;0.903
chrom;1;17;00;0.765
chrom;1;18;00;0.486
chrom;1;19;00;0.597
chrom;1;20;00;0.624
chrom;1;21;00;0.862
chrom;1;22;00;0.723
chrom;1;23;00;0.673
chrom;1;24;00;0.614
chrom;1;25;00;0.702
chrom;1;26;00;0.588
chrom;1;27;00;0.598
chrom;1;28;00;0.709
chrom;1;29;00;0.613
chrom;1;30;00;0.623
chrom;1;31;00;0.548
chrom;1;32;00;0.645
chrom;1;33;00;0.615
chrom;1;34;00;0.552
chrom;1;35;00;0.573
chrom;1;36;00;0.592
chrom;1;37;00;0.605
chrom;1;38;00;0.655
chrom;1;39;00;0.583
gen;1;;00;24.370
chrom;2;0;00;0.000
chrom;2;1;00;0.000
chrom;2;2;00;0.000
chrom;2;3;00;0.000
chrom;2;4;00;0.000
chrom;2;5;00;0.001
chrom;2;6;00;0.000
chrom;2;7;00;0.000
chrom;2;8;00;0.000
chrom;2;9;00;0.000
chrom;2;10;00;0.000
chrom;2;11;00;0.001
chrom;2;12;00;0.000
chrom;2;13;00;0.000
chrom;2;14;00;0.000
chrom;2;15;00;0.000
chrom;2;16;00;0.000
chrom;2;17;00;0.629
chrom;2;18;00;0.000
chrom;2;19;00;0.000
chrom;2;20;00;0.696
chrom;2;21;00;0.607
chrom;2;22;00;0.000
chrom;2;23;00;0.577
chrom;2;24;00;0.584
chrom;2;25;00;0.678
chrom;2;26;00;0.578
chrom;2;27;00;0.548
chrom;2;28;00;0.000
chrom;2;29;00;0.000
chrom;2;30;00;0.666
chrom;2;31;00;0.621
chrom;2;32;00;0.621
chrom;2;33;00;0.000
chrom;2;34;00;0.662
chrom;2;35;00;0.633
chrom;2;36;00;0.592
chrom;2;37;00;0.000
chrom;2;38;00;0.000
chrom;2;39;00;0.000
gen;2;;00;9.071
chrom;3;0;00;0.000
chrom;3;1;00;0.000
chrom;3;2;00;0.000
chrom;3;3;00;0.000
chrom;3;4;00;0.000
chrom;3;5;00;0.000
chrom;3;6;00;0.000
chrom;3;7;00;0.000
chrom;3;8;00;0.004
chrom;3;9;00;0.004
chrom;3;10;00;0.000
chrom;3;11;00;0.000
chrom;3;12;00;0.000
chrom;3;13;00;0.000
chrom;3;14;00;0.000
chrom;3;15;00;0.000
chrom;3;16;00;0.000
chrom;3;17;00;0.000
chrom;3;18;00;0.632
chrom;3;19;00;0.656
chrom;3;20;00;0.000
chrom;3;21;00;0.683
chrom;3;22;00;0.680
chrom;3;23;00;0.000
chrom;3;24;00;0.000
chrom;3;25;00;0.000
chrom;3;26;00;0.000
chrom;3;27;00;0.615
chrom;3;28;00;0.000
chrom;3;29;00;0.000
chrom;3;30;00;0.605
chrom;3;31;00;0.665
chrom;3;32;00;0.651
chrom;3;33;00;0.575
chrom;3;34;00;0.000
chrom;3;35;00;0.000
chrom;3;36;00;0.587
chrom;3;37;00;0.649
chrom;3;38;00;0.000
chrom;3;39;00;0.000
gen;3;;00;7.423
chrom;4;0;00;0.000
chrom;4;1;00;0.000
chrom;4;2;00;0.000
chrom;4;3;00;0.000
chrom;4;4;00;0.000
chrom;4;5;00;0.000
chrom;4;6;00;0.000
chrom;4;7;00;0.000
chrom;4;8;00;0.000
chrom;4;9;00;0.000
chrom;4;10;00;0.000
chrom;4;11;00;0.000
chrom;4;12;00;0.000
chrom;4;13;00;0.000
chrom;4;14;00;0.000
chrom;4;15;00;0.004
chrom;4;16;00;0.000
chrom;4;17;00;0.000
chrom;4;18;00;0.000
chrom;4;19;00;0.628
chrom;4;20;00;0.000
chrom;4;21;00;0.000
chrom;4;22;00;0.000
chrom;4;23;00;0.000
chrom;4;24;00;0.001
chrom;4;25;00;0.000
chrom;4;26;00;0.000
chrom;4;27;00;0.000
chrom;4;28;00;0.000
chrom;4;29;00;0.713
chrom;4;30;00;0.654
chrom;4;31;00;0.000
chrom;4;32;00;0.000
chrom;4;33;00;0.000
chrom;4;34;00;0.571
chrom;4;35;00;0.701
chrom;4;36;00;0.004
chrom;4;37;00;0.000
chrom;4;38;00;0.000
chrom;4;39;00;0.000
gen;4;;00;3.739
chrom;5;0;00;0.000
chrom;5;1;00;0.000
chrom;5;2;00;0.001
chrom;5;3;00;0.000
chrom;5;4;00;0.000
chrom;5;5;00;0.000
chrom;5;6;00;0.000
chrom;5;7;00;0.000
chrom;5;8;00;0.000
chrom;5;9;00;0.000
chrom;5;10;00;0.000
chrom;5;11;00;0.000
chrom;5;12;00;0.000
chrom;5;13;00;0.000
chrom;5;14;00;0.000
chrom;5;15;00;0.000
chrom;5;16;00;0.001
chrom;5;17;00;0.001
chrom;5;18;00;0.000
chrom;5;19;00;0.000
chrom;5;20;00;0.000
chrom;5;21;00;0.000
chrom;5;22;00;0.581
chrom;5;23;00;0.001
chrom;5;24;00;0.000
chrom;5;25;00;0.000
chrom;5;26;00;0.619
chrom;5;27;00;0.001
chrom;5;28;00;0.000
chrom;5;29;00;0.634
chrom;5;30;00;0.000
chrom;5;31;00;0.000
chrom;5;32;00;0.000
chrom;5;33;00;0.000
chrom;5;34;00;0.001
chrom;5;35;00;0.608
chrom;5;36;00;0.000
chrom;5;37;00;0.000
chrom;5;38;00;0.669
chrom;5;39;00;0.000
gen;5;;00;3.492
chrom;6;0;00;0.001
chrom;6;1;00;0.000
chrom;6;2;00;0.000
chrom;6;3;00;0.000
chrom;6;4;00;0.000
chrom;6;5;00;0.000
chrom;6;6;00;0.000
chrom;6;7;00;0.000
chrom;6;8;00;0.001
chrom;6;9;00;0.000
chrom;6;10;00;0.000
chrom;6;11;00;0.000
chrom;6;12;00;0.000
chrom;6;13;00;0.000
chrom;6;14;00;0.000
chrom;6;15;00;0.000
chrom;6;16;00;0.004
chrom;6;17;00;0.000
chrom;6;18;00;0.000
chrom;6;19;00;0.000
chrom;6;20;00;0.000
chrom;6;21;00;0.000
chrom;6;22;00;0.000
chrom;6;23;00;0.000
chrom;6;24;00;0.000
chrom;6;25;00;0.000
chrom;6;26;00;0.004
chrom;6;27;00;0.000
chrom;6;28;00;0.680
chrom;6;29;00;0.612
chrom;6;30;00;0.000
chrom;6;31;00;0.000
chrom;6;32;00;0.000
chrom;6;33;00;0.000
chrom;6;34;00;0.593
chrom;6;35;00;0.000
chrom;6;36;00;0.000
chrom;6;37;00;0.000
chrom;6;38;00;0.000
chrom;6;39;00;0.600
gen;6;;00;2.888
chrom;7;0;00;0.000
chrom;7;1;00;0.000
chrom;7;2;00;0.000
chrom;7;3;00;0.000
chrom;7;4;00;0.000
chrom;7;5;00;0.000
chrom;7;6;00;0.000
chrom;7;7;00;0.000
chrom;7;8;00;0.000
chrom;7;9;00;0.000
chrom;7;10;00;0.000
chrom;7;11;00;0.000
chrom;7;12;00;0.000
chrom;7;13;00;0.000
chrom;7;14;00;0.000
chrom;7;15;00;0.000
chrom;7;16;00;0.000
chrom;7;17;00;0.632
chrom;7;18;00;0.000
chrom;7;19;00;0.810
chrom;7;20;00;0.000
chrom;7;21;00;0.000
chrom;7;22;00;0.000
chrom;7;23;00;0.000
chrom;7;24;00;0.000
chrom;7;25;00;0.002
chrom;7;26;00;0.001
chrom;7;27;00;0.000
chrom;7;28;00;0.000
chrom;7;29;00;0.001
chrom;7;30;00;0.002
chrom;7;31;00;0.000
chrom;7;32;00;0.000
chrom;7;33;00;0.000
chrom;7;34;00;0.000
chrom;7;35;00;0.000
chrom;7;36;00;0.000
chrom;7;37;00;0.000
chrom;7;38;00;0.000
chrom;7;39;00;0.000
gen;7;;00;1.929
chrom;8;0;00;0.001
chrom;8;1;00;0.000
chrom;8;2;00;0.000
chrom;8;3;00;0.000
chrom;8;4;00;0.000
chrom;8;5;00;0.000
chrom;8;6;00;0.000
chrom;8;7;00;0.000
chrom;8;8;00;0.000
chrom;8;9;00;0.000
chrom;8;10;00;0.000
chrom;8;11;00;0.000
chrom;8;12;00;0.000
chrom;8;13;00;0.000
chrom;8;14;00;0.000
chrom;8;15;00;0.000
chrom;8;16;00;0.000
chrom;8;17;00;0.000
chrom;8;18;00;0.000
chrom;8;19;00;0.626
chrom;8;20;00;0.000
chrom;8;21;00;0.000
chrom;8;22;00;0.000
chrom;8;23;00;0.580
chrom;8;24;00;0.000
chrom;8;25;00;0.000
chrom;8;26;00;0.000
chrom;8;27;00;0.000
chrom;8;28;00;0.573
chrom;8;29;00;0.592
chrom;8;30;00;0.000
chrom;8;31;00;0.000
chrom;8;32;00;0.000
chrom;8;33;00;0.000
chrom;8;34;00;0.000
chrom;8;35;00;0.000
chrom;8;36;00;0.000
chrom;8;37;00;0.000
chrom;8;38;00;0.000
chrom;8;39;00;0.000
gen;8;;00;2.823
chrom;9;0;00;0.000
chrom;9;1;00;0.000
chrom;9;2;00;0.001
chrom;9;3;00;0.000
chrom;9;4;00;0.000
chrom;9;5;00;0.000
chrom;9;6;00;0.000
chrom;9;7;00;0.000
chrom;9;8;00;0.000
chrom;9;9;00;0.001
chrom;9;10;00;0.000
chrom;9;11;00;0.000
chrom;9;12;00;0.000
chrom;9;13;00;0.000
chrom;9;14;00;0.000
chrom;9;15;00;0.000
chrom;9;16;00;0.000
chrom;9;17;00;0.000
chrom;9;18;00;0.000
chrom;9;19;00;0.001
chrom;9;20;00;0.000
chrom;9;21;00;0.000
chrom;9;22;00;0.000
chrom;9;23;00;0.000
chrom;9;24;00;0.000
chrom;9;25;00;0.000
chrom;9;26;00;0.000
chrom;9;27;00;0.000
chrom;9;28;00;0.000
chrom;9;29;00;0.000
chrom;9;30;00;0.000
chrom;9;31;00;0.000
chrom;9;32;00;0.000
chrom;9;33;00;0.565
chrom;9;34;00;0.583
chrom;9;35;00;0.000
chrom;9;36;00;0.000
chrom;9;37;00;0.001
chrom;9;38;00;0.000
chrom;9;39;00;0.004
gen;9;;00;1.649
chrom;10;0;00;0.000
chrom;10;1;00;0.000
chrom;10;2;00;0.000
chrom;10;3;00;0.000
chrom;10;4;00;0.000
chrom;10;5;00;0.000
chrom;10;6;00;0.000
chrom;10;7;00;0.000
chrom;10;8;00;0.000
chrom;10;9;00;0.000
chrom;10;10;00;0.000
chrom;10;11;00;0.000
chrom;10;12;00;0.000
chrom;10;13;00;0.001
chrom;10;14;00;0.000
chrom;10;15;00;0.000
chrom;10;16;00;0.000
chrom;10;17;00;0.000
chrom;10;18;00;0.000
chrom;10;19;00;0.000
chrom;10;20;00;0.000
chrom;10;21;00;0.000
chrom;10;22;00;0.002
chrom;10;23;00;0.000
chrom;10;24;00;0.000
chrom;10;25;00;0.000
chrom;10;26;00;0.000
chrom;10;27;00;0.000
chrom;10;28;00;0.000
chrom;10;29;00;0.000
chrom;10;30;00;0.000
chrom;10;31;00;0.000
chrom;10;32;00;0.605
chrom;10;33;00;0.001
chrom;10;34;00;0.000
chrom;10;35;00;0.000
chrom;10;36;00;0.667
chrom;10;37;00;0.641
chrom;10;38;00;0.000
chrom;10;39;00;0.580
gen;10;;00;2.930
chrom;11;0;00;0.000
chrom;11;1;00;0.000
chrom;11;2;00;0.000
chrom;11;3;00;0.000
chrom;11;4;00;0.001
chrom;11;5;00;0.000
chrom;11;6;00;0.001
chrom;11;7;00;0.004
chrom;11;8;00;0.000
chrom;11;9;00;0.000
chrom;11;10;00;0.000
chrom;11;11;00;0.000
chrom;11;12;00;0.000
chrom;11;13;00;0.000
chrom;11;14;00;0.000
chrom;11;15;00;0.000
chrom;11;16;00;0.000
chrom;11;17;00;0.000
chrom;11;18;00;0.000
chrom;11;19;00;0.000
chrom;11;20;00;0.000
chrom;11;21;00;0.000
chrom;11;22;00;0.000
chrom;11;23;00;0.000
chrom;11;24;00;0.000
chrom;11;25;00;0.004
chrom;11;26;00;0.000
chrom;11;27;00;0.000
chrom;11;28;00;0.000
chrom;11;29;00;0.000
chrom;11;30;00;0.004
chrom;11;31;00;0.620
chrom;11;32;00;0.680
chrom;11;33;00;0.000
chrom;11;34;00;0.000
chrom;11;35;00;0.000
chrom;11;36;00;0.000
chrom;11;37;00;0.000
chrom;11;38;00;0.000
chrom;11;39;00;0.000
gen;11;;00;1.664
chrom;12;0;00;0.000
chrom;12;1;00;0.000
chrom;12;2;00;0.000
chrom;12;3;00;0.000
chrom;12;4;00;0.000
chrom;12;5;00;0.000
chrom;12;6;00;0.000
chrom;12;7;00;0.000
chrom;12;8;00;0.000
chrom;12;9;00;0.000
chrom;12;10;00;0.000
chrom;12;11;00;0.000
chrom;12;12;00;0.000
chrom;12;13;00;0.001
chrom;12;14;00;0.000
chrom;12;15;00;0.000
chrom;12;16;00;0.000
chrom;12;17;00;0.000
chrom;12;18;00;0.000
chrom;12;19;00;0.000
chrom;12;20;00;0.000
chrom;12;21;00;0.000
chrom;12;22;00;0.000
chrom;12;23;00;0.000
chrom;12;24;00;0.000
chrom;12;25;00;0.000
chrom;12;26;00;0.000
chrom;12;27;00;0.000
chrom;12;28;00;0.000
chrom;12;29;00;0.000
chrom;12;30;00;0.000
chrom;12;31;00;0.579
chrom;12;32;00;0.000
chrom;12;33;00;0.680
chrom;12;34;00;0.000
chrom;12;35;00;0.000
chrom;12;36;00;0.004
chrom;12;37;00;0.000
chrom;12;38;00;0.767
chrom;12;39;00;0.000
gen;12;;00;2.440
chrom;13;0;00;0.000
chrom;13;1;00;0.000
chrom;13;2;00;0.000
chrom;13;3;00;0.000
chrom;13;4;00;0.000
chrom;13;5;00;0.000
chrom;13;6;00;0.000
chrom;13;7;00;0.000
chrom;13;8;00;0.000
chrom;13;9;00;0.000
chrom;13;10;00;0.000
chrom;13;11;00;0.000
chrom;13;12;00;0.000
chrom;13;13;00;0.000
chrom;13;14;00;0.000
chrom;13;15;00;0.004
chrom;13;16;00;0.000
chrom;13;17;00;0.000
chrom;13;18;00;0.590
chrom;13;19;00;0.000
chrom;13;20;00;0.000
chrom;13;21;00;0.633
chrom;13;22;00;0.000
chrom;13;23;00;0.000
chrom;13;24;00;0.000
chrom;13;25;00;0.000
chrom;13;26;00;0.000
chrom;13;27;00;0.000
chrom;13;28;00;0.000
chrom;13;29;00;0.000
chrom;13;30;00;0.000
chrom;13;31;00;0.623
chrom;13;32;00;0.000
chrom;13;33;00;0.000
chrom;13;34;00;0.000
chrom;13;35;00;0.000
chrom;13;36;00;0.000
chrom;13;37;00;0.000
chrom;13;38;00;0.000
chrom;13;39;00;0.004
gen;13;;00;2.398
chrom;14;0;00;0.001
chrom;14;1;00;0.000
chrom;14;2;00;0.000
chrom;14;3;00;0.000
chrom;14;4;00;0.000
chrom;14;5;00;0.000
chrom;14;6;00;0.000
chrom;14;7;00;0.000
chrom;14;8;00;0.001
chrom;14;9;00;0.000
chrom;14;10;00;0.002
chrom;14;11;00;0.000
chrom;14;12;00;0.000
chrom;14;13;00;0.000
chrom;14;14;00;0.000
chrom;14;15;00;0.000
chrom;14;16;00;0.004
chrom;14;17;00;0.000
chrom;14;18;00;0.000
chrom;14;19;00;0.000
chrom;14;20;00;0.000
chrom;14;21;00;0.000
chrom;14;22;00;0.000
chrom;14;23;00;0.000
chrom;14;24;00;0.000
chrom;14;25;00;0.000
chrom;14;26;00;0.000
chrom;14;27;00;0.000
chrom;14;28;00;0.000
chrom;14;29;00;0.000
chrom;14;30;00;0.000
chrom;14;31;00;0.000
chrom;14;32;00;0.000
chrom;14;33;00;0.000
chrom;14;34;00;0.000
chrom;14;35;00;0.000
chrom;14;36;00;0.000
chrom;14;37;00;0.000
chrom;14;38;00;0.000
chrom;14;39;00;0.000
gen;14;;00;0.485
chrom;15;0;00;0.000
chrom;15;1;00;0.000
chrom;15;2;00;0.000
chrom;15;3;00;0.000
chrom;15;4;00;0.000
chrom;15;5;00;0.000
chrom;15;6;00;0.000
chrom;15;7;00;0.000
chrom;15;8;00;0.000
chrom;15;9;00;0.000
chrom;15;10;00;0.000
chrom;15;11;00;0.000
chrom;15;12;00;0.000
chrom;15;13;00;0.000
chrom;15;14;00;0.001
chrom;15;15;00;0.000
chrom;15;16;00;0.000
chrom;15;17;00;0.001
chrom;15;18;00;0.000
chrom;15;19;00;0.000
chrom;15;20;00;0.000
chrom;15;21;00;0.580
chrom;15;22;00;0.000
chrom;15;23;00;0.000
chrom;15;24;00;0.000
chrom;15;25;00;0.000
chrom;15;26;00;0.000
chrom;15;27;00;0.000
chrom;15;28;00;0.000
chrom;15;29;00;0.000
chrom;15;30;00;0.000
chrom;15;31;00;0.598
chrom;15;32;00;0.000
chrom;15;33;00;0.000
chrom;15;34;00;0.004
chrom;15;35;00;0.000
chrom;15;36;00;0.000
chrom;15;37;00;0.000
chrom;15;38;00;0.000
chrom;15;39;00;0.000
gen;15;;00;1.618
chrom;16;0;00;0.000
chrom;16;1;00;0.001
chrom;16;2;00;0.001
chrom;16;3;00;0.000
chrom;16;4;00;0.000
chrom;16;5;00;0.000
chrom;16;6;00;0.001
chrom;16;7;00;0.000
chrom;16;8;00;0.000
chrom;16;9;00;0.000
chrom;16;10;00;0.000
chrom;16;11;00;0.000
chrom;16;12;00;0.000
chrom;16;13;00;0.000
chrom;16;14;00;0.000
chrom;16;15;00;0.000
chrom;16;16;00;0.000
chrom;16;17;00;0.000
chrom;16;18;00;0.000
chrom;16;19;00;0.000
chrom;16;20;00;0.001
chrom;16;21;00;0.000
chrom;16;22;00;0.000
chrom;16;23;00;0.000
chrom;16;24;00;0.000
chrom;16;25;00;0.000
chrom;16;26;00;0.000
chrom;16;27;00;0.000
chrom;16;28;00;0.000
chrom;16;29;00;0.000
chrom;16;30;00;0.000
chrom;16;31;00;0.000
chrom;16;32;00;0.005
chrom;16;33;00;0.000
chrom;16;34;00;0.000
chrom;16;35;00;0.571
chrom;16;36;00;0.627
chrom;16;37;00;0.000
chrom;16;38;00;0.610
chrom;16;39;00;0.000
gen;16;;00;2.291
chrom;17;0;00;0.000
chrom;17;1;00;0.000
chrom;17;2;00;0.000
chrom;17;3;00;0.000
chrom;17;4;00;0.000
chrom;17;5;00;0.001
chrom;17;6;00;0.000
chrom;17;7;00;0.000
chrom;17;8;00;0.000
chrom;17;9;00;0.000
chrom;17;10;00;0.000
chrom;17;11;00;0.000
chrom;17;12;00;0.000
chrom;17;13;00;0.000
chrom;17;14;00;0.000
chrom;17;15;00;0.000
chrom;17;16;00;0.000
chrom;17;17;00;0.000
chrom;17;18;00;0.000
chrom;17;19;00;0.000
chrom;17;20;00;0.000
chrom;17;21;00;0.583
chrom;17;22;00;0.000
chrom;17;23;00;0.000
chrom;17;24;00;0.000
chrom;17;25;00;0.000
chrom;17;26;00;0.000
chrom;17;27;00;0.000
chrom;17;28;00;0.000
chrom;17;29;00;0.000
chrom;17;30;00;0.000
chrom;17;31;00;0.004
chrom;17;32;00;0.000
chrom;17;33;00;0.000
chrom;17;34;00;0.000
chrom;17;35;00;0.000
chrom;17;36;00;0.000
chrom;17;37;00;0.000
chrom;17;38;00;0.000
chrom;17;39;00;0.000
gen;17;;00;1.093
chrom;18;0;00;0.000
chrom;18;1;00;0.000
chrom;18;2;00;0.000
chrom;18;3;00;0.000
chrom;18;4;00;0.000
chrom;18;5;00;0.000
chrom;18;6;00;0.000
chrom;18;7;00;0.000
chrom;18;8;00;0.000
chrom;18;9;00;0.000
chrom;18;10;00;0.002
chrom;18;11;00;0.001
chrom;18;12;00;0.000
chrom;18;13;00;0.000
chrom;18;14;00;0.000
chrom;18;15;00;0.000
chrom;18;16;00;0.000
chrom;18;17;00;0.000
chrom;18;18;00;0.000
chrom;18;19;00;0.000
chrom;18;20;00;0.000
chrom;18;21;00;0.000
chrom;18;22;00;0.000
chrom;18;23;00;0.000
chrom;18;24;00;0.004
chrom;18;25;00;0.000
chrom;18;26;00;0.000
chrom;18;27;00;0.598
chrom;18;28;00;0.000
chrom;18;29;00;0.000
chrom;18;30;00;0.000
chrom;18;31;00;0.000
chrom;18;32;00;0.000
chrom;18;33;00;0.000
chrom;18;34;00;0.000
chrom;18;35;00;0.000
chrom;18;36;00;0.000
chrom;18;37;00;0.000
chrom;18;38;00;0.000
chrom;18;39;00;0.000
gen;18;;00;1.067
chrom;19;0;00;0.000
chrom;19;1;00;0.000
chrom;19;2;00;0.000
chrom;19;3;00;0.000
chrom;19;4;00;0.000
chrom;19;5;00;0.000
chrom;19;6;00;0.000
chrom;19;7;00;0.000
chrom;19;8;00;0.000
chrom;19;9;00;0.000
chrom;19;10;00;0.000
chrom;19;11;00;0.000
chrom;19;12;00;0.001
chrom;19;13;00;0.000
chrom;19;14;00;0.000
chrom;19;15;00;0.000
chrom;19;16;00;0.000
chrom;19;17;00;0.000
chrom;19;18;00;0.579
chrom;19;19;00;0.001
chrom;19;20;00;0.713
chrom;19;21;00;0.000
chrom;19;22;00;0.000
chrom;19;23;00;0.000
chrom;19;24;00;0.000
chrom;19;25;00;0.000
chrom;19;26;00;0.000
chrom;19;27;00;0.000
chrom;19;28;00;0.000
chrom;19;29;00;0.000
chrom;19;30;00;0.000
chrom;19;31;00;0.000
chrom;19;32;00;0.001
chrom;19;33;00;0.000
chrom;19;34;00;0.000
chrom;19;35;00;0.000
chrom;19;36;00;0.000
chrom;19;37;00;0.000
chrom;19;38;00;0.000
chrom;19;39;00;0.000
gen;19;;00;1.814
chrom;20;0;00;0.000
chrom;20;1;00;0.000
chrom;20;2;00;0.000
chrom;20;3;00;0.000
chrom;20;4;00;0.000
chrom;20;5;00;0.000
chrom;20;6;00;0.000
chrom;20;7;00;0.000
chrom;20;8;00;0.000
chrom;20;9;00;0.000
chrom;20;10;00;0.000
chrom;20;11;00;0.000
chrom;20;12;00;0.000
chrom;20;13;00;0.000
chrom;20;14;00;0.000
chrom;20;15;00;0.000
chrom;20;16;00;0.000
chrom;20;17;00;0.000
chrom;20;18;00;0.000
chrom;20;19;00;0.000
chrom;20;20;00;0.000
chrom;20;21;00;0.000
chrom;20;22;00;0.000
chrom;20;23;00;0.000
chrom;20;24;00;0.000
chrom;20;25;00;0.000
chrom;20;26;00;0.000
chrom;20;27;00;0.000
chrom;20;28;00;0.000
chrom;20;29;00;0.000
chrom;20;30;00;0.000
chrom;20;31;00;0.000
chrom;20;32;00;0.000
chrom;20;33;00;0.594
chrom;20;34;00;0.000
chrom;20;35;00;0.632
chrom;20;36;00;0.000
chrom;20;37;00;0.001
chrom;20;38;00;0.000
chrom;20;39;00;0.001
gen;20;;00;1.615
chrom;21;0;00;0.000
chrom;21;1;00;0.004
chrom;21;2;00;0.000
chrom;21;3;00;0.000
chrom;21;4;00;0.000
chrom;21;5;00;0.004
chrom;21;6;00;0.002
chrom;21;7;00;0.000
chrom;21;8;00;0.000
chrom;21;9;00;0.000
chrom;21;10;00;0.000
chrom;21;11;00;0.000
chrom;21;12;00;0.000
chrom;21;13;00;0.000
chrom;21;14;00;0.000
chrom;21;15;00;0.000
chrom;21;16;00;0.000
chrom;21;17;00;0.000
chrom;21;18;00;0.000
chrom;21;19;00;0.000
chrom;21;20;00;0.000
chrom;21;21;00;0.000
chrom;21;22;00;0.000
chrom;21;23;00;0.000
chrom;21;24;00;0.000
chrom;21;25;00;0.000
chrom;21;26;00;0.000
chrom;21;27;00;0.000
chrom;21;28;00;0.000
chrom;21;29;00;0.000
chrom;21;30;00;0.000
chrom;21;31;00;0.000
chrom;21;32;00;0.000
chrom;21;33;00;0.000
chrom;21;34;00;0.000
chrom;21;35;00;0.000
chrom;21;36;00;0.000
chrom;21;37;00;0.000
chrom;21;38;00;0.000
chrom;21;39;00;0.000
gen;21;;00;0.359
chrom;22;0;00;0.000
chrom;22;1;00;0.000
chrom;22;2;00;0.001
chrom;22;3;00;0.000
chrom;22;4;00;0.000
chrom;22;5;00;0.000
chrom;22;6;00;0.000
chrom;22;7;00;0.000
chrom;22;8;00;0.000
chrom;22;9;00;0.000
chrom;22;10;00;0.000
chrom;22;11;00;0.003
chrom;22;12;00;0.000
chrom;22;13;00;0.000
chrom;22;14;00;0.000
chrom;22;15;00;0.000
chrom;22;16;00;0.000
chrom;22;17;00;0.000
chrom;22;18;00;0.612
chrom;22;19;00;0.000
chrom;22;20;00;0.000
chrom;22;21;00;0.000
chrom;22;22;00;0.001
chrom;22;23;00;0.000
chrom;22;24;00;0.000
chrom;22;25;00;0.000
chrom;22;26;00;0.000
chrom;22;27;00;0.000
chrom;22;28;00;0.000
chrom;22;29;00;0.000
chrom;22;30;00;0.000
chrom;22;31;00;0.000
chrom;22;32;00;0.000
chrom;22;33;00;0.000
chrom;22;34;00;0.000
chrom;22;35;00;0.000
chrom;22;36;00;0.001
chrom;22;37;00;0.000
chrom;22;38;00;0.000
chrom;22;39;00;0.615
gen;22;;00;1.744
chrom;23;0;00;0.000
chrom;23;1;00;0.000
chrom;23;2;00;0.002
chrom;23;3;00;0.000
chrom;23;4;00;0.000
chrom;23;5;00;0.000
chrom;23;6;00;0.000
chrom;23;7;00;0.000
chrom;23;8;00;0.000
chrom;23;9;00;0.000
chrom;23;10;00;0.002
chrom;23;11;00;0.000
chrom;23;12;00;0.000
chrom;23;13;00;0.000
chrom;23;14;00;0.000
chrom;23;15;00;0.000
chrom;23;16;00;0.000
chrom;23;17;00;0.004
chrom;23;18;00;0.000
chrom;23;19;00;0.000
chrom;23;20;00;0.000
chrom;23;21;00;0.000
chrom;23;22;00;0.000
chrom;23;23;00;0.000
chrom;23;24;00;0.004
chrom;23;25;00;0.001
chrom;23;26;00;0.000
chrom;23;27;00;0.000
chrom;23;28;00;0.000
chrom;23;29;00;0.000
chrom;23;30;00;0.000
chrom;23;31;00;0.000
chrom;23;32;00;0.000
chrom;23;33;00;0.000
chrom;23;34;00;0.000
chrom;23;35;00;0.000
chrom;23;36;00;0.000
chrom;23;37;00;0.004
chrom;23;38;00;0.000
chrom;23;39;00;0.000
gen;23;;00;0.416
chrom;24;0;00;0.000
chrom;24;1;00;0.000
chrom;24;2;00;0.000
chrom;24;3;00;0.000
chrom;24;4;00;0.000
chrom;24;5;00;0.000
chrom;24;6;00;0.000
chrom;24;7;00;0.000
chrom;24;8;00;0.001
chrom;24;9;00;0.000
chrom;24;10;00;0.000
chrom;24;11;00;0.000
chrom;24;12;00;0.000
chrom;24;13;00;0.000
chrom;24;14;00;0.000
chrom;24;15;00;0.000
chrom;24;16;00;0.000
chrom;24;17;00;0.000
chrom;24;18;00;0.000
chrom;24;19;00;0.000
chrom;24;20;00;0.000
chrom;24;21;00;0.000
chrom;24;22;00;0.000
chrom;24;23;00;0.000
chrom;24;24;00;0.000
chrom;24;25;00;0.000
chrom;24;26;00;0.000
chrom;24;27;00;0.000
chrom;24;28;00;0.000
chrom;24;29;00;0.000
chrom;24;30;00;0.000
chrom;24;31;00;0.000
chrom;24;32;00;0.000
chrom;24;33;00;0.000
chrom;24;34;00;0.000
chrom;24;35;00;0.000
chrom;24;36;00;0.000
chrom;24;37;00;0.000
chrom;24;38;00;0.000
chrom;24;39;00;0.568
gen;24;;00;0.928
chrom;25;0;00;0.000
chrom;25;1;00;0.000
chrom;25;2;00;0.000
chrom;25;3;00;0.000
chrom;25;4;00;0.000
chrom;25;5;00;0.000
chrom;25;6;00;0.000
chrom;25;7;00;0.000
chrom;25;8;00;0.000
chrom;25;9;00;0.000
chrom;25;10;00;0.001
chrom;25;11;00;0.000
chrom;25;12;00;0.004
chrom;25;13;00;0.000
chrom;25;14;00;0.000
chrom;25;15;00;0.000
chrom;25;16;00;0.000
chrom;25;17;00;0.000
chrom;25;18;00;0.000
chrom;25;19;00;0.000
chrom;25;20;00;0.000
chrom;25;21;00;0.000
chrom;25;22;00;0.000
chrom;25;23;00;0.000
chrom;25;24;00;0.000
chrom;25;25;00;0.000
chrom;25;26;00;0.001
chrom;25;27;00;0.000
chrom;25;28;00;0.000
chrom;25;29;00;0.000
chrom;25;30;00;0.000
chrom;25;31;00;0.000
chrom;25;32;00;0.002
chrom;25;33;00;0.000
chrom;25;34;00;0.000
chrom;25;35;00;0.000
chrom;25;36;00;0.000
chrom;25;37;00;0.000
chrom;25;38;00;0.000
chrom;25;39;00;0.000
gen;25;;00;0.378
chrom;26;0;00;0.000
chrom;26;1;00;0.000
chrom;26;2;00;0.000
chrom;26;3;00;0.000
chrom;26;4;00;0.000
chrom;26;5;00;0.000
chrom;26;6;00;0.000
chrom;26;7;00;0.000
chrom;26;8;00;0.000
chrom;26;9;00;0.000
chrom;26;10;00;0.000
chrom;26;11;00;0.000
chrom;26;12;00;0.000
chrom;26;13;00;0.000
chrom;26;14;00;0.000
chrom;26;15;00;0.000
chrom;26;16;00;0.000
chrom;26;17;00;0.000
chrom;26;18;00;0.000
chrom;26;19;00;0.000
chrom;26;20;00;0.000
chrom;26;21;00;0.000
chrom;26;22;00;0.000
chrom;26;23;00;0.000
chrom;26;24;00;0.000
chrom;26;25;00;0.000
chrom;26;26;00;0.000
chrom;26;27;00;0.000
chrom;26;28;00;0.000
chrom;26;29;00;0.000
chrom;26;30;00;0.000
chrom;26;31;00;0.000
chrom;26;32;00;0.000
chrom;26;33;00;0.000
chrom;26;34;00;0.000
chrom;26;35;00;0.000
chrom;26;36;00;0.000
chrom;26;37;00;0.000
chrom;26;38;00;0.000
chrom;26;39;00;0.000
gen;26;;00;0.367
chrom;27;0;00;0.004
chrom;27;1;00;0.000
chrom;27;2;00;0.000
chrom;27;3;00;0.000
chrom;27;4;00;0.000
chrom;27;5;00;0.000
chrom;27;6;00;0.000
chrom;27;7;00;0.000
chrom;27;8;00;0.000
chrom;27;9;00;0.000
chrom;27;10;00;0.000
chrom;27;11;00;0.000
chrom;27;12;00;0.000
chrom;27;13;00;0.000
chrom;27;14;00;0.000
chrom;27;15;00;0.000
chrom;27;16;00;0.000
chrom;27;17;00;0.000
chrom;27;18;00;0.001
chrom;27;19;00;0.000
chrom;27;20;00;0.000
chrom;27;21;00;0.000
chrom;27;22;00;0.002
chrom;27;23;00;0.004
chrom;27;24;00;0.000
chrom;27;25;00;0.000
chrom;27;26;00;0.623
chrom;27;27;00;0.000
chrom;27;28;00;0.001
chrom;27;29;00;0.000
chrom;27;30;00;0.000
chrom;27;31;00;0.001
chrom;27;32;00;0.003
chrom;27;33;00;0.000
chrom;27;34;00;0.000
chrom;27;35;00;0.000
chrom;27;36;00;0.000
chrom;27;37;00;0.000
chrom;27;38;00;0.000
chrom;27;39;00;0.000
gen;27;;00;1.021
chrom;28;0;00;0.000
chrom;28;1;00;0.000
chrom;28;2;00;0.000
chrom;28;3;00;0.000
chrom;28;4;00;0.000
chrom;28;5;00;0.000
chrom;28;6;00;0.000
chrom;28;7;00;0.002
chrom;28;8;00;0.000
chrom;28;9;00;0.000
chrom;28;10;00;0.000
chrom;28;11;00;0.000
chrom;28;12;00;0.000
chrom;28;13;00;0.000
chrom;28;14;00;0.000
chrom;28;15;00;0.000
chrom;28;16;00;0.000
chrom;28;17;00;0.000
chrom;28;18;00;0.000
chrom;28;19;00;0.000
chrom;28;20;00;0.000
chrom;28;21;00;0.000
chrom;28;22;00;0.000
chrom;28;23;00;0.000
chrom;28;24;00;0.000
chrom;28;25;00;0.000
chrom;28;26;00;0.000
chrom;28;27;00;0.000
chrom;28;28;00;0.560
chrom;28;29;00;0.000
chrom;28;30;00;0.000
chrom;28;31;00;0.000
chrom;28;32;00;0.000
chrom;28;33;00;0.000
chrom;28;34;00;0.000
chrom;28;35;00;0.002
chrom;28;36;00;0.000
chrom;28;37;00;0.000
chrom;28;38;00;0.000
chrom;28;39;00;0.000
gen;28;;00;0.977
chrom;29;0;00;0.000
chrom;29;1;00;0.001
chrom;29;2;00;0.000
chrom;29;3;00;0.000
chrom;29;4;00;0.000
chrom;29;5;00;0.000
chrom;29;6;00;0.000
chrom;29;7;00;0.000
chrom;29;8;00;0.000
chrom;29;9;00;0.000
chrom;29;10;00;0.000
chrom;29;11;00;0.000
chrom;29;12;00;0.000
chrom;29;13;00;0.000
chrom;29;14;00;0.000
chrom;29;15;00;0.000
chrom;29;16;00;0.000
chrom;29;17;00;0.000
chrom;29;18;00;0.000
chrom;29;19;00;0.001
chrom;29;20;00;0.000
chrom;29;21;00;0.000
chrom;29;22;00;0.000
chrom;29;23;00;0.000
chrom;29;24;00;0.000
chrom;29;25;00;0.000
chrom;29;26;00;0.000
chrom;29;27;00;0.000
chrom;29;28;00;0.000
chrom;29;29;00;0.000
chrom;29;30;00;0.000
chrom;29;31;00;0.000
chrom;29;32;00;0.000
chrom;29;33;00;0.000
chrom;29;34;00;0.000
chrom;29;35;00;0.000
chrom;29;36;00;0.000
chrom;29;37;00;0.000
chrom;29;38;00;0.000
chrom;29;39;00;0.001
gen;29;;00;0.393
chrom;30;0;00;0.000
chrom;30;1;00;0.000
chrom;30;2;00;0.003
chrom;30;3;00;0.000
chrom;30;4;00;0.000
chrom;30;5;00;0.000
chrom;30;6;00;0.000
chrom;30;7;00;0.000
chrom;30;8;00;0.000
chrom;30;9;00;0.000
chrom;30;10;00;0.000
chrom;30;11;00;0.002
chrom;30;12;00;0.000
chrom;30;13;00;0.000
chrom;30;14;00;0.000
chrom;30;15;00;0.000
chrom;30;16;00;0.000
chrom;30;17;00;0.000
chrom;30;18;00;0.000
chrom;30;19;00;0.000
chrom;30;20;00;0.000
chrom;30;21;00;0.000
chrom;30;22;00;0.000
chrom;30;23;00;0.000
chrom;30;24;00;0.000
chrom;30;25;00;0.000
chrom;30;26;00;0.000
chrom;30;27;00;0.000
chrom;30;28;00;0.000
chrom;30;29;00;0.000
chrom;30;30;00;0.000
chrom;30;31;00;0.000
chrom;30;32;00;0.000
chrom;30;33;00;0.000
chrom;30;34;00;0.000
chrom;30;35;00;0.597
chrom;30;36;00;0.000
chrom;30;37;00;0.000
chrom;30;38;00;0.000
chrom;30;39;00;0.000
gen;30;;00;1.003
chrom;31;0;00;0.004
chrom;31;1;00;0.000
chrom;31;2;00;0.000
chrom;31;3;00;0.000
chrom;31;4;00;0.000
chrom;31;5;00;0.000
chrom;31;6;00;0.000
chrom;31;7;00;0.000
chrom;31;8;00;0.000
chrom;31;9;00;0.004
chrom;31;10;00;0.000
chrom;31;11;00;0.000
chrom;31;12;00;0.004
chrom;31;13;00;0.000
chrom;31;14;00;0.002
chrom;31;15;00;0.000
chrom;31;16;00;0.000
chrom;31;17;00;0.000
chrom;31;18;00;0.000
chrom;31;19;00;0.000
chrom;31;20;00;0.000
chrom;31;21;00;0.000
chrom;31;22;00;0.000
chrom;31;23;00;0.000
chrom;31;24;00;0.592
chrom;31;25;00;0.000
chrom;31;26;00;0.000
chrom;31;27;00;0.000
chrom;31;28;00;0.000
chrom;31;29;00;0.004
chrom;31;30;00;0.000
chrom;31;31;00;0.000
chrom;31;32;00;0.000
chrom;31;33;00;0.000
chrom;31;34;00;0.000
chrom;31;35;00;0.000
chrom;31;36;00;0.000
chrom;31;37;00;0.000
chrom;31;38;00;0.000
chrom;31;39;00;0.000
gen;31;;00;1.200
chrom;32;0;00;0.000
chrom;32;1;00;0.000
chrom;32;2;00;0.000
chrom;32;3;00;0.000
chrom;32;4;00;0.000
chrom;32;5;00;0.000
chrom;32;6;00;0.000
chrom;32;7;00;0.000
chrom;32;8;00;0.000
chrom;32;9;00;0.000
chrom;32;10;00;0.000
chrom;32;11;00;0.000
chrom;32;12;00;0.000
chrom;32;13;00;0.000
chrom;32;14;00;0.001
chrom;32;15;00;0.000
chrom;32;16;00;0.000
chrom;32;17;00;0.000
chrom;32;18;00;0.004
chrom;32;19;00;0.000
chrom;32;20;00;0.000
chrom;32;21;00;0.001
chrom;32;22;00;0.000
chrom;32;23;00;0.000
chrom;32;24;00;0.000
chrom;32;25;00;0.000
chrom;32;26;00;0.000
chrom;32;27;00;0.000
chrom;32;28;00;0.000
chrom;32;29;00;0.000
chrom;32;30;00;0.000
chrom;32;31;00;0.000
chrom;32;32;00;0.000
chrom;32;33;00;0.000
chrom;32;34;00;0.000
chrom;32;35;00;0.000
chrom;32;36;00;0.000
chrom;32;37;00;0.000
chrom;32;38;00;0.003
chrom;32;39;00;0.000
gen;32;;00;0.399
chrom;33;0;00;0.000
chrom;33;1;00;0.000
chrom;33;2;00;0.000
chrom;33;3;00;0.000
chrom;33;4;00;0.000
chrom;33;5;00;0.000
chrom;33;6;00;0.000
chrom;33;7;00;0.000
chrom;33;8;00;0.000
chrom;33;9;00;0.000
chrom;33;10;00;0.000
chrom;33;11;00;0.000
chrom;33;12;00;0.000
chrom;33;13;00;0.000
chrom;33;14;00;0.000
chrom;33;15;00;0.000
chrom;33;16;00;0.000
chrom;33;17;00;0.000
chrom;33;18;00;0.000
chrom;33;19;00;0.000
chrom;33;20;00;0.000
chrom;33;21;00;0.000
chrom;33;22;00;0.000
chrom;33;23;00;0.000
chrom;33;24;00;0.000
chrom;33;25;00;0.000
chrom;33;26;00;0.000
chrom;33;27;00;0.001
chrom;33;28;00;0.000
chrom;33;29;00;0.000
chrom;33;30;00;0.000
chrom;33;31;00;0.000
chrom;33;32;00;0.000
chrom;33;33;00;0.000
chrom;33;34;00;0.000
chrom;33;35;00;0.000
chrom;33;36;00;0.000
chrom;33;37;00;0.000
chrom;33;38;00;0.000
chrom;33;39;00;0.000
gen;33;;00;0.374
chrom;34;0;00;0.000
chrom;34;1;00;0.000
chrom;34;2;00;0.000
chrom;34;3;00;0.001
chrom;34;4;00;0.000
chrom;34;5;00;0.000
chrom;34;6;00;0.000
chrom;34;7;00;0.000
chrom;34;8;00;0.000
chrom;34;9;00;0.000
chrom;34;10;00;0.000
chrom;34;11;00;0.001
chrom;34;12;00;0.000
chrom;34;13;00;0.001
chrom;34;14;00;0.004
chrom;34;15;00;0.001
chrom;34;16;00;0.000
chrom;34;17;00;0.000
chrom;34;18;00;0.000
chrom;34;19;00;0.000
chrom;34;20;00;0.000
chrom;34;21;00;0.000
chrom;34;22;00;0.000
chrom;34;23;00;0.000
chrom;34;24;00;0.000
chrom;34;25;00;0.000
chrom;34;26;00;0.000
chrom;34;27;00;0.004
chrom;34;28;00;0.000
chrom;34;29;00;0.000
chrom;34;30;00;0.000
chrom;34;31;00;0.000
chrom;34;32;00;0.000
chrom;34;33;00;0.000
chrom;34;34;00;0.000
chrom;34;35;00;0.000
chrom;34;36;00;0.000
chrom;34;37;00;0.000
chrom;34;38;00;0.002
chrom;34;39;00;0.000
gen;34;;00;0.382
chrom;35;0;00;0.000
chrom;35;1;00;0.000
chrom;35;2;00;0.000
chrom;35;3;00;0.000
chrom;35;4;00;0.000
chrom;35;5;00;0.000
chrom;35;6;00;0.000
chrom;35;7;00;0.000
chrom;35;8;00;0.003
chrom;35;9;00;0.000
chrom;35;10;00;0.000
chrom;35;11;00;0.000
chrom;35;12;00;0.000
chrom;35;13;00;0.000
chrom;35;14;00;0.000
chrom;35;15;00;0.000
chrom;35;16;00;0.000
chrom;35;17;00;0.000
chrom;35;18;00;0.000
chrom;35;19;00;0.000
chrom;35;20;00;0.000
chrom;35;21;00;0.607
chrom;35;22;00;0.847
chrom;35;23;00;0.000
chrom;35;24;00;0.001
chrom;35;25;00;0.000
chrom;35;26;00;0.000
chrom;35;27;00;0.000
chrom;35;28;00;0.000
chrom;35;29;00;0.000
chrom;35;30;00;0.000
chrom;35;31;00;0.000
chrom;35;32;00;0.000
chrom;35;33;00;0.000
chrom;35;34;00;0.000
chrom;35;35;00;0.000
chrom;35;36;00;0.000
chrom;35;37;00;0.004
chrom;35;38;00;0.000
chrom;35;39;00;0.000
gen;35;;00;1.879
chrom;36;0;00;0.000
chrom;36;1;00;0.000
chrom;36;2;00;0.000
chrom;36;3;00;0.000
chrom;36;4;00;0.000
chrom;36;5;00;0.000
chrom;36;6;00;0.000
chrom;36;7;00;0.000
chrom;36;8;00;0.000
chrom;36;9;00;0.000
chrom;36;10;00;0.000
chrom;36;11;00;0.000
chrom;36;12;00;0.000
chrom;36;13;00;0.000
chrom;36;14;00;0.000
chrom;36;15;00;0.000
chrom;36;16;00;0.000
chrom;36;17;00;0.000
chrom;36;18;00;0.000
chrom;36;19;00;0.000
chrom;36;20;00;0.000
chrom;36;21;00;0.000
chrom;36;22;00;0.000
chrom;36;23;00;0.002
chrom;36;24;00;0.000
chrom;36;25;00;0.000
chrom;36;26;00;0.000
chrom;36;27;00;0.000
chrom;36;28;00;0.000
chrom;36;29;00;0.000
chrom;36;30;00;0.000
chrom;36;31;00;0.000
chrom;36;32;00;0.000
chrom;36;33;00;0.580
chrom;36;34;00;0.000
chrom;36;35;00;0.004
chrom;36;36;00;0.000
chrom;36;37;00;0.611
chrom;36;38;00;0.000
chrom;36;39;00;0.000
gen;36;;00;1.565
chrom;37;0;00;0.004
chrom;37;1;00;0.000
chrom;37;2;00;0.000
chrom;37;3;00;0.000
chrom;37;4;00;0.000
chrom;37;5;00;0.000
chrom;37;6;00;0.000
chrom;37;7;00;0.000
chrom;37;8;00;0.000
chrom;37;9;00;0.000
chrom;37;10;00;0.000
chrom;37;11;00;0.000
chrom;37;12;00;0.000
chrom;37;13;00;0.000
chrom;37;14;00;0.002
chrom;37;15;00;0.000
chrom;37;16;00;0.000
chrom;37;17;00;0.000
chrom;37;18;00;0.000
chrom;37;19;00;0.000
chrom;37;20;00;0.000
chrom;37;21;00;0.000
chrom;37;22;00;0.000
chrom;37;23;00;0.000
chrom;37;24;00;0.000
chrom;37;25;00;0.000
chrom;37;26;00;0.000
chrom;37;27;00;0.000
chrom;37;28;00;0.000
chrom;37;29;00;0.000
chrom;37;30;00;0.001
chrom;37;31;00;0.000
chrom;37;32;00;0.000
chrom;37;33;00;0.000
chrom;37;34;00;0.000
chrom;37;35;00;0.000
chrom;37;36;00;0.000
chrom;37;37;00;0.000
chrom;37;38;00;0.000
chrom;37;39;00;0.000
gen;37;;00;0.387
chrom;38;0;00;0.000
chrom;38;1;00;0.000
chrom;38;2;00;0.000
chrom;38;3;00;0.000
chrom;38;4;00;0.000
chrom;38;5;00;0.000
chrom;38;6;00;0.000
chrom;38;7;00;0.000
chrom;38;8;00;0.000
chrom;38;9;00;0.000
chrom;38;10;00;0.000
chrom;38;11;00;0.000
chrom;38;12;00;0.000
chrom;38;13;00;0.000
chrom;38;14;00;0.000
chrom;38;15;00;0.000
chrom;38;16;00;0.000
chrom;38;17;00;0.000
chrom;38;18;00;0.000
chrom;38;19;00;0.000
chrom;38;20;00;0.000
chrom;38;21;00;0.000
chrom;38;22;00;0.000
chrom;38;23;00;0.000
chrom;38;24;00;0.000
chrom;38;25;00;0.000
chrom;38;26;00;0.000
chrom;38;27;00;0.000
chrom;38;28;00;0.000
chrom;38;29;00;0.000
chrom;38;30;00;0.000
chrom;38;31;00;0.000
chrom;38;32;00;0.000
chrom;38;33;00;0.000
chrom;38;34;00;0.000
chrom;38;35;00;0.000
chrom;38;36;00;0.000
chrom;38;37;00;0.000
chrom;38;38;00;0.000
chrom;38;39;00;0.000
gen;38;;00;0.372
chrom;39;0;00;0.000
chrom;39;1;00;0.000
chrom;39;2;00;0.000
chrom;39;3;00;0.000
chrom;39;4;00;0.000
chrom;39;5;00;0.000
chrom;39;6;00;0.000
chrom;39;7;00;0.001
chrom;39;8;00;0.002
chrom;39;9;00;0.000
chrom;39;10;00;0.000
chrom;39;11;00;0.000
chrom;39;12;00;0.000
chrom;39;13;00;0.000
chrom;39;14;00;0.000
chrom;39;15;00;0.000
chrom;39;16;00;0.000
chrom;39;17;00;0.003
chrom;39;18;00;0.000
chrom;39;19;00;0.000
chrom;39;20;00;0.000
chrom;39;21;00;0.000
chrom;39;22;00;0.000
chrom;39;23;00;0.000
chrom;39;24;00;0.000
chrom;39;25;00;0.000
chrom;39;26;00;0.000
chrom;39;27;00;0.000
chrom;39;28;00;0.000
chrom;39;29;00;0.000
chrom;39;30;00;0.000
chrom;39;31;00;0.000
chrom;39;32;00;0.000
chrom;39;33;00;0.000
chrom;39;34;00;0.000
chrom;39;35;00;0.000
chrom;39;36;00;0.000
chrom;39;37;00;0.000
chrom;39;38;00;0.000
chrom;39;39;00;0.001
gen;39;;00;0.382
chrom;40;0;00;0.000
chrom;40;1;00;0.000
chrom;40;2;00;0.000
chrom;40;3;00;0.000
chrom;40;4;00;0.000
chrom;40;5;00;0.000
chrom;40;6;00;0.000
chrom;40;7;00;0.000
chrom;40;8;00;0.000
chrom;40;9;00;0.000
chrom;40;10;00;0.000
chrom;40;11;00;0.001
chrom;40;12;00;0.000
chrom;40;13;00;0.000
chrom;40;14;00;0.000
chrom;40;15;00;0.000
chrom;40;16;00;0.000
chrom;40;17;00;0.000
chrom;40;18;00;0.000
chrom;40;19;00;0.000
chrom;40;20;00;0.000
chrom;40;21;00;0.000
chrom;40;22;00;0.000
chrom;40;23;00;0.000
chrom;40;24;00;0.000
chrom;40;25;00;0.001
chrom;40;26;00;0.000
chrom;40;27;00;0.000
chrom;40;28;00;0.000
chrom;40;29;00;0.004
chrom;40;30;00;0.000
chrom;40;31;00;0.000
chrom;40;32;00;0.000
chrom;40;33;00;0.000
chrom;40;34;00;0.611
chrom;40;35;00;0.000
chrom;40;36;00;0.000
chrom;40;37;00;0.000
chrom;40;38;00;0.000
chrom;40;39;00;0.000
gen;40;;00;0.990
chrom;41;0;00;0.000
chrom;41;1;00;0.000
chrom;41;2;00;0.000
chrom;41;3;00;0.000
chrom;41;4;00;0.000
chrom;41;5;00;0.000
chrom;41;6;00;0.000
chrom;41;7;00;0.000
chrom;41;8;00;0.000
chrom;41;9;00;0.000
chrom;41;10;00;0.000
chrom;41;11;00;0.000
chrom;41;12;00;0.000
chrom;41;13;00;0.000
chrom;41;14;00;0.000
chrom;41;15;00;0.000
chrom;41;16;00;0.000
chrom;41;17;00;0.001
chrom;41;18;00;0.000
chrom;41;19;00;0.001
chrom;41;20;00;0.000
chrom;41;21;00;0.000
chrom;41;22;00;0.000
chrom;41;23;00;0.000
chrom;41;24;00;0.000
chrom;41;25;00;0.000
chrom;41;26;00;0.000
chrom;41;27;00;0.001
chrom;41;28;00;0.000
chrom;41;29;00;0.000
chrom;41;30;00;0.000
chrom;41;31;00;0.002
chrom;41;32;00;0.000
chrom;41;33;00;0.000
chrom;41;34;00;0.000
chrom;41;35;00;0.000
chrom;41;36;00;0.000
chrom;41;37;00;0.000
chrom;41;38;00;0.000
chrom;41;39;00;0.001
gen;41;;00;0.372
chrom;42;0;00;0.000
chrom;42;1;00;0.000
chrom;42;2;00;0.000
chrom;42;3;00;0.000
chrom;42;4;00;0.000
chrom;42;5;00;0.000
chrom;42;6;00;0.000
chrom;42;7;00;0.000
chrom;42;8;00;0.004
chrom;42;9;00;0.004
chrom;42;10;00;0.000
chrom;42;11;00;0.000
chrom;42;12;00;0.000
chrom;42;13;00;0.000
chrom;42;14;00;0.000
chrom;42;15;00;0.000
chrom;42;16;00;0.000
chrom;42;17;00;0.000
chrom;42;18;00;0.000
chrom;42;19;00;0.000
chrom;42;20;00;0.000
chrom;42;21;00;0.000
chrom;42;22;00;0.000
chrom;42;23;00;0.000
chrom;42;24;00;0.000
chrom;42;25;00;0.000
chrom;42;26;00;0.000
chrom;42;27;00;0.003
chrom;42;28;00;0.001
chrom;42;29;00;0.000
chrom;42;30;00;0.000
chrom;42;31;00;0.000
chrom;42;32;00;0.000
chrom;42;33;00;0.000
chrom;42;34;00;0.000
chrom;42;35;00;0.003
chrom;42;36;00;0.000
chrom;42;37;00;0.001
chrom;42;38;00;0.000
chrom;42;39;00;0.000
gen;42;;00;0.364
chrom;43;0;00;0.000
chrom;43;1;00;0.000
chrom;43;2;00;0.000
chrom;43;3;00;0.003
chrom;43;4;00;0.000
chrom;43;5;00;0.000
chrom;43;6;00;0.000
chrom;43;7;00;0.000
chrom;43;8;00;0.000
chrom;43;9;00;0.000
chrom;43;10;00;0.000
chrom;43;11;00;0.000
chrom;43;12;00;0.000
chrom;43;13;00;0.000
chrom;43;14;00;0.000
chrom;43;15;00;0.000
chrom;43;16;00;0.000
chrom;43;17;00;0.000
chrom;43;18;00;0.000
chrom;43;19;00;0.000
chrom;43;20;00;0.000
chrom;43;21;00;0.000
chrom;43;22;00;0.000
chrom;43;23;00;0.000
chrom;43;24;00;0.000
chrom;43;25;00;0.000
chrom;43;26;00;0.000
chrom;43;27;00;0.000
chrom;43;28;00;0.002
chrom;43;29;00;0.000
chrom;43;30;00;0.000
chrom;43;31;00;0.000
chrom;43;32;00;0.000
chrom;43;33;00;0.000
chrom;43;34;00;0.000
chrom;43;35;00;0.608
chrom;43;36;00;0.000
chrom;43;37;00;0.002
chrom;43;38;00;0.000
chrom;43;39;00;0.000
gen;43;;00;1.035
chrom;44;0;00;0.000
chrom;44;1;00;0.002
chrom;44;2;00;0.000
chrom;44;3;00;0.000
chrom;44;4;00;0.000
chrom;44;5;00;0.000
chrom;44;6;00;0.000
chrom;44;7;00;0.000
chrom;44;8;00;0.000
chrom;44;9;00;0.000
chrom;44;10;00;0.000
chrom;44;11;00;0.002
chrom;44;12;00;0.000
chrom;44;13;00;0.000
chrom;44;14;00;0.000
chrom;44;15;00;0.000
chrom;44;16;00;0.000
chrom;44;17;00;0.000
chrom;44;18;00;0.000
chrom;44;19;00;0.000
chrom;44;20;00;0.000
chrom;44;21;00;0.000
chrom;44;22;00;0.000
chrom;44;23;00;0.000
chrom;44;24;00;0.000
chrom;44;25;00;0.000
chrom;44;26;00;0.000
chrom;44;27;00;0.000
chrom;44;28;00;0.000
chrom;44;29;00;0.000
chrom;44;30;00;0.001
chrom;44;31;00;0.000
chrom;44;32;00;0.000
chrom;44;33;00;0.000
chrom;44;34;00;0.000
chrom;44;35;00;0.001
chrom;44;36;00;0.563
chrom;44;37;00;0.000
chrom;44;38;00;0.000
chrom;44;39;00;0.000
gen;44;;00;0.960
chrom;45;0;00;0.000
chrom;45;1;00;0.000
chrom;45;2;00;0.000
chrom;45;3;00;0.000
chrom;45;4;00;0.000
chrom;45;5;00;0.000
chrom;45;6;00;0.001
chrom;45;7;00;0.000
chrom;45;8;00;0.000
chrom;45;9;00;0.000
chrom;45;10;00;0.004
chrom;45;11;00;0.000
chrom;45;12;00;0.000
chrom;45;13;00;0.000
chrom;45;14;00;0.000
chrom;45;15;00;0.000
chrom;45;16;00;0.000
chrom;45;17;00;0.000
chrom;45;18;00;0.000
chrom;45;19;00;0.000
chrom;45;20;00;0.000
chrom;45;21;00;0.000
chrom;45;22;00;0.000
chrom;45;23;00;0.000
chrom;45;24;00;0.000
chrom;45;25;00;0.000
chrom;45;26;00;0.000
chrom;45;27;00;0.000
chrom;45;28;00;0.000
chrom;45;29;00;0.000
chrom;45;30;00;0.000
chrom;45;31;00;0.000
chrom;45;32;00;0.000
chrom;45;33;00;0.000
chrom;45;34;00;0.581
chrom;45;35;00;0.000
chrom;45;36;00;0.000
chrom;45;37;00;0.000
chrom;45;38;00;0.001
chrom;45;39;00;0.000
gen;45;;00;0.960
chrom;46;0;00;0.000
chrom;46;1;00;0.000
chrom;46;2;00;0.000
chrom;46;3;00;0.000
chrom;46;4;00;0.001
chrom;46;5;00;0.000
chrom;46;6;00;0.000
chrom;46;7;00;0.000
chrom;46;8;00;0.000
chrom;46;9;00;0.000
chrom;46;10;00;0.000
chrom;46;11;00;0.000
chrom;46;12;00;0.004
chrom;46;13;00;0.000
chrom;46;14;00;0.000
chrom;46;15;00;0.000
chrom;46;16;00;0.000
chrom;46;17;00;0.003
chrom;46;18;00;0.000
chrom;46;19;00;0.000
chrom;46;20;00;0.000
chrom;46;21;00;0.000
chrom;46;22;00;0.000
chrom;46;23;00;0.000
chrom;46;24;00;0.000
chrom;46;25;00;0.000
chrom;46;26;00;0.000
chrom;46;27;00;0.000
chrom;46;28;00;0.000
chrom;46;29;00;0.000
chrom;46;30;00;0.001
chrom;46;31;00;0.000
chrom;46;32;00;0.000
chrom;46;33;00;0.000
chrom;46;34;00;0.000
chrom;46;35;00;0.000
chrom;46;36;00;0.000
chrom;46;37;00;0.000
chrom;46;38;00;0.000
chrom;46;39;00;0.000
gen;46;;00;0.380
chrom;47;0;00;0.000
chrom;47;1;00;0.000
chrom;47;2;00;0.000
chrom;47;3;00;0.000
chrom;47;4;00;0.000
chrom;47;5;00;0.000
chrom;47;6;00;0.000
chrom;47;7;00;0.000
chrom;47;8;00;0.000
chrom;47;9;00;0.000
chrom;47;10;00;0.000
chrom;47;11;00;0.000
chrom;47;12;00;0.000
chrom;47;13;00;0.000
chrom;47;14;00;0.000
chrom;47;15;00;0.000
chrom;47;16;00;0.000
chrom;47;17;00;0.584
chrom;47;18;00;0.004
chrom;47;19;00;0.000
chrom;47;20;00;0.000
chrom;47;21;00;0.000
chrom;47;22;00;0.000
chrom;47;23;00;0.000
chrom;47;24;00;0.003
chrom;47;25;00;0.000
chrom;47;26;00;0.000
chrom;47;27;00;0.000
chrom;47;28;00;0.000
chrom;47;29;00;0.000
chrom;47;30;00;0.001
chrom;47;31;00;0.000
chrom;47;32;00;0.000
chrom;47;33;00;0.000
chrom;47;34;00;0.000
chrom;47;35;00;0.000
chrom;47;36;00;0.000
chrom;47;37;00;0.000
chrom;47;38;00;0.000
chrom;47;39;00;0.000
gen;47;;00;0.971
chrom;48;0;00;0.000
chrom;48;1;00;0.000
chrom;48;2;00;0.000
chrom;48;3;00;0.000
chrom;48;4;00;0.000
chrom;48;5;00;0.000
chrom;48;6;00;0.000
chrom;48;7;00;0.000
chrom;48;8;00;0.000
chrom;48;9;00;0.001
chrom;48;10;00;0.000
chrom;48;11;00;0.000
chrom;48;12;00;0.000
chrom;48;13;00;0.000
chrom;48;14;00;0.000
chrom;48;15;00;0.000
chrom;48;16;00;0.000
chrom;48;17;00;0.000
chrom;48;18;00;0.000
chrom;48;19;00;0.000
chrom;48;20;00;0.000
chrom;48;21;00;0.000
chrom;48;22;00;0.000
chrom;48;23;00;0.000
chrom;48;24;00;0.000
chrom;48;25;00;0.000
chrom;48;26;00;0.000
chrom;48;27;00;0.000
chrom;48;28;00;0.000
chrom;48;29;00;0.000
chrom;48;30;00;0.000
chrom;48;31;00;0.000
chrom;48;32;00;0.000
chrom;48;33;00;0.000
chrom;48;34;00;0.000
chrom;48;35;00;0.000
chrom;48;36;00;0.000
chrom;48;37;00;0.000
chrom;48;38;00;0.000
chrom;48;39;00;0.000
gen;48;;00;0.380
chrom;49;0;00;0.000
chrom;49;1;00;0.000
chrom;49;2;00;0.000
chrom;49;3;00;0.000
chrom;49;4;00;0.000
chrom;49;5;00;0.002
chrom;49;6;00;0.000
chrom;49;7;00;0.000
chrom;49;8;00;0.000
chrom;49;9;00;0.000
chrom;49;10;00;0.000
chrom;49;11;00;0.005
chrom;49;12;00;0.000
chrom;49;13;00;0.000
chrom;49;14;00;0.000
chrom;49;15;00;0.000
chrom;49;16;00;0.000
chrom;49;17;00;0.000
chrom;49;18;00;0.000
chrom;49;19;00;0.000
chrom;49;20;00;0.000
chrom;49;21;00;0.000
chrom;49;22;00;0.000
chrom;49;23;00;0.000
chrom;49;24;00;0.000
chrom;49;25;00;0.000
chrom;49;26;00;0.000
chrom;49;27;00;0.000
chrom;49;28;00;0.000
chrom;49;29;00;0.000
chrom;49;30;00;0.000
chrom;49;31;00;0.000
chrom;49;32;00;0.000
chrom;49;33;00;0.000
chrom;49;34;00;0.000
chrom;49;35;00;0.000
chrom;49;36;00;0.000
chrom;49;37;00;0.000
chrom;49;38;00;0.000
chrom;49;39;00;0.000
gen;49;;00;0.363
chrom;50;0;00;0.000
chrom;50;1;00;0.000
chrom;50;2;00;0.000
chrom;50;3;00;0.000
chrom;50;4;00;0.001
chrom;50;5;00;0.000
chrom;50;6;00;0.000
chrom;50;7;00;0.000
chrom;50;8;00;0.000
chrom;50;9;00;0.000
chrom;50;10;00;0.000
chrom;50;11;00;0.000
chrom;50;12;00;0.000
chrom;50;13;00;0.000
chrom;50;14;00;0.000
chrom;50;15;00;0.000
chrom;50;16;00;0.000
chrom;50;17;00;0.000
chrom;50;18;00;0.000
chrom;50;19;00;0.000
chrom;50;20;00;0.000
chrom;50;21;00;0.000
chrom;50;22;00;0.000
chrom;50;23;00;0.001
chrom;50;24;00;0.000
chrom;50;25;00;0.000
chrom;50;26;00;0.000
chrom;50;27;00;0.000
chrom;50;28;00;0.000
chrom;50;29;00;0.000
chrom;50;30;00;0.000
chrom;50;31;00;0.000
chrom;50;32;00;0.000
chrom;50;33;00;0.000
chrom;50;34;00;0.001
chrom;50;35;00;0.004
chrom;50;36;00;0.000
chrom;50;37;00;0.000
chrom;50;38;00;0.000
chrom;50;39;00;0.000
gen;50;;00;0.378
chrom;51;0;00;0.001
chrom;51;1;00;0.000
chrom;51;2;00;0.000
chrom;51;3;00;0.000
chrom;51;4;00;0.001
chrom;51;5;00;0.000
chrom;51;6;00;0.000
chrom;51;7;00;0.000
chrom;51;8;00;0.000
chrom;51;9;00;0.000
chrom;51;10;00;0.000
chrom;51;11;00;0.000
chrom;51;12;00;0.000
chrom;51;13;00;0.000
chrom;51;14;00;0.000
chrom;51;15;00;0.004
chrom;51;16;00;0.000
chrom;51;17;00;0.000
chrom;51;18;00;0.000
chrom;51;19;00;0.000
chrom;51;20;00;0.000
chrom;51;21;00;0.000
chrom;51;22;00;0.000
chrom;51;23;00;0.000
chrom;51;24;00;0.001
chrom;51;25;00;0.000
chrom;51;26;00;0.000
chrom;51;27;00;0.000
chrom;51;28;00;0.000
chrom;51;29;00;0.000
chrom;51;30;00;0.000
chrom;51;31;00;0.000
chrom;51;32;00;0.000
chrom;51;33;00;0.000
chrom;51;34;00;0.000
chrom;51;35;00;0.000
chrom;51;36;00;0.000
chrom;51;37;00;0.004
chrom;51;38;00;0.000
chrom;51;39;00;0.000
gen;51;;00;0.384
chrom;52;0;00;0.000
chrom;52;1;00;0.000
chrom;52;2;00;0.000
chrom;52;3;00;0.000
chrom;52;4;00;0.000
chrom;52;5;00;0.000
chrom;52;6;00;0.000
chrom;52;7;00;0.000
chrom;52;8;00;0.000
chrom;52;9;00;0.000
chrom;52;10;00;0.000
chrom;52;11;00;0.000
chrom;52;12;00;0.000
chrom;52;13;00;0.000
chrom;52;14;00;0.000
chrom;52;15;00;0.000
chrom;52;16;00;0.000
chrom;52;17;00;0.000
chrom;52;18;00;0.000
chrom;52;19;00;0.000
chrom;52;20;00;0.000
chrom;52;21;00;0.000
chrom;52;22;00;0.000
chrom;52;23;00;0.000
chrom;52;24;00;0.000
chrom;52;25;00;0.000
chrom;52;26;00;0.000
chrom;52;27;00;0.000
chrom;52;28;00;0.000
chrom;52;29;00;0.000
chrom;52;30;00;0.000
chrom;52;31;00;0.000
chrom;52;32;00;0.000
chrom;52;33;00;0.000
chrom;52;34;00;0.000
chrom;52;35;00;0.001
chrom;52;36;00;0.000
chrom;52;37;00;0.000
chrom;52;38;00;0.000
chrom;52;39;00;0.000
gen;52;;00;0.381
chrom;53;0;00;0.000
chrom;53;1;00;0.000
chrom;53;2;00;0.000
chrom;53;3;00;0.000
chrom;53;4;00;0.000
chrom;53;5;00;0.001
chrom;53;6;00;0.000
chrom;53;7;00;0.000
chrom;53;8;00;0.000
chrom;53;9;00;0.001
chrom;53;10;00;0.000
chrom;53;11;00;0.000
chrom;53;12;00;0.000
chrom;53;13;00;0.000
chrom;53;14;00;0.000
chrom;53;15;00;0.000
chrom;53;16;00;0.004
chrom;53;17;00;0.000
chrom;53;18;00;0.000
chrom;53;19;00;0.000
chrom;53;20;00;0.000
chrom;53;21;00;0.000
chrom;53;22;00;0.000
chrom;53;23;00;0.005
chrom;53;24;00;0.001
chrom;53;25;00;0.000
chrom;53;26;00;0.000
chrom;53;27;00;0.000
chrom;53;28;00;0.000
chrom;53;29;00;0.000
chrom;53;30;00;0.000
chrom;53;31;00;0.000
chrom;53;32;00;0.000
chrom;53;33;00;0.000
chrom;53;34;00;0.000
chrom;53;35;00;0.000
chrom;53;36;00;0.000
chrom;53;37;00;0.000
chrom;53;38;00;0.000
chrom;53;39;00;0.000
gen;53;;00;0.389
chrom;54;0;00;0.004
chrom;54;1;00;0.000
chrom;54;2;00;0.002
chrom;54;3;00;0.000
chrom;54;4;00;0.000
chrom;54;5;00;0.000
chrom;54;6;00;0.000
chrom;54;7;00;0.000
chrom;54;8;00;0.000
chrom;54;9;00;0.000
chrom;54;10;00;0.000
chrom;54;11;00;0.000
chrom;54;12;00;0.000
chrom;54;13;00;0.000
chrom;54;14;00;0.000
chrom;54;15;00;0.000
chrom;54;16;00;0.000
chrom;54;17;00;0.000
chrom;54;18;00;0.000
chrom;54;19;00;0.000
chrom;54;20;00;0.000
chrom;54;21;00;0.000
chrom;54;22;00;0.000
chrom;54;23;00;0.002
chrom;54;24;00;0.000
chrom;54;25;00;0.000
chrom;54;26;00;0.000
chrom;54;27;00;0.000
chrom;54;28;00;0.000
chrom;54;29;00;0.000
chrom;54;30;00;0.000
chrom;54;31;00;0.000
chrom;54;32;00;0.000
chrom;54;33;00;0.000
chrom;54;34;00;0.000
chrom;54;35;00;0.000
chrom;54;36;00;0.001
chrom;54;37;00;0.001
chrom;54;38;00;0.000
chrom;54;39;00;0.000
gen;54;;00;0.386
chrom;55;0;00;0.000
chrom;55;1;00;0.000
chrom;55;2;00;0.000
chrom;55;3;00;0.000
chrom;55;4;00;0.000
chrom;55;5;00;0.000
chrom;55;6;00;0.000
chrom;55;7;00;0.000
chrom;55;8;00;0.000
chrom;55;9;00;0.001
chrom;55;10;00;0.000
chrom;55;11;00;0.000
chrom;55;12;00;0.000
chrom;55;13;00;0.000
chrom;55;14;00;0.000
chrom;55;15;00;0.000
chrom;55;16;00;0.000
chrom;55;17;00;0.000
chrom;55;18;00;0.000
chrom;55;19;00;0.000
chrom;55;20;00;0.000
chrom;55;21;00;0.000
chrom;55;22;00;0.000
chrom;55;23;00;0.000
chrom;55;24;00;0.000
chrom;55;25;00;0.000
chrom;55;26;00;0.001
chrom;55;27;00;0.000
chrom;55;28;00;0.000
chrom;55;29;00;0.000
chrom;55;30;00;0.002
chrom;55;31;00;0.000
chrom;55;32;00;0.592
chrom;55;33;00;0.000
chrom;55;34;00;0.000
chrom;55;35;00;0.000
chrom;55;36;00;0.000
chrom;55;37;00;0.000
chrom;55;38;00;0.000
chrom;55;39;00;0.000
gen;55;;00;1.050
chrom;56;0;00;0.004
chrom;56;1;00;0.000
chrom;56;2;00;0.000
chrom;56;3;00;0.000
chrom;56;4;00;0.000
chrom;56;5;00;0.000
chrom;56;6;00;0.004
chrom;56;7;00;0.000
chrom;56;8;00;0.000
chrom;56;9;00;0.000
chrom;56;10;00;0.000
chrom;56;11;00;0.000
chrom;56;12;00;0.002
chrom;56;13;00;0.000
chrom;56;14;00;0.000
chrom;56;15;00;0.000
chrom;56;16;00;0.000
chrom;56;17;00;0.000
chrom;56;18;00;0.000
chrom;56;19;00;0.000
chrom;56;20;00;0.001
chrom;56;21;00;0.000
chrom;56;22;00;0.000
chrom;56;23;00;0.000
chrom;56;24;00;0.000
chrom;56;25;00;0.000
chrom;56;26;00;0.000
chrom;56;27;00;0.000
chrom;56;28;00;0.000
chrom;56;29;00;0.000
chrom;56;30;00;0.000
chrom;56;31;00;0.000
chrom;56;32;00;0.000
chrom;56;33;00;0.000
chrom;56;34;00;0.000
chrom;56;35;00;0.000
chrom;56;36;00;0.000
chrom;56;37;00;0.000
chrom;56;38;00;0.000
chrom;56;39;00;0.000
gen;56;;00;0.426
chrom;57;0;00;0.000
chrom;57;1;00;0.000
chrom;57;2;00;0.000
chrom;57;3;00;0.000
chrom;57;4;00;0.000
chrom;57;5;00;0.000
chrom;57;6;00;0.000
chrom;57;7;00;0.000
chrom;57;8;00;0.000
chrom;57;9;00;0.000
chrom;57;10;00;0.000
chrom;57;11;00;0.000
chrom;57;12;00;0.000
chrom;57;13;00;0.000
chrom;57;14;00;0.000
chrom;57;15;00;0.000
chrom;57;16;00;0.000
chrom;57;17;00;0.000
chrom;57;18;00;0.000
chrom;57;19;00;0.000
chrom;57;20;00;0.004
chrom;57;21;00;0.000
chrom;57;22;00;0.000
chrom;57;23;00;0.000
chrom;57;24;00;0.001
chrom;57;25;00;0.003
chrom;57;26;00;0.000
chrom;57;27;00;0.581
chrom;57;28;00;0.000
chrom;57;29;00;0.000
chrom;57;30;00;0.000
chrom;57;31;00;0.000
chrom;57;32;00;0.000
chrom;57;33;00;0.000
chrom;57;34;00;0.000
chrom;57;35;00;0.000
chrom;57;36;00;0.000
chrom;57;37;00;0.000
chrom;57;38;00;0.000
chrom;57;39;00;0.000
gen;57;;00;0.962
chrom;58;0;00;0.000
chrom;58;1;00;0.000
chrom;58;2;00;0.000
chrom;58;3;00;0.000
chrom;58;4;00;0.000
chrom;58;5;00;0.000
chrom;58;6;00;0.000
chrom;58;7;00;0.001
chrom;58;8;00;0.000
chrom;58;9;00;0.000
chrom;58;10;00;0.000
chrom;58;11;00;0.000
chrom;58;12;00;0.002
chrom;58;13;00;0.000
chrom;58;14;00;0.000
chrom;58;15;00;0.000
chrom;58;16;00;0.000
chrom;58;17;00;0.000
chrom;58;18;00;0.000
chrom;58;19;00;0.000
chrom;58;20;00;0.000
chrom;58;21;00;0.000
chrom;58;22;00;0.000
chrom;58;23;00;0.000
chrom;58;24;00;0.000
chrom;58;25;00;0.000
chrom;58;26;00;0.000
chrom;58;27;00;0.000
chrom;58;28;00;0.000
chrom;58;29;00;0.000
chrom;58;30;00;0.000
chrom;58;31;00;0.000
chrom;58;32;00;0.000
chrom;58;33;00;0.000
chrom;58;34;00;0.000
chrom;58;35;00;0.000
chrom;58;36;00;0.625
chrom;58;37;00;0.001
chrom;58;38;00;0.000
chrom;58;39;00;0.000
gen;58;;00;1.035
chrom;59;0;00;0.000
chrom;59;1;00;0.000
chrom;59;2;00;0.000
chrom;59;3;00;0.000
chrom;59;4;00;0.000
chrom;59;5;00;0.000
chrom;59;6;00;0.000
chrom;59;7;00;0.000
chrom;59;8;00;0.000
chrom;59;9;00;0.000
chrom;59;10;00;0.000
chrom;59;11;00;0.000
chrom;59;12;00;0.000
chrom;59;13;00;0.000
chrom;59;14;00;0.000
chrom;59;15;00;0.000
chrom;59;16;00;0.000
chrom;59;17;00;0.000
chrom;59;18;00;0.000
chrom;59;19;00;0.000
chrom;59;20;00;0.000
chrom;59;21;00;0.000
chrom;59;22;00;0.000
chrom;59;23;00;0.000
chrom;59;24;00;0.000
chrom;59;25;00;0.000
chrom;59;26;00;0.000
chrom;59;27;00;0.000
chrom;59;28;00;0.000
chrom;59;29;00;0.001
chrom;59;30;00;0.000
chrom;59;31;00;0.000
chrom;59;32;00;0.000
chrom;59;33;00;0.000
chrom;59;34;00;0.000
chrom;59;35;00;0.000
chrom;59;36;00;0.000
chrom;59;37;00;0.000
chrom;59;38;00;0.000
chrom;59;39;00;0.000
gen;59;;00;0.482
chrom;60;0;00;0.000
chrom;60;1;00;0.000
chrom;60;2;00;0.000
chrom;60;3;00;0.000
chrom;60;4;00;0.000
chrom;60;5;00;0.000
chrom;60;6;00;0.000
chrom;60;7;00;0.000
chrom;60;8;00;0.000
chrom;60;9;00;0.000
chrom;60;10;00;0.000
chrom;60;11;00;0.000
chrom;60;12;00;0.000
chrom;60;13;00;0.000
chrom;60;14;00;0.000
chrom;60;15;00;0.000
chrom;60;16;00;0.004
chrom;60;17;00;0.000
chrom;60;18;00;0.000
chrom;60;19;00;0.000
chrom;60;20;00;0.000
chrom;60;21;00;0.000
chrom;60;22;00;0.000
chrom;60;23;00;0.000
chrom;60;24;00;0.000
chrom;60;25;00;0.000
chrom;60;26;00;0.000
chrom;60;27;00;0.000
chrom;60;28;00;0.000
chrom;60;29;00;0.000
chrom;60;30;00;0.000
chrom;60;31;00;0.000
chrom;60;32;00;0.000
chrom;60;33;00;0.000
chrom;60;34;00;0.000
chrom;60;35;00;0.000
chrom;60;36;00;0.000
chrom;60;37;00;0.000
chrom;60;38;00;0.000
chrom;60;39;00;0.000
gen;60;;00;0.376
chrom;61;0;00;0.000
chrom;61;1;00;0.000
chrom;61;2;00;0.000
chrom;61;3;00;0.000
chrom;61;4;00;0.000
chrom;61;5;00;0.000
chrom;61;6;00;0.000
chrom;61;7;00;0.000
chrom;61;8;00;0.000
chrom;61;9;00;0.000
chrom;61;10;00;0.000
chrom;61;11;00;0.000
chrom;61;12;00;0.000
chrom;61;13;00;0.000
chrom;61;14;00;0.000
chrom;61;15;00;0.000
chrom;61;16;00;0.000
chrom;61;17;00;0.000
chrom;61;18;00;0.000
chrom;61;19;00;0.000
chrom;61;20;00;0.000
chrom;61;21;00;0.000
chrom;61;22;00;0.000
chrom;61;23;00;0.000
chrom;61;24;00;0.000
chrom;61;25;00;0.000
chrom;61;26;00;0.000
chrom;61;27;00;0.000
chrom;61;28;00;0.000
chrom;61;29;00;0.000
chrom;61;30;00;0.000
chrom;61;31;00;0.000
chrom;61;32;00;0.000
chrom;61;33;00;0.000
chrom;61;34;00;0.000
chrom;61;35;00;0.000
chrom;61;36;00;0.000
chrom;61;37;00;0.000
chrom;61;38;00;0.000
chrom;61;39;00;0.000
gen;61;;00;0.377
chrom;62;0;00;0.000
chrom;62;1;00;0.000
chrom;62;2;00;0.000
chrom;62;3;00;0.000
chrom;62;4;00;0.000
chrom;62;5;00;0.000
chrom;62;6;00;0.000
chrom;62;7;00;0.000
chrom;62;8;00;0.000
chrom;62;9;00;0.000
chrom;62;10;00;0.000
chrom;62;11;00;0.000
chrom;62;12;00;0.000
chrom;62;13;00;0.002
chrom;62;14;00;0.000
chrom;62;15;00;0.000
chrom;62;16;00;0.000
chrom;62;17;00;0.000
chrom;62;18;00;0.000
chrom;62;19;00;0.001
chrom;62;20;00;0.000
chrom;62;21;00;0.001
chrom;62;22;00;0.000
chrom;62;23;00;0.000
chrom;62;24;00;0.004
chrom;62;25;00;0.000
chrom;62;26;00;0.000
chrom;62;27;00;0.000
chrom;62;28;00;0.000
chrom;62;29;00;0.000
chrom;62;30;00;0.000
chrom;62;31;00;0.000
chrom;62;32;00;0.000
chrom;62;33;00;0.000
chrom;62;34;00;0.000
chrom;62;35;00;0.000
chrom;62;36;00;0.000
chrom;62;37;00;0.000
chrom;62;38;00;0.000
chrom;62;39;00;0.000
gen;62;;00;0.385
chrom;63;0;00;0.000
chrom;63;1;00;0.000
chrom;63;2;00;0.000
chrom;63;3;00;0.000
chrom;63;4;00;0.000
chrom;63;5;00;0.000
chrom;63;6;00;0.000
chrom;63;7;00;0.000
chrom;63;8;00;0.000
chrom;63;9;00;0.000
chrom;63;10;00;0.000
chrom;63;11;00;0.001
chrom;63;12;00;0.000
chrom;63;13;00;0.000
chrom;63;14;00;0.000
chrom;63;15;00;0.000
chrom;63;16;00;0.000
chrom;63;17;00;0.000
chrom;63;18;00;0.000
chrom;63;19;00;0.000
chrom;63;20;00;0.000
chrom;63;21;00;0.000
chrom;63;22;00;0.000
chrom;63;23;00;0.000
chrom;63;24;00;0.000
chrom;63;25;00;0.000
chrom;63;26;00;0.000
chrom;63;27;00;0.000
chrom;63;28;00;0.000
chrom;63;29;00;0.000
chrom;63;30;00;0.000
chrom;63;31;00;0.000
chrom;63;32;00;0.000
chrom;63;33;00;0.000
chrom;63;34;00;0.000
chrom;63;35;00;0.000
chrom;63;36;00;0.003
chrom;63;37;00;0.000
chrom;63;38;00;0.000
chrom;63;39;00;0.004
gen;63;;00;0.379
chrom;64;0;00;0.000
chrom;64;1;00;0.000
chrom;64;2;00;0.000
chrom;64;3;00;0.000
chrom;64;4;00;0.000
chrom;64;5;00;0.000
chrom;64;6;00;0.000
chrom;64;7;00;0.000
chrom;64;8;00;0.000
chrom;64;9;00;0.000
chrom;64;10;00;0.000
chrom;64;11;00;0.000
chrom;64;12;00;0.000
chrom;64;13;00;0.000
chrom;64;14;00;0.000
chrom;64;15;00;0.000
chrom;64;16;00;0.000
chrom;64;17;00;0.000
chrom;64;18;00;0.000
chrom;64;19;00;0.000
chrom;64;20;00;0.000
chrom;64;21;00;0.000
chrom;64;22;00;0.001
chrom;64;23;00;0.005
chrom;64;24;00;0.000
chrom;64;25;00;0.000
chrom;64;26;00;0.000
chrom;64;27;00;0.000
chrom;64;28;00;0.000
chrom;64;29;00;0.000
chrom;64;30;00;0.000
chrom;64;31;00;0.000
chrom;64;32;00;0.001
chrom;64;33;00;0.000
chrom;64;34;00;0.000
chrom;64;35;00;0.000
chrom;64;36;00;0.597
chrom;64;37;00;0.000
chrom;64;38;00;0.000
chrom;64;39;00;0.000
gen;64;;00;1.013
chrom;65;0;00;0.000
chrom;65;1;00;0.000
chrom;65;2;00;0.003
chrom;65;3;00;0.000
chrom;65;4;00;0.000
chrom;65;5;00;0.000
chrom;65;6;00;0.000
chrom;65;7;00;0.000
chrom;65;8;00;0.000
chrom;65;9;00;0.000
chrom;65;10;00;0.000
chrom;65;11;00;0.000
chrom;65;12;00;0.000
chrom;65;13;00;0.000
chrom;65;14;00;0.000
chrom;65;15;00;0.000
chrom;65;16;00;0.000
chrom;65;17;00;0.000
chrom;65;18;00;0.000
chrom;65;19;00;0.004
chrom;65;20;00;0.000
chrom;65;21;00;0.000
chrom;65;22;00;0.000
chrom;65;23;00;0.000
chrom;65;24;00;0.000
chrom;65;25;00;0.000
chrom;65;26;00;0.000
chrom;65;27;00;0.000
chrom;65;28;00;0.000
chrom;65;29;00;0.000
chrom;65;30;00;0.000
chrom;65;31;00;0.000
chrom;65;32;00;0.000
chrom;65;33;00;0.000
chrom;65;34;00;0.000
chrom;65;35;00;0.000
chrom;65;36;00;0.000
chrom;65;37;00;0.000
chrom;65;38;00;0.001
chrom;65;39;00;0.000
gen;65;;00;0.514
chrom;66;0;00;0.000
chrom;66;1;00;0.000
chrom;66;2;00;0.000
chrom;66;3;00;0.000
chrom;66;4;00;0.000
chrom;66;5;00;0.001
chrom;66;6;00;0.000
chrom;66;7;00;0.000
chrom;66;8;00;0.000
chrom;66;9;00;0.005
chrom;66;10;00;0.000
chrom;66;11;00;0.000
chrom;66;12;00;0.000
chrom;66;13;00;0.000
chrom;66;14;00;0.000
chrom;66;15;00;0.000
chrom;66;16;00;0.000
chrom;66;17;00;0.000
chrom;66;18;00;0.000
chrom;66;19;00;0.000
chrom;66;20;00;0.000
chrom;66;21;00;0.001
chrom;66;22;00;0.000
chrom;66;23;00;0.000
chrom;66;24;00;0.000
chrom;66;25;00;0.000
chrom;66;26;00;0.000
chrom;66;27;00;0.000
chrom;66;28;00;0.001
chrom;66;29;00;0.000
chrom;66;30;00;0.000
chrom;66;31;00;0.001
chrom;66;32;00;0.000
chrom;66;33;00;0.000
chrom;66;34;00;0.000
chrom;66;35;00;0.000
chrom;66;36;00;0.000
chrom;66;37;00;0.000
chrom;66;38;00;0.000
chrom;66;39;00;0.001
gen;66;;00;0.382
chrom;67;0;00;0.000
chrom;67;1;00;0.000
chrom;67;2;00;0.000
chrom;67;3;00;0.000
chrom;67;4;00;0.000
chrom;67;5;00;0.000
chrom;67;6;00;0.000
chrom;67;7;00;0.000
chrom;67;8;00;0.000
chrom;67;9;00;0.000
chrom;67;10;00;0.000
chrom;67;11;00;0.000
chrom;67;12;00;0.000
chrom;67;13;00;0.000
chrom;67;14;00;0.000
chrom;67;15;00;0.000
chrom;67;16;00;0.000
chrom;67;17;00;0.000
chrom;67;18;00;0.004
chrom;67;19;00;0.000
chrom;67;20;00;0.000
chrom;67;21;00;0.000
chrom;67;22;00;0.000
chrom;67;23;00;0.000
chrom;67;24;00;0.000
chrom;67;25;00;0.000
chrom;67;26;00;0.000
chrom;67;27;00;0.000
chrom;67;28;00;0.000
chrom;67;29;00;0.566
chrom;67;30;00;0.000
chrom;67;31;00;0.000
chrom;67;32;00;0.000
chrom;67;33;00;0.000
chrom;67;34;00;0.000
chrom;67;35;00;0.000
chrom;67;36;00;0.000
chrom;67;37;00;0.000
chrom;67;38;00;0.000
chrom;67;39;00;0.000
gen;67;;00;0.948
chrom;68;0;00;0.001
chrom;68;1;00;0.000
chrom;68;2;00;0.000
chrom;68;3;00;0.000
chrom;68;4;00;0.000
chrom;68;5;00;0.000
chrom;68;6;00;0.000
chrom;68;7;00;0.000
chrom;68;8;00;0.000
chrom;68;9;00;0.000
chrom;68;10;00;0.000
chrom;68;11;00;0.000
chrom;68;12;00;0.000
chrom;68;13;00;0.000
chrom;68;14;00;0.000
chrom;68;15;00;0.000
chrom;68;16;00;0.000
chrom;68;17;00;0.000
chrom;68;18;00;0.000
chrom;68;19;00;0.000
chrom;68;20;00;0.002
chrom;68;21;00;0.000
chrom;68;22;00;0.000
chrom;68;23;00;0.000
chrom;68;24;00;0.000
chrom;68;25;00;0.000
chrom;68;26;00;0.000
chrom;68;27;00;0.000
chrom;68;28;00;0.000
chrom;68;29;00;0.000
chrom;68;30;00;0.000
chrom;68;31;00;0.004
chrom;68;32;00;0.000
chrom;68;33;00;0.000
chrom;68;34;00;0.000
chrom;68;35;00;0.000
chrom;68;36;00;0.000
chrom;68;37;00;0.000
chrom;68;38;00;0.000
chrom;68;39;00;0.000
gen;68;;00;0.382
chrom;69;0;00;0.000
chrom;69;1;00;0.000
chrom;69;2;00;0.000
chrom;69;3;00;0.000
chrom;69;4;00;0.000
chrom;69;5;00;0.000
chrom;69;6;00;0.000
chrom;69;7;00;0.000
chrom;69;8;00;0.000
chrom;69;9;00;0.000
chrom;69;10;00;0.000
chrom;69;11;00;0.000
chrom;69;12;00;0.000
chrom;69;13;00;0.000
chrom;69;14;00;0.000
chrom;69;15;00;0.000
chrom;69;16;00;0.000
chrom;69;17;00;0.000
chrom;69;18;00;0.000
chrom;69;19;00;0.000
chrom;69;20;00;0.000
chrom;69;21;00;0.000
chrom;69;22;00;0.000
chrom;69;23;00;0.000
chrom;69;24;00;0.000
chrom;69;25;00;0.002
chrom;69;26;00;0.000
chrom;69;27;00;0.000
chrom;69;28;00;0.000
chrom;69;29;00;0.000
chrom;69;30;00;0.000
chrom;69;31;00;0.000
chrom;69;32;00;0.000
chrom;69;33;00;0.000
chrom;69;34;00;0.000
chrom;69;35;00;0.000
chrom;69;36;00;0.000
chrom;69;37;00;0.000
chrom;69;38;00;0.000
chrom;69;39;00;0.000
gen;69;;00;0.381
chrom;70;0;00;0.000
chrom;70;1;00;0.001
chrom;70;2;00;0.000
chrom;70;3;00;0.000
chrom;70;4;00;0.000
chrom;70;5;00;0.000
chrom;70;6;00;0.000
chrom;70;7;00;0.000
chrom;70;8;00;0.000
chrom;70;9;00;0.000
chrom;70;10;00;0.000
chrom;70;11;00;0.000
chrom;70;12;00;0.000
chrom;70;13;00;0.000
chrom;70;14;00;0.000
chrom;70;15;00;0.000
chrom;70;16;00;0.000
chrom;70;17;00;0.000
chrom;70;18;00;0.000
chrom;70;19;00;0.000
chrom;70;20;00;0.000
chrom;70;21;00;0.000
chrom;70;22;00;0.004
chrom;70;23;00;0.000
chrom;70;24;00;0.000
chrom;70;25;00;0.000
chrom;70;26;00;0.000
chrom;70;27;00;0.000
chrom;70;28;00;0.000
chrom;70;29;00;0.000
chrom;70;30;00;0.000
chrom;70;31;00;0.000
chrom;70;32;00;0.000
chrom;70;33;00;0.000
chrom;70;34;00;0.000
chrom;70;35;00;0.000
chrom;70;36;00;0.000
chrom;70;37;00;0.000
chrom;70;38;00;0.000
chrom;70;39;00;0.000
gen;70;;00;0.377
chrom;71;0;00;0.000
chrom;71;1;00;0.000
chrom;71;2;00;0.000
chrom;71;3;00;0.000
chrom;71;4;00;0.002
chrom;71;5;00;0.000
chrom;71;6;00;0.004
chrom;71;7;00;0.001
chrom;71;8;00;0.000
chrom;71;9;00;0.000
chrom;71;10;00;0.000
chrom;71;11;00;0.000
chrom;71;12;00;0.000
chrom;71;13;00;0.000
chrom;71;14;00;0.000
chrom;71;15;00;0.000
chrom;71;16;00;0.000
chrom;71;17;00;0.000
chrom;71;18;00;0.000
chrom;71;19;00;0.000
chrom;71;20;00;0.000
chrom;71;21;00;0.000
chrom;71;22;00;0.000
chrom;71;23;00;0.000
chrom;71;24;00;0.000
chrom;71;25;00;0.000
chrom;71;26;00;0.000
chrom;71;27;00;0.000
chrom;71;28;00;0.000
chrom;71;29;00;0.000
chrom;71;30;00;0.000
chrom;71;31;00;0.000
chrom;71;32;00;0.000
chrom;71;33;00;0.000
chrom;71;34;00;0.000
chrom;71;35;00;0.000
chrom;71;36;00;0.004
chrom;71;37;00;0.000
chrom;71;38;00;0.000
chrom;71;39;00;0.001
gen;71;;00;0.388
chrom;72;0;00;0.000
chrom;72;1;00;0.000
chrom;72;2;00;0.000
chrom;72;3;00;0.000
chrom;72;4;00;0.000
chrom;72;5;00;0.000
chrom;72;6;00;0.003
chrom;72;7;00;0.000
chrom;72;8;00;0.000
chrom;72;9;00;0.000
chrom;72;10;00;0.000
chrom;72;11;00;0.001
chrom;72;12;00;0.000
chrom;72;13;00;0.000
chrom;72;14;00;0.000
chrom;72;15;00;0.000
chrom;72;16;00;0.000
chrom;72;17;00;0.000
chrom;72;18;00;0.000
chrom;72;19;00;0.000
chrom;72;20;00;0.000
chrom;72;21;00;0.002
chrom;72;22;00;0.001
chrom;72;23;00;0.000
chrom;72;24;00;0.000
chrom;72;25;00;0.000
chrom;72;26;00;0.000
chrom;72;27;00;0.000
chrom;72;28;00;0.000
chrom;72;29;00;0.000
chrom;72;30;00;0.000
chrom;72;31;00;0.000
chrom;72;32;00;0.000
chrom;72;33;00;0.000
chrom;72;34;00;0.000
chrom;72;35;00;0.001
chrom;72;36;00;0.001
chrom;72;37;00;0.000
chrom;72;38;00;0.000
chrom;72;39;00;0.002
gen;72;;00;0.386
chrom;73;0;00;0.000
chrom;73;1;00;0.000
chrom;73;2;00;0.000
chrom;73;3;00;0.000
chrom;73;4;00;0.000
chrom;73;5;00;0.000
chrom;73;6;00;0.000
chrom;73;7;00;0.000
chrom;73;8;00;0.000
chrom;73;9;00;0.000
chrom;73;10;00;0.000
chrom;73;11;00;0.000
chrom;73;12;00;0.000
chrom;73;13;00;0.000
chrom;73;14;00;0.000
chrom;73;15;00;0.000
chrom;73;16;00;0.000
chrom;73;17;00;0.000
chrom;73;18;00;0.000
chrom;73;19;00;0.000
chrom;73;20;00;0.000
chrom;73;21;00;0.561
chrom;73;22;00;0.000
chrom;73;23;00;0.000
chrom;73;24;00;0.000
chrom;73;25;00;0.000
chrom;73;26;00;0.000
chrom;73;27;00;0.000
chrom;73;28;00;0.000
chrom;73;29;00;0.000
chrom;73;30;00;0.000
chrom;73;31;00;0.000
chrom;73;32;00;0.000
chrom;73;33;00;0.000
chrom;73;34;00;0.000
chrom;73;35;00;0.000
chrom;73;36;00;0.004
chrom;73;37;00;0.000
chrom;73;38;00;0.000
chrom;73;39;00;0.001
gen;73;;00;0.945
chrom;74;0;00;0.000
chrom;74;1;00;0.000
chrom;74;2;00;0.000
chrom;74;3;00;0.000
chrom;74;4;00;0.000
chrom;74;5;00;0.000
chrom;74;6;00;0.000
chrom;74;7;00;0.000
chrom;74;8;00;0.000
chrom;74;9;00;0.000
chrom;74;10;00;0.000
chrom;74;11;00;0.000
chrom;74;12;00;0.000
chrom;74;13;00;0.000
chrom;74;14;00;0.000
chrom;74;15;00;0.000
chrom;74;16;00;0.000
chrom;74;17;00;0.000
chrom;74;18;00;0.000
chrom;74;19;00;0.000
chrom;74;20;00;0.002
chrom;74;21;00;0.000
chrom;74;22;00;0.000
chrom;74;23;00;0.000
chrom;74;24;00;0.000
chrom;74;25;00;0.000
chrom;74;26;00;0.000
chrom;74;27;00;0.568
chrom;74;28;00;0.000
chrom;74;29;00;0.000
chrom;74;30;00;0.000
chrom;74;31;00;0.000
chrom;74;32;00;0.000
chrom;74;33;00;0.000
chrom;74;34;00;0.000
chrom;74;35;00;0.000
chrom;74;36;00;0.000
chrom;74;37;00;0.000
chrom;74;38;00;0.000
chrom;74;39;00;0.000
gen;74;;00;0.951
chrom;75;0;00;0.000
chrom;75;1;00;0.000
chrom;75;2;00;0.000
chrom;75;3;00;0.000
chrom;75;4;00;0.000
chrom;75;5;00;0.000
chrom;75;6;00;0.000
chrom;75;7;00;0.000
chrom;75;8;00;0.000
chrom;75;9;00;0.000
chrom;75;10;00;0.000
chrom;75;11;00;0.000
chrom;75;12;00;0.000
chrom;75;13;00;0.000
chrom;75;14;00;0.000
chrom;75;15;00;0.000
chrom;75;16;00;0.000
chrom;75;17;00;0.000
chrom;75;18;00;0.000
chrom;75;19;00;0.000
chrom;75;20;00;0.000
chrom;75;21;00;0.000
chrom;75;22;00;0.000
chrom;75;23;00;0.000
chrom;75;24;00;0.000
chrom;75;25;00;0.002
chrom;75;26;00;0.000
chrom;75;27;00;0.000
chrom;75;28;00;0.000
chrom;75;29;00;0.000
chrom;75;30;00;0.000
chrom;75;31;00;0.000
chrom;75;32;00;0.004
chrom;75;33;00;0.000
chrom;75;34;00;0.004
chrom;75;35;00;0.000
chrom;75;36;00;0.000
chrom;75;37;00;0.000
chrom;75;38;00;0.000
chrom;75;39;00;0.000
gen;75;;00;0.408
chrom;76;0;00;0.000
chrom;76;1;00;0.000
chrom;76;2;00;0.000
chrom;76;3;00;0.000
chrom;76;4;00;0.000
chrom;76;5;00;0.000
chrom;76;6;00;0.000
chrom;76;7;00;0.000
chrom;76;8;00;0.000
chrom;76;9;00;0.000
chrom;76;10;00;0.000
chrom;76;11;00;0.000
chrom;76;12;00;0.000
chrom;76;13;00;0.000
chrom;76;14;00;0.000
chrom;76;15;00;0.000
chrom;76;16;00;0.000
chrom;76;17;00;0.000
chrom;76;18;00;0.004
chrom;76;19;00;0.000
chrom;76;20;00;0.001
chrom;76;21;00;0.000
chrom;76;22;00;0.000
chrom;76;23;00;0.000
chrom;76;24;00;0.004
chrom;76;25;00;0.000
chrom;76;26;00;0.000
chrom;76;27;00;0.004
chrom;76;28;00;0.000
chrom;76;29;00;0.000
chrom;76;30;00;0.000
chrom;76;31;00;0.000
chrom;76;32;00;0.000
chrom;76;33;00;0.000
chrom;76;34;00;0.000
chrom;76;35;00;0.000
chrom;76;36;00;0.003
chrom;76;37;00;0.000
chrom;76;38;00;0.000
chrom;76;39;00;0.000
gen;76;;00;0.395
chrom;77;0;00;0.000
chrom;77;1;00;0.001
chrom;77;2;00;0.000
chrom;77;3;00;0.000
chrom;77;4;00;0.000
chrom;77;5;00;0.000
chrom;77;6;00;0.000
chrom;77;7;00;0.000
chrom;77;8;00;0.000
chrom;77;9;00;0.000
chrom;77;10;00;0.000
chrom;77;11;00;0.000
chrom;77;12;00;0.000
chrom;77;13;00;0.000
chrom;77;14;00;0.000
chrom;77;15;00;0.000
chrom;77;16;00;0.000
chrom;77;17;00;0.000
chrom;77;18;00;0.000
chrom;77;19;00;0.000
chrom;77;20;00;0.000
chrom;77;21;00;0.000
chrom;77;22;00;0.001
chrom;77;23;00;0.000
chrom;77;24;00;0.000
chrom;77;25;00;0.000
chrom;77;26;00;0.000
chrom;77;27;00;0.000
chrom;77;28;00;0.000
chrom;77;29;00;0.000
chrom;77;30;00;0.000
chrom;77;31;00;0.000
chrom;77;32;00;0.000
chrom;77;33;00;0.000
chrom;77;34;00;0.000
chrom;77;35;00;0.000
chrom;77;36;00;0.000
chrom;77;37;00;0.000
chrom;77;38;00;0.000
chrom;77;39;00;0.000
gen;77;;00;0.374
chrom;78;0;00;0.000
chrom;78;1;00;0.000
chrom;78;2;00;0.000
chrom;78;3;00;0.000
chrom;78;4;00;0.000
chrom;78;5;00;0.000
chrom;78;6;00;0.000
chrom;78;7;00;0.000
chrom;78;8;00;0.000
chrom;78;9;00;0.000
chrom;78;10;00;0.000
chrom;78;11;00;0.000
chrom;78;12;00;0.000
chrom;78;13;00;0.000
chrom;78;14;00;0.000
chrom;78;15;00;0.000
chrom;78;16;00;0.000
chrom;78;17;00;0.000
chrom;78;18;00;0.002
chrom;78;19;00;0.000
chrom;78;20;00;0.000
chrom;78;21;00;0.000
chrom;78;22;00;0.000
chrom;78;23;00;0.000
chrom;78;24;00;0.000
chrom;78;25;00;0.000
chrom;78;26;00;0.000
chrom;78;27;00;0.000
chrom;78;28;00;0.000
chrom;78;29;00;0.000
chrom;78;30;00;0.000
chrom;78;31;00;0.000
chrom;78;32;00;0.000
chrom;78;33;00;0.000
chrom;78;34;00;0.000
chrom;78;35;00;0.004
chrom;78;36;00;0.000
chrom;78;37;00;0.000
chrom;78;38;00;0.000
chrom;78;39;00;0.000
gen;78;;00;0.395
chrom;79;0;00;0.000
chrom;79;1;00;0.000
chrom;79;2;00;0.000
chrom;79;3;00;0.000
chrom;79;4;00;0.000
chrom;79;5;00;0.000
chrom;79;6;00;0.000
chrom;79;7;00;0.000
chrom;79;8;00;0.000
chrom;79;9;00;0.000
chrom;79;10;00;0.000
chrom;79;11;00;0.000
chrom;79;12;00;0.000
chrom;79;13;00;0.004
chrom;79;14;00;0.000
chrom;79;15;00;0.000
chrom;79;16;00;0.000
chrom;79;17;00;0.000
chrom;79;18;00;0.001
chrom;79;19;00;0.000
chrom;79;20;00;0.000
chrom;79;21;00;0.000
chrom;79;22;00;0.000
chrom;79;23;00;0.000
chrom;79;24;00;0.000
chrom;79;25;00;0.000
chrom;79;26;00;0.000
chrom;79;27;00;0.001
chrom;79;28;00;0.000
chrom;79;29;00;0.000
chrom;79;30;00;0.000
chrom;79;31;00;0.000
chrom;79;32;00;0.000
chrom;79;33;00;0.000
chrom;79;34;00;0.000
chrom;79;35;00;0.000
chrom;79;36;00;0.001
chrom;79;37;00;0.000
chrom;79;38;00;0.000
chrom;79;39;00;0.000
gen;79;;00;0.384
chrom;80;0;00;0.000
chrom;80;1;00;0.000
chrom;80;2;00;0.000
chrom;80;3;00;0.000
chrom;80;4;00;0.000
chrom;80;5;00;0.000
chrom;80;6;00;0.000
chrom;80;7;00;0.000
chrom;80;8;00;0.000
chrom;80;9;00;0.000
chrom;80;10;00;0.000
chrom;80;11;00;0.000
chrom;80;12;00;0.000
chrom;80;13;00;0.000
chrom;80;14;00;0.000
chrom;80;15;00;0.000
chrom;80;16;00;0.000
chrom;80;17;00;0.001
chrom;80;18;00;0.000
chrom;80;19;00;0.000
chrom;80;20;00;0.000
chrom;80;21;00;0.002
chrom;80;22;00;0.000
chrom;80;23;00;0.000
chrom;80;24;00;0.000
chrom;80;25;00;0.000
chrom;80;26;00;0.000
chrom;80;27;00;0.000
chrom;80;28;00;0.000
chrom;80;29;00;0.000
chrom;80;30;00;0.002
chrom;80;31;00;0.000
chrom;80;32;00;0.000
chrom;80;33;00;0.000
chrom;80;34;00;0.000
chrom;80;35;00;0.000
chrom;80;36;00;0.001
chrom;80;37;00;0.000
chrom;80;38;00;0.000
chrom;80;39;00;0.000
gen;80;;00;0.382
chrom;81;0;00;0.000
chrom;81;1;00;0.000
chrom;81;2;00;0.000
chrom;81;3;00;0.000
chrom;81;4;00;0.000
chrom;81;5;00;0.000
chrom;81;6;00;0.000
chrom;81;7;00;0.000
chrom;81;8;00;0.001
chrom;81;9;00;0.000
chrom;81;10;00;0.000
chrom;81;11;00;0.000
chrom;81;12;00;0.002
chrom;81;13;00;0.003
chrom;81;14;00;0.000
chrom;81;15;00;0.000
chrom;81;16;00;0.002
chrom;81;17;00;0.000
chrom;81;18;00;0.003
chrom;81;19;00;0.000
chrom;81;20;00;0.000
chrom;81;21;00;0.000
chrom;81;22;00;0.000
chrom;81;23;00;0.000
chrom;81;24;00;0.000
chrom;81;25;00;0.000
chrom;81;26;00;0.000
chrom;81;27;00;0.000
chrom;81;28;00;0.000
chrom;81;29;00;0.000
chrom;81;30;00;0.000
chrom;81;31;00;0.002
chrom;81;32;00;0.000
chrom;81;33;00;0.000
chrom;81;34;00;0.000
chrom;81;35;00;0.000
chrom;81;36;00;0.000
chrom;81;37;00;0.000
chrom;81;38;00;0.000
chrom;81;39;00;0.000
gen;81;;00;0.379
piece;;;01;55.715
